#
# There is insufficient memory for the Java Runtime Environment to continue.
# Native memory allocation (mmap) failed to map 54525952 bytes for Failed to commit area from 0x0000000090000000 to 0x0000000093400000 of length 54525952.
# Possible reasons:
#   The system is out of physical RAM or swap space
#   The process is running with CompressedOops enabled, and the Java Heap may be blocking the growth of the native heap
# Possible solutions:
#   Reduce memory load on the system
#   Increase physical memory or swap space
#   Check if swap backing store is full
#   Decrease Java heap size (-Xmx/-Xms)
#   Decrease number of Java threads
#   Decrease Java thread stack sizes (-Xss)
#   Set larger code cache with -XX:ReservedCodeCacheSize=
#   JVM is running with Unscaled Compressed Oops mode in which the Java heap is
#     placed in the first 4GB address space. The Java Heap base address is the
#     maximum limit for the native heap growth. Please use -XX:HeapBaseMinAddress
#     to set the Java Heap base and to place the Java Heap above 4GB virtual address.
# This output file may be truncated or incomplete.
#
#  Out of Memory Error (./src/hotspot/os/windows/os_windows.cpp:3301), pid=7252, tid=1804
#
# JRE version: OpenJDK Runtime Environment (11.0.10) (build 11.0.10+0-b96-7249189)
# Java VM: OpenJDK 64-Bit Server VM (11.0.10+0-b96-7249189, mixed mode, tiered, compressed oops, g1 gc, windows-amd64)
# No core dump will be written. Minidumps are not enabled by default on client versions of Windows
#

---------------  S U M M A R Y ------------

Command Line: --add-opens=java.base/java.util=ALL-UNNAMED --add-opens=java.base/java.lang=ALL-UNNAMED --add-opens=java.base/java.lang.invoke=ALL-UNNAMED --add-opens=java.base/java.util=ALL-UNNAMED --add-opens=java.prefs/java.util.prefs=ALL-UNNAMED --add-opens=java.prefs/java.util.prefs=ALL-UNNAMED --add-opens=java.base/java.nio.charset=ALL-UNNAMED --add-opens=java.base/java.net=ALL-UNNAMED --add-opens=java.base/java.util.concurrent.atomic=ALL-UNNAMED -Xmx2048M -Dfile.encoding=windows-1250 -Duser.country=HU -Duser.language=hu -Duser.variant org.gradle.launcher.daemon.bootstrap.GradleDaemon 7.0.2

Host: AMD FX(tm)-4300 Quad-Core Processor            , 4 cores, 15G,  Windows 10 , 64 bit Build 19041 (10.0.19041.1319)
Time: Sat Oct 23 16:30:13 2021 Közép-európai nyári idõ  elapsed time: 55.812230 seconds (0d 0h 0m 55s)

---------------  T H R E A D  ---------------

Current thread (0x00000235de683800):  VMThread "VM Thread" [stack: 0x00000062e7100000,0x00000062e7200000] [id=1804]

Stack: [0x00000062e7100000,0x00000062e7200000]
[error occurred during error reporting (printing stack bounds), id 0xc0000005, EXCEPTION_ACCESS_VIOLATION (0xc0000005) at pc=0x00000235c7d20f2d]

Native frames: (J=compiled Java code, j=interpreted, Vv=VM code, C=native code)
V  [jvm.dll+0x5ecfaa]
V  [jvm.dll+0x722bd5]
V  [jvm.dll+0x72412d]
V  [jvm.dll+0x724745]
V  [jvm.dll+0x7246fb]
V  [jvm.dll+0x5ec348]
V  [jvm.dll+0x5ecad8]
C  [ntdll.dll+0xa20cf]
C  [ntdll.dll+0x51454]
C  [ntdll.dll+0xa0bfe]
C  0x00000235c7d20f2d

VM_Operation (0x00000062e9bfc080): G1CollectForAllocation, mode: safepoint, requested by thread 0x00000235de9c9000


---------------  P R O C E S S  ---------------

Threads class SMR info:
_java_thread_list=0x00000235e1acf180, length=48, elements={
0x00000235c4231800, 0x00000235de685800, 0x00000235de687000, 0x00000235de6a5800,
0x00000235de6a6800, 0x00000235de6a7800, 0x00000235de6aa800, 0x00000235de6ed800,
0x00000235de765800, 0x00000235de854800, 0x00000235dfa5a800, 0x00000235e00ad800,
0x00000235dffe8000, 0x00000235dff64000, 0x00000235dfc51800, 0x00000235e0941000,
0x00000235dfc52800, 0x00000235e0a97800, 0x00000235e134f000, 0x00000235dfdd3000,
0x00000235dfdcf800, 0x00000235dfdd6000, 0x00000235dfdd0800, 0x00000235dfdd5800,
0x00000235dfdd1800, 0x00000235dfdd4800, 0x00000235dfdd3800, 0x00000235de9bf800,
0x00000235de9c0000, 0x00000235de9c1000, 0x00000235de9bc000, 0x00000235de9bd000,
0x00000235de9c2800, 0x00000235de9c4000, 0x00000235de9c8800, 0x00000235de9ca000,
0x00000235de9c9000, 0x00000235de9cb000, 0x00000235de9c5000, 0x00000235de9c6000,
0x00000235de9c6800, 0x00000235de9c7800, 0x00000235e3af3000, 0x00000235e3af6800,
0x00000235e3af4800, 0x00000235e3af1800, 0x00000235e3af0800, 0x00000235e3af2000
}

Java Threads: ( => current thread )
  0x00000235c4231800 JavaThread "main" [_thread_blocked, id=9924, stack(0x00000062e6b00000,0x00000062e6c00000)]
  0x00000235de685800 JavaThread "Reference Handler" daemon [_thread_blocked, id=10332, stack(0x00000062e7200000,0x00000062e7300000)]
  0x00000235de687000 JavaThread "Finalizer" daemon [_thread_blocked, id=10644, stack(0x00000062e7300000,0x00000062e7400000)]
  0x00000235de6a5800 JavaThread "Signal Dispatcher" daemon [_thread_blocked, id=10596, stack(0x00000062e7400000,0x00000062e7500000)]
  0x00000235de6a6800 JavaThread "Attach Listener" daemon [_thread_blocked, id=8608, stack(0x00000062e7500000,0x00000062e7600000)]
  0x00000235de6a7800 JavaThread "Service Thread" daemon [_thread_blocked, id=9148, stack(0x00000062e7600000,0x00000062e7700000)]
  0x00000235de6aa800 JavaThread "C2 CompilerThread0" daemon [_thread_blocked, id=2452, stack(0x00000062e7700000,0x00000062e7800000)]
  0x00000235de6ed800 JavaThread "C1 CompilerThread0" daemon [_thread_blocked, id=3720, stack(0x00000062e7800000,0x00000062e7900000)]
  0x00000235de765800 JavaThread "Sweeper thread" daemon [_thread_blocked, id=8108, stack(0x00000062e7900000,0x00000062e7a00000)]
  0x00000235de854800 JavaThread "Common-Cleaner" daemon [_thread_blocked, id=6688, stack(0x00000062e7a00000,0x00000062e7b00000)]
  0x00000235dfa5a800 JavaThread "Daemon health stats" [_thread_blocked, id=10884, stack(0x00000062e8100000,0x00000062e8200000)]
  0x00000235e00ad800 JavaThread "Incoming local TCP Connector on port 62876" [_thread_in_native, id=7332, stack(0x00000062e7d00000,0x00000062e7e00000)]
  0x00000235dffe8000 JavaThread "Daemon periodic checks" [_thread_blocked, id=5152, stack(0x00000062e8200000,0x00000062e8300000)]
  0x00000235dff64000 JavaThread "Daemon" [_thread_blocked, id=10432, stack(0x00000062e8300000,0x00000062e8400000)]
  0x00000235dfc51800 JavaThread "Handler for socket connection from /127.0.0.1:62876 to /127.0.0.1:62877" [_thread_in_native, id=3672, stack(0x00000062e8400000,0x00000062e8500000)]
  0x00000235e0941000 JavaThread "Cancel handler" [_thread_blocked, id=332, stack(0x00000062e8500000,0x00000062e8600000)]
  0x00000235dfc52800 JavaThread "Daemon worker" [_thread_blocked, id=1284, stack(0x00000062e8600000,0x00000062e8700000)]
  0x00000235e0a97800 JavaThread "Asynchronous log dispatcher for DefaultDaemonConnection: socket connection from /127.0.0.1:62876 to /127.0.0.1:62877" [_thread_blocked, id=7336, stack(0x00000062e8700000,0x00000062e8800000)]
  0x00000235e134f000 JavaThread "Stdin handler" [_thread_blocked, id=1056, stack(0x00000062e8800000,0x00000062e8900000)]
  0x00000235dfdd3000 JavaThread "Daemon client event forwarder" [_thread_blocked, id=7964, stack(0x00000062e8900000,0x00000062e8a00000)]
  0x00000235dfdcf800 JavaThread "Cache worker for file hash cache (C:\Users\sont1\.gradle\caches\7.0.2\fileHashes)" [_thread_blocked, id=9320, stack(0x00000062e8a00000,0x00000062e8b00000)]
  0x00000235dfdd6000 JavaThread "File lock request listener" [_thread_in_native, id=7372, stack(0x00000062e8b00000,0x00000062e8c00000)]
  0x00000235dfdd0800 JavaThread "Cache worker for journal cache (C:\Users\sont1\.gradle\caches\journal-1)" [_thread_blocked, id=8556, stack(0x00000062e8c00000,0x00000062e8d00000)]
  0x00000235dfdd5800 JavaThread "Cache worker for file hash cache (C:\AndroidApps\LegacySonty\.gradle\7.0.2\fileHashes)" [_thread_blocked, id=3304, stack(0x00000062e8e00000,0x00000062e8f00000)]
  0x00000235dfdd1800 JavaThread "File watcher server" daemon [_thread_blocked, id=6980, stack(0x00000062e8f00000,0x00000062e9000000)]
  0x00000235dfdd4800 JavaThread "File watcher consumer" daemon [_thread_blocked, id=9440, stack(0x00000062e9000000,0x00000062e9100000)]
  0x00000235dfdd3800 JavaThread "Cache worker for checksums cache (C:\AndroidApps\LegacySonty\.gradle\checksums)" [_thread_blocked, id=9384, stack(0x00000062e9100000,0x00000062e9200000)]
  0x00000235de9bf800 JavaThread "Cache worker for cache directory md-supplier (C:\Users\sont1\.gradle\caches\7.0.2\md-supplier)" [_thread_blocked, id=2284, stack(0x00000062e9200000,0x00000062e9300000)]
  0x00000235de9c0000 JavaThread "Cache worker for cache directory md-rule (C:\Users\sont1\.gradle\caches\7.0.2\md-rule)" [_thread_blocked, id=5168, stack(0x00000062e9300000,0x00000062e9400000)]
  0x00000235de9c1000 JavaThread "Cache worker for execution history cache (C:\Users\sont1\.gradle\caches\7.0.2\executionHistory)" [_thread_blocked, id=2156, stack(0x00000062e9400000,0x00000062e9500000)]
  0x00000235de9bc000 JavaThread "jar transforms" [_thread_blocked, id=8228, stack(0x00000062e9500000,0x00000062e9600000)]
  0x00000235de9bd000 JavaThread "jar transforms Thread 2" [_thread_blocked, id=5232, stack(0x00000062e9600000,0x00000062e9700000)]
  0x00000235de9c2800 JavaThread "Cache worker for file content cache (C:\Users\sont1\.gradle\caches\7.0.2\fileContent)" [_thread_blocked, id=5024, stack(0x00000062e9700000,0x00000062e9800000)]
  0x00000235de9c4000 JavaThread "Cache worker for dependencies-accessors (C:\AndroidApps\LegacySonty\.gradle\7.0.2\dependencies-accessors)" [_thread_blocked, id=2368, stack(0x00000062e9800000,0x00000062e9900000)]
  0x00000235de9c8800 JavaThread "jar transforms Thread 3" [_thread_blocked, id=10404, stack(0x00000062e9900000,0x00000062e9a00000)]
  0x00000235de9ca000 JavaThread "Cache worker for Build Output Cleanup Cache (C:\AndroidApps\LegacySonty\.gradle\buildOutputCleanup)" [_thread_blocked, id=328, stack(0x00000062e9a00000,0x00000062e9b00000)]
  0x00000235de9c9000 JavaThread "Build operations" [_thread_blocked, id=10428, stack(0x00000062e9b00000,0x00000062e9c00000)]
  0x00000235de9cb000 JavaThread "Build operations Thread 2" [_thread_blocked, id=9792, stack(0x00000062e9c00000,0x00000062e9d00000)]
  0x00000235de9c5000 JavaThread "Build operations Thread 3" [_thread_blocked, id=9084, stack(0x00000062e9d00000,0x00000062e9e00000)]
  0x00000235de9c6000 JavaThread "Build operations Thread 4" [_thread_blocked, id=5436, stack(0x00000062e9e00000,0x00000062e9f00000)]
  0x00000235de9c6800 JavaThread "jar transforms Thread 4" [_thread_blocked, id=10808, stack(0x00000062e9f00000,0x00000062ea000000)]
  0x00000235de9c7800 JavaThread "Memory manager" [_thread_blocked, id=8812, stack(0x00000062ea000000,0x00000062ea100000)]
  0x00000235e3af3000 JavaThread "build event listener" [_thread_blocked, id=7408, stack(0x00000062ea300000,0x00000062ea400000)]
  0x00000235e3af6800 JavaThread "Execution worker for ':'" [_thread_blocked, id=8184, stack(0x00000062ea400000,0x00000062ea500000)]
  0x00000235e3af4800 JavaThread "Execution worker for ':' Thread 2" [_thread_blocked, id=10184, stack(0x00000062ea500000,0x00000062ea600000)]
  0x00000235e3af1800 JavaThread "Execution worker for ':' Thread 3" [_thread_blocked, id=6376, stack(0x00000062ea600000,0x00000062ea700000)]
  0x00000235e3af0800 JavaThread "Cache worker for execution history cache (C:\AndroidApps\LegacySonty\.gradle\7.0.2\executionHistory)" [_thread_blocked, id=5812, stack(0x00000062ea700000,0x00000062ea800000)]
  0x00000235e3af2000 JavaThread "C2 CompilerThread1" daemon [_thread_blocked, id=8592, stack(0x00000062e8d00000,0x00000062e8e00000)]

Other Threads:
=>0x00000235de683800 VMThread "VM Thread" [stack: 0x00000062e7100000,0x00000062e7200000] [id=1804]
  0x00000235de879800 WatcherThread [stack: 0x00000062e7b00000,0x00000062e7c00000] [id=8420]
  0x00000235c424b000 GCTaskThread "GC Thread#0" [stack: 0x00000062e6c00000,0x00000062e6d00000] [id=8488]
  0x00000235df042000 GCTaskThread "GC Thread#1" [stack: 0x00000062e7e00000,0x00000062e7f00000] [id=1944]
  0x00000235df0f1000 GCTaskThread "GC Thread#2" [stack: 0x00000062e7f00000,0x00000062e8000000] [id=9888]
  0x00000235df074800 GCTaskThread "GC Thread#3" [stack: 0x00000062e8000000,0x00000062e8100000] [id=10932]
  0x00000235c427d800 ConcurrentGCThread "G1 Main Marker" [stack: 0x00000062e6d00000,0x00000062e6e00000] [id=5896]
  0x00000235c4280000 ConcurrentGCThread "G1 Conc#0" [stack: 0x00000062e6e00000,0x00000062e6f00000] [id=10408]
  0x00000235ddcca800 ConcurrentGCThread "G1 Refine#0" [stack: 0x00000062e6f00000,0x00000062e7000000] [id=3636]
  0x00000235ddccb800 ConcurrentGCThread "G1 Young RemSet Sampling" [stack: 0x00000062e7000000,0x00000062e7100000] [id=6492]

Threads with active compile tasks:
C2 CompilerThread0  55887 9945       4       com.google.common.cache.LocalCache$Segment::recordWrite (72 bytes)
C2 CompilerThread1  55887 9946       4       com.google.common.cache.LocalCache$Segment::setValue (82 bytes)

VM state:at safepoint (normal execution)

VM Mutex/Monitor currently owned by a thread:  ([mutex/lock_event])
[0x00000235c4230810] Threads_lock - owner thread: 0x00000235de683800
[0x00000235c422fd60] Heap_lock - owner thread: 0x00000235de9c9000

Heap address: 0x0000000080000000, size: 2048 MB, Compressed Oops mode: 32-bit
Narrow klass base: 0x0000000000000000, Narrow klass shift: 3
Compressed class space size: 1073741824 Address: 0x0000000100000000

Heap:
 garbage-first heap   total 315392K, used 73835K [0x0000000080000000, 0x0000000100000000)
  region size 1024K, 15 young (15360K), 15 survivors (15360K)
 Metaspace       used 80334K, capacity 82511K, committed 82688K, reserved 1120256K
  class space    used 10405K, capacity 11190K, committed 11264K, reserved 1048576K
Heap Regions: E=young(eden), S=young(survivor), O=old, HS=humongous(starts), HC=humongous(continues), CS=collection set, F=free, A=archive, TAMS=top-at-mark-start (previous, next)
|   0|0x0000000080000000, 0x0000000080100000, 0x0000000080100000|100%| O|  |TAMS 0x0000000080100000, 0x0000000080000000| Untracked 
|   1|0x0000000080100000, 0x0000000080200000, 0x0000000080200000|100%| O|  |TAMS 0x0000000080200000, 0x0000000080100000| Untracked 
|   2|0x0000000080200000, 0x0000000080300000, 0x0000000080300000|100%| O|  |TAMS 0x0000000080300000, 0x0000000080200000| Untracked 
|   3|0x0000000080300000, 0x0000000080400000, 0x0000000080400000|100%|HS|  |TAMS 0x0000000080400000, 0x0000000080300000| Complete 
|   4|0x0000000080400000, 0x0000000080500000, 0x0000000080500000|100%|HC|  |TAMS 0x0000000080500000, 0x0000000080400000| Complete 
|   5|0x0000000080500000, 0x0000000080600000, 0x0000000080600000|100%|HC|  |TAMS 0x0000000080600000, 0x0000000080500000| Complete 
|   6|0x0000000080600000, 0x0000000080700000, 0x0000000080700000|100%| O|  |TAMS 0x0000000080700000, 0x0000000080600000| Untracked 
|   7|0x0000000080700000, 0x0000000080800000, 0x0000000080800000|100%| O|  |TAMS 0x0000000080800000, 0x0000000080700000| Untracked 
|   8|0x0000000080800000, 0x0000000080900000, 0x0000000080900000|100%| O|  |TAMS 0x0000000080900000, 0x0000000080800000| Untracked 
|   9|0x0000000080900000, 0x0000000080a00000, 0x0000000080a00000|100%| O|  |TAMS 0x0000000080a00000, 0x0000000080900000| Untracked 
|  10|0x0000000080a00000, 0x0000000080b00000, 0x0000000080b00000|100%| O|  |TAMS 0x0000000080b00000, 0x0000000080a00000| Untracked 
|  11|0x0000000080b00000, 0x0000000080c00000, 0x0000000080c00000|100%| O|  |TAMS 0x0000000080c00000, 0x0000000080b00000| Untracked 
|  12|0x0000000080c00000, 0x0000000080d00000, 0x0000000080d00000|100%| O|  |TAMS 0x0000000080d00000, 0x0000000080c00000| Untracked 
|  13|0x0000000080d00000, 0x0000000080e00000, 0x0000000080e00000|100%| O|  |TAMS 0x0000000080e00000, 0x0000000080d00000| Untracked 
|  14|0x0000000080e00000, 0x0000000080f00000, 0x0000000080f00000|100%| O|  |TAMS 0x0000000080f00000, 0x0000000080e00000| Untracked 
|  15|0x0000000080f00000, 0x0000000081000000, 0x0000000081000000|100%| O|  |TAMS 0x0000000081000000, 0x0000000080f00000| Untracked 
|  16|0x0000000081000000, 0x0000000081100000, 0x0000000081100000|100%|HS|  |TAMS 0x0000000081100000, 0x0000000081000000| Complete 
|  17|0x0000000081100000, 0x0000000081200000, 0x0000000081200000|100%|HS|  |TAMS 0x0000000081200000, 0x0000000081100000| Complete 
|  18|0x0000000081200000, 0x0000000081300000, 0x0000000081300000|100%|HS|  |TAMS 0x0000000081300000, 0x0000000081200000| Complete 
|  19|0x0000000081300000, 0x0000000081400000, 0x0000000081400000|100%|HC|  |TAMS 0x0000000081400000, 0x0000000081300000| Complete 
|  20|0x0000000081400000, 0x0000000081500000, 0x0000000081500000|100%| O|  |TAMS 0x0000000081500000, 0x0000000081400000| Untracked 
|  21|0x0000000081500000, 0x0000000081600000, 0x0000000081600000|100%| O|  |TAMS 0x0000000081600000, 0x0000000081500000| Untracked 
|  22|0x0000000081600000, 0x0000000081700000, 0x0000000081700000|100%| O|  |TAMS 0x0000000081700000, 0x0000000081600000| Untracked 
|  23|0x0000000081700000, 0x0000000081800000, 0x0000000081800000|100%| O|  |TAMS 0x0000000081800000, 0x0000000081700000| Untracked 
|  24|0x0000000081800000, 0x0000000081900000, 0x0000000081900000|100%| O|  |TAMS 0x0000000081900000, 0x0000000081800000| Untracked 
|  25|0x0000000081900000, 0x0000000081a00000, 0x0000000081a00000|100%| O|  |TAMS 0x0000000081a00000, 0x0000000081900000| Untracked 
|  26|0x0000000081a00000, 0x0000000081b00000, 0x0000000081b00000|100%| O|  |TAMS 0x0000000081b00000, 0x0000000081a00000| Untracked 
|  27|0x0000000081b00000, 0x0000000081c00000, 0x0000000081c00000|100%| O|  |TAMS 0x0000000081c00000, 0x0000000081b00000| Untracked 
|  28|0x0000000081c00000, 0x0000000081d00000, 0x0000000081d00000|100%| O|  |TAMS 0x0000000081d00000, 0x0000000081c00000| Untracked 
|  29|0x0000000081d00000, 0x0000000081e00000, 0x0000000081e00000|100%| O|  |TAMS 0x0000000081e00000, 0x0000000081d00000| Untracked 
|  30|0x0000000081e00000, 0x0000000081f00000, 0x0000000081f00000|100%| O|  |TAMS 0x0000000081f00000, 0x0000000081e00000| Untracked 
|  31|0x0000000081f00000, 0x0000000082000000, 0x0000000082000000|100%| O|  |TAMS 0x0000000081f00000, 0x0000000081f00000| Untracked 
|  32|0x0000000082000000, 0x0000000082100000, 0x0000000082100000|100%| O|  |TAMS 0x0000000082100000, 0x0000000082000000| Untracked 
|  33|0x0000000082100000, 0x0000000082200000, 0x0000000082200000|100%| O|  |TAMS 0x0000000082200000, 0x0000000082100000| Untracked 
|  34|0x0000000082200000, 0x0000000082300000, 0x0000000082300000|100%| O|  |TAMS 0x0000000082300000, 0x0000000082200000| Untracked 
|  35|0x0000000082300000, 0x0000000082400000, 0x0000000082400000|100%| O|  |TAMS 0x0000000082400000, 0x0000000082300000| Untracked 
|  36|0x0000000082400000, 0x0000000082500000, 0x0000000082500000|100%| O|  |TAMS 0x0000000082500000, 0x0000000082400000| Untracked 
|  37|0x0000000082500000, 0x0000000082600000, 0x0000000082600000|100%| O|  |TAMS 0x0000000082600000, 0x0000000082500000| Untracked 
|  38|0x0000000082600000, 0x0000000082700000, 0x0000000082700000|100%| O|  |TAMS 0x0000000082700000, 0x0000000082600000| Untracked 
|  39|0x0000000082700000, 0x0000000082800000, 0x0000000082800000|100%| O|  |TAMS 0x0000000082800000, 0x0000000082700000| Untracked 
|  40|0x0000000082800000, 0x0000000082900000, 0x0000000082900000|100%| O|  |TAMS 0x0000000082900000, 0x0000000082800000| Untracked 
|  41|0x0000000082900000, 0x0000000082a00000, 0x0000000082a00000|100%| O|  |TAMS 0x00000000829eae00, 0x0000000082900000| Untracked 
|  42|0x0000000082a00000, 0x0000000082b00000, 0x0000000082b00000|100%| O|  |TAMS 0x0000000082a00000, 0x0000000082a00000| Untracked 
|  43|0x0000000082b00000, 0x0000000082c00000, 0x0000000082c00000|100%| O|  |TAMS 0x0000000082b00000, 0x0000000082b00000| Untracked 
|  44|0x0000000082c00000, 0x0000000082d00000, 0x0000000082d00000|100%| O|  |TAMS 0x0000000082c00000, 0x0000000082c00000| Untracked 
|  45|0x0000000082d00000, 0x0000000082e00000, 0x0000000082e00000|100%| O|  |TAMS 0x0000000082d00000, 0x0000000082d00000| Untracked 
|  46|0x0000000082e00000, 0x0000000082f00000, 0x0000000082f00000|100%| O|  |TAMS 0x0000000082e00000, 0x0000000082e00000| Untracked 
|  47|0x0000000082f00000, 0x0000000083000000, 0x0000000083000000|100%| O|  |TAMS 0x0000000082f00000, 0x0000000082f00000| Untracked 
|  48|0x0000000083000000, 0x0000000083100000, 0x0000000083100000|100%| O|  |TAMS 0x0000000083000000, 0x0000000083000000| Untracked 
|  49|0x0000000083100000, 0x0000000083200000, 0x0000000083200000|100%| O|  |TAMS 0x0000000083100000, 0x0000000083100000| Untracked 
|  50|0x0000000083200000, 0x0000000083300000, 0x0000000083300000|100%| O|  |TAMS 0x0000000083200000, 0x0000000083200000| Untracked 
|  51|0x0000000083300000, 0x0000000083400000, 0x0000000083400000|100%| O|  |TAMS 0x0000000083300000, 0x0000000083300000| Untracked 
|  52|0x0000000083400000, 0x0000000083500000, 0x0000000083500000|100%| O|  |TAMS 0x0000000083400000, 0x0000000083400000| Untracked 
|  53|0x0000000083500000, 0x0000000083600000, 0x0000000083600000|100%| O|  |TAMS 0x0000000083500000, 0x0000000083500000| Untracked 
|  54|0x0000000083600000, 0x0000000083700000, 0x0000000083700000|100%| O|  |TAMS 0x0000000083600000, 0x0000000083600000| Untracked 
|  55|0x0000000083700000, 0x0000000083800000, 0x0000000083800000|100%| O|  |TAMS 0x0000000083700000, 0x0000000083700000| Untracked 
|  56|0x0000000083800000, 0x0000000083900000, 0x0000000083900000|100%| O|  |TAMS 0x0000000083800000, 0x0000000083800000| Untracked 
|  57|0x0000000083900000, 0x000000008399ac00, 0x0000000083a00000| 60%| O|  |TAMS 0x0000000083900000, 0x0000000083900000| Untracked 
|  58|0x0000000083a00000, 0x0000000083a00000, 0x0000000083b00000|  0%| F|  |TAMS 0x0000000083a00000, 0x0000000083a00000| Untracked 
|  59|0x0000000083b00000, 0x0000000083b00000, 0x0000000083c00000|  0%| F|  |TAMS 0x0000000083b00000, 0x0000000083b00000| Untracked 
|  60|0x0000000083c00000, 0x0000000083c00000, 0x0000000083d00000|  0%| F|  |TAMS 0x0000000083c00000, 0x0000000083c00000| Untracked 
|  61|0x0000000083d00000, 0x0000000083d00000, 0x0000000083e00000|  0%| F|  |TAMS 0x0000000083d00000, 0x0000000083d00000| Untracked 
|  62|0x0000000083e00000, 0x0000000083e00000, 0x0000000083f00000|  0%| F|  |TAMS 0x0000000083e00000, 0x0000000083e00000| Untracked 
|  63|0x0000000083f00000, 0x0000000083f00000, 0x0000000084000000|  0%| F|  |TAMS 0x0000000083f00000, 0x0000000083f00000| Untracked 
|  64|0x0000000084000000, 0x0000000084000000, 0x0000000084100000|  0%| F|  |TAMS 0x0000000084000000, 0x0000000084000000| Untracked 
|  65|0x0000000084100000, 0x0000000084100000, 0x0000000084200000|  0%| F|  |TAMS 0x0000000084100000, 0x0000000084100000| Untracked 
|  66|0x0000000084200000, 0x0000000084200000, 0x0000000084300000|  0%| F|  |TAMS 0x0000000084200000, 0x0000000084200000| Untracked 
|  67|0x0000000084300000, 0x0000000084300000, 0x0000000084400000|  0%| F|  |TAMS 0x0000000084300000, 0x0000000084300000| Untracked 
|  68|0x0000000084400000, 0x0000000084400000, 0x0000000084500000|  0%| F|  |TAMS 0x0000000084400000, 0x0000000084400000| Untracked 
|  69|0x0000000084500000, 0x0000000084500000, 0x0000000084600000|  0%| F|  |TAMS 0x0000000084500000, 0x0000000084500000| Untracked 
|  70|0x0000000084600000, 0x0000000084600000, 0x0000000084700000|  0%| F|  |TAMS 0x0000000084600000, 0x0000000084600000| Untracked 
|  71|0x0000000084700000, 0x0000000084700000, 0x0000000084800000|  0%| F|  |TAMS 0x0000000084700000, 0x0000000084700000| Untracked 
|  72|0x0000000084800000, 0x0000000084800000, 0x0000000084900000|  0%| F|  |TAMS 0x0000000084800000, 0x0000000084800000| Untracked 
|  73|0x0000000084900000, 0x0000000084900000, 0x0000000084a00000|  0%| F|  |TAMS 0x0000000084900000, 0x0000000084900000| Untracked 
|  74|0x0000000084a00000, 0x0000000084a00000, 0x0000000084b00000|  0%| F|  |TAMS 0x0000000084a00000, 0x0000000084a00000| Untracked 
|  75|0x0000000084b00000, 0x0000000084b00000, 0x0000000084c00000|  0%| F|  |TAMS 0x0000000084b00000, 0x0000000084b00000| Untracked 
|  76|0x0000000084c00000, 0x0000000084c00000, 0x0000000084d00000|  0%| F|  |TAMS 0x0000000084c00000, 0x0000000084c00000| Untracked 
|  77|0x0000000084d00000, 0x0000000084d00000, 0x0000000084e00000|  0%| F|  |TAMS 0x0000000084d00000, 0x0000000084d00000| Untracked 
|  78|0x0000000084e00000, 0x0000000084e00000, 0x0000000084f00000|  0%| F|  |TAMS 0x0000000084e00000, 0x0000000084e00000| Untracked 
|  79|0x0000000084f00000, 0x0000000084f00000, 0x0000000085000000|  0%| F|  |TAMS 0x0000000084f00000, 0x0000000084f00000| Untracked 
|  80|0x0000000085000000, 0x0000000085000000, 0x0000000085100000|  0%| F|  |TAMS 0x0000000085000000, 0x0000000085000000| Untracked 
|  81|0x0000000085100000, 0x0000000085100000, 0x0000000085200000|  0%| F|  |TAMS 0x0000000085100000, 0x0000000085100000| Untracked 
|  82|0x0000000085200000, 0x0000000085200000, 0x0000000085300000|  0%| F|  |TAMS 0x0000000085200000, 0x0000000085200000| Untracked 
|  83|0x0000000085300000, 0x0000000085300000, 0x0000000085400000|  0%| F|  |TAMS 0x0000000085300000, 0x0000000085300000| Untracked 
|  84|0x0000000085400000, 0x0000000085400000, 0x0000000085500000|  0%| F|  |TAMS 0x0000000085400000, 0x0000000085400000| Untracked 
|  85|0x0000000085500000, 0x0000000085500000, 0x0000000085600000|  0%| F|  |TAMS 0x0000000085500000, 0x0000000085500000| Untracked 
|  86|0x0000000085600000, 0x0000000085600000, 0x0000000085700000|  0%| F|  |TAMS 0x0000000085600000, 0x0000000085600000| Untracked 
|  87|0x0000000085700000, 0x0000000085700000, 0x0000000085800000|  0%| F|  |TAMS 0x0000000085700000, 0x0000000085700000| Untracked 
|  88|0x0000000085800000, 0x0000000085800000, 0x0000000085900000|  0%| F|  |TAMS 0x0000000085800000, 0x0000000085800000| Untracked 
|  89|0x0000000085900000, 0x0000000085900000, 0x0000000085a00000|  0%| F|  |TAMS 0x0000000085900000, 0x0000000085900000| Untracked 
|  90|0x0000000085a00000, 0x0000000085a00000, 0x0000000085b00000|  0%| F|  |TAMS 0x0000000085a00000, 0x0000000085a00000| Untracked 
|  91|0x0000000085b00000, 0x0000000085b00000, 0x0000000085c00000|  0%| F|  |TAMS 0x0000000085b00000, 0x0000000085b00000| Untracked 
|  92|0x0000000085c00000, 0x0000000085c00000, 0x0000000085d00000|  0%| F|  |TAMS 0x0000000085c00000, 0x0000000085c00000| Untracked 
|  93|0x0000000085d00000, 0x0000000085d00000, 0x0000000085e00000|  0%| F|  |TAMS 0x0000000085d00000, 0x0000000085d00000| Untracked 
|  94|0x0000000085e00000, 0x0000000085e00000, 0x0000000085f00000|  0%| F|  |TAMS 0x0000000085e00000, 0x0000000085e00000| Untracked 
|  95|0x0000000085f00000, 0x0000000085f00000, 0x0000000086000000|  0%| F|  |TAMS 0x0000000085f00000, 0x0000000085f00000| Untracked 
|  96|0x0000000086000000, 0x0000000086000000, 0x0000000086100000|  0%| F|  |TAMS 0x0000000086000000, 0x0000000086000000| Untracked 
|  97|0x0000000086100000, 0x0000000086100000, 0x0000000086200000|  0%| F|  |TAMS 0x0000000086100000, 0x0000000086100000| Untracked 
|  98|0x0000000086200000, 0x0000000086200000, 0x0000000086300000|  0%| F|  |TAMS 0x0000000086200000, 0x0000000086200000| Untracked 
|  99|0x0000000086300000, 0x0000000086300000, 0x0000000086400000|  0%| F|  |TAMS 0x0000000086300000, 0x0000000086300000| Untracked 
| 100|0x0000000086400000, 0x0000000086400000, 0x0000000086500000|  0%| F|  |TAMS 0x0000000086400000, 0x0000000086400000| Untracked 
| 101|0x0000000086500000, 0x0000000086500000, 0x0000000086600000|  0%| F|  |TAMS 0x0000000086500000, 0x0000000086500000| Untracked 
| 102|0x0000000086600000, 0x0000000086600000, 0x0000000086700000|  0%| F|  |TAMS 0x0000000086600000, 0x0000000086600000| Untracked 
| 103|0x0000000086700000, 0x0000000086700000, 0x0000000086800000|  0%| F|  |TAMS 0x0000000086700000, 0x0000000086700000| Untracked 
| 104|0x0000000086800000, 0x0000000086800000, 0x0000000086900000|  0%| F|  |TAMS 0x0000000086800000, 0x0000000086800000| Untracked 
| 105|0x0000000086900000, 0x0000000086900000, 0x0000000086a00000|  0%| F|  |TAMS 0x0000000086900000, 0x0000000086900000| Untracked 
| 106|0x0000000086a00000, 0x0000000086a00000, 0x0000000086b00000|  0%| F|  |TAMS 0x0000000086a00000, 0x0000000086a00000| Untracked 
| 107|0x0000000086b00000, 0x0000000086b00000, 0x0000000086c00000|  0%| F|  |TAMS 0x0000000086b00000, 0x0000000086b00000| Untracked 
| 108|0x0000000086c00000, 0x0000000086c00000, 0x0000000086d00000|  0%| F|  |TAMS 0x0000000086c00000, 0x0000000086c00000| Untracked 
| 109|0x0000000086d00000, 0x0000000086d00000, 0x0000000086e00000|  0%| F|  |TAMS 0x0000000086d00000, 0x0000000086d00000| Untracked 
| 110|0x0000000086e00000, 0x0000000086e00000, 0x0000000086f00000|  0%| F|  |TAMS 0x0000000086e00000, 0x0000000086e00000| Untracked 
| 111|0x0000000086f00000, 0x0000000086f00000, 0x0000000087000000|  0%| F|  |TAMS 0x0000000086f00000, 0x0000000086f00000| Untracked 
| 112|0x0000000087000000, 0x0000000087000000, 0x0000000087100000|  0%| F|  |TAMS 0x0000000087000000, 0x0000000087000000| Untracked 
| 113|0x0000000087100000, 0x0000000087100000, 0x0000000087200000|  0%| F|  |TAMS 0x0000000087100000, 0x0000000087100000| Untracked 
| 114|0x0000000087200000, 0x0000000087200000, 0x0000000087300000|  0%| F|  |TAMS 0x0000000087200000, 0x0000000087200000| Untracked 
| 115|0x0000000087300000, 0x0000000087300000, 0x0000000087400000|  0%| F|  |TAMS 0x0000000087300000, 0x0000000087300000| Untracked 
| 116|0x0000000087400000, 0x0000000087480000, 0x0000000087500000| 50%| S|CS|TAMS 0x0000000087400000, 0x0000000087400000| Complete 
| 117|0x0000000087500000, 0x0000000087500000, 0x0000000087600000|  0%| F|  |TAMS 0x0000000087500000, 0x0000000087500000| Untracked 
| 118|0x0000000087600000, 0x0000000087600000, 0x0000000087700000|  0%| F|  |TAMS 0x0000000087600000, 0x0000000087600000| Untracked 
| 119|0x0000000087700000, 0x0000000087700000, 0x0000000087800000|  0%| F|  |TAMS 0x0000000087700000, 0x0000000087700000| Untracked 
| 120|0x0000000087800000, 0x0000000087800000, 0x0000000087900000|  0%| F|  |TAMS 0x0000000087800000, 0x0000000087800000| Untracked 
| 121|0x0000000087900000, 0x0000000087900000, 0x0000000087a00000|  0%| F|  |TAMS 0x0000000087900000, 0x0000000087900000| Untracked 
| 122|0x0000000087a00000, 0x0000000087a00000, 0x0000000087b00000|  0%| F|  |TAMS 0x0000000087a00000, 0x0000000087a00000| Untracked 
| 123|0x0000000087b00000, 0x0000000087b00000, 0x0000000087c00000|  0%| F|  |TAMS 0x0000000087b00000, 0x0000000087b00000| Untracked 
| 124|0x0000000087c00000, 0x0000000087c00000, 0x0000000087d00000|  0%| F|  |TAMS 0x0000000087c00000, 0x0000000087c00000| Untracked 
| 125|0x0000000087d00000, 0x0000000087d00000, 0x0000000087e00000|  0%| F|  |TAMS 0x0000000087d00000, 0x0000000087d00000| Untracked 
| 126|0x0000000087e00000, 0x0000000087e00000, 0x0000000087f00000|  0%| F|  |TAMS 0x0000000087e00000, 0x0000000087e00000| Untracked 
| 127|0x0000000087f00000, 0x0000000088000000, 0x0000000088000000|100%| S|CS|TAMS 0x0000000087f00000, 0x0000000087f00000| Complete 
| 128|0x0000000088000000, 0x0000000088100000, 0x0000000088100000|100%| S|CS|TAMS 0x0000000088000000, 0x0000000088000000| Complete 
| 129|0x0000000088100000, 0x0000000088200000, 0x0000000088200000|100%| S|CS|TAMS 0x0000000088100000, 0x0000000088100000| Complete 
| 130|0x0000000088200000, 0x0000000088300000, 0x0000000088300000|100%| S|CS|TAMS 0x0000000088200000, 0x0000000088200000| Complete 
| 131|0x0000000088300000, 0x0000000088400000, 0x0000000088400000|100%| S|CS|TAMS 0x0000000088300000, 0x0000000088300000| Complete 
| 132|0x0000000088400000, 0x0000000088500000, 0x0000000088500000|100%| S|CS|TAMS 0x0000000088400000, 0x0000000088400000| Complete 
| 133|0x0000000088500000, 0x0000000088600000, 0x0000000088600000|100%| S|CS|TAMS 0x0000000088500000, 0x0000000088500000| Complete 
| 134|0x0000000088600000, 0x0000000088700000, 0x0000000088700000|100%| S|CS|TAMS 0x0000000088600000, 0x0000000088600000| Complete 
| 135|0x0000000088700000, 0x0000000088800000, 0x0000000088800000|100%| S|CS|TAMS 0x0000000088700000, 0x0000000088700000| Complete 
| 136|0x0000000088800000, 0x0000000088900000, 0x0000000088900000|100%| S|CS|TAMS 0x0000000088800000, 0x0000000088800000| Complete 
| 137|0x0000000088900000, 0x0000000088a00000, 0x0000000088a00000|100%| S|CS|TAMS 0x0000000088900000, 0x0000000088900000| Complete 
| 138|0x0000000088a00000, 0x0000000088b00000, 0x0000000088b00000|100%| S|CS|TAMS 0x0000000088a00000, 0x0000000088a00000| Complete 
| 139|0x0000000088b00000, 0x0000000088c00000, 0x0000000088c00000|100%| S|CS|TAMS 0x0000000088b00000, 0x0000000088b00000| Complete 
| 140|0x0000000088c00000, 0x0000000088d00000, 0x0000000088d00000|100%| S|CS|TAMS 0x0000000088c00000, 0x0000000088c00000| Complete 
| 141|0x0000000088d00000, 0x0000000088d00000, 0x0000000088e00000|  0%| F|  |TAMS 0x0000000088d00000, 0x0000000088d00000| Untracked 
| 142|0x0000000088e00000, 0x0000000088e00000, 0x0000000088f00000|  0%| F|  |TAMS 0x0000000088e00000, 0x0000000088e00000| Untracked 
| 143|0x0000000088f00000, 0x0000000088f00000, 0x0000000089000000|  0%| F|  |TAMS 0x0000000088f00000, 0x0000000088f00000| Untracked 
| 144|0x0000000089000000, 0x0000000089000000, 0x0000000089100000|  0%| F|  |TAMS 0x0000000089000000, 0x0000000089000000| Untracked 
| 145|0x0000000089100000, 0x0000000089100000, 0x0000000089200000|  0%| F|  |TAMS 0x0000000089100000, 0x0000000089100000| Untracked 
| 146|0x0000000089200000, 0x0000000089200000, 0x0000000089300000|  0%| F|  |TAMS 0x0000000089200000, 0x0000000089200000| Untracked 
| 147|0x0000000089300000, 0x0000000089300000, 0x0000000089400000|  0%| F|  |TAMS 0x0000000089300000, 0x0000000089300000| Untracked 
| 148|0x0000000089400000, 0x0000000089400000, 0x0000000089500000|  0%| F|  |TAMS 0x0000000089400000, 0x0000000089400000| Untracked 
| 149|0x0000000089500000, 0x0000000089500000, 0x0000000089600000|  0%| F|  |TAMS 0x0000000089500000, 0x0000000089500000| Untracked 
| 150|0x0000000089600000, 0x0000000089600000, 0x0000000089700000|  0%| F|  |TAMS 0x0000000089600000, 0x0000000089600000| Untracked 
| 151|0x0000000089700000, 0x0000000089700000, 0x0000000089800000|  0%| F|  |TAMS 0x0000000089700000, 0x0000000089700000| Untracked 
| 152|0x0000000089800000, 0x0000000089800000, 0x0000000089900000|  0%| F|  |TAMS 0x0000000089800000, 0x0000000089800000| Untracked 
| 153|0x0000000089900000, 0x0000000089900000, 0x0000000089a00000|  0%| F|  |TAMS 0x0000000089900000, 0x0000000089900000| Untracked 
| 154|0x0000000089a00000, 0x0000000089a00000, 0x0000000089b00000|  0%| F|  |TAMS 0x0000000089a00000, 0x0000000089a00000| Untracked 
| 155|0x0000000089b00000, 0x0000000089b00000, 0x0000000089c00000|  0%| F|  |TAMS 0x0000000089b00000, 0x0000000089b00000| Untracked 
| 156|0x0000000089c00000, 0x0000000089c00000, 0x0000000089d00000|  0%| F|  |TAMS 0x0000000089c00000, 0x0000000089c00000| Untracked 
| 157|0x0000000089d00000, 0x0000000089d00000, 0x0000000089e00000|  0%| F|  |TAMS 0x0000000089d00000, 0x0000000089d00000| Untracked 
| 158|0x0000000089e00000, 0x0000000089e00000, 0x0000000089f00000|  0%| F|  |TAMS 0x0000000089e00000, 0x0000000089e00000| Untracked 
| 159|0x0000000089f00000, 0x0000000089f00000, 0x000000008a000000|  0%| F|  |TAMS 0x0000000089f00000, 0x0000000089f00000| Untracked 
| 160|0x000000008a000000, 0x000000008a000000, 0x000000008a100000|  0%| F|  |TAMS 0x000000008a000000, 0x000000008a000000| Untracked 
| 161|0x000000008a100000, 0x000000008a100000, 0x000000008a200000|  0%| F|  |TAMS 0x000000008a100000, 0x000000008a100000| Untracked 
| 162|0x000000008a200000, 0x000000008a200000, 0x000000008a300000|  0%| F|  |TAMS 0x000000008a200000, 0x000000008a200000| Untracked 
| 163|0x000000008a300000, 0x000000008a300000, 0x000000008a400000|  0%| F|  |TAMS 0x000000008a300000, 0x000000008a300000| Untracked 
| 164|0x000000008a400000, 0x000000008a400000, 0x000000008a500000|  0%| F|  |TAMS 0x000000008a400000, 0x000000008a400000| Untracked 
| 165|0x000000008a500000, 0x000000008a500000, 0x000000008a600000|  0%| F|  |TAMS 0x000000008a500000, 0x000000008a500000| Untracked 
| 166|0x000000008a600000, 0x000000008a600000, 0x000000008a700000|  0%| F|  |TAMS 0x000000008a600000, 0x000000008a600000| Untracked 
| 167|0x000000008a700000, 0x000000008a700000, 0x000000008a800000|  0%| F|  |TAMS 0x000000008a700000, 0x000000008a700000| Untracked 
| 168|0x000000008a800000, 0x000000008a800000, 0x000000008a900000|  0%| F|  |TAMS 0x000000008a800000, 0x000000008a800000| Untracked 
| 169|0x000000008a900000, 0x000000008a900000, 0x000000008aa00000|  0%| F|  |TAMS 0x000000008a900000, 0x000000008a900000| Untracked 
| 170|0x000000008aa00000, 0x000000008aa00000, 0x000000008ab00000|  0%| F|  |TAMS 0x000000008aa00000, 0x000000008aa00000| Untracked 
| 171|0x000000008ab00000, 0x000000008ab00000, 0x000000008ac00000|  0%| F|  |TAMS 0x000000008ab00000, 0x000000008ab00000| Untracked 
| 172|0x000000008ac00000, 0x000000008ac00000, 0x000000008ad00000|  0%| F|  |TAMS 0x000000008ac00000, 0x000000008ac00000| Untracked 
| 173|0x000000008ad00000, 0x000000008ad00000, 0x000000008ae00000|  0%| F|  |TAMS 0x000000008ad00000, 0x000000008ad00000| Untracked 
| 174|0x000000008ae00000, 0x000000008ae00000, 0x000000008af00000|  0%| F|  |TAMS 0x000000008ae00000, 0x000000008ae00000| Untracked 
| 175|0x000000008af00000, 0x000000008af00000, 0x000000008b000000|  0%| F|  |TAMS 0x000000008af00000, 0x000000008af00000| Untracked 
| 176|0x000000008b000000, 0x000000008b000000, 0x000000008b100000|  0%| F|  |TAMS 0x000000008b000000, 0x000000008b000000| Untracked 
| 177|0x000000008b100000, 0x000000008b100000, 0x000000008b200000|  0%| F|  |TAMS 0x000000008b100000, 0x000000008b100000| Untracked 
| 178|0x000000008b200000, 0x000000008b200000, 0x000000008b300000|  0%| F|  |TAMS 0x000000008b200000, 0x000000008b200000| Untracked 
| 179|0x000000008b300000, 0x000000008b300000, 0x000000008b400000|  0%| F|  |TAMS 0x000000008b300000, 0x000000008b300000| Untracked 
| 180|0x000000008b400000, 0x000000008b400000, 0x000000008b500000|  0%| F|  |TAMS 0x000000008b400000, 0x000000008b400000| Untracked 
| 181|0x000000008b500000, 0x000000008b500000, 0x000000008b600000|  0%| F|  |TAMS 0x000000008b500000, 0x000000008b500000| Untracked 
| 182|0x000000008b600000, 0x000000008b600000, 0x000000008b700000|  0%| F|  |TAMS 0x000000008b600000, 0x000000008b600000| Untracked 
| 183|0x000000008b700000, 0x000000008b700000, 0x000000008b800000|  0%| F|  |TAMS 0x000000008b700000, 0x000000008b700000| Untracked 
| 184|0x000000008b800000, 0x000000008b800000, 0x000000008b900000|  0%| F|  |TAMS 0x000000008b800000, 0x000000008b800000| Untracked 
| 185|0x000000008b900000, 0x000000008b900000, 0x000000008ba00000|  0%| F|  |TAMS 0x000000008b900000, 0x000000008b900000| Untracked 
| 186|0x000000008ba00000, 0x000000008ba00000, 0x000000008bb00000|  0%| F|  |TAMS 0x000000008ba00000, 0x000000008ba00000| Untracked 
| 187|0x000000008bb00000, 0x000000008bb00000, 0x000000008bc00000|  0%| F|  |TAMS 0x000000008bb00000, 0x000000008bb00000| Untracked 
| 188|0x000000008bc00000, 0x000000008bc00000, 0x000000008bd00000|  0%| F|  |TAMS 0x000000008bc00000, 0x000000008bc00000| Untracked 
| 189|0x000000008bd00000, 0x000000008bd00000, 0x000000008be00000|  0%| F|  |TAMS 0x000000008bd00000, 0x000000008bd00000| Untracked 
| 190|0x000000008be00000, 0x000000008be00000, 0x000000008bf00000|  0%| F|  |TAMS 0x000000008be00000, 0x000000008be00000| Untracked 
| 191|0x000000008bf00000, 0x000000008bf00000, 0x000000008c000000|  0%| F|  |TAMS 0x000000008bf00000, 0x000000008bf00000| Untracked 
| 192|0x000000008c000000, 0x000000008c000000, 0x000000008c100000|  0%| F|  |TAMS 0x000000008c000000, 0x000000008c000000| Untracked 
| 193|0x000000008c100000, 0x000000008c100000, 0x000000008c200000|  0%| F|  |TAMS 0x000000008c100000, 0x000000008c100000| Untracked 
| 194|0x000000008c200000, 0x000000008c200000, 0x000000008c300000|  0%| F|  |TAMS 0x000000008c200000, 0x000000008c200000| Untracked 
| 195|0x000000008c300000, 0x000000008c300000, 0x000000008c400000|  0%| F|  |TAMS 0x000000008c300000, 0x000000008c300000| Untracked 
| 196|0x000000008c400000, 0x000000008c400000, 0x000000008c500000|  0%| F|  |TAMS 0x000000008c400000, 0x000000008c400000| Untracked 
| 197|0x000000008c500000, 0x000000008c500000, 0x000000008c600000|  0%| F|  |TAMS 0x000000008c500000, 0x000000008c500000| Untracked 
| 198|0x000000008c600000, 0x000000008c600000, 0x000000008c700000|  0%| F|  |TAMS 0x000000008c600000, 0x000000008c600000| Untracked 
| 199|0x000000008c700000, 0x000000008c700000, 0x000000008c800000|  0%| F|  |TAMS 0x000000008c700000, 0x000000008c700000| Untracked 
| 200|0x000000008c800000, 0x000000008c800000, 0x000000008c900000|  0%| F|  |TAMS 0x000000008c800000, 0x000000008c800000| Untracked 
| 201|0x000000008c900000, 0x000000008c900000, 0x000000008ca00000|  0%| F|  |TAMS 0x000000008c900000, 0x000000008c900000| Untracked 
| 202|0x000000008ca00000, 0x000000008ca00000, 0x000000008cb00000|  0%| F|  |TAMS 0x000000008ca00000, 0x000000008ca00000| Untracked 
| 203|0x000000008cb00000, 0x000000008cb00000, 0x000000008cc00000|  0%| F|  |TAMS 0x000000008cb00000, 0x000000008cb00000| Untracked 
| 204|0x000000008cc00000, 0x000000008cc00000, 0x000000008cd00000|  0%| F|  |TAMS 0x000000008cc00000, 0x000000008cc00000| Untracked 
| 205|0x000000008cd00000, 0x000000008cd00000, 0x000000008ce00000|  0%| F|  |TAMS 0x000000008cd00000, 0x000000008cd00000| Untracked 
| 206|0x000000008ce00000, 0x000000008ce00000, 0x000000008cf00000|  0%| F|  |TAMS 0x000000008ce00000, 0x000000008ce00000| Untracked 
| 207|0x000000008cf00000, 0x000000008cf00000, 0x000000008d000000|  0%| F|  |TAMS 0x000000008cf00000, 0x000000008cf00000| Untracked 
| 208|0x000000008d000000, 0x000000008d000000, 0x000000008d100000|  0%| F|  |TAMS 0x000000008d000000, 0x000000008d000000| Untracked 
| 209|0x000000008d100000, 0x000000008d100000, 0x000000008d200000|  0%| F|  |TAMS 0x000000008d100000, 0x000000008d100000| Untracked 
| 210|0x000000008d200000, 0x000000008d200000, 0x000000008d300000|  0%| F|  |TAMS 0x000000008d200000, 0x000000008d200000| Untracked 
| 211|0x000000008d300000, 0x000000008d300000, 0x000000008d400000|  0%| F|  |TAMS 0x000000008d300000, 0x000000008d300000| Untracked 
| 212|0x000000008d400000, 0x000000008d400000, 0x000000008d500000|  0%| F|  |TAMS 0x000000008d400000, 0x000000008d400000| Untracked 
| 213|0x000000008d500000, 0x000000008d500000, 0x000000008d600000|  0%| F|  |TAMS 0x000000008d500000, 0x000000008d500000| Untracked 
| 214|0x000000008d600000, 0x000000008d600000, 0x000000008d700000|  0%| F|  |TAMS 0x000000008d600000, 0x000000008d600000| Untracked 
| 215|0x000000008d700000, 0x000000008d700000, 0x000000008d800000|  0%| F|  |TAMS 0x000000008d700000, 0x000000008d700000| Untracked 
| 216|0x000000008d800000, 0x000000008d800000, 0x000000008d900000|  0%| F|  |TAMS 0x000000008d800000, 0x000000008d800000| Untracked 
| 217|0x000000008d900000, 0x000000008d900000, 0x000000008da00000|  0%| F|  |TAMS 0x000000008d900000, 0x000000008d900000| Untracked 
| 218|0x000000008da00000, 0x000000008da00000, 0x000000008db00000|  0%| F|  |TAMS 0x000000008da00000, 0x000000008da00000| Untracked 
| 219|0x000000008db00000, 0x000000008db00000, 0x000000008dc00000|  0%| F|  |TAMS 0x000000008db00000, 0x000000008db00000| Untracked 
| 220|0x000000008dc00000, 0x000000008dc00000, 0x000000008dd00000|  0%| F|  |TAMS 0x000000008dc00000, 0x000000008dc00000| Untracked 
| 221|0x000000008dd00000, 0x000000008dd00000, 0x000000008de00000|  0%| F|  |TAMS 0x000000008dd00000, 0x000000008dd00000| Untracked 
| 222|0x000000008de00000, 0x000000008de00000, 0x000000008df00000|  0%| F|  |TAMS 0x000000008de00000, 0x000000008de00000| Untracked 
| 223|0x000000008df00000, 0x000000008df00000, 0x000000008e000000|  0%| F|  |TAMS 0x000000008df00000, 0x000000008df00000| Untracked 
| 224|0x000000008e000000, 0x000000008e000000, 0x000000008e100000|  0%| F|  |TAMS 0x000000008e000000, 0x000000008e000000| Untracked 
| 225|0x000000008e100000, 0x000000008e100000, 0x000000008e200000|  0%| F|  |TAMS 0x000000008e100000, 0x000000008e100000| Untracked 
| 226|0x000000008e200000, 0x000000008e200000, 0x000000008e300000|  0%| F|  |TAMS 0x000000008e200000, 0x000000008e200000| Untracked 
| 227|0x000000008e300000, 0x000000008e300000, 0x000000008e400000|  0%| F|  |TAMS 0x000000008e300000, 0x000000008e300000| Untracked 
| 228|0x000000008e400000, 0x000000008e400000, 0x000000008e500000|  0%| F|  |TAMS 0x000000008e400000, 0x000000008e400000| Untracked 
| 229|0x000000008e500000, 0x000000008e500000, 0x000000008e600000|  0%| F|  |TAMS 0x000000008e500000, 0x000000008e500000| Untracked 
| 230|0x000000008e600000, 0x000000008e600000, 0x000000008e700000|  0%| F|  |TAMS 0x000000008e600000, 0x000000008e600000| Untracked 
| 231|0x000000008e700000, 0x000000008e700000, 0x000000008e800000|  0%| F|  |TAMS 0x000000008e700000, 0x000000008e700000| Untracked 
| 232|0x000000008e800000, 0x000000008e800000, 0x000000008e900000|  0%| F|  |TAMS 0x000000008e800000, 0x000000008e800000| Untracked 
| 233|0x000000008e900000, 0x000000008e900000, 0x000000008ea00000|  0%| F|  |TAMS 0x000000008e900000, 0x000000008e900000| Untracked 
| 234|0x000000008ea00000, 0x000000008ea00000, 0x000000008eb00000|  0%| F|  |TAMS 0x000000008ea00000, 0x000000008ea00000| Untracked 
| 235|0x000000008eb00000, 0x000000008eb00000, 0x000000008ec00000|  0%| F|  |TAMS 0x000000008eb00000, 0x000000008eb00000| Untracked 
| 236|0x000000008ec00000, 0x000000008ec00000, 0x000000008ed00000|  0%| F|  |TAMS 0x000000008ec00000, 0x000000008ec00000| Untracked 
| 237|0x000000008ed00000, 0x000000008ed00000, 0x000000008ee00000|  0%| F|  |TAMS 0x000000008ed00000, 0x000000008ed00000| Untracked 
| 238|0x000000008ee00000, 0x000000008ee00000, 0x000000008ef00000|  0%| F|  |TAMS 0x000000008ee00000, 0x000000008ee00000| Untracked 
| 239|0x000000008ef00000, 0x000000008ef00000, 0x000000008f000000|  0%| F|  |TAMS 0x000000008ef00000, 0x000000008ef00000| Untracked 
| 240|0x000000008f000000, 0x000000008f000000, 0x000000008f100000|  0%| F|  |TAMS 0x000000008f000000, 0x000000008f000000| Untracked 
| 241|0x000000008f100000, 0x000000008f100000, 0x000000008f200000|  0%| F|  |TAMS 0x000000008f100000, 0x000000008f100000| Untracked 
| 242|0x000000008f200000, 0x000000008f200000, 0x000000008f300000|  0%| F|  |TAMS 0x000000008f200000, 0x000000008f200000| Untracked 
| 243|0x000000008f300000, 0x000000008f300000, 0x000000008f400000|  0%| F|  |TAMS 0x000000008f300000, 0x000000008f300000| Untracked 
| 244|0x000000008f400000, 0x000000008f400000, 0x000000008f500000|  0%| F|  |TAMS 0x000000008f400000, 0x000000008f400000| Untracked 
| 245|0x000000008f500000, 0x000000008f500000, 0x000000008f600000|  0%| F|  |TAMS 0x000000008f500000, 0x000000008f500000| Untracked 
| 246|0x000000008f600000, 0x000000008f600000, 0x000000008f700000|  0%| F|  |TAMS 0x000000008f600000, 0x000000008f600000| Untracked 
| 247|0x000000008f700000, 0x000000008f700000, 0x000000008f800000|  0%| F|  |TAMS 0x000000008f700000, 0x000000008f700000| Untracked 
| 248|0x000000008f800000, 0x000000008f800000, 0x000000008f900000|  0%| F|  |TAMS 0x000000008f800000, 0x000000008f800000| Untracked 
| 249|0x000000008f900000, 0x000000008f900000, 0x000000008fa00000|  0%| F|  |TAMS 0x000000008f900000, 0x000000008f900000| Untracked 
| 250|0x000000008fa00000, 0x000000008fa00000, 0x000000008fb00000|  0%| F|  |TAMS 0x000000008fa00000, 0x000000008fa00000| Untracked 
| 251|0x000000008fb00000, 0x000000008fb00000, 0x000000008fc00000|  0%| F|  |TAMS 0x000000008fb00000, 0x000000008fb00000| Untracked 
| 252|0x000000008fc00000, 0x000000008fc00000, 0x000000008fd00000|  0%| F|  |TAMS 0x000000008fc00000, 0x000000008fc00000| Untracked 
| 253|0x000000008fd00000, 0x000000008fd00000, 0x000000008fe00000|  0%| F|  |TAMS 0x000000008fd00000, 0x000000008fd00000| Untracked 
| 254|0x000000008fe00000, 0x000000008fe00000, 0x000000008ff00000|  0%| F|  |TAMS 0x000000008fe00000, 0x000000008fe00000| Untracked 
| 255|0x000000008ff00000, 0x000000008ff00000, 0x0000000090000000|  0%| F|  |TAMS 0x000000008ff00000, 0x000000008ff00000| Untracked 

Card table byte_map: [0x00000235d7120000,0x00000235d7520000] _byte_map_base: 0x00000235d6d20000

Marking Bits (Prev, Next): (CMBitMap*) 0x00000235c4274b08, (CMBitMap*) 0x00000235c4274b40
 Prev Bits: [0x00000235d7920000, 0x00000235d9920000)
 Next Bits: [0x00000235d9920000, 0x00000235db920000)

Polling page: 0x00000235c20a0000

Metaspace:

Usage:
  Non-class:     69.65 MB capacity,    68.29 MB ( 98%) used,     1.14 MB (  2%) free+waste,   227.19 KB ( <1%) overhead. 
      Class:     10.93 MB capacity,    10.16 MB ( 93%) used,   682.13 KB (  6%) free+waste,   102.25 KB ( <1%) overhead. 
       Both:     80.58 MB capacity,    78.45 MB ( 97%) used,     1.80 MB (  2%) free+waste,   329.44 KB ( <1%) overhead. 

Virtual space:
  Non-class space:       70.00 MB reserved,      69.75 MB (>99%) committed 
      Class space:        1.00 GB reserved,      11.00 MB (  1%) committed 
             Both:        1.07 GB reserved,      80.75 MB (  7%) committed 

Chunk freelists:
   Non-Class:  39.00 KB
       Class:  10.00 KB
        Both:  49.00 KB

MaxMetaspaceSize: 17179869184.00 GB
CompressedClassSpaceSize: 1.00 GB

CodeHeap 'non-profiled nmethods': size=120064Kb used=5727Kb max_used=5727Kb free=114336Kb
 bounds [0x00000235cf7e0000, 0x00000235cfd80000, 0x00000235d6d20000]
CodeHeap 'profiled nmethods': size=120000Kb used=21598Kb max_used=21598Kb free=98401Kb
 bounds [0x00000235c82b0000, 0x00000235c97d0000, 0x00000235cf7e0000]
CodeHeap 'non-nmethods': size=5696Kb used=2275Kb max_used=2352Kb free=3420Kb
 bounds [0x00000235c7d20000, 0x00000235c7f90000, 0x00000235c82b0000]
 total_blobs=10680 nmethods=9808 adapters=783
 compilation: enabled
              stopped_count=0, restarted_count=0
 full_count=0

Compilation events (20 events):
Event: 55.596 Thread 0x00000235e3af2000 nmethod 9936 0x00000235cfd74210 code [0x00000235cfd743e0, 0x00000235cfd74798]
Event: 55.603 Thread 0x00000235de6aa800 nmethod 9931 0x00000235cfd74b10 code [0x00000235cfd74d40, 0x00000235cfd75700]
Event: 55.612 Thread 0x00000235e3af2000 9937       4       com.google.common.collect.RegularImmutableSortedSet::size (8 bytes)
Event: 55.613 Thread 0x00000235de6aa800 9938       4       com.esotericsoftware.kryo.io.Input::readVarLong (329 bytes)
Event: 55.614 Thread 0x00000235e3af2000 nmethod 9937 0x00000235cfd75f10 code [0x00000235cfd760a0, 0x00000235cfd76138]
Event: 55.634 Thread 0x00000235de6ed800 9939       3       com.google.common.collect.AbstractIterator::<init> (12 bytes)
Event: 55.634 Thread 0x00000235de6aa800 nmethod 9938 0x00000235cfd76210 code [0x00000235cfd763e0, 0x00000235cfd769a8]
Event: 55.635 Thread 0x00000235de6ed800 nmethod 9939 0x00000235c97c6310 code [0x00000235c97c64e0, 0x00000235c97c6718]
Event: 55.635 Thread 0x00000235de6ed800 9940       3       com.google.common.collect.Iterators::filter (20 bytes)
Event: 55.636 Thread 0x00000235de6ed800 nmethod 9940 0x00000235c97c6810 code [0x00000235c97c6a20, 0x00000235c97c70b8]
Event: 55.636 Thread 0x00000235de6ed800 9941       3       com.google.common.collect.Iterators$5::<init> (15 bytes)
Event: 55.637 Thread 0x00000235de6ed800 nmethod 9941 0x00000235c97c7310 code [0x00000235c97c74e0, 0x00000235c97c7818]
Event: 55.644 Thread 0x00000235de6aa800 9942       4       com.google.common.cache.LocalCache$EntryFactory$2::newEntry (12 bytes)
Event: 55.651 Thread 0x00000235de6ed800 9943       1       org.gradle.internal.execution.UnitOfWork$InputPropertyType::isIncremental (5 bytes)
Event: 55.651 Thread 0x00000235de6ed800 nmethod 9943 0x00000235cfd76e10 code [0x00000235cfd76fc0, 0x00000235cfd77078]
Event: 55.659 Thread 0x00000235e3af2000 9944       4       com.google.common.cache.LocalCache$Segment::evictEntries (106 bytes)
Event: 55.662 Thread 0x00000235de6aa800 nmethod 9942 0x00000235cfd77110 code [0x00000235cfd772c0, 0x00000235cfd77798]
Event: 55.664 Thread 0x00000235de6aa800 9945       4       com.google.common.cache.LocalCache$Segment::recordWrite (72 bytes)
Event: 55.665 Thread 0x00000235e3af2000 nmethod 9944 0x00000235cfd77890 code [0x00000235cfd77a40, 0x00000235cfd77ba8]
Event: 55.666 Thread 0x00000235e3af2000 9946       4       com.google.common.cache.LocalCache$Segment::setValue (82 bytes)

GC Heap History (20 events):
Event: 11.056 GC heap after
{Heap after GC invocations=2 (full 0):
 garbage-first heap   total 262144K, used 16772K [0x0000000080000000, 0x0000000100000000)
  region size 1024K, 11 young (11264K), 11 survivors (11264K)
 Metaspace       used 20602K, capacity 21104K, committed 21248K, reserved 1067008K
  class space    used 2508K, capacity 2690K, committed 2816K, reserved 1048576K
}
Event: 11.469 GC heap before
{Heap before GC invocations=3 (full 0):
 garbage-first heap   total 262144K, used 25988K [0x0000000080000000, 0x0000000100000000)
  region size 1024K, 20 young (20480K), 11 survivors (11264K)
 Metaspace       used 21675K, capacity 22319K, committed 22400K, reserved 1069056K
  class space    used 2711K, capacity 2906K, committed 2944K, reserved 1048576K
}
Event: 11.494 GC heap after
{Heap after GC invocations=4 (full 0):
 garbage-first heap   total 262144K, used 17207K [0x0000000080000000, 0x0000000100000000)
  region size 1024K, 1 young (1024K), 1 survivors (1024K)
 Metaspace       used 21675K, capacity 22319K, committed 22400K, reserved 1069056K
  class space    used 2711K, capacity 2906K, committed 2944K, reserved 1048576K
}
Event: 13.676 GC heap before
{Heap before GC invocations=4 (full 0):
 garbage-first heap   total 262144K, used 76599K [0x0000000080000000, 0x0000000100000000)
  region size 1024K, 59 young (60416K), 1 survivors (1024K)
 Metaspace       used 26848K, capacity 27591K, committed 27648K, reserved 1073152K
  class space    used 3543K, capacity 3795K, committed 3840K, reserved 1048576K
}
Event: 13.688 GC heap after
{Heap after GC invocations=5 (full 0):
 garbage-first heap   total 262144K, used 18774K [0x0000000080000000, 0x0000000100000000)
  region size 1024K, 3 young (3072K), 3 survivors (3072K)
 Metaspace       used 26848K, capacity 27591K, committed 27648K, reserved 1073152K
  class space    used 3543K, capacity 3795K, committed 3840K, reserved 1048576K
}
Event: 18.554 GC heap before
{Heap before GC invocations=5 (full 0):
 garbage-first heap   total 262144K, used 61782K [0x0000000080000000, 0x0000000100000000)
  region size 1024K, 47 young (48128K), 3 survivors (3072K)
 Metaspace       used 35036K, capacity 35807K, committed 35840K, reserved 1081344K
  class space    used 4533K, capacity 4832K, committed 4864K, reserved 1048576K
}
Event: 18.585 GC heap after
{Heap after GC invocations=6 (full 0):
 garbage-first heap   total 262144K, used 22259K [0x0000000080000000, 0x0000000100000000)
  region size 1024K, 6 young (6144K), 6 survivors (6144K)
 Metaspace       used 35036K, capacity 35807K, committed 35840K, reserved 1081344K
  class space    used 4533K, capacity 4832K, committed 4864K, reserved 1048576K
}
Event: 23.603 GC heap before
{Heap before GC invocations=7 (full 0):
 garbage-first heap   total 262144K, used 121587K [0x0000000080000000, 0x0000000100000000)
  region size 1024K, 100 young (102400K), 6 survivors (6144K)
 Metaspace       used 43347K, capacity 44379K, committed 44544K, reserved 1087488K
  class space    used 5521K, capacity 5887K, committed 5888K, reserved 1048576K
}
Event: 23.637 GC heap after
{Heap after GC invocations=8 (full 0):
 garbage-first heap   total 262144K, used 28074K [0x0000000080000000, 0x0000000100000000)
  region size 1024K, 12 young (12288K), 12 survivors (12288K)
 Metaspace       used 43347K, capacity 44379K, committed 44544K, reserved 1087488K
  class space    used 5521K, capacity 5887K, committed 5888K, reserved 1048576K
}
Event: 29.328 GC heap before
{Heap before GC invocations=8 (full 0):
 garbage-first heap   total 262144K, used 140714K [0x0000000080000000, 0x0000000100000000)
  region size 1024K, 119 young (121856K), 12 survivors (12288K)
 Metaspace       used 51624K, capacity 53015K, committed 53120K, reserved 1095680K
  class space    used 6563K, capacity 7024K, committed 7040K, reserved 1048576K
}
Event: 29.407 GC heap after
{Heap after GC invocations=9 (full 0):
 garbage-first heap   total 262144K, used 41459K [0x0000000080000000, 0x0000000100000000)
  region size 1024K, 15 young (15360K), 15 survivors (15360K)
 Metaspace       used 51624K, capacity 53015K, committed 53120K, reserved 1095680K
  class space    used 6563K, capacity 7024K, committed 7040K, reserved 1048576K
}
Event: 32.059 GC heap before
{Heap before GC invocations=9 (full 0):
 garbage-first heap   total 262144K, used 84467K [0x0000000080000000, 0x0000000100000000)
  region size 1024K, 58 young (59392K), 15 survivors (15360K)
 Metaspace       used 58582K, capacity 59997K, committed 60160K, reserved 1101824K
  class space    used 7412K, capacity 7960K, committed 8064K, reserved 1048576K
}
Event: 32.136 GC heap after
{Heap after GC invocations=10 (full 0):
 garbage-first heap   total 262144K, used 44838K [0x0000000080000000, 0x0000000100000000)
  region size 1024K, 13 young (13312K), 13 survivors (13312K)
 Metaspace       used 58582K, capacity 59997K, committed 60160K, reserved 1101824K
  class space    used 7412K, capacity 7960K, committed 8064K, reserved 1048576K
}
Event: 35.767 GC heap before
{Heap before GC invocations=11 (full 0):
 garbage-first heap   total 262144K, used 129830K [0x0000000080000000, 0x0000000100000000)
  region size 1024K, 96 young (98304K), 13 survivors (13312K)
 Metaspace       used 63511K, capacity 65082K, committed 65280K, reserved 1105920K
  class space    used 8070K, capacity 8640K, committed 8704K, reserved 1048576K
}
Event: 35.900 GC heap after
{Heap after GC invocations=12 (full 0):
 garbage-first heap   total 262144K, used 51627K [0x0000000080000000, 0x0000000100000000)
  region size 1024K, 10 young (10240K), 10 survivors (10240K)
 Metaspace       used 63511K, capacity 65082K, committed 65280K, reserved 1105920K
  class space    used 8070K, capacity 8640K, committed 8704K, reserved 1048576K
}
Event: 42.359 GC heap before
{Heap before GC invocations=13 (full 0):
 garbage-first heap   total 262144K, used 159147K [0x0000000080000000, 0x0000000100000000)
  region size 1024K, 115 young (117760K), 10 survivors (10240K)
 Metaspace       used 73891K, capacity 75623K, committed 75904K, reserved 1114112K
  class space    used 9624K, capacity 10257K, committed 10368K, reserved 1048576K
}
Event: 42.424 GC heap after
{Heap after GC invocations=14 (full 0):
 garbage-first heap   total 262144K, used 58725K [0x0000000080000000, 0x0000000100000000)
  region size 1024K, 14 young (14336K), 14 survivors (14336K)
 Metaspace       used 73891K, capacity 75623K, committed 75904K, reserved 1114112K
  class space    used 9624K, capacity 10257K, committed 10368K, reserved 1048576K
}
Event: 48.718 GC heap before
{Heap before GC invocations=14 (full 0):
 garbage-first heap   total 262144K, used 169317K [0x0000000080000000, 0x0000000100000000)
  region size 1024K, 123 young (125952K), 14 survivors (14336K)
 Metaspace       used 79339K, capacity 81402K, committed 81536K, reserved 1120256K
  class space    used 10336K, capacity 11065K, committed 11136K, reserved 1048576K
}
Event: 48.811 GC heap after
{Heap after GC invocations=15 (full 0):
 garbage-first heap   total 262144K, used 67698K [0x0000000080000000, 0x0000000100000000)
  region size 1024K, 16 young (16384K), 16 survivors (16384K)
 Metaspace       used 79339K, capacity 81402K, committed 81536K, reserved 1120256K
  class space    used 10336K, capacity 11065K, committed 11136K, reserved 1048576K
}
Event: 55.670 GC heap before
{Heap before GC invocations=15 (full 0):
 garbage-first heap   total 262144K, used 178290K [0x0000000080000000, 0x0000000100000000)
  region size 1024K, 125 young (128000K), 16 survivors (16384K)
 Metaspace       used 80334K, capacity 82511K, committed 82688K, reserved 1120256K
  class space    used 10405K, capacity 11190K, committed 11264K, reserved 1048576K
}

Deoptimization events (20 events):
Event: 53.920 Thread 0x00000235e3af6800 Uncommon trap: trap_request=0xffffffbe fr.pc=0x00000235cfd23360 relative=0x00000000000008c0
Event: 53.920 Thread 0x00000235e3af6800 Uncommon trap: reason=profile_predicate action=maybe_recompile pc=0x00000235cfd23360 method=com.google.common.collect.RegularImmutableMap.createHashTable([Ljava/lang/Object;III)[I @ 99 c2
Event: 53.920 Thread 0x00000235e3af6800 DEOPT PACKING pc=0x00000235cfd23360 sp=0x00000062ea4fc220
Event: 53.920 Thread 0x00000235e3af6800 DEOPT UNPACKING pc=0x00000235c7d473af sp=0x00000062ea4fc1a0 mode 2
Event: 53.922 Thread 0x00000235e3af6800 Uncommon trap: trap_request=0xffffffbe fr.pc=0x00000235cfd23360 relative=0x00000000000008c0
Event: 53.922 Thread 0x00000235e3af6800 Uncommon trap: reason=profile_predicate action=maybe_recompile pc=0x00000235cfd23360 method=com.google.common.collect.RegularImmutableMap.createHashTable([Ljava/lang/Object;III)[I @ 99 c2
Event: 53.922 Thread 0x00000235e3af6800 DEOPT PACKING pc=0x00000235cfd23360 sp=0x00000062ea4fbe50
Event: 53.922 Thread 0x00000235e3af6800 DEOPT UNPACKING pc=0x00000235c7d473af sp=0x00000062ea4fbdd0 mode 2
Event: 53.924 Thread 0x00000235e3af6800 DEOPT PACKING pc=0x00000235c9627276 sp=0x00000062ea4fb790
Event: 53.924 Thread 0x00000235e3af6800 DEOPT UNPACKING pc=0x00000235c7d471ce sp=0x00000062ea4facb0 mode 0
Event: 55.352 Thread 0x00000235de9c9000 Uncommon trap: trap_request=0xfffffff4 fr.pc=0x00000235cfd6b10c relative=0x00000000000004cc
Event: 55.352 Thread 0x00000235de9c9000 Uncommon trap: reason=null_check action=make_not_entrant pc=0x00000235cfd6b10c method=org.gradle.tooling.internal.provider.runner.SubtreeFilteringBuildOperationListener.finished(Lorg/gradle/internal/operations/BuildOperationDescriptor;Lorg/gradle/internal
Event: 55.352 Thread 0x00000235de9c9000 DEOPT PACKING pc=0x00000235cfd6b10c sp=0x00000062e9bfe0d0
Event: 55.352 Thread 0x00000235de9c9000 DEOPT UNPACKING pc=0x00000235c7d473af sp=0x00000062e9bfe058 mode 2
Event: 55.369 Thread 0x00000235de9c9000 Uncommon trap: trap_request=0xfffffff4 fr.pc=0x00000235cfd6cb3c relative=0x0000000000000a9c
Event: 55.369 Thread 0x00000235de9c9000 Uncommon trap: reason=null_check action=make_not_entrant pc=0x00000235cfd6cb3c method=org.gradle.tooling.internal.provider.runner.SubtreeFilteringBuildOperationListener.started(Lorg/gradle/internal/operations/BuildOperationDescriptor;Lorg/gradle/internal/
Event: 55.369 Thread 0x00000235de9c9000 DEOPT PACKING pc=0x00000235cfd6cb3c sp=0x00000062e9bfe1e0
Event: 55.369 Thread 0x00000235de9c9000 DEOPT UNPACKING pc=0x00000235c7d473af sp=0x00000062e9bfe1a0 mode 2
Event: 55.636 Thread 0x00000235de9c9000 DEOPT PACKING pc=0x00000235c9627276 sp=0x00000062e9bfd970
Event: 55.636 Thread 0x00000235de9c9000 DEOPT UNPACKING pc=0x00000235c7d471ce sp=0x00000062e9bfce90 mode 0

Classes redefined (0 events):
No events

Internal exceptions (20 events):
Event: 44.532 Thread 0x00000235dfdd3000 Exception <a 'java/lang/NoSuchMethodError'{0x000000008d55d348}: <clinit>> (0x000000008d55d348) thrown at [./src/hotspot/share/prims/jni.cpp, line 1362]
Event: 44.536 Thread 0x00000235dfdd3000 Exception <a 'java/lang/NoSuchMethodError'{0x000000008d56e2e8}: <clinit>> (0x000000008d56e2e8) thrown at [./src/hotspot/share/prims/jni.cpp, line 1362]
Event: 44.536 Thread 0x00000235dfdd3000 Exception <a 'java/lang/NoSuchMethodError'{0x000000008d56f860}: <clinit>> (0x000000008d56f860) thrown at [./src/hotspot/share/prims/jni.cpp, line 1362]
Event: 44.620 Thread 0x00000235e3af3000 Exception <a 'java/lang/NoSuchMethodError'{0x000000008d30ff48}: <clinit>> (0x000000008d30ff48) thrown at [./src/hotspot/share/prims/jni.cpp, line 1362]
Event: 44.631 Thread 0x00000235e3af3000 Exception <a 'java/lang/NoSuchMethodError'{0x000000008d324360}: <clinit>> (0x000000008d324360) thrown at [./src/hotspot/share/prims/jni.cpp, line 1362]
Event: 44.635 Thread 0x00000235e3af3000 Exception <a 'java/lang/NoSuchMethodError'{0x000000008d33d600}: <clinit>> (0x000000008d33d600) thrown at [./src/hotspot/share/prims/jni.cpp, line 1362]
Event: 44.792 Thread 0x00000235dfdd3000 Exception <a 'java/lang/NoSuchMethodError'{0x000000008d008118}: <clinit>> (0x000000008d008118) thrown at [./src/hotspot/share/prims/jni.cpp, line 1362]
Event: 44.906 Thread 0x00000235e3af6800 Exception <a 'java/lang/NoSuchMethodError'{0x000000008cf1d348}: 'java.lang.Object java.lang.invoke.Invokers$Holder.linkToTargetMethod(java.lang.Object, java.lang.Object, java.lang.Object, int, java.lang.Object, java.lang.Object)'> (0x000000008cf1d348) thrown at [./src/hotspot/share/interpreter/linkResolver.cpp, line 773]
Event: 44.935 Thread 0x00000235e3af6800 Exception <a 'java/lang/IncompatibleClassChangeError'{0x000000008cf7c898}: Found class java.lang.Object, but interface was expected> (0x000000008cf7c898) thrown at [./src/hotspot/share/interpreter/linkResolver.cpp, line 839]
Event: 45.015 Thread 0x00000235e3af6800 Exception <a 'java/lang/NoSuchMethodError'{0x000000008cd56868}: 'int java.lang.invoke.DirectMethodHandle$Holder.invokeStaticInit(java.lang.Object, java.lang.Object, java.lang.Object, java.lang.Object, java.lang.Object)'> (0x000000008cd56868) thrown at [./src/hotspot/share/interpreter/linkResolver.cpp, line 773]
Event: 45.954 Thread 0x00000235e3af6800 Exception <a 'java/lang/NoSuchMethodError'{0x000000008c1266a8}: 'java.lang.Object java.lang.invoke.DirectMethodHandle$Holder.invokeSpecialIFC(java.lang.Object, java.lang.Object, java.lang.Object)'> (0x000000008c1266a8) thrown at [./src/hotspot/share/interpreter/linkResolver.cpp, line 773]
Event: 46.880 Thread 0x00000235de9cb000 Exception <a 'java/lang/NoSuchMethodError'{0x000000008b292a98}: 'void java.lang.invoke.DirectMethodHandle$Holder.invokeVirtual(java.lang.Object, java.lang.Object)'> (0x000000008b292a98) thrown at [./src/hotspot/share/interpreter/linkResolver.cpp, line 773]
Event: 51.006 Thread 0x00000235e3af1800 Exception <a 'java/lang/NoSuchMethodError'{0x000000008d61f3c0}: <clinit>> (0x000000008d61f3c0) thrown at [./src/hotspot/share/prims/jni.cpp, line 1362]
Event: 51.007 Thread 0x00000235e3af1800 Exception <a 'java/lang/NoSuchMethodError'{0x000000008d6206f8}: <clinit>> (0x000000008d6206f8) thrown at [./src/hotspot/share/prims/jni.cpp, line 1362]
Event: 51.007 Thread 0x00000235e3af1800 Exception <a 'java/lang/NoSuchMethodError'{0x000000008d622e48}: <clinit>> (0x000000008d622e48) thrown at [./src/hotspot/share/prims/jni.cpp, line 1362]
Event: 51.013 Thread 0x00000235e3af1800 Exception <a 'java/lang/NoSuchMethodError'{0x000000008d63c530}: <clinit>> (0x000000008d63c530) thrown at [./src/hotspot/share/prims/jni.cpp, line 1362]
Event: 51.013 Thread 0x00000235e3af1800 Exception <a 'java/lang/NoSuchMethodError'{0x000000008d63da10}: <clinit>> (0x000000008d63da10) thrown at [./src/hotspot/share/prims/jni.cpp, line 1362]
Event: 51.826 Thread 0x00000235e3af4800 Exception <a 'java/lang/NoSuchMethodError'{0x000000008c552320}: 'int java.lang.invoke.DirectMethodHandle$Holder.invokeSpecial(java.lang.Object, java.lang.Object, java.lang.Object, java.lang.Object, java.lang.Object)'> (0x000000008c552320) thrown at [./src/hotspot/share/interpreter/linkResolver.cpp, line 773]
Event: 55.352 Thread 0x00000235de9c9000 Implicit null exception at 0x00000235cfd6acd2 to 0x00000235cfd6b0e4
Event: 55.369 Thread 0x00000235de9c9000 Implicit null exception at 0x00000235cfd6c29a to 0x00000235cfd6cb1c

Events (20 events):
Event: 51.826 loading class org/gradle/internal/snapshot/FileSystemLocationSnapshot done
Event: 51.826 loading class org/gradle/api/specs/Spec
Event: 51.826 loading class org/gradle/api/specs/Spec done
Event: 51.827 loading class org/gradle/internal/fingerprint/impl/PatternSetSnapshottingFilter
Event: 51.827 loading class org/gradle/internal/fingerprint/impl/PatternSetSnapshottingFilter done
Event: 51.827 loading class org/gradle/internal/snapshot/SnapshottingFilter$FileSystemSnapshotPredicate
Event: 51.827 loading class org/gradle/internal/snapshot/SnapshottingFilter$FileSystemSnapshotPredicate done
Event: 51.829 loading class org/gradle/internal/snapshot/impl/FileSystemSnapshotFilter
Event: 51.829 loading class org/gradle/internal/snapshot/impl/FileSystemSnapshotFilter done
Event: 51.830 loading class org/gradle/internal/snapshot/impl/FileSystemSnapshotFilter$FilteringVisitor
Event: 51.830 loading class org/gradle/internal/snapshot/impl/FileSystemSnapshotFilter$FilteringVisitor done
Event: 51.831 loading class org/gradle/internal/snapshot/FileSystemLocationSnapshot$FileSystemLocationSnapshotTransformer
Event: 51.831 loading class org/gradle/internal/snapshot/FileSystemLocationSnapshot$FileSystemLocationSnapshotTransformer done
Event: 51.832 loading class org/gradle/internal/snapshot/impl/FileSystemSnapshotFilter$FilteringVisitor$1
Event: 51.832 loading class org/gradle/internal/snapshot/impl/FileSystemSnapshotFilter$FilteringVisitor$1 done
Event: 51.834 loading class org/gradle/internal/fingerprint/impl/PatternSetSnapshottingFilter$LogicalFileTreeElement
Event: 51.834 loading class org/gradle/internal/fingerprint/impl/PatternSetSnapshottingFilter$LogicalFileTreeElement done
Event: 55.516 loading class org/gradle/cache/internal/btree/FileBackedBlockStore$1
Event: 55.516 loading class org/gradle/cache/internal/btree/FileBackedBlockStore$1 done
Event: 55.669 Executing VM operation: G1CollectForAllocation


Dynamic libraries:
0x00007ff756070000 - 0x00007ff75607a000 	C:\Program Files\Android\Android Studio\jre\bin\java.exe
0x00007ff817d10000 - 0x00007ff817f05000 	C:\WINDOWS\SYSTEM32\ntdll.dll
0x00007ff816f10000 - 0x00007ff816fce000 	C:\WINDOWS\System32\KERNEL32.DLL
0x00007ff815720000 - 0x00007ff8159e8000 	C:\WINDOWS\System32\KERNELBASE.dll
0x00007ff815a40000 - 0x00007ff815b40000 	C:\WINDOWS\System32\ucrtbase.dll
0x00007ff80b190000 - 0x00007ff80b1a7000 	C:\Program Files\Android\Android Studio\jre\bin\VCRUNTIME140.dll
0x00007ff804b00000 - 0x00007ff804b19000 	C:\Program Files\Android\Android Studio\jre\bin\jli.dll
0x00007ff816bc0000 - 0x00007ff816d61000 	C:\WINDOWS\System32\USER32.dll
0x00007ff815bd0000 - 0x00007ff815bf2000 	C:\WINDOWS\System32\win32u.dll
0x00007ff817410000 - 0x00007ff81743b000 	C:\WINDOWS\System32\GDI32.dll
0x00007ff8154d0000 - 0x00007ff8155db000 	C:\WINDOWS\System32\gdi32full.dll
0x00007ff815430000 - 0x00007ff8154cd000 	C:\WINDOWS\System32\msvcp_win.dll
0x00007fffffaa0000 - 0x00007fffffd3a000 	C:\WINDOWS\WinSxS\amd64_microsoft.windows.common-controls_6595b64144ccf1df_6.0.19041.1110_none_60b5254171f9507e\COMCTL32.dll
0x00007ff816e50000 - 0x00007ff816eee000 	C:\WINDOWS\System32\msvcrt.dll
0x00007ff817440000 - 0x00007ff817470000 	C:\WINDOWS\System32\IMM32.DLL
0x0000000180000000 - 0x0000000180007000 	C:\Program Files\Prio\prio.dll
0x00007ff817360000 - 0x00007ff81740c000 	C:\WINDOWS\System32\ADVAPI32.dll
0x00007ff8166c0000 - 0x00007ff81675b000 	C:\WINDOWS\System32\sechost.dll
0x00007ff817080000 - 0x00007ff8171aa000 	C:\WINDOWS\System32\RPCRT4.dll
0x00007ff802270000 - 0x00007ff80230d000 	C:\Program Files\Android\Android Studio\jre\bin\msvcp140.dll
0x00007fffbfa80000 - 0x00007fffc054f000 	C:\Program Files\Android\Android Studio\jre\bin\server\jvm.dll
0x00007ff816f00000 - 0x00007ff816f08000 	C:\WINDOWS\System32\PSAPI.DLL
0x00007ff800310000 - 0x00007ff800319000 	C:\WINDOWS\SYSTEM32\WSOCK32.dll
0x00007ff8171b0000 - 0x00007ff81721b000 	C:\WINDOWS\System32\WS2_32.dll
0x00007ff80e060000 - 0x00007ff80e087000 	C:\WINDOWS\SYSTEM32\WINMM.dll
0x00007ff813b90000 - 0x00007ff813b9a000 	C:\WINDOWS\SYSTEM32\VERSION.dll
0x00007ff813cc0000 - 0x00007ff813cd2000 	C:\WINDOWS\SYSTEM32\kernel.appcore.dll
0x00007fffff430000 - 0x00007fffff441000 	C:\Program Files\Android\Android Studio\jre\bin\verify.dll
0x00007ff80c300000 - 0x00007ff80c4e4000 	C:\WINDOWS\SYSTEM32\DBGHELP.DLL
0x00007ff800000000 - 0x00007ff80002c000 	C:\WINDOWS\SYSTEM32\dbgcore.DLL
0x00007ff815b40000 - 0x00007ff815bc3000 	C:\WINDOWS\System32\bcryptPrimitives.dll
0x00007fffc78f0000 - 0x00007fffc7919000 	C:\Program Files\Android\Android Studio\jre\bin\java.dll
0x00007ff8002b0000 - 0x00007ff8002bb000 	C:\Program Files\Android\Android Studio\jre\bin\jimage.dll
0x00007fffc78d0000 - 0x00007fffc78e8000 	C:\Program Files\Android\Android Studio\jre\bin\zip.dll
0x00007ff815eb0000 - 0x00007ff8165ef000 	C:\WINDOWS\System32\SHELL32.dll
0x00007ff8132e0000 - 0x00007ff813a70000 	C:\WINDOWS\SYSTEM32\windows.storage.dll
0x00007ff816760000 - 0x00007ff816ab5000 	C:\WINDOWS\System32\combase.dll
0x00007ff814da0000 - 0x00007ff814dce000 	C:\WINDOWS\SYSTEM32\Wldp.dll
0x00007ff817b00000 - 0x00007ff817bad000 	C:\WINDOWS\System32\SHCORE.dll
0x00007ff816d70000 - 0x00007ff816dc5000 	C:\WINDOWS\System32\shlwapi.dll
0x00007ff815370000 - 0x00007ff81538f000 	C:\WINDOWS\SYSTEM32\profapi.dll
0x00007fffc78b0000 - 0x00007fffc78ca000 	C:\Program Files\Android\Android Studio\jre\bin\net.dll
0x00007ff80ece0000 - 0x00007ff80edec000 	C:\WINDOWS\SYSTEM32\WINHTTP.dll
0x00007ff814b80000 - 0x00007ff814bea000 	C:\WINDOWS\system32\mswsock.dll
0x00007fffc7890000 - 0x00007fffc78a4000 	C:\Program Files\Android\Android Studio\jre\bin\nio.dll
0x00007ff804f10000 - 0x00007ff804f37000 	C:\Users\sont1\.gradle\native\8bec1ad78214c89d9ad589b4d07fe93259594b29d510b10fafb7a158f7737e5d\windows-amd64\native-platform.dll
0x00007ffffceb0000 - 0x00007ffffcfed000 	C:\Users\sont1\.gradle\native\53dbd7edfb1c66fb8903c78663c9afc45aea4f116125fa6feffd364cf09443e8\windows-amd64\native-platform-file-events.dll
0x00007ff803640000 - 0x00007ff80364a000 	C:\Program Files\Android\Android Studio\jre\bin\management.dll
0x00007ff803630000 - 0x00007ff80363c000 	C:\Program Files\Android\Android Studio\jre\bin\management_ext.dll
0x00007ff8150e0000 - 0x00007ff8150f8000 	C:\WINDOWS\SYSTEM32\CRYPTSP.dll
0x00007ff8144b0000 - 0x00007ff8144e4000 	C:\WINDOWS\system32\rsaenh.dll
0x00007ff8155e0000 - 0x00007ff815607000 	C:\WINDOWS\System32\bcrypt.dll
0x00007ff8152f0000 - 0x00007ff81531e000 	C:\WINDOWS\SYSTEM32\USERENV.dll
0x00007ff814d10000 - 0x00007ff814d1c000 	C:\WINDOWS\SYSTEM32\CRYPTBASE.dll
0x00007ff814840000 - 0x00007ff81487b000 	C:\WINDOWS\SYSTEM32\IPHLPAPI.DLL
0x00007ff816bb0000 - 0x00007ff816bb8000 	C:\WINDOWS\System32\NSI.dll
0x00007ff80dfe0000 - 0x00007ff80dff7000 	C:\WINDOWS\SYSTEM32\dhcpcsvc6.DLL
0x00007ff80dfc0000 - 0x00007ff80dfdd000 	C:\WINDOWS\SYSTEM32\dhcpcsvc.DLL
0x00007ff814890000 - 0x00007ff81495b000 	C:\WINDOWS\SYSTEM32\DNSAPI.dll

dbghelp: loaded successfully - version: 4.0.5 - missing functions: none
symbol engine: initialized successfully - sym options: 0x614 - pdb path: .;C:\Program Files\Android\Android Studio\jre\bin;C:\WINDOWS\SYSTEM32;C:\WINDOWS\WinSxS\amd64_microsoft.windows.common-controls_6595b64144ccf1df_6.0.19041.1110_none_60b5254171f9507e;C:\Program Files\Prio;C:\Program Files\Android\Android Studio\jre\bin\server;C:\Users\sont1\.gradle\native\8bec1ad78214c89d9ad589b4d07fe93259594b29d510b10fafb7a158f7737e5d\windows-amd64;C:\Users\sont1\.gradle\native\53dbd7edfb1c66fb8903c78663c9afc45aea4f116125fa6feffd364cf09443e8\windows-amd64

VM Arguments:
jvm_args: --add-opens=java.base/java.util=ALL-UNNAMED --add-opens=java.base/java.lang=ALL-UNNAMED --add-opens=java.base/java.lang.invoke=ALL-UNNAMED --add-opens=java.base/java.util=ALL-UNNAMED --add-opens=java.prefs/java.util.prefs=ALL-UNNAMED --add-opens=java.prefs/java.util.prefs=ALL-UNNAMED --add-opens=java.base/java.nio.charset=ALL-UNNAMED --add-opens=java.base/java.net=ALL-UNNAMED --add-opens=java.base/java.util.concurrent.atomic=ALL-UNNAMED -Xmx2048M -Dfile.encoding=windows-1250 -Duser.country=HU -Duser.language=hu -Duser.variant 
java_command: org.gradle.launcher.daemon.bootstrap.GradleDaemon 7.0.2
java_class_path (initial): C:\Users\sont1\.gradle\wrapper\dists\gradle-7.0.2-bin\857tjihv64xamwrf0h14cai3r\gradle-7.0.2\lib\gradle-launcher-7.0.2.jar
Launcher Type: SUN_STANDARD

[Global flags]
     intx CICompilerCount                          = 3                                         {product} {ergonomic}
     uint ConcGCThreads                            = 1                                         {product} {ergonomic}
     uint G1ConcRefinementThreads                  = 4                                         {product} {ergonomic}
   size_t G1HeapRegionSize                         = 1048576                                   {product} {ergonomic}
    uintx GCDrainStackTargetSize                   = 64                                        {product} {ergonomic}
   size_t InitialHeapSize                          = 268435456                                 {product} {ergonomic}
   size_t MarkStackSize                            = 4194304                                   {product} {ergonomic}
   size_t MaxHeapSize                              = 2147483648                                {product} {command line}
   size_t MaxNewSize                               = 1287651328                                {product} {ergonomic}
   size_t MinHeapDeltaBytes                        = 1048576                                   {product} {ergonomic}
    uintx NonNMethodCodeHeapSize                   = 5830732                                {pd product} {ergonomic}
    uintx NonProfiledCodeHeapSize                  = 122913754                              {pd product} {ergonomic}
    uintx ProfiledCodeHeapSize                     = 122913754                              {pd product} {ergonomic}
    uintx ReservedCodeCacheSize                    = 251658240                              {pd product} {ergonomic}
     bool SegmentedCodeCache                       = true                                      {product} {ergonomic}
     bool UseCompressedClassPointers               = true                                 {lp64_product} {ergonomic}
     bool UseCompressedOops                        = true                                 {lp64_product} {ergonomic}
     bool UseG1GC                                  = true                                      {product} {ergonomic}
     bool UseLargePagesIndividualAllocation        = false                                  {pd product} {ergonomic}

Logging:
Log output configuration:
 #0: stdout all=warning uptime,level,tags
 #1: stderr all=off uptime,level,tags

Environment Variables:
PATH=C:\Program Files (x86)\Common Files\Oracle\Java\javapath;C:\WINDOWS\system32;C:\WINDOWS;C:\WINDOWS\System32\Wbem;C:\WINDOWS\System32\WindowsPowerShell\v1.0\;C:\WINDOWS\System32\OpenSSH\;C:\Program Files\PuTTY\;C:\Program Files\Prio;C:\Program Files (x86)\VDesk;C:\Program Files (x86)\Admin Arsenal\PDQ Deploy\;C:\Program Files\Git\cmd;C:\Program Files\Microsoft VS Code\bin;C:\Program Files\dotnet\;C:\Program Files (x86)\dotnet\;%SystemRoot%\system32;%SystemRoot%;%SystemRoot%\System32\Wbem;%SYSTEMROOT%\System32\WindowsPowerShell\v1.0\;%SYSTEMROOT%\System32\OpenSSH\;C:\Users\sont1\AppData\Local\Microsoft\WindowsApps;;C:\Program Files\JetBrains\IntelliJ IDEA Community Edition 2020.3.2\bin;;C:\Users\sont1\.dotnet\tools
USERNAME=sont1
OS=Windows_NT
PROCESSOR_IDENTIFIER=AMD64 Family 21 Model 2 Stepping 0, AuthenticAMD



---------------  S Y S T E M  ---------------

OS: Windows 10 , 64 bit Build 19041 (10.0.19041.1319)
OS uptime: 1 days 0:22 hours
Hyper-V role detected

CPU:total 4 (initial active 4) (4 cores per cpu, 1 threads per core) family 21 model 2 stepping 0 microcode 0x0, cmov, cx8, fxsr, mmx, sse, sse2, sse3, ssse3, sse4.1, sse4.2, popcnt, avx, aes, clmul, mmxext, 3dnowpref, lzcnt, sse4a, tsc, tscinvbit, tscinv, bmi1, fma

Memory: 4k page, system-wide physical 16365M (6406M free)
TotalPageFile size 17389M (AvailPageFile size 17M)
current process WorkingSet (physical memory assigned to process): 433M, peak: 434M
current process commit charge ("private bytes"): 524M, peak: 576M

vm_info: OpenJDK 64-Bit Server VM (11.0.10+0-b96-7249189) for windows-amd64 JRE (11.0.10+0-b96-7249189), built on Mar 31 2021 21:44:00 by "builder" with MS VC++ 14.0 (VS2015)

END.
