#
# There is insufficient memory for the Java Runtime Environment to continue.
# Native memory allocation (mmap) failed to map 268435456 bytes for Failed to commit area from 0x0000000700400000 to 0x0000000710400000 of length 268435456.
# Possible reasons:
#   The system is out of physical RAM or swap space
#   The process is running with CompressedOops enabled, and the Java Heap may be blocking the growth of the native heap
# Possible solutions:
#   Reduce memory load on the system
#   Increase physical memory or swap space
#   Check if swap backing store is full
#   Decrease Java heap size (-Xmx/-Xms)
#   Decrease number of Java threads
#   Decrease Java thread stack sizes (-Xss)
#   Set larger code cache with -XX:ReservedCodeCacheSize=
# This output file may be truncated or incomplete.
#
#  Out of Memory Error (./src/hotspot/os/windows/os_windows.cpp:3301), pid=12388, tid=11520
#
# JRE version:  (11.0.10) (build )
# Java VM: OpenJDK 64-Bit Server VM (11.0.10+0-b96-7249189, mixed mode, sharing, tiered, compressed oops, g1 gc, windows-amd64)
# No core dump will be written. Minidumps are not enabled by default on client versions of Windows
#

---------------  S U M M A R Y ------------

Command Line: org.jetbrains.git4idea.http.GitAskPassApp Username for 'https://github.com': 

Host: AMD FX(tm)-4300 Quad-Core Processor            , 4 cores, 15G,  Windows 10 , 64 bit Build 19041 (10.0.19041.662)
Time: Tue Aug 10 08:43:01 2021 Közép-európai nyári idõ  elapsed time: 0.120195 seconds (0d 0h 0m 0s)

---------------  T H R E A D  ---------------

Current thread (0x00000203663c4800):  JavaThread "Unknown thread" [_thread_in_vm, id=11520, stack(0x000000083e700000,0x000000083e800000)]

Stack: [0x000000083e700000,0x000000083e800000]
Native frames: (J=compiled Java code, j=interpreted, Vv=VM code, C=native code)
V  [jvm.dll+0x5ecfaa]
V  [jvm.dll+0x722bd5]
V  [jvm.dll+0x72412d]
V  [jvm.dll+0x7247e3]
V  [jvm.dll+0x242928]
V  [jvm.dll+0x5ea374]
V  [jvm.dll+0x5df425]
V  [jvm.dll+0x2fdebb]
V  [jvm.dll+0x2fde2a]
V  [jvm.dll+0x2fdd02]
V  [jvm.dll+0x302bf6]
V  [jvm.dll+0x34b2a3]
V  [jvm.dll+0x34b9a6]
V  [jvm.dll+0x34b3a3]
V  [jvm.dll+0x2d8888]
V  [jvm.dll+0x2d9a37]
V  [jvm.dll+0x701737]
V  [jvm.dll+0x702f2c]
V  [jvm.dll+0x3587d9]
V  [jvm.dll+0x6e4fae]
V  [jvm.dll+0x3c0be3]
V  [jvm.dll+0x3c2e91]
C  [jli.dll+0x5373]
C  [ucrtbase.dll+0x214c2]
C  [KERNEL32.DLL+0x17034]
C  [ntdll.dll+0x4d0d1]


---------------  P R O C E S S  ---------------

Threads class SMR info:
_java_thread_list=0x0000020363f41270, length=0, elements={
}

Java Threads: ( => current thread )

Other Threads:
  0x00000203663db000 GCTaskThread "GC Thread#0" [stack: 0x000000083e800000,0x000000083e900000] [id=12508]
  0x000002036643b000 ConcurrentGCThread "G1 Main Marker" [stack: 0x000000083e900000,0x000000083ea00000] [id=12384]
  0x000002036643e800 ConcurrentGCThread "G1 Conc#0" [stack: 0x000000083ea00000,0x000000083eb00000] [id=11240]

[error occurred during error reporting (printing all threads), id 0xc0000005, EXCEPTION_ACCESS_VIOLATION (0xc0000005) at pc=0x00007ffd0af69107]

VM state:not at safepoint (not fully initialized)

VM Mutex/Monitor currently owned by a thread:  ([mutex/lock_event])
[0x00000203663c26f0] Heap_lock - owner thread: 0x00000203663c4800

Heap address: 0x0000000700400000, size: 4092 MB, Compressed Oops mode: Non-zero based: 0x0000000700400000
Narrow klass base: 0x0000000000000000, Narrow klass shift: 0

GC Heap History (0 events):
No events

Deoptimization events (0 events):
No events

Classes redefined (0 events):
No events

Internal exceptions (0 events):
No events

Events (1 events):
Event: 0.076 Loaded shared library C:\Program Files\Android\Android Studio\jre\bin\zip.dll


Dynamic libraries:
0x00007ff7e5820000 - 0x00007ff7e582a000 	C:\Program Files\Android\Android Studio\jre\bin\java.exe
0x00007ffd53cd0000 - 0x00007ffd53ec6000 	C:\WINDOWS\SYSTEM32\ntdll.dll
0x00007ffd53300000 - 0x00007ffd533bd000 	C:\WINDOWS\System32\KERNEL32.DLL
0x00007ffd51a60000 - 0x00007ffd51d29000 	C:\WINDOWS\System32\KERNELBASE.dll
0x00007ffd51960000 - 0x00007ffd51a60000 	C:\WINDOWS\System32\ucrtbase.dll
0x00007ffd40610000 - 0x00007ffd40627000 	C:\Program Files\Android\Android Studio\jre\bin\VCRUNTIME140.dll
0x00007ffd48fb0000 - 0x00007ffd48fc9000 	C:\Program Files\Android\Android Studio\jre\bin\jli.dll
0x00007ffd53a70000 - 0x00007ffd53c10000 	C:\WINDOWS\System32\USER32.dll
0x00007ffd51780000 - 0x00007ffd517a2000 	C:\WINDOWS\System32\win32u.dll
0x00007ffd3ea10000 - 0x00007ffd3ecab000 	C:\WINDOWS\WinSxS\amd64_microsoft.windows.common-controls_6595b64144ccf1df_6.0.19041.488_none_ca04af081b815d21\COMCTL32.dll
0x00007ffd53a40000 - 0x00007ffd53a6a000 	C:\WINDOWS\System32\GDI32.dll
0x00007ffd539a0000 - 0x00007ffd53a3e000 	C:\WINDOWS\System32\msvcrt.dll
0x00007ffd51850000 - 0x00007ffd51959000 	C:\WINDOWS\System32\gdi32full.dll
0x00007ffd517b0000 - 0x00007ffd5184d000 	C:\WINDOWS\System32\msvcp_win.dll
0x00007ffd533c0000 - 0x00007ffd533f0000 	C:\WINDOWS\System32\IMM32.DLL
0x0000000180000000 - 0x0000000180007000 	C:\Program Files\Prio\prio.dll
0x00007ffd52800000 - 0x00007ffd528ac000 	C:\WINDOWS\System32\ADVAPI32.dll
0x00007ffd520e0000 - 0x00007ffd5217c000 	C:\WINDOWS\System32\sechost.dll
0x00007ffd526c0000 - 0x00007ffd527eb000 	C:\WINDOWS\System32\RPCRT4.dll
0x00007ffd38900000 - 0x00007ffd3899d000 	C:\Program Files\Android\Android Studio\jre\bin\msvcp140.dll
0x00007ffd0ac80000 - 0x00007ffd0b74f000 	C:\Program Files\Android\Android Studio\jre\bin\server\jvm.dll
0x00007ffd537c0000 - 0x00007ffd537c8000 	C:\WINDOWS\System32\PSAPI.DLL
0x00007ffd3e2a0000 - 0x00007ffd3e2a9000 	C:\WINDOWS\SYSTEM32\WSOCK32.dll
0x00007ffd533f0000 - 0x00007ffd5345b000 	C:\WINDOWS\System32\WS2_32.dll
0x00007ffd49ed0000 - 0x00007ffd49ef7000 	C:\WINDOWS\SYSTEM32\WINMM.dll
0x00007ffd49ec0000 - 0x00007ffd49eca000 	C:\WINDOWS\SYSTEM32\VERSION.dll
0x00007ffd4f340000 - 0x00007ffd4f352000 	C:\WINDOWS\SYSTEM32\kernel.appcore.dll
0x00007ffd404f0000 - 0x00007ffd40501000 	C:\Program Files\Android\Android Studio\jre\bin\verify.dll
0x00007ffd49b30000 - 0x00007ffd49d14000 	C:\WINDOWS\SYSTEM32\DBGHELP.DLL
0x00007ffd49560000 - 0x00007ffd4958c000 	C:\WINDOWS\SYSTEM32\dbgcore.DLL
0x00007ffd51550000 - 0x00007ffd515d0000 	C:\WINDOWS\System32\bcryptPrimitives.dll
0x00007ffd3c3d0000 - 0x00007ffd3c3f9000 	C:\Program Files\Android\Android Studio\jre\bin\java.dll
0x00007ffd404e0000 - 0x00007ffd404eb000 	C:\Program Files\Android\Android Studio\jre\bin\jimage.dll
0x00007ffd3c3b0000 - 0x00007ffd3c3c8000 	C:\Program Files\Android\Android Studio\jre\bin\zip.dll

dbghelp: loaded successfully - version: 4.0.5 - missing functions: none
symbol engine: initialized successfully - sym options: 0x614 - pdb path: .;C:\Program Files\Android\Android Studio\jre\bin;C:\WINDOWS\SYSTEM32;C:\WINDOWS\WinSxS\amd64_microsoft.windows.common-controls_6595b64144ccf1df_6.0.19041.488_none_ca04af081b815d21;C:\Program Files\Prio;C:\Program Files\Android\Android Studio\jre\bin\server

VM Arguments:
java_command: org.jetbrains.git4idea.http.GitAskPassApp Username for 'https://github.com': 
java_class_path (initial): C:/Program Files/Android/Android Studio/plugins/git4idea/lib/git4idea-rt.jar;C:/Program Files/Android/Android Studio/lib/xmlrpc-2.0.1.jar;C:/Program Files/Android/Android Studio/lib/commons-codec-1.14.jar
Launcher Type: SUN_STANDARD

[Global flags]
     intx CICompilerCount                          = 3                                         {product} {ergonomic}
     uint ConcGCThreads                            = 1                                         {product} {ergonomic}
     uint G1ConcRefinementThreads                  = 4                                         {product} {ergonomic}
   size_t G1HeapRegionSize                         = 1048576                                   {product} {ergonomic}
    uintx GCDrainStackTargetSize                   = 64                                        {product} {ergonomic}
   size_t InitialHeapSize                          = 268435456                                 {product} {ergonomic}
   size_t MarkStackSize                            = 4194304                                   {product} {ergonomic}
   size_t MaxHeapSize                              = 4290772992                                {product} {ergonomic}
   size_t MinHeapDeltaBytes                        = 1048576                                   {product} {ergonomic}
    uintx NonNMethodCodeHeapSize                   = 5830732                                {pd product} {ergonomic}
    uintx NonProfiledCodeHeapSize                  = 122913754                              {pd product} {ergonomic}
    uintx ProfiledCodeHeapSize                     = 122913754                              {pd product} {ergonomic}
    uintx ReservedCodeCacheSize                    = 251658240                              {pd product} {ergonomic}
     bool SegmentedCodeCache                       = true                                      {product} {ergonomic}
     bool UseCompressedClassPointers               = true                                 {lp64_product} {ergonomic}
     bool UseCompressedOops                        = true                                 {lp64_product} {ergonomic}
     bool UseG1GC                                  = true                                      {product} {ergonomic}
     bool UseLargePagesIndividualAllocation        = false                                  {pd product} {ergonomic}

Logging:
Log output configuration:
 #0: stdout all=warning uptime,level,tags
 #1: stderr all=off uptime,level,tags

Environment Variables:
PATH=C:\Program Files\Git\mingw64\libexec\git-core;C:\Program Files\Git\mingw64\libexec\git-core;C:\Program Files\Git\mingw64\bin;C:\Program Files\Git\usr\bin;C:\Users\sont1\bin;C:\Program Files (x86)\Common Files\Oracle\Java\javapath;C:\WINDOWS\system32;C:\WINDOWS;C:\WINDOWS\System32\Wbem;C:\WINDOWS\System32\WindowsPowerShell\v1.0;C:\WINDOWS\System32\OpenSSH;C:\Program Files\PuTTY;C:\Program Files\Prio;C:\Program Files (x86)\VDesk;C:\Program Files (x86)\Admin Arsenal\PDQ Deploy;C:\Program Files\Git\cmd;C:\Program Files\Microsoft VS Code\bin;C:\Program Files\Geth;C:\Program Files\dotnet;C:\Users\sont1\AppData\Local\Microsoft\WindowsApps;C:\Program Files\JetBrains\IntelliJ IDEA Community Edition 2020.3.2\bin;C:\Users\sont1\.dotnet\tools
USERNAME=sont1
DISPLAY=:0.0
LC_ALL=en_US.UTF-8
OS=Windows_NT
PROCESSOR_IDENTIFIER=AMD64 Family 21 Model 2 Stepping 0, AuthenticAMD



---------------  S Y S T E M  ---------------

OS: Windows 10 , 64 bit Build 19041 (10.0.19041.662)
OS uptime: 13 days 6:46 hours
Hyper-V role detected

CPU:total 4 (initial active 4) (4 cores per cpu, 1 threads per core) family 21 model 2 stepping 0 microcode 0x0, cmov, cx8, fxsr, mmx, sse, sse2, sse3, ssse3, sse4.1, sse4.2, popcnt, avx, aes, clmul, mmxext, 3dnowpref, lzcnt, sse4a, tsc, tscinvbit, tscinv, bmi1, fma

Memory: 4k page, system-wide physical 16365M (5442M free)
TotalPageFile size 17389M (AvailPageFile size 57M)
current process WorkingSet (physical memory assigned to process): 10M, peak: 10M
current process commit charge ("private bytes"): 52M, peak: 308M

vm_info: OpenJDK 64-Bit Server VM (11.0.10+0-b96-7249189) for windows-amd64 JRE (11.0.10+0-b96-7249189), built on Mar 31 2021 21:44:00 by "builder" with MS VC++ 14.0 (VS2015)

END.
