#
# There is insufficient memory for the Java Runtime Environment to continue.
# Native memory allocation (mmap) failed to map 118489088 bytes for Failed to commit area from 0x0000000094000000 to 0x000000009b100000 of length 118489088.
# Possible reasons:
#   The system is out of physical RAM or swap space
#   The process is running with CompressedOops enabled, and the Java Heap may be blocking the growth of the native heap
# Possible solutions:
#   Reduce memory load on the system
#   Increase physical memory or swap space
#   Check if swap backing store is full
#   Decrease Java heap size (-Xmx/-Xms)
#   Decrease number of Java threads
#   Decrease Java thread stack sizes (-Xss)
#   Set larger code cache with -XX:ReservedCodeCacheSize=
#   JVM is running with Unscaled Compressed Oops mode in which the Java heap is
#     placed in the first 4GB address space. The Java Heap base address is the
#     maximum limit for the native heap growth. Please use -XX:HeapBaseMinAddress
#     to set the Java Heap base and to place the Java Heap above 4GB virtual address.
# This output file may be truncated or incomplete.
#
#  Out of Memory Error (./src/hotspot/os/windows/os_windows.cpp:3301), pid=3036, tid=336
#
# JRE version: OpenJDK Runtime Environment (11.0.10) (build 11.0.10+0-b96-7249189)
# Java VM: OpenJDK 64-Bit Server VM (11.0.10+0-b96-7249189, mixed mode, tiered, compressed oops, g1 gc, windows-amd64)
# No core dump will be written. Minidumps are not enabled by default on client versions of Windows
#

---------------  S U M M A R Y ------------

Command Line: --add-opens=java.base/java.util=ALL-UNNAMED --add-opens=java.base/java.lang=ALL-UNNAMED --add-opens=java.base/java.lang.invoke=ALL-UNNAMED --add-opens=java.base/java.util=ALL-UNNAMED --add-opens=java.prefs/java.util.prefs=ALL-UNNAMED --add-opens=java.prefs/java.util.prefs=ALL-UNNAMED --add-opens=java.base/java.nio.charset=ALL-UNNAMED --add-opens=java.base/java.net=ALL-UNNAMED --add-opens=java.base/java.util.concurrent.atomic=ALL-UNNAMED -Xmx2048M -Dfile.encoding=windows-1250 -Duser.country=HU -Duser.language=hu -Duser.variant org.gradle.launcher.daemon.bootstrap.GradleDaemon 7.0.2

Host: AMD FX(tm)-4300 Quad-Core Processor            , 4 cores, 15G,  Windows 10 , 64 bit Build 19041 (10.0.19041.662)
Time: Sat Sep 11 09:50:19 2021 Közép-európai nyári idõ  elapsed time: 9834.824088 seconds (0d 2h 43m 54s)

---------------  T H R E A D  ---------------

Current thread (0x0000019160c92800):  VMThread "VM Thread" [stack: 0x0000007b30a00000,0x0000007b30b00000] [id=336]

Stack: [0x0000007b30a00000,0x0000007b30b00000]
[error occurred during error reporting (printing stack bounds), id 0xc0000005, EXCEPTION_ACCESS_VIOLATION (0xc0000005) at pc=0x000001914a340f2d]

Native frames: (J=compiled Java code, j=interpreted, Vv=VM code, C=native code)
V  [jvm.dll+0x5ecfaa]
V  [jvm.dll+0x722bd5]
V  [jvm.dll+0x72412d]
V  [jvm.dll+0x724745]
V  [jvm.dll+0x7246fb]
V  [jvm.dll+0x5ec348]
V  [jvm.dll+0x5ecad8]
C  [ntdll.dll+0xa130f]
C  [ntdll.dll+0x4b5e4]
C  [ntdll.dll+0x9fe3e]
C  0x000001914a340f2d

VM_Operation (0x0000007b33dfc150): G1CollectForAllocation, mode: safepoint, requested by thread 0x0000019162f26800


---------------  P R O C E S S  ---------------

Threads class SMR info:
_java_thread_list=0x000001916820e7a0, length=59, elements={
0x0000019146851000, 0x0000019160c95800, 0x0000019160c9f800, 0x0000019160cb3800,
0x0000019160cb6000, 0x0000019160cb7000, 0x0000019160cfd800, 0x0000019160d67000,
0x0000019160d68800, 0x0000019160e5e000, 0x0000019163435800, 0x00000191626ef000,
0x0000019162028800, 0x0000019162f21800, 0x0000019162f22800, 0x0000019162f23000,
0x0000019162f25800, 0x0000019162f25000, 0x00000191644f2000, 0x00000191644ef800,
0x00000191644f4800, 0x00000191644f3000, 0x00000191644f7000, 0x00000191644fd800,
0x00000191644f9800, 0x0000019161da9000, 0x0000019161daa000, 0x0000019161dac800,
0x0000019161dab800, 0x0000019161dab000, 0x0000019161db3000, 0x0000019161db1800,
0x0000019161daf000, 0x0000019161db0000, 0x0000019161db2000, 0x0000019161db4000,
0x0000019161db0800, 0x0000019161dae000, 0x0000019161db7000, 0x0000019161db6800,
0x0000019161db8000, 0x00000191644f1800, 0x00000191644f6000, 0x00000191644f8800,
0x00000191644f4000, 0x00000191644fc000, 0x00000191644fa800, 0x00000191644fb000,
0x00000191644fd000, 0x0000019162f26800, 0x0000019162f20800, 0x0000019164db0800,
0x0000019164db5000, 0x0000019164db5800, 0x0000019164db7000, 0x0000019164db3000,
0x0000019164db2800, 0x0000019164db4000, 0x0000019167c2d000
}

Java Threads: ( => current thread )
  0x0000019146851000 JavaThread "main" [_thread_blocked, id=10064, stack(0x0000007b30400000,0x0000007b30500000)]
  0x0000019160c95800 JavaThread "Reference Handler" daemon [_thread_blocked, id=3248, stack(0x0000007b30b00000,0x0000007b30c00000)]
  0x0000019160c9f800 JavaThread "Finalizer" daemon [_thread_blocked, id=4032, stack(0x0000007b30c00000,0x0000007b30d00000)]
  0x0000019160cb3800 JavaThread "Signal Dispatcher" daemon [_thread_blocked, id=14056, stack(0x0000007b30d00000,0x0000007b30e00000)]
  0x0000019160cb6000 JavaThread "Attach Listener" daemon [_thread_blocked, id=5124, stack(0x0000007b30e00000,0x0000007b30f00000)]
  0x0000019160cb7000 JavaThread "Service Thread" daemon [_thread_blocked, id=10956, stack(0x0000007b30f00000,0x0000007b31000000)]
  0x0000019160cfd800 JavaThread "C2 CompilerThread0" daemon [_thread_in_native, id=3660, stack(0x0000007b31000000,0x0000007b31100000)]
  0x0000019160d67000 JavaThread "C1 CompilerThread0" daemon [_thread_blocked, id=10520, stack(0x0000007b31100000,0x0000007b31200000)]
  0x0000019160d68800 JavaThread "Sweeper thread" daemon [_thread_blocked, id=7532, stack(0x0000007b31200000,0x0000007b31300000)]
  0x0000019160e5e000 JavaThread "Common-Cleaner" daemon [_thread_blocked, id=2504, stack(0x0000007b31300000,0x0000007b31400000)]
  0x0000019163435800 JavaThread "Daemon health stats" [_thread_blocked, id=13372, stack(0x0000007b31900000,0x0000007b31a00000)]
  0x00000191626ef000 JavaThread "Incoming local TCP Connector on port 56335" [_thread_in_native, id=7708, stack(0x0000007b31800000,0x0000007b31900000)]
  0x0000019162028800 JavaThread "Daemon periodic checks" [_thread_blocked, id=13952, stack(0x0000007b31a00000,0x0000007b31b00000)]
  0x0000019162f21800 JavaThread "Cache worker for file hash cache (C:\Users\sont1\.gradle\caches\7.0.2\fileHashes)" [_thread_blocked, id=11420, stack(0x0000007b32200000,0x0000007b32300000)]
  0x0000019162f22800 JavaThread "File lock request listener" [_thread_in_native, id=8300, stack(0x0000007b32300000,0x0000007b32400000)]
  0x0000019162f23000 JavaThread "Cache worker for journal cache (C:\Users\sont1\.gradle\caches\journal-1)" [_thread_blocked, id=10016, stack(0x0000007b32400000,0x0000007b32500000)]
  0x0000019162f25800 JavaThread "File watcher server" daemon [_thread_blocked, id=7868, stack(0x0000007b32700000,0x0000007b32800000)]
  0x0000019162f25000 JavaThread "File watcher consumer" daemon [_thread_blocked, id=2620, stack(0x0000007b32800000,0x0000007b32900000)]
  0x00000191644f2000 JavaThread "Cache worker for execution history cache (C:\Users\sont1\.gradle\caches\7.0.2\executionHistory)" [_thread_blocked, id=10376, stack(0x0000007b32c00000,0x0000007b32d00000)]
  0x00000191644ef800 JavaThread "jar transforms" [_thread_blocked, id=11596, stack(0x0000007b32d00000,0x0000007b32e00000)]
  0x00000191644f4800 JavaThread "jar transforms Thread 2" [_thread_blocked, id=11436, stack(0x0000007b32e00000,0x0000007b32f00000)]
  0x00000191644f3000 JavaThread "Cache worker for file content cache (C:\Users\sont1\.gradle\caches\7.0.2\fileContent)" [_thread_blocked, id=5844, stack(0x0000007b32f00000,0x0000007b33000000)]
  0x00000191644f7000 JavaThread "jar transforms Thread 3" [_thread_blocked, id=4920, stack(0x0000007b33100000,0x0000007b33200000)]
  0x00000191644fd800 JavaThread "jar transforms Thread 4" [_thread_blocked, id=10328, stack(0x0000007b33700000,0x0000007b33800000)]
  0x00000191644f9800 JavaThread "Memory manager" [_thread_blocked, id=13144, stack(0x0000007b33a00000,0x0000007b33b00000)]
  0x0000019161da9000 JavaThread "Cache worker for Java compile cache (C:\Users\sont1\.gradle\caches\7.0.2\javaCompile)" [_thread_blocked, id=8484, stack(0x0000007b34b00000,0x0000007b34c00000)]
  0x0000019161daa000 JavaThread "ForkJoinPool.commonPool-worker-7" daemon [_thread_blocked, id=6708, stack(0x0000007b34500000,0x0000007b34600000)]
  0x0000019161dac800 JavaThread "Daemon Thread 2" [_thread_blocked, id=60, stack(0x0000007b30200000,0x0000007b30300000)]
  0x0000019161dab800 JavaThread "Handler for socket connection from /127.0.0.1:56335 to /127.0.0.1:58561" [_thread_in_native, id=11704, stack(0x0000007b30300000,0x0000007b30400000)]
  0x0000019161dab000 JavaThread "Cancel handler" [_thread_blocked, id=1568, stack(0x0000007b31b00000,0x0000007b31c00000)]
  0x0000019161db3000 JavaThread "Daemon worker Thread 2" [_thread_blocked, id=3912, stack(0x0000007b31c00000,0x0000007b31d00000)]
  0x0000019161db1800 JavaThread "Asynchronous log dispatcher for DefaultDaemonConnection: socket connection from /127.0.0.1:56335 to /127.0.0.1:58561" [_thread_blocked, id=14156, stack(0x0000007b31d00000,0x0000007b31e00000)]
  0x0000019161daf000 JavaThread "Stdin handler" [_thread_blocked, id=8252, stack(0x0000007b31e00000,0x0000007b31f00000)]
  0x0000019161db0000 JavaThread "Daemon client event forwarder" [_thread_blocked, id=3864, stack(0x0000007b31f00000,0x0000007b32000000)]
  0x0000019161db2000 JavaThread "Cache worker for file hash cache (E:\!reinstall_20200913\android_projects\LegacySonty\.gradle\7.0.2\fileHashes)" [_thread_blocked, id=8076, stack(0x0000007b32000000,0x0000007b32100000)]
  0x0000019161db4000 JavaThread "Cache worker for checksums cache (E:\!reinstall_20200913\android_projects\LegacySonty\.gradle\checksums)" [_thread_blocked, id=7792, stack(0x0000007b32100000,0x0000007b32200000)]
  0x0000019161db0800 JavaThread "Cache worker for cache directory md-supplier (C:\Users\sont1\.gradle\caches\7.0.2\md-supplier)" [_thread_blocked, id=12568, stack(0x0000007b32500000,0x0000007b32600000)]
  0x0000019161dae000 JavaThread "Cache worker for cache directory md-rule (C:\Users\sont1\.gradle\caches\7.0.2\md-rule)" [_thread_blocked, id=7916, stack(0x0000007b32600000,0x0000007b32700000)]
  0x0000019161db7000 JavaThread "Cache worker for dependencies-accessors (E:\!reinstall_20200913\android_projects\LegacySonty\.gradle\7.0.2\dependencies-accessors)" [_thread_blocked, id=2304, stack(0x0000007b32900000,0x0000007b32a00000)]
  0x0000019161db6800 JavaThread "Cache worker for Build Output Cleanup Cache (E:\!reinstall_20200913\android_projects\LegacySonty\.gradle\buildOutputCleanup)" [_thread_blocked, id=14276, stack(0x0000007b32a00000,0x0000007b32b00000)]
  0x0000019161db8000 JavaThread "Build operations" [_thread_blocked, id=8532, stack(0x0000007b32b00000,0x0000007b32c00000)]
  0x00000191644f1800 JavaThread "Build operations Thread 2" [_thread_blocked, id=4052, stack(0x0000007b33000000,0x0000007b33100000)]
  0x00000191644f6000 JavaThread "Build operations Thread 3" [_thread_blocked, id=2420, stack(0x0000007b33200000,0x0000007b33300000)]
  0x00000191644f8800 JavaThread "Build operations Thread 4" [_thread_blocked, id=14032, stack(0x0000007b33300000,0x0000007b33400000)]
  0x00000191644f4000 JavaThread "build event listener" [_thread_blocked, id=8808, stack(0x0000007b33500000,0x0000007b33600000)]
  0x00000191644fc000 JavaThread "Execution worker for ':'" [_thread_blocked, id=3596, stack(0x0000007b33600000,0x0000007b33700000)]
  0x00000191644fa800 JavaThread "Execution worker for ':' Thread 2" [_thread_blocked, id=7208, stack(0x0000007b33800000,0x0000007b33900000)]
  0x00000191644fb000 JavaThread "Execution worker for ':' Thread 3" [_thread_blocked, id=1688, stack(0x0000007b33900000,0x0000007b33a00000)]
  0x00000191644fd000 JavaThread "Cache worker for execution history cache (E:\!reinstall_20200913\android_projects\LegacySonty\.gradle\7.0.2\executionHistory)" [_thread_blocked, id=7756, stack(0x0000007b33b00000,0x0000007b33c00000)]
  0x0000019162f26800 JavaThread "WorkerExecutor Queue Thread 2" [_thread_blocked, id=3284, stack(0x0000007b33d00000,0x0000007b33e00000)]
  0x0000019162f20800 JavaThread "WorkerExecutor Queue Thread 3" [_thread_blocked, id=8696, stack(0x0000007b33e00000,0x0000007b33f00000)]
  0x0000019164db0800 JavaThread "WorkerExecutor Queue Thread 4" [_thread_blocked, id=8316, stack(0x0000007b33f00000,0x0000007b34000000)]
  0x0000019164db5000 JavaThread "WorkerExecutor Queue Thread 5" [_thread_blocked, id=13228, stack(0x0000007b34000000,0x0000007b34100000)]
  0x0000019164db5800 JavaThread "pool-7-thread-1" [_thread_blocked, id=13116, stack(0x0000007b34100000,0x0000007b34200000)]
  0x0000019164db7000 JavaThread "stderr" [_thread_in_native, id=6952, stack(0x0000007b34200000,0x0000007b34300000)]
  0x0000019164db3000 JavaThread "stdout" [_thread_in_native, id=10040, stack(0x0000007b34300000,0x0000007b34400000)]
  0x0000019164db2800 JavaThread "Cache worker for Java compile cache (E:\!reinstall_20200913\android_projects\LegacySonty\.gradle\7.0.2\javaCompile)" [_thread_blocked, id=10228, stack(0x0000007b33c00000,0x0000007b33d00000)]
  0x0000019164db4000 JavaThread "WorkerExecutor Queue Thread 6" [_thread_blocked, id=13956, stack(0x0000007b33400000,0x0000007b33500000)]
  0x0000019167c2d000 JavaThread "C2 CompilerThread1" daemon [_thread_blocked, id=5388, stack(0x0000007b34400000,0x0000007b34500000)]

Other Threads:
=>0x0000019160c92800 VMThread "VM Thread" [stack: 0x0000007b30a00000,0x0000007b30b00000] [id=336]
  0x0000019160ea4000 WatcherThread [stack: 0x0000007b31400000,0x0000007b31500000] [id=8264]
  0x000001914686b000 GCTaskThread "GC Thread#0" [stack: 0x0000007b30500000,0x0000007b30600000] [id=13452]
  0x000001916118d000 GCTaskThread "GC Thread#1" [stack: 0x0000007b31500000,0x0000007b31600000] [id=8232]
  0x0000019160f34000 GCTaskThread "GC Thread#2" [stack: 0x0000007b31600000,0x0000007b31700000] [id=6964]
  0x00000191612c0000 GCTaskThread "GC Thread#3" [stack: 0x0000007b31700000,0x0000007b31800000] [id=1444]
  0x000001914689d000 ConcurrentGCThread "G1 Main Marker" [stack: 0x0000007b30600000,0x0000007b30700000] [id=4868]
  0x000001914689f800 ConcurrentGCThread "G1 Conc#0" [stack: 0x0000007b30700000,0x0000007b30800000] [id=11912]
  0x00000191602da800 ConcurrentGCThread "G1 Refine#0" [stack: 0x0000007b30800000,0x0000007b30900000] [id=14144]
  0x0000019161e52000 ConcurrentGCThread "G1 Refine#1" [stack: 0x0000007b34800000,0x0000007b34900000] [id=9824]
  0x0000019161e54000 ConcurrentGCThread "G1 Refine#2" [stack: 0x0000007b34900000,0x0000007b34a00000] [id=9984]
  0x0000019161e55800 ConcurrentGCThread "G1 Refine#3" [stack: 0x0000007b34a00000,0x0000007b34b00000] [id=2868]
  0x00000191602db000 ConcurrentGCThread "G1 Young RemSet Sampling" [stack: 0x0000007b30900000,0x0000007b30a00000] [id=12328]

Threads with active compile tasks:
C2 CompilerThread09834900 22518       4       com.android.tools.r8.internal.Le::a (1137 bytes)
C2 CompilerThread19834900 22538       4       com.android.tools.r8.internal.Lv::a (455 bytes)

VM state:at safepoint (normal execution)

VM Mutex/Monitor currently owned by a thread:  ([mutex/lock_event])
[0x000001914684fd30] Threads_lock - owner thread: 0x0000019160c92800
[0x000001914684fc10] Heap_lock - owner thread: 0x0000019162f26800

Heap address: 0x0000000080000000, size: 2048 MB, Compressed Oops mode: 32-bit
Narrow klass base: 0x0000000000000000, Narrow klass shift: 3
Compressed class space size: 1073741824 Address: 0x0000000100000000

Heap:
 garbage-first heap   total 443392K, used 202616K [0x0000000080000000, 0x0000000100000000)
  region size 1024K, 7 young (7168K), 7 survivors (7168K)
 Metaspace       used 118028K, capacity 121058K, committed 121420K, reserved 1155072K
  class space    used 14702K, capacity 15821K, committed 16000K, reserved 1048576K
Heap Regions: E=young(eden), S=young(survivor), O=old, HS=humongous(starts), HC=humongous(continues), CS=collection set, F=free, A=archive, TAMS=top-at-mark-start (previous, next)
|   0|0x0000000080000000, 0x0000000080100000, 0x0000000080100000|100%| O|  |TAMS 0x0000000080100000, 0x0000000080000000| Untracked 
|   1|0x0000000080100000, 0x0000000080200000, 0x0000000080200000|100%| O|  |TAMS 0x0000000080200000, 0x0000000080100000| Untracked 
|   2|0x0000000080200000, 0x0000000080300000, 0x0000000080300000|100%| O|  |TAMS 0x0000000080300000, 0x0000000080200000| Untracked 
|   3|0x0000000080300000, 0x0000000080400000, 0x0000000080400000|100%|HS|  |TAMS 0x0000000080400000, 0x0000000080300000| Complete 
|   4|0x0000000080400000, 0x0000000080500000, 0x0000000080500000|100%|HC|  |TAMS 0x0000000080500000, 0x0000000080400000| Complete 
|   5|0x0000000080500000, 0x0000000080600000, 0x0000000080600000|100%|HC|  |TAMS 0x0000000080600000, 0x0000000080500000| Complete 
|   6|0x0000000080600000, 0x0000000080700000, 0x0000000080700000|100%| O|  |TAMS 0x0000000080700000, 0x0000000080600000| Untracked 
|   7|0x0000000080700000, 0x0000000080800000, 0x0000000080800000|100%| O|  |TAMS 0x0000000080800000, 0x0000000080700000| Untracked 
|   8|0x0000000080800000, 0x0000000080900000, 0x0000000080900000|100%| O|  |TAMS 0x0000000080900000, 0x0000000080800000| Untracked 
|   9|0x0000000080900000, 0x0000000080a00000, 0x0000000080a00000|100%| O|  |TAMS 0x0000000080a00000, 0x0000000080900000| Untracked 
|  10|0x0000000080a00000, 0x0000000080b00000, 0x0000000080b00000|100%| O|  |TAMS 0x0000000080b00000, 0x0000000080a00000| Untracked 
|  11|0x0000000080b00000, 0x0000000080c00000, 0x0000000080c00000|100%| O|  |TAMS 0x0000000080c00000, 0x0000000080b00000| Untracked 
|  12|0x0000000080c00000, 0x0000000080d00000, 0x0000000080d00000|100%| O|  |TAMS 0x0000000080d00000, 0x0000000080c00000| Untracked 
|  13|0x0000000080d00000, 0x0000000080e00000, 0x0000000080e00000|100%| O|  |TAMS 0x0000000080e00000, 0x0000000080d00000| Untracked 
|  14|0x0000000080e00000, 0x0000000080f00000, 0x0000000080f00000|100%| O|  |TAMS 0x0000000080f00000, 0x0000000080e00000| Untracked 
|  15|0x0000000080f00000, 0x0000000081000000, 0x0000000081000000|100%| O|  |TAMS 0x0000000081000000, 0x0000000080f00000| Untracked 
|  16|0x0000000081000000, 0x0000000081100000, 0x0000000081100000|100%| O|  |TAMS 0x0000000081100000, 0x0000000081000000| Untracked 
|  17|0x0000000081100000, 0x0000000081200000, 0x0000000081200000|100%| O|  |TAMS 0x0000000081200000, 0x0000000081100000| Untracked 
|  18|0x0000000081200000, 0x0000000081300000, 0x0000000081300000|100%| O|  |TAMS 0x0000000081300000, 0x0000000081200000| Untracked 
|  19|0x0000000081300000, 0x0000000081400000, 0x0000000081400000|100%| O|  |TAMS 0x0000000081400000, 0x0000000081300000| Untracked 
|  20|0x0000000081400000, 0x0000000081500000, 0x0000000081500000|100%| O|  |TAMS 0x0000000081500000, 0x0000000081400000| Untracked 
|  21|0x0000000081500000, 0x0000000081600000, 0x0000000081600000|100%| O|  |TAMS 0x0000000081600000, 0x0000000081500000| Untracked 
|  22|0x0000000081600000, 0x0000000081700000, 0x0000000081700000|100%|HS|  |TAMS 0x0000000081700000, 0x0000000081600000| Complete 
|  23|0x0000000081700000, 0x0000000081800000, 0x0000000081800000|100%|HS|  |TAMS 0x0000000081800000, 0x0000000081700000| Complete 
|  24|0x0000000081800000, 0x0000000081900000, 0x0000000081900000|100%|HS|  |TAMS 0x0000000081900000, 0x0000000081800000| Complete 
|  25|0x0000000081900000, 0x0000000081a00000, 0x0000000081a00000|100%|HC|  |TAMS 0x0000000081a00000, 0x0000000081900000| Complete 
|  26|0x0000000081a00000, 0x0000000081b00000, 0x0000000081b00000|100%| O|  |TAMS 0x0000000081a00000, 0x0000000081a00000| Untracked 
|  27|0x0000000081b00000, 0x0000000081c00000, 0x0000000081c00000|100%| O|  |TAMS 0x0000000081c00000, 0x0000000081b00000| Untracked 
|  28|0x0000000081c00000, 0x0000000081d00000, 0x0000000081d00000|100%| O|  |TAMS 0x0000000081d00000, 0x0000000081c00000| Untracked 
|  29|0x0000000081d00000, 0x0000000081e00000, 0x0000000081e00000|100%| O|  |TAMS 0x0000000081e00000, 0x0000000081d00000| Untracked 
|  30|0x0000000081e00000, 0x0000000081f00000, 0x0000000081f00000|100%| O|  |TAMS 0x0000000081f00000, 0x0000000081e00000| Untracked 
|  31|0x0000000081f00000, 0x0000000082000000, 0x0000000082000000|100%| O|  |TAMS 0x0000000082000000, 0x0000000081f00000| Untracked 
|  32|0x0000000082000000, 0x0000000082100000, 0x0000000082100000|100%| O|  |TAMS 0x0000000082000000, 0x0000000082000000| Untracked 
|  33|0x0000000082100000, 0x0000000082200000, 0x0000000082200000|100%| O|  |TAMS 0x0000000082200000, 0x0000000082100000| Untracked 
|  34|0x0000000082200000, 0x0000000082300000, 0x0000000082300000|100%| O|  |TAMS 0x0000000082300000, 0x0000000082200000| Untracked 
|  35|0x0000000082300000, 0x0000000082400000, 0x0000000082400000|100%| O|  |TAMS 0x0000000082400000, 0x0000000082300000| Untracked 
|  36|0x0000000082400000, 0x0000000082500000, 0x0000000082500000|100%| O|  |TAMS 0x0000000082500000, 0x0000000082400000| Untracked 
|  37|0x0000000082500000, 0x0000000082600000, 0x0000000082600000|100%| O|  |TAMS 0x0000000082500000, 0x0000000082500000| Untracked 
|  38|0x0000000082600000, 0x0000000082700000, 0x0000000082700000|100%| O|  |TAMS 0x0000000082700000, 0x0000000082600000| Untracked 
|  39|0x0000000082700000, 0x0000000082800000, 0x0000000082800000|100%| O|  |TAMS 0x0000000082700000, 0x0000000082700000| Untracked 
|  40|0x0000000082800000, 0x0000000082900000, 0x0000000082900000|100%| O|  |TAMS 0x0000000082900000, 0x0000000082800000| Untracked 
|  41|0x0000000082900000, 0x0000000082a00000, 0x0000000082a00000|100%| O|  |TAMS 0x0000000082900000, 0x0000000082900000| Untracked 
|  42|0x0000000082a00000, 0x0000000082b00000, 0x0000000082b00000|100%| O|  |TAMS 0x0000000082b00000, 0x0000000082a00000| Untracked 
|  43|0x0000000082b00000, 0x0000000082c00000, 0x0000000082c00000|100%| O|  |TAMS 0x0000000082c00000, 0x0000000082b00000| Untracked 
|  44|0x0000000082c00000, 0x0000000082d00000, 0x0000000082d00000|100%| O|  |TAMS 0x0000000082d00000, 0x0000000082c00000| Untracked 
|  45|0x0000000082d00000, 0x0000000082e00000, 0x0000000082e00000|100%| O|  |TAMS 0x0000000082e00000, 0x0000000082d00000| Untracked 
|  46|0x0000000082e00000, 0x0000000082f00000, 0x0000000082f00000|100%| O|  |TAMS 0x0000000082f00000, 0x0000000082e00000| Untracked 
|  47|0x0000000082f00000, 0x0000000083000000, 0x0000000083000000|100%| O|  |TAMS 0x0000000083000000, 0x0000000082f00000| Untracked 
|  48|0x0000000083000000, 0x0000000083100000, 0x0000000083100000|100%| O|  |TAMS 0x0000000083000000, 0x0000000083000000| Untracked 
|  49|0x0000000083100000, 0x0000000083200000, 0x0000000083200000|100%| O|  |TAMS 0x0000000083200000, 0x0000000083100000| Untracked 
|  50|0x0000000083200000, 0x0000000083300000, 0x0000000083300000|100%| O|  |TAMS 0x0000000083300000, 0x0000000083200000| Untracked 
|  51|0x0000000083300000, 0x0000000083400000, 0x0000000083400000|100%| O|  |TAMS 0x0000000083400000, 0x0000000083300000| Untracked 
|  52|0x0000000083400000, 0x0000000083500000, 0x0000000083500000|100%| O|  |TAMS 0x0000000083500000, 0x0000000083400000| Untracked 
|  53|0x0000000083500000, 0x0000000083600000, 0x0000000083600000|100%| O|  |TAMS 0x0000000083600000, 0x0000000083500000| Untracked 
|  54|0x0000000083600000, 0x0000000083700000, 0x0000000083700000|100%| O|  |TAMS 0x0000000083700000, 0x0000000083600000| Untracked 
|  55|0x0000000083700000, 0x0000000083800000, 0x0000000083800000|100%| O|  |TAMS 0x0000000083700000, 0x0000000083700000| Untracked 
|  56|0x0000000083800000, 0x0000000083900000, 0x0000000083900000|100%| O|  |TAMS 0x0000000083900000, 0x0000000083800000| Untracked 
|  57|0x0000000083900000, 0x0000000083a00000, 0x0000000083a00000|100%| O|  |TAMS 0x0000000083a00000, 0x0000000083900000| Untracked 
|  58|0x0000000083a00000, 0x0000000083b00000, 0x0000000083b00000|100%| O|  |TAMS 0x0000000083a00000, 0x0000000083a00000| Untracked 
|  59|0x0000000083b00000, 0x0000000083c00000, 0x0000000083c00000|100%| O|  |TAMS 0x0000000083c00000, 0x0000000083b00000| Untracked 
|  60|0x0000000083c00000, 0x0000000083d00000, 0x0000000083d00000|100%| O|  |TAMS 0x0000000083c00000, 0x0000000083c00000| Untracked 
|  61|0x0000000083d00000, 0x0000000083e00000, 0x0000000083e00000|100%| O|  |TAMS 0x0000000083e00000, 0x0000000083d00000| Untracked 
|  62|0x0000000083e00000, 0x0000000083f00000, 0x0000000083f00000|100%| O|  |TAMS 0x0000000083f00000, 0x0000000083e00000| Untracked 
|  63|0x0000000083f00000, 0x0000000084000000, 0x0000000084000000|100%| O|  |TAMS 0x0000000084000000, 0x0000000083f00000| Untracked 
|  64|0x0000000084000000, 0x0000000084100000, 0x0000000084100000|100%| O|  |TAMS 0x0000000084100000, 0x0000000084000000| Untracked 
|  65|0x0000000084100000, 0x0000000084200000, 0x0000000084200000|100%| O|  |TAMS 0x0000000084200000, 0x0000000084100000| Untracked 
|  66|0x0000000084200000, 0x0000000084300000, 0x0000000084300000|100%| O|  |TAMS 0x0000000084300000, 0x0000000084200000| Untracked 
|  67|0x0000000084300000, 0x0000000084400000, 0x0000000084400000|100%| O|  |TAMS 0x0000000084400000, 0x0000000084300000| Untracked 
|  68|0x0000000084400000, 0x0000000084500000, 0x0000000084500000|100%| O|  |TAMS 0x0000000084400000, 0x0000000084400000| Untracked 
|  69|0x0000000084500000, 0x0000000084600000, 0x0000000084600000|100%| O|  |TAMS 0x0000000084500000, 0x0000000084500000| Untracked 
|  70|0x0000000084600000, 0x0000000084700000, 0x0000000084700000|100%| O|  |TAMS 0x0000000084700000, 0x0000000084600000| Untracked 
|  71|0x0000000084700000, 0x0000000084800000, 0x0000000084800000|100%| O|  |TAMS 0x0000000084700000, 0x0000000084700000| Untracked 
|  72|0x0000000084800000, 0x0000000084900000, 0x0000000084900000|100%| O|  |TAMS 0x0000000084900000, 0x0000000084800000| Untracked 
|  73|0x0000000084900000, 0x0000000084a00000, 0x0000000084a00000|100%| O|  |TAMS 0x0000000084a00000, 0x0000000084900000| Untracked 
|  74|0x0000000084a00000, 0x0000000084b00000, 0x0000000084b00000|100%| O|  |TAMS 0x0000000084b00000, 0x0000000084a00000| Untracked 
|  75|0x0000000084b00000, 0x0000000084c00000, 0x0000000084c00000|100%| O|  |TAMS 0x0000000084c00000, 0x0000000084b00000| Untracked 
|  76|0x0000000084c00000, 0x0000000084d00000, 0x0000000084d00000|100%|HS|  |TAMS 0x0000000084d00000, 0x0000000084c00000| Complete 
|  77|0x0000000084d00000, 0x0000000084e00000, 0x0000000084e00000|100%|HS|  |TAMS 0x0000000084e00000, 0x0000000084d00000| Complete 
|  78|0x0000000084e00000, 0x0000000084f00000, 0x0000000084f00000|100%|HC|  |TAMS 0x0000000084f00000, 0x0000000084e00000| Complete 
|  79|0x0000000084f00000, 0x0000000085000000, 0x0000000085000000|100%|HC|  |TAMS 0x0000000085000000, 0x0000000084f00000| Complete 
|  80|0x0000000085000000, 0x0000000085100000, 0x0000000085100000|100%|HS|  |TAMS 0x0000000085100000, 0x0000000085000000| Complete 
|  81|0x0000000085100000, 0x0000000085200000, 0x0000000085200000|100%|HS|  |TAMS 0x0000000085200000, 0x0000000085100000| Complete 
|  82|0x0000000085200000, 0x0000000085300000, 0x0000000085300000|100%| O|  |TAMS 0x0000000085300000, 0x0000000085200000| Untracked 
|  83|0x0000000085300000, 0x0000000085400000, 0x0000000085400000|100%|HS|  |TAMS 0x0000000085300000, 0x0000000085300000| Complete 
|  84|0x0000000085400000, 0x0000000085500000, 0x0000000085500000|100%| O|  |TAMS 0x0000000085500000, 0x0000000085400000| Untracked 
|  85|0x0000000085500000, 0x0000000085600000, 0x0000000085600000|100%| O|  |TAMS 0x0000000085500000, 0x0000000085500000| Untracked 
|  86|0x0000000085600000, 0x0000000085700000, 0x0000000085700000|100%| O|  |TAMS 0x0000000085600000, 0x0000000085600000| Untracked 
|  87|0x0000000085700000, 0x0000000085800000, 0x0000000085800000|100%|HS|  |TAMS 0x0000000085700000, 0x0000000085700000| Complete 
|  88|0x0000000085800000, 0x0000000085900000, 0x0000000085900000|100%|HC|  |TAMS 0x0000000085800000, 0x0000000085800000| Complete 
|  89|0x0000000085900000, 0x0000000085a00000, 0x0000000085a00000|100%| O|  |TAMS 0x0000000085900000, 0x0000000085900000| Untracked 
|  90|0x0000000085a00000, 0x0000000085b00000, 0x0000000085b00000|100%| O|  |TAMS 0x0000000085a00000, 0x0000000085a00000| Untracked 
|  91|0x0000000085b00000, 0x0000000085b90800, 0x0000000085c00000| 56%| O|  |TAMS 0x0000000085b00000, 0x0000000085b00000| Untracked 
|  92|0x0000000085c00000, 0x0000000085c00000, 0x0000000085d00000|  0%| F|  |TAMS 0x0000000085c00000, 0x0000000085c00000| Untracked 
|  93|0x0000000085d00000, 0x0000000085e00000, 0x0000000085e00000|100%| O|  |TAMS 0x0000000085d00000, 0x0000000085d00000| Untracked 
|  94|0x0000000085e00000, 0x0000000085f00000, 0x0000000085f00000|100%| O|  |TAMS 0x0000000085f00000, 0x0000000085e00000| Untracked 
|  95|0x0000000085f00000, 0x0000000086000000, 0x0000000086000000|100%| O|  |TAMS 0x0000000086000000, 0x0000000085f00000| Untracked 
|  96|0x0000000086000000, 0x0000000086100000, 0x0000000086100000|100%| O|  |TAMS 0x0000000086100000, 0x0000000086000000| Untracked 
|  97|0x0000000086100000, 0x0000000086200000, 0x0000000086200000|100%| O|  |TAMS 0x0000000086200000, 0x0000000086100000| Untracked 
|  98|0x0000000086200000, 0x0000000086200000, 0x0000000086300000|  0%| F|  |TAMS 0x0000000086200000, 0x0000000086200000| Untracked 
|  99|0x0000000086300000, 0x0000000086400000, 0x0000000086400000|100%| O|  |TAMS 0x0000000086300000, 0x0000000086300000| Untracked 
| 100|0x0000000086400000, 0x0000000086500000, 0x0000000086500000|100%| O|  |TAMS 0x0000000086400000, 0x0000000086400000| Untracked 
| 101|0x0000000086500000, 0x0000000086600000, 0x0000000086600000|100%| O|  |TAMS 0x0000000086500000, 0x0000000086500000| Untracked 
| 102|0x0000000086600000, 0x0000000086700000, 0x0000000086700000|100%| O|  |TAMS 0x0000000086700000, 0x0000000086600000| Untracked 
| 103|0x0000000086700000, 0x0000000086800000, 0x0000000086800000|100%| O|  |TAMS 0x0000000086700000, 0x0000000086700000| Untracked 
| 104|0x0000000086800000, 0x0000000086800000, 0x0000000086900000|  0%| F|  |TAMS 0x0000000086800000, 0x0000000086800000| Untracked 
| 105|0x0000000086900000, 0x0000000086a00000, 0x0000000086a00000|100%|HS|  |TAMS 0x0000000086a00000, 0x0000000086900000| Complete 
| 106|0x0000000086a00000, 0x0000000086b00000, 0x0000000086b00000|100%| O|  |TAMS 0x0000000086b00000, 0x0000000086a00000| Untracked 
| 107|0x0000000086b00000, 0x0000000086c00000, 0x0000000086c00000|100%| O|  |TAMS 0x0000000086c00000, 0x0000000086b00000| Untracked 
| 108|0x0000000086c00000, 0x0000000086d00000, 0x0000000086d00000|100%| O|  |TAMS 0x0000000086d00000, 0x0000000086c00000| Untracked 
| 109|0x0000000086d00000, 0x0000000086e00000, 0x0000000086e00000|100%| O|  |TAMS 0x0000000086e00000, 0x0000000086d00000| Untracked 
| 110|0x0000000086e00000, 0x0000000086f00000, 0x0000000086f00000|100%| O|  |TAMS 0x0000000086f00000, 0x0000000086e00000| Untracked 
| 111|0x0000000086f00000, 0x0000000087000000, 0x0000000087000000|100%| O|  |TAMS 0x0000000087000000, 0x0000000086f00000| Untracked 
| 112|0x0000000087000000, 0x0000000087100000, 0x0000000087100000|100%| O|  |TAMS 0x0000000087100000, 0x0000000087000000| Untracked 
| 113|0x0000000087100000, 0x0000000087200000, 0x0000000087200000|100%| O|  |TAMS 0x0000000087200000, 0x0000000087100000| Untracked 
| 114|0x0000000087200000, 0x0000000087300000, 0x0000000087300000|100%| O|  |TAMS 0x0000000087300000, 0x0000000087200000| Untracked 
| 115|0x0000000087300000, 0x0000000087400000, 0x0000000087400000|100%| O|  |TAMS 0x0000000087400000, 0x0000000087300000| Untracked 
| 116|0x0000000087400000, 0x0000000087500000, 0x0000000087500000|100%| O|  |TAMS 0x0000000087500000, 0x0000000087400000| Untracked 
| 117|0x0000000087500000, 0x0000000087600000, 0x0000000087600000|100%| O|  |TAMS 0x0000000087600000, 0x0000000087500000| Untracked 
| 118|0x0000000087600000, 0x0000000087700000, 0x0000000087700000|100%| O|  |TAMS 0x0000000087700000, 0x0000000087600000| Untracked 
| 119|0x0000000087700000, 0x0000000087800000, 0x0000000087800000|100%| O|  |TAMS 0x0000000087800000, 0x0000000087700000| Untracked 
| 120|0x0000000087800000, 0x0000000087900000, 0x0000000087900000|100%| O|  |TAMS 0x0000000087900000, 0x0000000087800000| Untracked 
| 121|0x0000000087900000, 0x0000000087a00000, 0x0000000087a00000|100%| O|  |TAMS 0x0000000087a00000, 0x0000000087900000| Untracked 
| 122|0x0000000087a00000, 0x0000000087b00000, 0x0000000087b00000|100%| O|  |TAMS 0x0000000087b00000, 0x0000000087a00000| Untracked 
| 123|0x0000000087b00000, 0x0000000087c00000, 0x0000000087c00000|100%| O|  |TAMS 0x0000000087c00000, 0x0000000087b00000| Untracked 
| 124|0x0000000087c00000, 0x0000000087c00000, 0x0000000087d00000|  0%| F|  |TAMS 0x0000000087c00000, 0x0000000087c00000| Untracked 
| 125|0x0000000087d00000, 0x0000000087e00000, 0x0000000087e00000|100%| O|  |TAMS 0x0000000087e00000, 0x0000000087d00000| Untracked 
| 126|0x0000000087e00000, 0x0000000087e00000, 0x0000000087f00000|  0%| F|  |TAMS 0x0000000087e00000, 0x0000000087e00000| Untracked 
| 127|0x0000000087f00000, 0x0000000088000000, 0x0000000088000000|100%| O|  |TAMS 0x0000000088000000, 0x0000000087f00000| Untracked 
| 128|0x0000000088000000, 0x0000000088100000, 0x0000000088100000|100%| O|  |TAMS 0x0000000088100000, 0x0000000088000000| Untracked 
| 129|0x0000000088100000, 0x0000000088100000, 0x0000000088200000|  0%| F|  |TAMS 0x0000000088100000, 0x0000000088100000| Untracked 
| 130|0x0000000088200000, 0x0000000088200000, 0x0000000088300000|  0%| F|  |TAMS 0x0000000088200000, 0x0000000088200000| Untracked 
| 131|0x0000000088300000, 0x0000000088400000, 0x0000000088400000|100%| O|  |TAMS 0x0000000088400000, 0x0000000088300000| Untracked 
| 132|0x0000000088400000, 0x0000000088500000, 0x0000000088500000|100%| O|  |TAMS 0x0000000088500000, 0x0000000088400000| Untracked 
| 133|0x0000000088500000, 0x0000000088600000, 0x0000000088600000|100%| O|  |TAMS 0x0000000088600000, 0x0000000088500000| Untracked 
| 134|0x0000000088600000, 0x0000000088700000, 0x0000000088700000|100%| O|  |TAMS 0x0000000088700000, 0x0000000088600000| Untracked 
| 135|0x0000000088700000, 0x0000000088800000, 0x0000000088800000|100%| O|  |TAMS 0x0000000088800000, 0x0000000088700000| Untracked 
| 136|0x0000000088800000, 0x0000000088900000, 0x0000000088900000|100%| O|  |TAMS 0x0000000088900000, 0x0000000088800000| Untracked 
| 137|0x0000000088900000, 0x0000000088900000, 0x0000000088a00000|  0%| F|  |TAMS 0x0000000088900000, 0x0000000088900000| Untracked 
| 138|0x0000000088a00000, 0x0000000088b00000, 0x0000000088b00000|100%| O|  |TAMS 0x0000000088b00000, 0x0000000088a00000| Untracked 
| 139|0x0000000088b00000, 0x0000000088b00000, 0x0000000088c00000|  0%| F|  |TAMS 0x0000000088b00000, 0x0000000088b00000| Untracked 
| 140|0x0000000088c00000, 0x0000000088d00000, 0x0000000088d00000|100%| O|  |TAMS 0x0000000088d00000, 0x0000000088c00000| Untracked 
| 141|0x0000000088d00000, 0x0000000088e00000, 0x0000000088e00000|100%| O|  |TAMS 0x0000000088e00000, 0x0000000088d00000| Untracked 
| 142|0x0000000088e00000, 0x0000000088f00000, 0x0000000088f00000|100%| O|  |TAMS 0x0000000088f00000, 0x0000000088e00000| Untracked 
| 143|0x0000000088f00000, 0x0000000089000000, 0x0000000089000000|100%| O|  |TAMS 0x0000000089000000, 0x0000000088f00000| Untracked 
| 144|0x0000000089000000, 0x0000000089000000, 0x0000000089100000|  0%| F|  |TAMS 0x0000000089000000, 0x0000000089000000| Untracked 
| 145|0x0000000089100000, 0x0000000089100000, 0x0000000089200000|  0%| F|  |TAMS 0x0000000089100000, 0x0000000089100000| Untracked 
| 146|0x0000000089200000, 0x0000000089300000, 0x0000000089300000|100%| O|  |TAMS 0x0000000089300000, 0x0000000089200000| Untracked 
| 147|0x0000000089300000, 0x0000000089400000, 0x0000000089400000|100%| O|  |TAMS 0x0000000089400000, 0x0000000089300000| Untracked 
| 148|0x0000000089400000, 0x0000000089500000, 0x0000000089500000|100%| O|  |TAMS 0x0000000089500000, 0x0000000089400000| Untracked 
| 149|0x0000000089500000, 0x0000000089600000, 0x0000000089600000|100%| O|  |TAMS 0x0000000089600000, 0x0000000089500000| Untracked 
| 150|0x0000000089600000, 0x0000000089700000, 0x0000000089700000|100%| O|  |TAMS 0x0000000089700000, 0x0000000089600000| Untracked 
| 151|0x0000000089700000, 0x0000000089800000, 0x0000000089800000|100%| O|  |TAMS 0x0000000089800000, 0x0000000089700000| Untracked 
| 152|0x0000000089800000, 0x0000000089800000, 0x0000000089900000|  0%| F|  |TAMS 0x0000000089800000, 0x0000000089800000| Untracked 
| 153|0x0000000089900000, 0x0000000089a00000, 0x0000000089a00000|100%| O|  |TAMS 0x0000000089a00000, 0x0000000089900000| Untracked 
| 154|0x0000000089a00000, 0x0000000089b00000, 0x0000000089b00000|100%| O|  |TAMS 0x0000000089b00000, 0x0000000089a00000| Untracked 
| 155|0x0000000089b00000, 0x0000000089c00000, 0x0000000089c00000|100%| O|  |TAMS 0x0000000089b00000, 0x0000000089b00000| Untracked 
| 156|0x0000000089c00000, 0x0000000089d00000, 0x0000000089d00000|100%| O|  |TAMS 0x0000000089c00000, 0x0000000089c00000| Untracked 
| 157|0x0000000089d00000, 0x0000000089e00000, 0x0000000089e00000|100%| O|  |TAMS 0x0000000089e00000, 0x0000000089d00000| Untracked 
| 158|0x0000000089e00000, 0x0000000089f00000, 0x0000000089f00000|100%| O|  |TAMS 0x0000000089f00000, 0x0000000089e00000| Untracked 
| 159|0x0000000089f00000, 0x0000000089f00000, 0x000000008a000000|  0%| F|  |TAMS 0x0000000089f00000, 0x0000000089f00000| Untracked 
| 160|0x000000008a000000, 0x000000008a100000, 0x000000008a100000|100%|HS|  |TAMS 0x000000008a100000, 0x000000008a000000| Complete 
| 161|0x000000008a100000, 0x000000008a200000, 0x000000008a200000|100%|HC|  |TAMS 0x000000008a200000, 0x000000008a100000| Complete 
| 162|0x000000008a200000, 0x000000008a300000, 0x000000008a300000|100%|HS|  |TAMS 0x000000008a300000, 0x000000008a200000| Complete 
| 163|0x000000008a300000, 0x000000008a400000, 0x000000008a400000|100%|HC|  |TAMS 0x000000008a400000, 0x000000008a300000| Complete 
| 164|0x000000008a400000, 0x000000008a500000, 0x000000008a500000|100%| O|  |TAMS 0x000000008a500000, 0x000000008a400000| Untracked 
| 165|0x000000008a500000, 0x000000008a600000, 0x000000008a600000|100%|HS|  |TAMS 0x000000008a600000, 0x000000008a500000| Complete 
| 166|0x000000008a600000, 0x000000008a700000, 0x000000008a700000|100%|HS|  |TAMS 0x000000008a700000, 0x000000008a600000| Complete 
| 167|0x000000008a700000, 0x000000008a800000, 0x000000008a800000|100%|HS|  |TAMS 0x000000008a800000, 0x000000008a700000| Complete 
| 168|0x000000008a800000, 0x000000008a900000, 0x000000008a900000|100%|HS|  |TAMS 0x000000008a900000, 0x000000008a800000| Complete 
| 169|0x000000008a900000, 0x000000008aa00000, 0x000000008aa00000|100%|HC|  |TAMS 0x000000008aa00000, 0x000000008a900000| Complete 
| 170|0x000000008aa00000, 0x000000008ab00000, 0x000000008ab00000|100%| O|  |TAMS 0x000000008ab00000, 0x000000008aa00000| Untracked 
| 171|0x000000008ab00000, 0x000000008ac00000, 0x000000008ac00000|100%| O|  |TAMS 0x000000008ac00000, 0x000000008ab00000| Untracked 
| 172|0x000000008ac00000, 0x000000008ad00000, 0x000000008ad00000|100%| O|  |TAMS 0x000000008ad00000, 0x000000008ac00000| Untracked 
| 173|0x000000008ad00000, 0x000000008ae00000, 0x000000008ae00000|100%| O|  |TAMS 0x000000008ae00000, 0x000000008ad00000| Untracked 
| 174|0x000000008ae00000, 0x000000008af00000, 0x000000008af00000|100%| O|  |TAMS 0x000000008af00000, 0x000000008ae00000| Untracked 
| 175|0x000000008af00000, 0x000000008b000000, 0x000000008b000000|100%| O|  |TAMS 0x000000008b000000, 0x000000008af00000| Untracked 
| 176|0x000000008b000000, 0x000000008b100000, 0x000000008b100000|100%| O|  |TAMS 0x000000008b040200, 0x000000008b000000| Untracked 
| 177|0x000000008b100000, 0x000000008b200000, 0x000000008b200000|100%|HS|  |TAMS 0x000000008b100000, 0x000000008b100000| Complete 
| 178|0x000000008b200000, 0x000000008b300000, 0x000000008b300000|100%|HS|  |TAMS 0x000000008b200000, 0x000000008b200000| Complete 
| 179|0x000000008b300000, 0x000000008b400000, 0x000000008b400000|100%|HS|  |TAMS 0x000000008b300000, 0x000000008b300000| Complete 
| 180|0x000000008b400000, 0x000000008b500000, 0x000000008b500000|100%|HS|  |TAMS 0x000000008b400000, 0x000000008b400000| Complete 
| 181|0x000000008b500000, 0x000000008b600000, 0x000000008b600000|100%|HC|  |TAMS 0x000000008b500000, 0x000000008b500000| Complete 
| 182|0x000000008b600000, 0x000000008b700000, 0x000000008b700000|100%|HC|  |TAMS 0x000000008b600000, 0x000000008b600000| Complete 
| 183|0x000000008b700000, 0x000000008b800000, 0x000000008b800000|100%|HC|  |TAMS 0x000000008b700000, 0x000000008b700000| Complete 
| 184|0x000000008b800000, 0x000000008b900000, 0x000000008b900000|100%|HC|  |TAMS 0x000000008b800000, 0x000000008b800000| Complete 
| 185|0x000000008b900000, 0x000000008ba00000, 0x000000008ba00000|100%|HC|  |TAMS 0x000000008b900000, 0x000000008b900000| Complete 
| 186|0x000000008ba00000, 0x000000008bb00000, 0x000000008bb00000|100%|HC|  |TAMS 0x000000008ba00000, 0x000000008ba00000| Complete 
| 187|0x000000008bb00000, 0x000000008bc00000, 0x000000008bc00000|100%| O|  |TAMS 0x000000008bb00000, 0x000000008bb00000| Untracked 
| 188|0x000000008bc00000, 0x000000008bd00000, 0x000000008bd00000|100%| O|  |TAMS 0x000000008bc00000, 0x000000008bc00000| Untracked 
| 189|0x000000008bd00000, 0x000000008be00000, 0x000000008be00000|100%| O|  |TAMS 0x000000008bd00000, 0x000000008bd00000| Untracked 
| 190|0x000000008be00000, 0x000000008bf00000, 0x000000008bf00000|100%| O|  |TAMS 0x000000008be00000, 0x000000008be00000| Untracked 
| 191|0x000000008bf00000, 0x000000008c000000, 0x000000008c000000|100%| O|  |TAMS 0x000000008bf00000, 0x000000008bf00000| Untracked 
| 192|0x000000008c000000, 0x000000008c100000, 0x000000008c100000|100%| O|  |TAMS 0x000000008c000000, 0x000000008c000000| Untracked 
| 193|0x000000008c100000, 0x000000008c200000, 0x000000008c200000|100%| O|  |TAMS 0x000000008c100000, 0x000000008c100000| Untracked 
| 194|0x000000008c200000, 0x000000008c300000, 0x000000008c300000|100%| O|  |TAMS 0x000000008c200000, 0x000000008c200000| Untracked 
| 195|0x000000008c300000, 0x000000008c400000, 0x000000008c400000|100%| O|  |TAMS 0x000000008c300000, 0x000000008c300000| Untracked 
| 196|0x000000008c400000, 0x000000008c500000, 0x000000008c500000|100%| O|  |TAMS 0x000000008c400000, 0x000000008c400000| Untracked 
| 197|0x000000008c500000, 0x000000008c600000, 0x000000008c600000|100%| O|  |TAMS 0x000000008c500000, 0x000000008c500000| Untracked 
| 198|0x000000008c600000, 0x000000008c700000, 0x000000008c700000|100%| O|  |TAMS 0x000000008c600000, 0x000000008c600000| Untracked 
| 199|0x000000008c700000, 0x000000008c800000, 0x000000008c800000|100%| O|  |TAMS 0x000000008c700000, 0x000000008c700000| Untracked 
| 200|0x000000008c800000, 0x000000008c900000, 0x000000008c900000|100%| O|  |TAMS 0x000000008c800000, 0x000000008c800000| Untracked 
| 201|0x000000008c900000, 0x000000008ca00000, 0x000000008ca00000|100%| O|  |TAMS 0x000000008c900000, 0x000000008c900000| Untracked 
| 202|0x000000008ca00000, 0x000000008cb00000, 0x000000008cb00000|100%| O|  |TAMS 0x000000008ca00000, 0x000000008ca00000| Untracked 
| 203|0x000000008cb00000, 0x000000008cc00000, 0x000000008cc00000|100%| O|  |TAMS 0x000000008cb00000, 0x000000008cb00000| Untracked 
| 204|0x000000008cc00000, 0x000000008cd00000, 0x000000008cd00000|100%| O|  |TAMS 0x000000008cc00000, 0x000000008cc00000| Untracked 
| 205|0x000000008cd00000, 0x000000008cd00000, 0x000000008ce00000|  0%| F|  |TAMS 0x000000008cd00000, 0x000000008cd00000| Untracked 
| 206|0x000000008ce00000, 0x000000008ce00000, 0x000000008cf00000|  0%| F|  |TAMS 0x000000008ce00000, 0x000000008ce00000| Untracked 
| 207|0x000000008cf00000, 0x000000008cf00000, 0x000000008d000000|  0%| F|  |TAMS 0x000000008cf00000, 0x000000008cf00000| Untracked 
| 208|0x000000008d000000, 0x000000008d000000, 0x000000008d100000|  0%| F|  |TAMS 0x000000008d000000, 0x000000008d000000| Untracked 
| 209|0x000000008d100000, 0x000000008d100000, 0x000000008d200000|  0%| F|  |TAMS 0x000000008d100000, 0x000000008d100000| Untracked 
| 210|0x000000008d200000, 0x000000008d200000, 0x000000008d300000|  0%| F|  |TAMS 0x000000008d200000, 0x000000008d200000| Untracked 
| 211|0x000000008d300000, 0x000000008d300000, 0x000000008d400000|  0%| F|  |TAMS 0x000000008d300000, 0x000000008d300000| Untracked 
| 212|0x000000008d400000, 0x000000008d400000, 0x000000008d500000|  0%| F|  |TAMS 0x000000008d400000, 0x000000008d400000| Untracked 
| 213|0x000000008d500000, 0x000000008d500000, 0x000000008d600000|  0%| F|  |TAMS 0x000000008d500000, 0x000000008d500000| Untracked 
| 214|0x000000008d600000, 0x000000008d600000, 0x000000008d700000|  0%| F|  |TAMS 0x000000008d600000, 0x000000008d600000| Untracked 
| 215|0x000000008d700000, 0x000000008d700000, 0x000000008d800000|  0%| F|  |TAMS 0x000000008d700000, 0x000000008d700000| Untracked 
| 216|0x000000008d800000, 0x000000008d800000, 0x000000008d900000|  0%| F|  |TAMS 0x000000008d800000, 0x000000008d800000| Untracked 
| 217|0x000000008d900000, 0x000000008d900000, 0x000000008da00000|  0%| F|  |TAMS 0x000000008d900000, 0x000000008d900000| Untracked 
| 218|0x000000008da00000, 0x000000008da00000, 0x000000008db00000|  0%| F|  |TAMS 0x000000008da00000, 0x000000008da00000| Untracked 
| 219|0x000000008db00000, 0x000000008db00000, 0x000000008dc00000|  0%| F|  |TAMS 0x000000008db00000, 0x000000008db00000| Untracked 
| 220|0x000000008dc00000, 0x000000008dc00000, 0x000000008dd00000|  0%| F|  |TAMS 0x000000008dc00000, 0x000000008dc00000| Untracked 
| 221|0x000000008dd00000, 0x000000008dd00000, 0x000000008de00000|  0%| F|  |TAMS 0x000000008dd00000, 0x000000008dd00000| Untracked 
| 222|0x000000008de00000, 0x000000008de00000, 0x000000008df00000|  0%| F|  |TAMS 0x000000008de00000, 0x000000008de00000| Untracked 
| 223|0x000000008df00000, 0x000000008df00000, 0x000000008e000000|  0%| F|  |TAMS 0x000000008df00000, 0x000000008df00000| Untracked 
| 224|0x000000008e000000, 0x000000008e000000, 0x000000008e100000|  0%| F|  |TAMS 0x000000008e000000, 0x000000008e000000| Untracked 
| 225|0x000000008e100000, 0x000000008e100000, 0x000000008e200000|  0%| F|  |TAMS 0x000000008e100000, 0x000000008e100000| Untracked 
| 226|0x000000008e200000, 0x000000008e200000, 0x000000008e300000|  0%| F|  |TAMS 0x000000008e200000, 0x000000008e200000| Untracked 
| 227|0x000000008e300000, 0x000000008e300000, 0x000000008e400000|  0%| F|  |TAMS 0x000000008e300000, 0x000000008e300000| Untracked 
| 228|0x000000008e400000, 0x000000008e400000, 0x000000008e500000|  0%| F|  |TAMS 0x000000008e400000, 0x000000008e400000| Untracked 
| 229|0x000000008e500000, 0x000000008e500000, 0x000000008e600000|  0%| F|  |TAMS 0x000000008e500000, 0x000000008e500000| Untracked 
| 230|0x000000008e600000, 0x000000008e600000, 0x000000008e700000|  0%| F|  |TAMS 0x000000008e600000, 0x000000008e600000| Untracked 
| 231|0x000000008e700000, 0x000000008e700000, 0x000000008e800000|  0%| F|  |TAMS 0x000000008e700000, 0x000000008e700000| Untracked 
| 232|0x000000008e800000, 0x000000008e800000, 0x000000008e900000|  0%| F|  |TAMS 0x000000008e800000, 0x000000008e800000| Untracked 
| 233|0x000000008e900000, 0x000000008e900000, 0x000000008ea00000|  0%| F|  |TAMS 0x000000008e900000, 0x000000008e900000| Untracked 
| 234|0x000000008ea00000, 0x000000008ea00000, 0x000000008eb00000|  0%| F|  |TAMS 0x000000008ea00000, 0x000000008ea00000| Untracked 
| 235|0x000000008eb00000, 0x000000008eb00000, 0x000000008ec00000|  0%| F|  |TAMS 0x000000008eb00000, 0x000000008eb00000| Untracked 
| 236|0x000000008ec00000, 0x000000008ec00000, 0x000000008ed00000|  0%| F|  |TAMS 0x000000008ec00000, 0x000000008ec00000| Untracked 
| 237|0x000000008ed00000, 0x000000008ed00000, 0x000000008ee00000|  0%| F|  |TAMS 0x000000008ed00000, 0x000000008ed00000| Untracked 
| 238|0x000000008ee00000, 0x000000008ee00000, 0x000000008ef00000|  0%| F|  |TAMS 0x000000008ee00000, 0x000000008ee00000| Untracked 
| 239|0x000000008ef00000, 0x000000008ef00000, 0x000000008f000000|  0%| F|  |TAMS 0x000000008ef00000, 0x000000008ef00000| Untracked 
| 240|0x000000008f000000, 0x000000008f000000, 0x000000008f100000|  0%| F|  |TAMS 0x000000008f000000, 0x000000008f000000| Untracked 
| 241|0x000000008f100000, 0x000000008f100000, 0x000000008f200000|  0%| F|  |TAMS 0x000000008f100000, 0x000000008f100000| Untracked 
| 242|0x000000008f200000, 0x000000008f200000, 0x000000008f300000|  0%| F|  |TAMS 0x000000008f200000, 0x000000008f200000| Untracked 
| 243|0x000000008f300000, 0x000000008f300000, 0x000000008f400000|  0%| F|  |TAMS 0x000000008f300000, 0x000000008f300000| Untracked 
| 244|0x000000008f400000, 0x000000008f400000, 0x000000008f500000|  0%| F|  |TAMS 0x000000008f400000, 0x000000008f400000| Untracked 
| 245|0x000000008f500000, 0x000000008f500000, 0x000000008f600000|  0%| F|  |TAMS 0x000000008f500000, 0x000000008f500000| Untracked 
| 246|0x000000008f600000, 0x000000008f600000, 0x000000008f700000|  0%| F|  |TAMS 0x000000008f600000, 0x000000008f600000| Untracked 
| 247|0x000000008f700000, 0x000000008f700000, 0x000000008f800000|  0%| F|  |TAMS 0x000000008f700000, 0x000000008f700000| Untracked 
| 248|0x000000008f800000, 0x000000008f800000, 0x000000008f900000|  0%| F|  |TAMS 0x000000008f800000, 0x000000008f800000| Untracked 
| 249|0x000000008f900000, 0x000000008f900000, 0x000000008fa00000|  0%| F|  |TAMS 0x000000008f900000, 0x000000008f900000| Untracked 
| 250|0x000000008fa00000, 0x000000008fa00000, 0x000000008fb00000|  0%| F|  |TAMS 0x000000008fa00000, 0x000000008fa00000| Untracked 
| 251|0x000000008fb00000, 0x000000008fb4db30, 0x000000008fc00000| 30%| S|CS|TAMS 0x000000008fb00000, 0x000000008fb00000| Complete 
| 252|0x000000008fc00000, 0x000000008fd00000, 0x000000008fd00000|100%| S|CS|TAMS 0x000000008fc00000, 0x000000008fc00000| Complete 
| 253|0x000000008fd00000, 0x000000008fe00000, 0x000000008fe00000|100%| S|CS|TAMS 0x000000008fd00000, 0x000000008fd00000| Complete 
| 254|0x000000008fe00000, 0x000000008ff00000, 0x000000008ff00000|100%| S|CS|TAMS 0x000000008fe00000, 0x000000008fe00000| Complete 
| 255|0x000000008ff00000, 0x000000008ff00000, 0x0000000090000000|  0%| F|  |TAMS 0x000000008ff00000, 0x000000008ff00000| Untracked 
| 256|0x0000000090000000, 0x0000000090000000, 0x0000000090100000|  0%| F|  |TAMS 0x0000000090000000, 0x0000000090000000| Untracked 
| 257|0x0000000090100000, 0x0000000090100000, 0x0000000090200000|  0%| F|  |TAMS 0x0000000090100000, 0x0000000090100000| Untracked 
| 258|0x0000000090200000, 0x0000000090200000, 0x0000000090300000|  0%| F|  |TAMS 0x0000000090200000, 0x0000000090200000| Untracked 
| 259|0x0000000090300000, 0x0000000090300000, 0x0000000090400000|  0%| F|  |TAMS 0x0000000090300000, 0x0000000090300000| Untracked 
| 260|0x0000000090400000, 0x0000000090400000, 0x0000000090500000|  0%| F|  |TAMS 0x0000000090400000, 0x0000000090400000| Untracked 
| 261|0x0000000090500000, 0x0000000090500000, 0x0000000090600000|  0%| F|  |TAMS 0x0000000090500000, 0x0000000090500000| Untracked 
| 262|0x0000000090600000, 0x0000000090600000, 0x0000000090700000|  0%| F|  |TAMS 0x0000000090600000, 0x0000000090600000| Untracked 
| 263|0x0000000090700000, 0x0000000090800000, 0x0000000090800000|100%| S|CS|TAMS 0x0000000090700000, 0x0000000090700000| Complete 
| 264|0x0000000090800000, 0x0000000090900000, 0x0000000090900000|100%| S|CS|TAMS 0x0000000090800000, 0x0000000090800000| Complete 
| 265|0x0000000090900000, 0x0000000090a00000, 0x0000000090a00000|100%| S|CS|TAMS 0x0000000090900000, 0x0000000090900000| Complete 
| 266|0x0000000090a00000, 0x0000000090a00000, 0x0000000090b00000|  0%| F|  |TAMS 0x0000000090a00000, 0x0000000090a00000| Untracked 
| 267|0x0000000090b00000, 0x0000000090b00000, 0x0000000090c00000|  0%| F|  |TAMS 0x0000000090b00000, 0x0000000090b00000| Untracked 
| 268|0x0000000090c00000, 0x0000000090c00000, 0x0000000090d00000|  0%| F|  |TAMS 0x0000000090c00000, 0x0000000090c00000| Untracked 
| 269|0x0000000090d00000, 0x0000000090d00000, 0x0000000090e00000|  0%| F|  |TAMS 0x0000000090d00000, 0x0000000090d00000| Untracked 
| 270|0x0000000090e00000, 0x0000000090e00000, 0x0000000090f00000|  0%| F|  |TAMS 0x0000000090e00000, 0x0000000090e00000| Untracked 
| 271|0x0000000090f00000, 0x0000000090f00000, 0x0000000091000000|  0%| F|  |TAMS 0x0000000090f00000, 0x0000000090f00000| Untracked 
| 272|0x0000000091000000, 0x0000000091000000, 0x0000000091100000|  0%| F|  |TAMS 0x0000000091000000, 0x0000000091000000| Untracked 
| 273|0x0000000091100000, 0x0000000091100000, 0x0000000091200000|  0%| F|  |TAMS 0x0000000091100000, 0x0000000091100000| Untracked 
| 274|0x0000000091200000, 0x0000000091200000, 0x0000000091300000|  0%| F|  |TAMS 0x0000000091200000, 0x0000000091200000| Untracked 
| 275|0x0000000091300000, 0x0000000091300000, 0x0000000091400000|  0%| F|  |TAMS 0x0000000091300000, 0x0000000091300000| Untracked 
| 276|0x0000000091400000, 0x0000000091400000, 0x0000000091500000|  0%| F|  |TAMS 0x0000000091400000, 0x0000000091400000| Untracked 
| 277|0x0000000091500000, 0x0000000091500000, 0x0000000091600000|  0%| F|  |TAMS 0x0000000091500000, 0x0000000091500000| Untracked 
| 278|0x0000000091600000, 0x0000000091600000, 0x0000000091700000|  0%| F|  |TAMS 0x0000000091600000, 0x0000000091600000| Untracked 
| 279|0x0000000091700000, 0x0000000091700000, 0x0000000091800000|  0%| F|  |TAMS 0x0000000091700000, 0x0000000091700000| Untracked 
| 280|0x0000000091800000, 0x0000000091800000, 0x0000000091900000|  0%| F|  |TAMS 0x0000000091800000, 0x0000000091800000| Untracked 
| 281|0x0000000091900000, 0x0000000091900000, 0x0000000091a00000|  0%| F|  |TAMS 0x0000000091900000, 0x0000000091900000| Untracked 
| 282|0x0000000091a00000, 0x0000000091a00000, 0x0000000091b00000|  0%| F|  |TAMS 0x0000000091a00000, 0x0000000091a00000| Untracked 
| 283|0x0000000091b00000, 0x0000000091b00000, 0x0000000091c00000|  0%| F|  |TAMS 0x0000000091b00000, 0x0000000091b00000| Untracked 
| 284|0x0000000091c00000, 0x0000000091c00000, 0x0000000091d00000|  0%| F|  |TAMS 0x0000000091c00000, 0x0000000091c00000| Untracked 
| 285|0x0000000091d00000, 0x0000000091d00000, 0x0000000091e00000|  0%| F|  |TAMS 0x0000000091d00000, 0x0000000091d00000| Untracked 
| 286|0x0000000091e00000, 0x0000000091e00000, 0x0000000091f00000|  0%| F|  |TAMS 0x0000000091e00000, 0x0000000091e00000| Untracked 
| 287|0x0000000091f00000, 0x0000000091f00000, 0x0000000092000000|  0%| F|  |TAMS 0x0000000091f00000, 0x0000000091f00000| Untracked 
| 288|0x0000000092000000, 0x0000000092000000, 0x0000000092100000|  0%| F|  |TAMS 0x0000000092000000, 0x0000000092000000| Untracked 
| 289|0x0000000092100000, 0x0000000092100000, 0x0000000092200000|  0%| F|  |TAMS 0x0000000092100000, 0x0000000092100000| Untracked 
| 290|0x0000000092200000, 0x0000000092200000, 0x0000000092300000|  0%| F|  |TAMS 0x0000000092200000, 0x0000000092200000| Untracked 
| 291|0x0000000092300000, 0x0000000092300000, 0x0000000092400000|  0%| F|  |TAMS 0x0000000092300000, 0x0000000092300000| Untracked 
| 292|0x0000000092400000, 0x0000000092400000, 0x0000000092500000|  0%| F|  |TAMS 0x0000000092400000, 0x0000000092400000| Untracked 
| 293|0x0000000092500000, 0x0000000092500000, 0x0000000092600000|  0%| F|  |TAMS 0x0000000092500000, 0x0000000092500000| Untracked 
| 294|0x0000000092600000, 0x0000000092600000, 0x0000000092700000|  0%| F|  |TAMS 0x0000000092600000, 0x0000000092600000| Untracked 
| 295|0x0000000092700000, 0x0000000092700000, 0x0000000092800000|  0%| F|  |TAMS 0x0000000092700000, 0x0000000092700000| Untracked 
| 296|0x0000000092800000, 0x0000000092800000, 0x0000000092900000|  0%| F|  |TAMS 0x0000000092800000, 0x0000000092800000| Untracked 
| 297|0x0000000092900000, 0x0000000092900000, 0x0000000092a00000|  0%| F|  |TAMS 0x0000000092900000, 0x0000000092900000| Untracked 
| 298|0x0000000092a00000, 0x0000000092a00000, 0x0000000092b00000|  0%| F|  |TAMS 0x0000000092a00000, 0x0000000092a00000| Untracked 
| 299|0x0000000092b00000, 0x0000000092b00000, 0x0000000092c00000|  0%| F|  |TAMS 0x0000000092b00000, 0x0000000092b00000| Untracked 
| 300|0x0000000092c00000, 0x0000000092c00000, 0x0000000092d00000|  0%| F|  |TAMS 0x0000000092c00000, 0x0000000092c00000| Untracked 
| 301|0x0000000092d00000, 0x0000000092d00000, 0x0000000092e00000|  0%| F|  |TAMS 0x0000000092d00000, 0x0000000092d00000| Untracked 
| 302|0x0000000092e00000, 0x0000000092e00000, 0x0000000092f00000|  0%| F|  |TAMS 0x0000000092e00000, 0x0000000092e00000| Untracked 
| 303|0x0000000092f00000, 0x0000000092f00000, 0x0000000093000000|  0%| F|  |TAMS 0x0000000092f00000, 0x0000000092f00000| Untracked 
| 304|0x0000000093000000, 0x0000000093000000, 0x0000000093100000|  0%| F|  |TAMS 0x0000000093000000, 0x0000000093000000| Untracked 
| 305|0x0000000093100000, 0x0000000093100000, 0x0000000093200000|  0%| F|  |TAMS 0x0000000093100000, 0x0000000093100000| Untracked 
| 306|0x0000000093200000, 0x0000000093200000, 0x0000000093300000|  0%| F|  |TAMS 0x0000000093200000, 0x0000000093200000| Untracked 
| 307|0x0000000093300000, 0x0000000093300000, 0x0000000093400000|  0%| F|  |TAMS 0x0000000093300000, 0x0000000093300000| Untracked 
| 308|0x0000000093400000, 0x0000000093400000, 0x0000000093500000|  0%| F|  |TAMS 0x0000000093400000, 0x0000000093400000| Untracked 
| 309|0x0000000093500000, 0x0000000093500000, 0x0000000093600000|  0%| F|  |TAMS 0x0000000093500000, 0x0000000093500000| Untracked 
| 310|0x0000000093600000, 0x0000000093600000, 0x0000000093700000|  0%| F|  |TAMS 0x0000000093600000, 0x0000000093600000| Untracked 
| 311|0x0000000093700000, 0x0000000093700000, 0x0000000093800000|  0%| F|  |TAMS 0x0000000093700000, 0x0000000093700000| Untracked 
| 312|0x0000000093800000, 0x0000000093800000, 0x0000000093900000|  0%| F|  |TAMS 0x0000000093800000, 0x0000000093800000| Untracked 
| 313|0x0000000093900000, 0x0000000093900000, 0x0000000093a00000|  0%| F|  |TAMS 0x0000000093900000, 0x0000000093900000| Untracked 
| 314|0x0000000093a00000, 0x0000000093a00000, 0x0000000093b00000|  0%| F|  |TAMS 0x0000000093a00000, 0x0000000093a00000| Untracked 
| 315|0x0000000093b00000, 0x0000000093b00000, 0x0000000093c00000|  0%| F|  |TAMS 0x0000000093b00000, 0x0000000093b00000| Untracked 
| 316|0x0000000093c00000, 0x0000000093c00000, 0x0000000093d00000|  0%| F|  |TAMS 0x0000000093c00000, 0x0000000093c00000| Untracked 
| 317|0x0000000093d00000, 0x0000000093d00000, 0x0000000093e00000|  0%| F|  |TAMS 0x0000000093d00000, 0x0000000093d00000| Untracked 
| 318|0x0000000093e00000, 0x0000000093e00000, 0x0000000093f00000|  0%| F|  |TAMS 0x0000000093e00000, 0x0000000093e00000| Untracked 
| 319|0x0000000093f00000, 0x0000000093f00000, 0x0000000094000000|  0%| F|  |TAMS 0x0000000093f00000, 0x0000000093f00000| Untracked 

Card table byte_map: [0x0000019159740000,0x0000019159b40000] _byte_map_base: 0x0000019159340000

Marking Bits (Prev, Next): (CMBitMap*) 0x00000191468943a8, (CMBitMap*) 0x00000191468943e0
 Prev Bits: [0x0000019159f40000, 0x000001915bf40000)
 Next Bits: [0x000001915bf40000, 0x000001915df40000)

Polling page: 0x0000019144310000

Metaspace:

Usage:
  Non-class:    102.77 MB capacity,   100.90 MB ( 98%) used,     1.49 MB (  1%) free+waste,   390.94 KB ( <1%) overhead. 
      Class:     15.45 MB capacity,    14.36 MB ( 93%) used,   950.42 KB (  6%) free+waste,   167.69 KB (  1%) overhead. 
       Both:    118.22 MB capacity,   115.26 MB ( 97%) used,     2.41 MB (  2%) free+waste,   558.63 KB ( <1%) overhead. 

Virtual space:
  Non-class space:      104.00 MB reserved,     102.95 MB ( 99%) committed 
      Class space:        1.00 GB reserved,      15.63 MB (  2%) committed 
             Both:        1.10 GB reserved,     118.57 MB ( 11%) committed 

Chunk freelists:
   Non-Class:  183.00 KB
       Class:  115.00 KB
        Both:  298.00 KB

MaxMetaspaceSize: 17179869184.00 GB
CompressedClassSpaceSize: 1.00 GB

CodeHeap 'non-profiled nmethods': size=120064Kb used=14949Kb max_used=15516Kb free=105114Kb
 bounds [0x0000019151e00000, 0x0000019152d30000, 0x0000019159340000]
CodeHeap 'profiled nmethods': size=120000Kb used=45967Kb max_used=47599Kb free=74032Kb
 bounds [0x000001914a8d0000, 0x000001914d770000, 0x0000019151e00000]
CodeHeap 'non-nmethods': size=5696Kb used=2347Kb max_used=2402Kb free=3348Kb
 bounds [0x000001914a340000, 0x000001914a5b0000, 0x000001914a8d0000]
 total_blobs=20598 nmethods=19629 adapters=879
 compilation: enabled
              stopped_count=0, restarted_count=0
 full_count=0

Compilation events (20 events):
Event: 9834.506 Thread 0x0000019160d67000 22570       2       com.android.tools.r8.internal.ID::a (213 bytes)
Event: 9834.511 Thread 0x0000019160d67000 nmethod 22570 0x000001914be7a410 code [0x000001914be7a6e0, 0x000001914be7b108]
Event: 9834.524 Thread 0x0000019160d67000 22571       2       com.android.tools.r8.internal.C2::h2 (40 bytes)
Event: 9834.526 Thread 0x0000019160d67000 nmethod 22571 0x000001914b4bf290 code [0x000001914b4bf480, 0x000001914b4bf748]
Event: 9834.536 Thread 0x0000019160d67000 22572       2       com.android.tools.r8.internal.h5::a (9 bytes)
Event: 9834.537 Thread 0x0000019160d67000 nmethod 22572 0x000001914b4c5510 code [0x000001914b4c5700, 0x000001914b4c5b28]
Event: 9834.538 Thread 0x0000019160d67000 22574       2       com.android.tools.r8.internal.xA::a (22 bytes)
Event: 9834.538 Thread 0x0000019160d67000 nmethod 22574 0x000001914b566c90 code [0x000001914b566e60, 0x000001914b5670e8]
Event: 9834.562 Thread 0x0000019160d67000 22576       2       com.android.tools.r8.internal.I4::a (56 bytes)
Event: 9834.564 Thread 0x0000019160d67000 nmethod 22576 0x000001914b62b890 code [0x000001914b62baa0, 0x000001914b62bfa8]
Event: 9834.566 Thread 0x0000019160d67000 22577       2       com.android.tools.r8.internal.I4::a (33 bytes)
Event: 9834.569 Thread 0x0000019160d67000 nmethod 22577 0x000001914bc9e390 code [0x000001914bc9e600, 0x000001914bc9ee88]
Event: 9834.569 Thread 0x0000019160d67000 22578       2       com.android.tools.r8.internal.Ms::<init> (12 bytes)
Event: 9834.569 Thread 0x0000019160d67000 nmethod 22578 0x000001914b243e10 code [0x000001914b243fc0, 0x000001914b244128]
Event: 9834.569 Thread 0x0000019160d67000 22579       2       com.android.tools.r8.internal.Ms::a (12 bytes)
Event: 9834.570 Thread 0x0000019160d67000 nmethod 22579 0x000001914b015610 code [0x000001914b0157c0, 0x000001914b0158e8]
Event: 9834.606 Thread 0x0000019160d67000 22582       2       com.android.tools.r8.ir.regalloc.a::f (29 bytes)
Event: 9834.606 Thread 0x0000019160d67000 nmethod 22582 0x000001914b467490 code [0x000001914b467640, 0x000001914b467738]
Event: 9834.621 Thread 0x0000019160d67000 22583       1       com.android.tools.r8.internal.xA::b (2 bytes)
Event: 9834.621 Thread 0x0000019160d67000 nmethod 22583 0x000001915220a790 code [0x000001915220a940, 0x000001915220a9f8]

GC Heap History (20 events):
Event: 9814.025 GC heap after
{Heap after GC invocations=51 (full 0):
 garbage-first heap   total 327680K, used 161280K [0x0000000080000000, 0x0000000100000000)
  region size 1024K, 4 young (4096K), 4 survivors (4096K)
 Metaspace       used 117405K, capacity 120440K, committed 120908K, reserved 1155072K
  class space    used 14680K, capacity 15789K, committed 16000K, reserved 1048576K
}
Event: 9814.794 GC heap before
{Heap before GC invocations=51 (full 0):
 garbage-first heap   total 327680K, used 184832K [0x0000000080000000, 0x0000000100000000)
  region size 1024K, 27 young (27648K), 4 survivors (4096K)
 Metaspace       used 117410K, capacity 120443K, committed 120908K, reserved 1155072K
  class space    used 14680K, capacity 15789K, committed 16000K, reserved 1048576K
}
Event: 9814.853 GC heap after
{Heap after GC invocations=52 (full 0):
 garbage-first heap   total 327680K, used 165576K [0x0000000080000000, 0x0000000100000000)
  region size 1024K, 4 young (4096K), 4 survivors (4096K)
 Metaspace       used 117410K, capacity 120443K, committed 120908K, reserved 1155072K
  class space    used 14680K, capacity 15789K, committed 16000K, reserved 1048576K
}
Event: 9817.550 GC heap before
{Heap before GC invocations=52 (full 0):
 garbage-first heap   total 327680K, used 200392K [0x0000000080000000, 0x0000000100000000)
  region size 1024K, 37 young (37888K), 4 survivors (4096K)
 Metaspace       used 117414K, capacity 120507K, committed 121164K, reserved 1155072K
  class space    used 14680K, capacity 15789K, committed 16000K, reserved 1048576K
}
Event: 9817.612 GC heap after
{Heap after GC invocations=53 (full 0):
 garbage-first heap   total 327680K, used 172357K [0x0000000080000000, 0x0000000100000000)
  region size 1024K, 5 young (5120K), 5 survivors (5120K)
 Metaspace       used 117414K, capacity 120507K, committed 121164K, reserved 1155072K
  class space    used 14680K, capacity 15789K, committed 16000K, reserved 1048576K
}
Event: 9819.093 GC heap before
{Heap before GC invocations=53 (full 0):
 garbage-first heap   total 327680K, used 216389K [0x0000000080000000, 0x0000000100000000)
  region size 1024K, 39 young (39936K), 5 survivors (5120K)
 Metaspace       used 117417K, capacity 120507K, committed 121164K, reserved 1155072K
  class space    used 14680K, capacity 15789K, committed 16000K, reserved 1048576K
}
Event: 9819.184 GC heap after
{Heap after GC invocations=54 (full 0):
 garbage-first heap   total 327680K, used 184439K [0x0000000080000000, 0x0000000100000000)
  region size 1024K, 5 young (5120K), 5 survivors (5120K)
 Metaspace       used 117417K, capacity 120507K, committed 121164K, reserved 1155072K
  class space    used 14680K, capacity 15789K, committed 16000K, reserved 1048576K
}
Event: 9819.452 GC heap before
{Heap before GC invocations=54 (full 0):
 garbage-first heap   total 327680K, used 195703K [0x0000000080000000, 0x0000000100000000)
  region size 1024K, 18 young (18432K), 5 survivors (5120K)
 Metaspace       used 117417K, capacity 120507K, committed 121164K, reserved 1155072K
  class space    used 14680K, capacity 15789K, committed 16000K, reserved 1048576K
}
Event: 9819.492 GC heap after
{Heap after GC invocations=55 (full 0):
 garbage-first heap   total 327680K, used 187303K [0x0000000080000000, 0x0000000100000000)
  region size 1024K, 3 young (3072K), 3 survivors (3072K)
 Metaspace       used 117417K, capacity 120507K, committed 121164K, reserved 1155072K
  class space    used 14680K, capacity 15789K, committed 16000K, reserved 1048576K
}
Event: 9821.427 GC heap before
{Heap before GC invocations=55 (full 0):
 garbage-first heap   total 327680K, used 229287K [0x0000000080000000, 0x0000000100000000)
  region size 1024K, 49 young (50176K), 3 survivors (3072K)
 Metaspace       used 117384K, capacity 120453K, committed 121164K, reserved 1155072K
  class space    used 14675K, capacity 15780K, committed 16000K, reserved 1048576K
}
Event: 9821.472 GC heap after
{Heap after GC invocations=56 (full 0):
 garbage-first heap   total 327680K, used 190738K [0x0000000080000000, 0x0000000100000000)
  region size 1024K, 7 young (7168K), 7 survivors (7168K)
 Metaspace       used 117384K, capacity 120453K, committed 121164K, reserved 1155072K
  class space    used 14675K, capacity 15780K, committed 16000K, reserved 1048576K
}
Event: 9822.719 GC heap before
{Heap before GC invocations=57 (full 0):
 garbage-first heap   total 327680K, used 249106K [0x0000000080000000, 0x0000000100000000)
  region size 1024K, 58 young (59392K), 7 survivors (7168K)
 Metaspace       used 117420K, capacity 120453K, committed 121164K, reserved 1155072K
  class space    used 14676K, capacity 15780K, committed 16000K, reserved 1048576K
}
Event: 9822.772 GC heap after
{Heap after GC invocations=58 (full 0):
 garbage-first heap   total 327680K, used 202029K [0x0000000080000000, 0x0000000100000000)
  region size 1024K, 4 young (4096K), 4 survivors (4096K)
 Metaspace       used 117420K, capacity 120453K, committed 121164K, reserved 1155072K
  class space    used 14676K, capacity 15780K, committed 16000K, reserved 1048576K
}
Event: 9823.378 GC heap before
{Heap before GC invocations=58 (full 0):
 garbage-first heap   total 327680K, used 214317K [0x0000000080000000, 0x0000000100000000)
  region size 1024K, 16 young (16384K), 4 survivors (4096K)
 Metaspace       used 117465K, capacity 120532K, committed 121164K, reserved 1155072K
  class space    used 14680K, capacity 15785K, committed 16000K, reserved 1048576K
}
Event: 9823.494 GC heap after
{Heap after GC invocations=59 (full 0):
 garbage-first heap   total 327680K, used 184002K [0x0000000080000000, 0x0000000100000000)
  region size 1024K, 1 young (1024K), 1 survivors (1024K)
 Metaspace       used 117465K, capacity 120532K, committed 121164K, reserved 1155072K
  class space    used 14680K, capacity 15785K, committed 16000K, reserved 1048576K
}
Event: 9825.885 GC heap before
{Heap before GC invocations=59 (full 0):
 garbage-first heap   total 327680K, used 200386K [0x0000000080000000, 0x0000000100000000)
  region size 1024K, 16 young (16384K), 1 survivors (1024K)
 Metaspace       used 117504K, capacity 120596K, committed 121164K, reserved 1155072K
  class space    used 14680K, capacity 15785K, committed 16000K, reserved 1048576K
}
Event: 9825.954 GC heap after
{Heap after GC invocations=60 (full 0):
 garbage-first heap   total 327680K, used 188416K [0x0000000080000000, 0x0000000100000000)
  region size 1024K, 2 young (2048K), 2 survivors (2048K)
 Metaspace       used 117504K, capacity 120596K, committed 121164K, reserved 1155072K
  class space    used 14680K, capacity 15785K, committed 16000K, reserved 1048576K
}
Event: 9831.851 GC heap before
{Heap before GC invocations=60 (full 0):
 garbage-first heap   total 327680K, used 244736K [0x0000000080000000, 0x0000000100000000)
  region size 1024K, 57 young (58368K), 2 survivors (2048K)
 Metaspace       used 117827K, capacity 120872K, committed 121420K, reserved 1155072K
  class space    used 14681K, capacity 15785K, committed 16000K, reserved 1048576K
}
Event: 9831.914 GC heap after
{Heap after GC invocations=61 (full 0):
 garbage-first heap   total 327680K, used 197632K [0x0000000080000000, 0x0000000100000000)
  region size 1024K, 8 young (8192K), 8 survivors (8192K)
 Metaspace       used 117827K, capacity 120872K, committed 121420K, reserved 1155072K
  class space    used 14681K, capacity 15785K, committed 16000K, reserved 1048576K
}
Event: 9834.638 GC heap before
{Heap before GC invocations=61 (full 0):
 garbage-first heap   total 327680K, used 251904K [0x0000000080000000, 0x0000000100000000)
  region size 1024K, 62 young (63488K), 8 survivors (8192K)
 Metaspace       used 118028K, capacity 121058K, committed 121420K, reserved 1155072K
  class space    used 14702K, capacity 15821K, committed 16000K, reserved 1048576K
}

Deoptimization events (20 events):
Event: 9834.419 Thread 0x0000019162f20800 DEOPT PACKING pc=0x0000019152c03ab4 sp=0x0000007b33efcf10
Event: 9834.419 Thread 0x0000019162f20800 DEOPT UNPACKING pc=0x000001914a3673af sp=0x0000007b33efced8 mode 2
Event: 9834.461 Thread 0x0000019164db0800 DEOPT PACKING pc=0x000001914d0824d9 sp=0x0000007b33ffce20
Event: 9834.461 Thread 0x0000019164db0800 DEOPT UNPACKING pc=0x000001914a3671ce sp=0x0000007b33ffc438 mode 0
Event: 9834.528 Thread 0x0000019164db0800 Uncommon trap: trap_request=0xffffffc6 fr.pc=0x0000019151f1b1d4 relative=0x0000000000000ff4
Event: 9834.528 Thread 0x0000019164db0800 Uncommon trap: reason=bimorphic_or_optimized_type_check action=maybe_recompile pc=0x0000019151f1b1d4 method=com.android.tools.r8.internal.Nf.a(Ljava/util/Collection;)Lcom/android/tools/r8/internal/Nf; @ 47 c2
Event: 9834.528 Thread 0x0000019164db0800 DEOPT PACKING pc=0x0000019151f1b1d4 sp=0x0000007b33ffc150
Event: 9834.528 Thread 0x0000019164db0800 DEOPT UNPACKING pc=0x000001914a3673af sp=0x0000007b33ffc0f8 mode 2
Event: 9834.529 Thread 0x0000019164db0800 Uncommon trap: trap_request=0xffffffc6 fr.pc=0x0000019151f1b1d4 relative=0x0000000000000ff4
Event: 9834.529 Thread 0x0000019164db0800 Uncommon trap: reason=bimorphic_or_optimized_type_check action=maybe_recompile pc=0x0000019151f1b1d4 method=com.android.tools.r8.internal.Nf.a(Ljava/util/Collection;)Lcom/android/tools/r8/internal/Nf; @ 47 c2
Event: 9834.529 Thread 0x0000019164db0800 DEOPT PACKING pc=0x0000019151f1b1d4 sp=0x0000007b33ffc3b0
Event: 9834.529 Thread 0x0000019164db0800 DEOPT UNPACKING pc=0x000001914a3673af sp=0x0000007b33ffc358 mode 2
Event: 9834.530 Thread 0x0000019164db0800 Uncommon trap: trap_request=0xffffffc6 fr.pc=0x0000019151f1b1d4 relative=0x0000000000000ff4
Event: 9834.530 Thread 0x0000019164db0800 Uncommon trap: reason=bimorphic_or_optimized_type_check action=maybe_recompile pc=0x0000019151f1b1d4 method=com.android.tools.r8.internal.Nf.a(Ljava/util/Collection;)Lcom/android/tools/r8/internal/Nf; @ 47 c2
Event: 9834.530 Thread 0x0000019164db0800 DEOPT PACKING pc=0x0000019151f1b1d4 sp=0x0000007b33ffc2f0
Event: 9834.530 Thread 0x0000019164db0800 DEOPT UNPACKING pc=0x000001914a3673af sp=0x0000007b33ffc298 mode 2
Event: 9834.533 Thread 0x0000019164db0800 Uncommon trap: trap_request=0xffffffc6 fr.pc=0x0000019151f1b1d4 relative=0x0000000000000ff4
Event: 9834.533 Thread 0x0000019164db0800 Uncommon trap: reason=bimorphic_or_optimized_type_check action=maybe_recompile pc=0x0000019151f1b1d4 method=com.android.tools.r8.internal.Nf.a(Ljava/util/Collection;)Lcom/android/tools/r8/internal/Nf; @ 47 c2
Event: 9834.533 Thread 0x0000019164db0800 DEOPT PACKING pc=0x0000019151f1b1d4 sp=0x0000007b33ffc150
Event: 9834.533 Thread 0x0000019164db0800 DEOPT UNPACKING pc=0x000001914a3673af sp=0x0000007b33ffc0f8 mode 2

Classes redefined (0 events):
No events

Internal exceptions (20 events):
Event: 9832.202 Thread 0x00000191644fc000 Exception <a 'sun/nio/fs/WindowsException'{0x0000000093c1ff38}> (0x0000000093c1ff38) thrown at [./src/hotspot/share/prims/jni.cpp, line 615]
Event: 9832.232 Thread 0x00000191644fc000 Exception <a 'sun/nio/fs/WindowsException'{0x0000000093c26df0}> (0x0000000093c26df0) thrown at [./src/hotspot/share/prims/jni.cpp, line 615]
Event: 9832.273 Thread 0x00000191644fc000 Exception <a 'sun/nio/fs/WindowsException'{0x0000000093c2e850}> (0x0000000093c2e850) thrown at [./src/hotspot/share/prims/jni.cpp, line 615]
Event: 9832.283 Thread 0x00000191644fc000 Exception <a 'sun/nio/fs/WindowsException'{0x0000000093c35de0}> (0x0000000093c35de0) thrown at [./src/hotspot/share/prims/jni.cpp, line 615]
Event: 9832.301 Thread 0x00000191644fc000 Exception <a 'sun/nio/fs/WindowsException'{0x0000000093c416d0}> (0x0000000093c416d0) thrown at [./src/hotspot/share/prims/jni.cpp, line 615]
Event: 9832.312 Thread 0x00000191644fc000 Exception <a 'sun/nio/fs/WindowsException'{0x0000000093c4c4c8}> (0x0000000093c4c4c8) thrown at [./src/hotspot/share/prims/jni.cpp, line 615]
Event: 9832.339 Thread 0x00000191644fc000 Exception <a 'sun/nio/fs/WindowsException'{0x0000000093c53808}> (0x0000000093c53808) thrown at [./src/hotspot/share/prims/jni.cpp, line 615]
Event: 9832.349 Thread 0x00000191644fc000 Exception <a 'sun/nio/fs/WindowsException'{0x0000000093c5a680}> (0x0000000093c5a680) thrown at [./src/hotspot/share/prims/jni.cpp, line 615]
Event: 9832.366 Thread 0x00000191644fc000 Exception <a 'sun/nio/fs/WindowsException'{0x0000000093c5f0a8}> (0x0000000093c5f0a8) thrown at [./src/hotspot/share/prims/jni.cpp, line 615]
Event: 9832.466 Thread 0x00000191644fc000 Exception <a 'sun/nio/fs/WindowsException'{0x0000000093c642d8}> (0x0000000093c642d8) thrown at [./src/hotspot/share/prims/jni.cpp, line 615]
Event: 9832.482 Thread 0x00000191644fc000 Exception <a 'sun/nio/fs/WindowsException'{0x0000000093c69810}> (0x0000000093c69810) thrown at [./src/hotspot/share/prims/jni.cpp, line 615]
Event: 9832.493 Thread 0x00000191644fc000 Exception <a 'sun/nio/fs/WindowsException'{0x0000000093c6eed8}> (0x0000000093c6eed8) thrown at [./src/hotspot/share/prims/jni.cpp, line 615]
Event: 9832.519 Thread 0x00000191644fc000 Exception <a 'sun/nio/fs/WindowsException'{0x0000000093c74430}> (0x0000000093c74430) thrown at [./src/hotspot/share/prims/jni.cpp, line 615]
Event: 9832.550 Thread 0x00000191644fc000 Exception <a 'sun/nio/fs/WindowsException'{0x0000000093cb7bc8}> (0x0000000093cb7bc8) thrown at [./src/hotspot/share/prims/jni.cpp, line 615]
Event: 9832.580 Thread 0x00000191644fc000 Exception <a 'sun/nio/fs/WindowsException'{0x0000000093cea4d0}> (0x0000000093cea4d0) thrown at [./src/hotspot/share/prims/jni.cpp, line 615]
Event: 9832.612 Thread 0x00000191644fc000 Exception <a 'sun/nio/fs/WindowsException'{0x0000000093b470e8}> (0x0000000093b470e8) thrown at [./src/hotspot/share/prims/jni.cpp, line 615]
Event: 9833.240 Thread 0x0000019161db0000 Exception <a 'java/lang/NoSuchMethodError'{0x0000000093866588}: <clinit>> (0x0000000093866588) thrown at [./src/hotspot/share/prims/jni.cpp, line 1362]
Event: 9833.810 Thread 0x00000191644fc000 Exception <a 'java/lang/NoSuchMethodError'{0x00000000938f96c0}: <clinit>> (0x00000000938f96c0) thrown at [./src/hotspot/share/prims/jni.cpp, line 1362]
Event: 9833.871 Thread 0x0000019164db0800 Exception <a 'sun/nio/fs/WindowsException'{0x000000009321bb68}> (0x000000009321bb68) thrown at [./src/hotspot/share/prims/jni.cpp, line 615]
Event: 9833.893 Thread 0x0000019164db5000 Exception <a 'sun/nio/fs/WindowsException'{0x000000009311fac0}> (0x000000009311fac0) thrown at [./src/hotspot/share/prims/jni.cpp, line 615]

Events (20 events):
Event: 9833.966 loading class com/android/tools/r8/internal/a2$h done
Event: 9833.967 loading class com/android/tools/r8/internal/Mi
Event: 9833.967 loading class com/android/tools/r8/internal/Mi done
Event: 9833.967 loading class com/android/tools/r8/internal/a2$h
Event: 9833.967 loading class com/android/tools/r8/internal/a2$h done
Event: 9833.967 loading class com/android/tools/r8/internal/Mi
Event: 9833.967 loading class com/android/tools/r8/internal/Mi done
Event: 9833.968 loading class com/android/tools/r8/internal/a2$h
Event: 9833.968 loading class com/android/tools/r8/internal/a2$h done
Event: 9833.968 loading class com/android/tools/r8/internal/Mi
Event: 9833.968 loading class com/android/tools/r8/internal/Mi done
Event: 9833.968 loading class com/android/tools/r8/internal/a2$h
Event: 9833.968 loading class com/android/tools/r8/internal/a2$h done
Event: 9834.061 Executing VM operation: ICBufferFull
Event: 9834.067 Executing VM operation: ICBufferFull done
Event: 9834.351 Executing VM operation: ICBufferFull
Event: 9834.352 Executing VM operation: ICBufferFull done
Event: 9834.624 Executing VM operation: ICBufferFull
Event: 9834.630 Executing VM operation: ICBufferFull done
Event: 9834.637 Executing VM operation: G1CollectForAllocation


Dynamic libraries:
0x00007ff639cb0000 - 0x00007ff639cba000 	C:\Program Files\Android\Android Studio\jre\bin\java.exe
0x00007ffa22b50000 - 0x00007ffa22d46000 	C:\WINDOWS\SYSTEM32\ntdll.dll
0x00007ffa22a50000 - 0x00007ffa22b0d000 	C:\WINDOWS\System32\KERNEL32.DLL
0x00007ffa203c0000 - 0x00007ffa20689000 	C:\WINDOWS\System32\KERNELBASE.dll
0x00007ffa20290000 - 0x00007ffa20390000 	C:\WINDOWS\System32\ucrtbase.dll
0x00007ffa19260000 - 0x00007ffa19279000 	C:\Program Files\Android\Android Studio\jre\bin\jli.dll
0x00007ffa11460000 - 0x00007ffa11477000 	C:\Program Files\Android\Android Studio\jre\bin\VCRUNTIME140.dll
0x00007ffa21f00000 - 0x00007ffa220a0000 	C:\WINDOWS\System32\USER32.dll
0x00007ffa08730000 - 0x00007ffa089cb000 	C:\WINDOWS\WinSxS\amd64_microsoft.windows.common-controls_6595b64144ccf1df_6.0.19041.488_none_ca04af081b815d21\COMCTL32.dll
0x00007ffa20e40000 - 0x00007ffa20ede000 	C:\WINDOWS\System32\msvcrt.dll
0x00007ffa222d0000 - 0x00007ffa222fa000 	C:\WINDOWS\System32\GDI32.dll
0x00007ffa207e0000 - 0x00007ffa20802000 	C:\WINDOWS\System32\win32u.dll
0x00007ffa20940000 - 0x00007ffa20a49000 	C:\WINDOWS\System32\gdi32full.dll
0x00007ffa206e0000 - 0x00007ffa2077d000 	C:\WINDOWS\System32\msvcp_win.dll
0x00007ffa221e0000 - 0x00007ffa22210000 	C:\WINDOWS\System32\IMM32.DLL
0x0000000180000000 - 0x0000000180007000 	C:\Program Files\Prio\prio.dll
0x00007ffa21c80000 - 0x00007ffa21d2c000 	C:\WINDOWS\System32\ADVAPI32.dll
0x00007ffa20c40000 - 0x00007ffa20cdc000 	C:\WINDOWS\System32\sechost.dll
0x00007ffa21160000 - 0x00007ffa2128b000 	C:\WINDOWS\System32\RPCRT4.dll
0x00007ff9fb4c0000 - 0x00007ff9fb55d000 	C:\Program Files\Android\Android Studio\jre\bin\msvcp140.dll
0x00007ff9cd1c0000 - 0x00007ff9cdc8f000 	C:\Program Files\Android\Android Studio\jre\bin\server\jvm.dll
0x00007ffa215f0000 - 0x00007ffa215f8000 	C:\WINDOWS\System32\PSAPI.DLL
0x00007ff9e7950000 - 0x00007ff9e7959000 	C:\WINDOWS\SYSTEM32\WSOCK32.dll
0x00007ffa21600000 - 0x00007ffa2166b000 	C:\WINDOWS\System32\WS2_32.dll
0x00007ffa19630000 - 0x00007ffa19657000 	C:\WINDOWS\SYSTEM32\WINMM.dll
0x00007ffa19320000 - 0x00007ffa1932a000 	C:\WINDOWS\SYSTEM32\VERSION.dll
0x00007ffa1e0e0000 - 0x00007ffa1e0f2000 	C:\WINDOWS\SYSTEM32\kernel.appcore.dll
0x00007ffa1d990000 - 0x00007ffa1d9a1000 	C:\Program Files\Android\Android Studio\jre\bin\verify.dll
0x00007ffa13a20000 - 0x00007ffa13c04000 	C:\WINDOWS\SYSTEM32\DBGHELP.DLL
0x00007ffa08bb0000 - 0x00007ffa08bdc000 	C:\WINDOWS\SYSTEM32\dbgcore.DLL
0x00007ffa208c0000 - 0x00007ffa20940000 	C:\WINDOWS\System32\bcryptPrimitives.dll
0x00007ffa1aac0000 - 0x00007ffa1aae9000 	C:\Program Files\Android\Android Studio\jre\bin\java.dll
0x00007ffa1ab30000 - 0x00007ffa1ab3b000 	C:\Program Files\Android\Android Studio\jre\bin\jimage.dll
0x00007ffa1a0d0000 - 0x00007ffa1a0e8000 	C:\Program Files\Android\Android Studio\jre\bin\zip.dll
0x00007ffa22300000 - 0x00007ffa22a42000 	C:\WINDOWS\System32\SHELL32.dll
0x00007ffa1e3c0000 - 0x00007ffa1eb55000 	C:\WINDOWS\SYSTEM32\windows.storage.dll
0x00007ffa21290000 - 0x00007ffa215e6000 	C:\WINDOWS\System32\combase.dll
0x00007ffa1fc30000 - 0x00007ffa1fc5c000 	C:\WINDOWS\SYSTEM32\Wldp.dll
0x00007ffa21af0000 - 0x00007ffa21b9e000 	C:\WINDOWS\System32\SHCORE.dll
0x00007ffa22210000 - 0x00007ffa22265000 	C:\WINDOWS\System32\shlwapi.dll
0x00007ffa201c0000 - 0x00007ffa201e6000 	C:\WINDOWS\SYSTEM32\profapi.dll
0x00007ffa1a0b0000 - 0x00007ffa1a0ca000 	C:\Program Files\Android\Android Studio\jre\bin\net.dll
0x00007ffa16ff0000 - 0x00007ffa170f0000 	C:\WINDOWS\SYSTEM32\WINHTTP.dll
0x00007ffa1fa20000 - 0x00007ffa1fa8a000 	C:\WINDOWS\system32\mswsock.dll
0x00007ffa19280000 - 0x00007ffa19294000 	C:\Program Files\Android\Android Studio\jre\bin\nio.dll
0x00007ffa02ec0000 - 0x00007ffa02ee7000 	C:\Users\sont1\.gradle\native\8bec1ad78214c89d9ad589b4d07fe93259594b29d510b10fafb7a158f7737e5d\windows-amd64\native-platform.dll
0x00007ff9f8890000 - 0x00007ff9f89cd000 	C:\Users\sont1\.gradle\native\53dbd7edfb1c66fb8903c78663c9afc45aea4f116125fa6feffd364cf09443e8\windows-amd64\native-platform-file-events.dll
0x00007ffa1ab20000 - 0x00007ffa1ab2a000 	C:\Program Files\Android\Android Studio\jre\bin\management.dll
0x00007ffa1a0a0000 - 0x00007ffa1a0ac000 	C:\Program Files\Android\Android Studio\jre\bin\management_ext.dll
0x00007ffa1ff60000 - 0x00007ffa1ff78000 	C:\WINDOWS\SYSTEM32\CRYPTSP.dll
0x00007ffa1f360000 - 0x00007ffa1f394000 	C:\WINDOWS\system32\rsaenh.dll
0x00007ffa20390000 - 0x00007ffa203b7000 	C:\WINDOWS\System32\bcrypt.dll
0x00007ffa20180000 - 0x00007ffa201ae000 	C:\WINDOWS\SYSTEM32\USERENV.dll
0x00007ffa1fba0000 - 0x00007ffa1fbac000 	C:\WINDOWS\SYSTEM32\CRYPTBASE.dll
0x00007ffa1f6e0000 - 0x00007ffa1f71b000 	C:\WINDOWS\SYSTEM32\IPHLPAPI.DLL
0x00007ffa220a0000 - 0x00007ffa220a8000 	C:\WINDOWS\System32\NSI.dll
0x00007ffa188d0000 - 0x00007ffa188e7000 	C:\WINDOWS\SYSTEM32\dhcpcsvc6.DLL
0x00007ffa18610000 - 0x00007ffa1862d000 	C:\WINDOWS\SYSTEM32\dhcpcsvc.DLL
0x00007ffa1f720000 - 0x00007ffa1f7eb000 	C:\WINDOWS\SYSTEM32\DNSAPI.dll

dbghelp: loaded successfully - version: 4.0.5 - missing functions: none
symbol engine: initialized successfully - sym options: 0x614 - pdb path: .;C:\Program Files\Android\Android Studio\jre\bin;C:\WINDOWS\SYSTEM32;C:\WINDOWS\WinSxS\amd64_microsoft.windows.common-controls_6595b64144ccf1df_6.0.19041.488_none_ca04af081b815d21;C:\Program Files\Prio;C:\Program Files\Android\Android Studio\jre\bin\server;C:\Users\sont1\.gradle\native\8bec1ad78214c89d9ad589b4d07fe93259594b29d510b10fafb7a158f7737e5d\windows-amd64;C:\Users\sont1\.gradle\native\53dbd7edfb1c66fb8903c78663c9afc45aea4f116125fa6feffd364cf09443e8\windows-amd64

VM Arguments:
jvm_args: --add-opens=java.base/java.util=ALL-UNNAMED --add-opens=java.base/java.lang=ALL-UNNAMED --add-opens=java.base/java.lang.invoke=ALL-UNNAMED --add-opens=java.base/java.util=ALL-UNNAMED --add-opens=java.prefs/java.util.prefs=ALL-UNNAMED --add-opens=java.prefs/java.util.prefs=ALL-UNNAMED --add-opens=java.base/java.nio.charset=ALL-UNNAMED --add-opens=java.base/java.net=ALL-UNNAMED --add-opens=java.base/java.util.concurrent.atomic=ALL-UNNAMED -Xmx2048M -Dfile.encoding=windows-1250 -Duser.country=HU -Duser.language=hu -Duser.variant 
java_command: org.gradle.launcher.daemon.bootstrap.GradleDaemon 7.0.2
java_class_path (initial): C:\Users\sont1\.gradle\wrapper\dists\gradle-7.0.2-bin\857tjihv64xamwrf0h14cai3r\gradle-7.0.2\lib\gradle-launcher-7.0.2.jar
Launcher Type: SUN_STANDARD

[Global flags]
     intx CICompilerCount                          = 3                                         {product} {ergonomic}
     uint ConcGCThreads                            = 1                                         {product} {ergonomic}
     uint G1ConcRefinementThreads                  = 4                                         {product} {ergonomic}
   size_t G1HeapRegionSize                         = 1048576                                   {product} {ergonomic}
    uintx GCDrainStackTargetSize                   = 64                                        {product} {ergonomic}
   size_t InitialHeapSize                          = 268435456                                 {product} {ergonomic}
   size_t MarkStackSize                            = 4194304                                   {product} {ergonomic}
   size_t MaxHeapSize                              = 2147483648                                {product} {command line}
   size_t MaxNewSize                               = 1287651328                                {product} {ergonomic}
   size_t MinHeapDeltaBytes                        = 1048576                                   {product} {ergonomic}
    uintx NonNMethodCodeHeapSize                   = 5830732                                {pd product} {ergonomic}
    uintx NonProfiledCodeHeapSize                  = 122913754                              {pd product} {ergonomic}
    uintx ProfiledCodeHeapSize                     = 122913754                              {pd product} {ergonomic}
    uintx ReservedCodeCacheSize                    = 251658240                              {pd product} {ergonomic}
     bool SegmentedCodeCache                       = true                                      {product} {ergonomic}
     bool UseCompressedClassPointers               = true                                 {lp64_product} {ergonomic}
     bool UseCompressedOops                        = true                                 {lp64_product} {ergonomic}
     bool UseG1GC                                  = true                                      {product} {ergonomic}
     bool UseLargePagesIndividualAllocation        = false                                  {pd product} {ergonomic}

Logging:
Log output configuration:
 #0: stdout all=warning uptime,level,tags
 #1: stderr all=off uptime,level,tags

Environment Variables:
PATH=C:\Program Files (x86)\Common Files\Oracle\Java\javapath;C:\WINDOWS\system32;C:\WINDOWS;C:\WINDOWS\System32\Wbem;C:\WINDOWS\System32\WindowsPowerShell\v1.0\;C:\WINDOWS\System32\OpenSSH\;C:\Program Files\PuTTY\;C:\Program Files\Prio;C:\Program Files (x86)\VDesk;C:\Program Files (x86)\Admin Arsenal\PDQ Deploy\;C:\Program Files\Git\cmd;C:\Program Files\Microsoft VS Code\bin;C:\Program Files\Geth;C:\Program Files\dotnet\;C:\Users\sont1\AppData\Local\Microsoft\WindowsApps;;C:\Program Files\JetBrains\IntelliJ IDEA Community Edition 2020.3.2\bin;;C:\Users\sont1\.dotnet\tools
USERNAME=sont1
OS=Windows_NT
PROCESSOR_IDENTIFIER=AMD64 Family 21 Model 2 Stepping 0, AuthenticAMD



---------------  S Y S T E M  ---------------

OS: Windows 10 , 64 bit Build 19041 (10.0.19041.662)
OS uptime: 20 days 18:00 hours
Hyper-V role detected

CPU:total 4 (initial active 4) (4 cores per cpu, 1 threads per core) family 21 model 2 stepping 0 microcode 0x0, cmov, cx8, fxsr, mmx, sse, sse2, sse3, ssse3, sse4.1, sse4.2, popcnt, avx, aes, clmul, mmxext, 3dnowpref, lzcnt, sse4a, tsc, tscinvbit, tscinv, bmi1, fma

Memory: 4k page, system-wide physical 16365M (5979M free)
TotalPageFile size 17389M (AvailPageFile size 66M)
current process WorkingSet (physical memory assigned to process): 616M, peak: 679M
current process commit charge ("private bytes"): 702M, peak: 812M

vm_info: OpenJDK 64-Bit Server VM (11.0.10+0-b96-7249189) for windows-amd64 JRE (11.0.10+0-b96-7249189), built on Mar 31 2021 21:44:00 by "builder" with MS VC++ 14.0 (VS2015)

END.
