#
# There is insufficient memory for the Java Runtime Environment to continue.
# Native memory allocation (malloc) failed to allocate 1798416 bytes for Chunk::new
# Possible reasons:
#   The system is out of physical RAM or swap space
#   The process is running with CompressedOops enabled, and the Java Heap may be blocking the growth of the native heap
# Possible solutions:
#   Reduce memory load on the system
#   Increase physical memory or swap space
#   Check if swap backing store is full
#   Decrease Java heap size (-Xmx/-Xms)
#   Decrease number of Java threads
#   Decrease Java thread stack sizes (-Xss)
#   Set larger code cache with -XX:ReservedCodeCacheSize=
#   JVM is running with Unscaled Compressed Oops mode in which the Java heap is
#     placed in the first 4GB address space. The Java Heap base address is the
#     maximum limit for the native heap growth. Please use -XX:HeapBaseMinAddress
#     to set the Java Heap base and to place the Java Heap above 4GB virtual address.
# This output file may be truncated or incomplete.
#
#  Out of Memory Error (./src/hotspot/share/memory/arena.cpp:197), pid=9056, tid=7620
#
# JRE version: OpenJDK Runtime Environment (11.0.10) (build 11.0.10+0-b96-7249189)
# Java VM: OpenJDK 64-Bit Server VM (11.0.10+0-b96-7249189, mixed mode, tiered, compressed oops, g1 gc, windows-amd64)
# No core dump will be written. Minidumps are not enabled by default on client versions of Windows
#

---------------  S U M M A R Y ------------

Command Line: --add-opens=java.base/java.util=ALL-UNNAMED --add-opens=java.base/java.lang=ALL-UNNAMED --add-opens=java.base/java.lang.invoke=ALL-UNNAMED --add-opens=java.base/java.util=ALL-UNNAMED --add-opens=java.prefs/java.util.prefs=ALL-UNNAMED --add-opens=java.prefs/java.util.prefs=ALL-UNNAMED --add-opens=java.base/java.nio.charset=ALL-UNNAMED --add-opens=java.base/java.net=ALL-UNNAMED --add-opens=java.base/java.util.concurrent.atomic=ALL-UNNAMED -Xmx2048M -Dfile.encoding=windows-1250 -Duser.country=HU -Duser.language=hu -Duser.variant org.gradle.launcher.daemon.bootstrap.GradleDaemon 7.0.2

Host: AMD FX(tm)-4300 Quad-Core Processor            , 4 cores, 15G,  Windows 10 , 64 bit Build 19041 (10.0.19041.662)
Time: Tue Oct  5 08:05:16 2021 Közép-európai nyári idõ  elapsed time: 49.594701 seconds (0d 0h 0m 49s)

---------------  T H R E A D  ---------------

Current thread (0x000001947fa00800):  JavaThread "C2 CompilerThread0" daemon [_thread_in_native, id=7620, stack(0x000000549e000000,0x000000549e100000)]


Current CompileTask:
C2:  49596 5515       4       java.net.URLClassLoader$1::run (5 bytes)

Stack: [0x000000549e000000,0x000000549e100000]
Native frames: (J=compiled Java code, j=interpreted, Vv=VM code, C=native code)
V  [jvm.dll+0x5ecfaa]
V  [jvm.dll+0x722bd5]
V  [jvm.dll+0x72412d]
V  [jvm.dll+0x7247e3]
V  [jvm.dll+0x242928]
V  [jvm.dll+0xbc4fc]
V  [jvm.dll+0xbca0c]
V  [jvm.dll+0x352d3b]
V  [jvm.dll+0x320ad3]
V  [jvm.dll+0x31ffca]
V  [jvm.dll+0x1fb602]
V  [jvm.dll+0x1fa7f4]
V  [jvm.dll+0x18354c]
V  [jvm.dll+0x208ee7]
V  [jvm.dll+0x207731]
V  [jvm.dll+0x6eb1cf]
V  [jvm.dll+0x6e3d45]
V  [jvm.dll+0x5ebe96]
C  [ucrtbase.dll+0x214c2]
C  [KERNEL32.DLL+0x17034]
C  [ntdll.dll+0x4d0d1]


---------------  P R O C E S S  ---------------

Threads class SMR info:
_java_thread_list=0x00000194043f2240, length=41, elements={
0x0000019467543800, 0x000001947f996800, 0x000001947f998000, 0x000001947f9b4000,
0x000001947f9b6000, 0x000001947f9bb800, 0x000001947fa00800, 0x000001947fa0a800,
0x000001947fa75000, 0x000001947fb63800, 0x0000019402ce4000, 0x0000019402a79000,
0x00000194031ec000, 0x00000194034f6000, 0x000001947fd4d800, 0x000001940356f800,
0x0000019403570000, 0x00000194020c1800, 0x00000194020c2800, 0x000001947fc9b000,
0x000001947fc9d000, 0x000001947fc9a000, 0x000001947fc9b800, 0x000001947fc9c800,
0x000001947fc99000, 0x000001947fc9e000, 0x000001947fc9f000, 0x000001947fc9f800,
0x0000019404a32800, 0x0000019404a34000, 0x0000019404a38000, 0x0000019404a33800,
0x0000019404a36800, 0x0000019404a3a000, 0x0000019404a3a800, 0x0000019404a3c800,
0x0000019404a37800, 0x0000019404a3e000, 0x0000019404a3e800, 0x0000019404a3f800,
0x0000019404a40800
}

Java Threads: ( => current thread )
  0x0000019467543800 JavaThread "main" [_thread_blocked, id=4200, stack(0x000000549d400000,0x000000549d500000)]
  0x000001947f996800 JavaThread "Reference Handler" daemon [_thread_blocked, id=2620, stack(0x000000549db00000,0x000000549dc00000)]
  0x000001947f998000 JavaThread "Finalizer" daemon [_thread_blocked, id=3092, stack(0x000000549dc00000,0x000000549dd00000)]
  0x000001947f9b4000 JavaThread "Signal Dispatcher" daemon [_thread_blocked, id=5028, stack(0x000000549dd00000,0x000000549de00000)]
  0x000001947f9b6000 JavaThread "Attach Listener" daemon [_thread_blocked, id=10872, stack(0x000000549de00000,0x000000549df00000)]
  0x000001947f9bb800 JavaThread "Service Thread" daemon [_thread_blocked, id=6112, stack(0x000000549df00000,0x000000549e000000)]
=>0x000001947fa00800 JavaThread "C2 CompilerThread0" daemon [_thread_in_native, id=7620, stack(0x000000549e000000,0x000000549e100000)]
  0x000001947fa0a800 JavaThread "C1 CompilerThread0" daemon [_thread_blocked, id=7188, stack(0x000000549e100000,0x000000549e200000)]
  0x000001947fa75000 JavaThread "Sweeper thread" daemon [_thread_blocked, id=972, stack(0x000000549e200000,0x000000549e300000)]
  0x000001947fb63800 JavaThread "Common-Cleaner" daemon [_thread_blocked, id=1284, stack(0x000000549e300000,0x000000549e400000)]
  0x0000019402ce4000 JavaThread "Daemon health stats" [_thread_blocked, id=10568, stack(0x000000549e500000,0x000000549e600000)]
  0x0000019402a79000 JavaThread "Incoming local TCP Connector on port 60573" [_thread_in_native, id=6900, stack(0x000000549e900000,0x000000549ea00000)]
  0x00000194031ec000 JavaThread "Daemon periodic checks" [_thread_blocked, id=2672, stack(0x000000549ea00000,0x000000549eb00000)]
  0x00000194034f6000 JavaThread "Daemon" [_thread_blocked, id=1152, stack(0x000000549eb00000,0x000000549ec00000)]
  0x000001947fd4d800 JavaThread "Handler for socket connection from /127.0.0.1:60573 to /127.0.0.1:60574" [_thread_in_native, id=10576, stack(0x000000549ec00000,0x000000549ed00000)]
  0x000001940356f800 JavaThread "Cancel handler" [_thread_blocked, id=8308, stack(0x000000549ed00000,0x000000549ee00000)]
  0x0000019403570000 JavaThread "Daemon worker" [_thread_in_vm, id=10844, stack(0x000000549ee00000,0x000000549ef00000)]
  0x00000194020c1800 JavaThread "Asynchronous log dispatcher for DefaultDaemonConnection: socket connection from /127.0.0.1:60573 to /127.0.0.1:60574" [_thread_blocked, id=4476, stack(0x000000549ef00000,0x000000549f000000)]
  0x00000194020c2800 JavaThread "Stdin handler" [_thread_blocked, id=8508, stack(0x000000549f000000,0x000000549f100000)]
  0x000001947fc9b000 JavaThread "Daemon client event forwarder" [_thread_blocked, id=8904, stack(0x000000549f100000,0x000000549f200000)]
  0x000001947fc9d000 JavaThread "Cache worker for file hash cache (C:\Users\sont1\.gradle\caches\7.0.2\fileHashes)" [_thread_blocked, id=2500, stack(0x000000549f200000,0x000000549f300000)]
  0x000001947fc9a000 JavaThread "File lock request listener" [_thread_in_native, id=4836, stack(0x000000549f300000,0x000000549f400000)]
  0x000001947fc9b800 JavaThread "Cache worker for journal cache (C:\Users\sont1\.gradle\caches\journal-1)" [_thread_blocked, id=11052, stack(0x000000549f400000,0x000000549f500000)]
  0x000001947fc9c800 JavaThread "Cache worker for file hash cache (E:\!reinstall_20200913\android_projects\LegacySonty\.gradle\7.0.2\fileHashes)" [_thread_blocked, id=10132, stack(0x000000549f500000,0x000000549f600000)]
  0x000001947fc99000 JavaThread "File watcher server" daemon [_thread_in_native, id=5768, stack(0x000000549f600000,0x000000549f700000)]
  0x000001947fc9e000 JavaThread "File watcher consumer" daemon [_thread_blocked, id=3344, stack(0x000000549f700000,0x000000549f800000)]
  0x000001947fc9f000 JavaThread "Cache worker for checksums cache (E:\!reinstall_20200913\android_projects\LegacySonty\.gradle\checksums)" [_thread_blocked, id=5180, stack(0x000000549f800000,0x000000549f900000)]
  0x000001947fc9f800 JavaThread "Cache worker for cache directory md-supplier (C:\Users\sont1\.gradle\caches\7.0.2\md-supplier)" [_thread_blocked, id=6864, stack(0x000000549f900000,0x000000549fa00000)]
  0x0000019404a32800 JavaThread "Cache worker for cache directory md-rule (C:\Users\sont1\.gradle\caches\7.0.2\md-rule)" [_thread_blocked, id=6612, stack(0x000000549fa00000,0x000000549fb00000)]
  0x0000019404a34000 JavaThread "Cache worker for execution history cache (C:\Users\sont1\.gradle\caches\7.0.2\executionHistory)" [_thread_blocked, id=6972, stack(0x000000549fb00000,0x000000549fc00000)]
  0x0000019404a38000 JavaThread "jar transforms" [_thread_blocked, id=4944, stack(0x000000549fd00000,0x000000549fe00000)]
  0x0000019404a33800 JavaThread "jar transforms Thread 2" [_thread_blocked, id=10420, stack(0x000000549fe00000,0x000000549ff00000)]
  0x0000019404a36800 JavaThread "Cache worker for file content cache (C:\Users\sont1\.gradle\caches\7.0.2\fileContent)" [_thread_blocked, id=9736, stack(0x000000549ff00000,0x00000054a0000000)]
  0x0000019404a3a000 JavaThread "Cache worker for dependencies-accessors (E:\!reinstall_20200913\android_projects\LegacySonty\.gradle\7.0.2\dependencies-accessors)" [_thread_blocked, id=8436, stack(0x00000054a0000000,0x00000054a0100000)]
  0x0000019404a3a800 JavaThread "jar transforms Thread 3" [_thread_blocked, id=10176, stack(0x000000549fc00000,0x000000549fd00000)]
  0x0000019404a3c800 JavaThread "Cache worker for Build Output Cleanup Cache (E:\!reinstall_20200913\android_projects\LegacySonty\.gradle\buildOutputCleanup)" [_thread_blocked, id=6500, stack(0x00000054a0100000,0x00000054a0200000)]
  0x0000019404a37800 JavaThread "Build operations" [_thread_blocked, id=8496, stack(0x00000054a0200000,0x00000054a0300000)]
  0x0000019404a3e000 JavaThread "Build operations Thread 2" [_thread_blocked, id=2640, stack(0x00000054a0300000,0x00000054a0400000)]
  0x0000019404a3e800 JavaThread "Build operations Thread 3" [_thread_blocked, id=9496, stack(0x00000054a0400000,0x00000054a0500000)]
  0x0000019404a3f800 JavaThread "Build operations Thread 4" [_thread_blocked, id=11096, stack(0x00000054a0500000,0x00000054a0600000)]
  0x0000019404a40800 JavaThread "jar transforms Thread 4" [_thread_blocked, id=10712, stack(0x00000054a0900000,0x00000054a0a00000)]

Other Threads:
  0x000001947f992800 VMThread "VM Thread" [stack: 0x000000549da00000,0x000000549db00000] [id=7660]
  0x000001947fb6d000 WatcherThread [stack: 0x000000549e400000,0x000000549e500000] [id=7832]
  0x000001946755e000 GCTaskThread "GC Thread#0" [stack: 0x000000549d500000,0x000000549d600000] [id=10404]
  0x00000194027fd800 GCTaskThread "GC Thread#1" [stack: 0x000000549e600000,0x000000549e700000] [id=9528]
  0x00000194027fe800 GCTaskThread "GC Thread#2" [stack: 0x000000549e700000,0x000000549e800000] [id=10616]
  0x00000194028f7800 GCTaskThread "GC Thread#3" [stack: 0x000000549e800000,0x000000549e900000] [id=4012]
  0x000001946758e800 ConcurrentGCThread "G1 Main Marker" [stack: 0x000000549d600000,0x000000549d700000] [id=11048]
  0x0000019467590000 ConcurrentGCThread "G1 Conc#0" [stack: 0x000000549d700000,0x000000549d800000] [id=7960]
  0x000001946761d800 ConcurrentGCThread "G1 Refine#0" [stack: 0x000000549d800000,0x000000549d900000] [id=4872]
  0x000001947efdc800 ConcurrentGCThread "G1 Young RemSet Sampling" [stack: 0x000000549d900000,0x000000549da00000] [id=6296]

Threads with active compile tasks:
C2 CompilerThread0  49734 5515       4       java.net.URLClassLoader$1::run (5 bytes)

VM state:not at safepoint (normal execution)

VM Mutex/Monitor currently owned by a thread: None

Heap address: 0x0000000080000000, size: 2048 MB, Compressed Oops mode: 32-bit
Narrow klass base: 0x0000000000000000, Narrow klass shift: 3
Compressed class space size: 1073741824 Address: 0x0000000100000000

Heap:
 garbage-first heap   total 262144K, used 128538K [0x0000000080000000, 0x0000000100000000)
  region size 1024K, 108 young (110592K), 12 survivors (12288K)
 Metaspace       used 54068K, capacity 55440K, committed 55676K, reserved 1097728K
  class space    used 6839K, capacity 7360K, committed 7424K, reserved 1048576K
Heap Regions: E=young(eden), S=young(survivor), O=old, HS=humongous(starts), HC=humongous(continues), CS=collection set, F=free, A=archive, TAMS=top-at-mark-start (previous, next)
|   0|0x0000000080000000, 0x0000000080100000, 0x0000000080100000|100%| O|  |TAMS 0x0000000080100000, 0x0000000080000000| Untracked 
|   1|0x0000000080100000, 0x0000000080200000, 0x0000000080200000|100%| O|  |TAMS 0x0000000080200000, 0x0000000080100000| Untracked 
|   2|0x0000000080200000, 0x0000000080300000, 0x0000000080300000|100%| O|  |TAMS 0x0000000080300000, 0x0000000080200000| Untracked 
|   3|0x0000000080300000, 0x0000000080400000, 0x0000000080400000|100%|HS|  |TAMS 0x0000000080400000, 0x0000000080300000| Complete 
|   4|0x0000000080400000, 0x0000000080500000, 0x0000000080500000|100%|HC|  |TAMS 0x0000000080500000, 0x0000000080400000| Complete 
|   5|0x0000000080500000, 0x0000000080600000, 0x0000000080600000|100%|HC|  |TAMS 0x0000000080600000, 0x0000000080500000| Complete 
|   6|0x0000000080600000, 0x0000000080700000, 0x0000000080700000|100%| O|  |TAMS 0x0000000080700000, 0x0000000080600000| Untracked 
|   7|0x0000000080700000, 0x0000000080800000, 0x0000000080800000|100%| O|  |TAMS 0x0000000080800000, 0x0000000080700000| Untracked 
|   8|0x0000000080800000, 0x0000000080900000, 0x0000000080900000|100%| O|  |TAMS 0x0000000080900000, 0x0000000080800000| Untracked 
|   9|0x0000000080900000, 0x0000000080a00000, 0x0000000080a00000|100%| O|  |TAMS 0x0000000080a00000, 0x0000000080900000| Untracked 
|  10|0x0000000080a00000, 0x0000000080b00000, 0x0000000080b00000|100%| O|  |TAMS 0x0000000080b00000, 0x0000000080a00000| Untracked 
|  11|0x0000000080b00000, 0x0000000080c00000, 0x0000000080c00000|100%| O|  |TAMS 0x0000000080c00000, 0x0000000080b00000| Untracked 
|  12|0x0000000080c00000, 0x0000000080d00000, 0x0000000080d00000|100%| O|  |TAMS 0x0000000080d00000, 0x0000000080c00000| Untracked 
|  13|0x0000000080d00000, 0x0000000080e00000, 0x0000000080e00000|100%| O|  |TAMS 0x0000000080e00000, 0x0000000080d00000| Untracked 
|  14|0x0000000080e00000, 0x0000000080f00000, 0x0000000080f00000|100%| O|  |TAMS 0x0000000080f00000, 0x0000000080e00000| Untracked 
|  15|0x0000000080f00000, 0x0000000080fa0000, 0x0000000081000000| 62%| O|  |TAMS 0x0000000080fa0000, 0x0000000080f00000| Untracked 
|  16|0x0000000081000000, 0x0000000081100000, 0x0000000081100000|100%|HS|  |TAMS 0x0000000081000000, 0x0000000081000000| Complete 
|  17|0x0000000081100000, 0x0000000081200000, 0x0000000081200000|100%|HS|  |TAMS 0x0000000081100000, 0x0000000081100000| Complete 
|  18|0x0000000081200000, 0x0000000081300000, 0x0000000081300000|100%|HS|  |TAMS 0x0000000081200000, 0x0000000081200000| Complete 
|  19|0x0000000081300000, 0x0000000081400000, 0x0000000081400000|100%|HC|  |TAMS 0x0000000081300000, 0x0000000081300000| Complete 
|  20|0x0000000081400000, 0x0000000081400000, 0x0000000081500000|  0%| F|  |TAMS 0x0000000081400000, 0x0000000081400000| Untracked 
|  21|0x0000000081500000, 0x0000000081500000, 0x0000000081600000|  0%| F|  |TAMS 0x0000000081500000, 0x0000000081500000| Untracked 
|  22|0x0000000081600000, 0x0000000081600000, 0x0000000081700000|  0%| F|  |TAMS 0x0000000081600000, 0x0000000081600000| Untracked 
|  23|0x0000000081700000, 0x0000000081700000, 0x0000000081800000|  0%| F|  |TAMS 0x0000000081700000, 0x0000000081700000| Untracked 
|  24|0x0000000081800000, 0x0000000081800000, 0x0000000081900000|  0%| F|  |TAMS 0x0000000081800000, 0x0000000081800000| Untracked 
|  25|0x0000000081900000, 0x0000000081900000, 0x0000000081a00000|  0%| F|  |TAMS 0x0000000081900000, 0x0000000081900000| Untracked 
|  26|0x0000000081a00000, 0x0000000081a00000, 0x0000000081b00000|  0%| F|  |TAMS 0x0000000081a00000, 0x0000000081a00000| Untracked 
|  27|0x0000000081b00000, 0x0000000081b00000, 0x0000000081c00000|  0%| F|  |TAMS 0x0000000081b00000, 0x0000000081b00000| Untracked 
|  28|0x0000000081c00000, 0x0000000081c00000, 0x0000000081d00000|  0%| F|  |TAMS 0x0000000081c00000, 0x0000000081c00000| Untracked 
|  29|0x0000000081d00000, 0x0000000081d00000, 0x0000000081e00000|  0%| F|  |TAMS 0x0000000081d00000, 0x0000000081d00000| Untracked 
|  30|0x0000000081e00000, 0x0000000081e00000, 0x0000000081f00000|  0%| F|  |TAMS 0x0000000081e00000, 0x0000000081e00000| Untracked 
|  31|0x0000000081f00000, 0x0000000081f00000, 0x0000000082000000|  0%| F|  |TAMS 0x0000000081f00000, 0x0000000081f00000| Untracked 
|  32|0x0000000082000000, 0x0000000082000000, 0x0000000082100000|  0%| F|  |TAMS 0x0000000082000000, 0x0000000082000000| Untracked 
|  33|0x0000000082100000, 0x0000000082100000, 0x0000000082200000|  0%| F|  |TAMS 0x0000000082100000, 0x0000000082100000| Untracked 
|  34|0x0000000082200000, 0x0000000082200000, 0x0000000082300000|  0%| F|  |TAMS 0x0000000082200000, 0x0000000082200000| Untracked 
|  35|0x0000000082300000, 0x0000000082300000, 0x0000000082400000|  0%| F|  |TAMS 0x0000000082300000, 0x0000000082300000| Untracked 
|  36|0x0000000082400000, 0x0000000082400000, 0x0000000082500000|  0%| F|  |TAMS 0x0000000082400000, 0x0000000082400000| Untracked 
|  37|0x0000000082500000, 0x0000000082500000, 0x0000000082600000|  0%| F|  |TAMS 0x0000000082500000, 0x0000000082500000| Untracked 
|  38|0x0000000082600000, 0x0000000082600000, 0x0000000082700000|  0%| F|  |TAMS 0x0000000082600000, 0x0000000082600000| Untracked 
|  39|0x0000000082700000, 0x0000000082700000, 0x0000000082800000|  0%| F|  |TAMS 0x0000000082700000, 0x0000000082700000| Untracked 
|  40|0x0000000082800000, 0x0000000082800000, 0x0000000082900000|  0%| F|  |TAMS 0x0000000082800000, 0x0000000082800000| Untracked 
|  41|0x0000000082900000, 0x0000000082900000, 0x0000000082a00000|  0%| F|  |TAMS 0x0000000082900000, 0x0000000082900000| Untracked 
|  42|0x0000000082a00000, 0x0000000082a00000, 0x0000000082b00000|  0%| F|  |TAMS 0x0000000082a00000, 0x0000000082a00000| Untracked 
|  43|0x0000000082b00000, 0x0000000082b00000, 0x0000000082c00000|  0%| F|  |TAMS 0x0000000082b00000, 0x0000000082b00000| Untracked 
|  44|0x0000000082c00000, 0x0000000082c00000, 0x0000000082d00000|  0%| F|  |TAMS 0x0000000082c00000, 0x0000000082c00000| Untracked 
|  45|0x0000000082d00000, 0x0000000082d00000, 0x0000000082e00000|  0%| F|  |TAMS 0x0000000082d00000, 0x0000000082d00000| Untracked 
|  46|0x0000000082e00000, 0x0000000082e00000, 0x0000000082f00000|  0%| F|  |TAMS 0x0000000082e00000, 0x0000000082e00000| Untracked 
|  47|0x0000000082f00000, 0x0000000082f00000, 0x0000000083000000|  0%| F|  |TAMS 0x0000000082f00000, 0x0000000082f00000| Untracked 
|  48|0x0000000083000000, 0x0000000083000000, 0x0000000083100000|  0%| F|  |TAMS 0x0000000083000000, 0x0000000083000000| Untracked 
|  49|0x0000000083100000, 0x0000000083100000, 0x0000000083200000|  0%| F|  |TAMS 0x0000000083100000, 0x0000000083100000| Untracked 
|  50|0x0000000083200000, 0x0000000083200000, 0x0000000083300000|  0%| F|  |TAMS 0x0000000083200000, 0x0000000083200000| Untracked 
|  51|0x0000000083300000, 0x0000000083300000, 0x0000000083400000|  0%| F|  |TAMS 0x0000000083300000, 0x0000000083300000| Untracked 
|  52|0x0000000083400000, 0x0000000083400000, 0x0000000083500000|  0%| F|  |TAMS 0x0000000083400000, 0x0000000083400000| Untracked 
|  53|0x0000000083500000, 0x0000000083500000, 0x0000000083600000|  0%| F|  |TAMS 0x0000000083500000, 0x0000000083500000| Untracked 
|  54|0x0000000083600000, 0x0000000083600000, 0x0000000083700000|  0%| F|  |TAMS 0x0000000083600000, 0x0000000083600000| Untracked 
|  55|0x0000000083700000, 0x0000000083700000, 0x0000000083800000|  0%| F|  |TAMS 0x0000000083700000, 0x0000000083700000| Untracked 
|  56|0x0000000083800000, 0x0000000083800000, 0x0000000083900000|  0%| F|  |TAMS 0x0000000083800000, 0x0000000083800000| Untracked 
|  57|0x0000000083900000, 0x0000000083900000, 0x0000000083a00000|  0%| F|  |TAMS 0x0000000083900000, 0x0000000083900000| Untracked 
|  58|0x0000000083a00000, 0x0000000083a00000, 0x0000000083b00000|  0%| F|  |TAMS 0x0000000083a00000, 0x0000000083a00000| Untracked 
|  59|0x0000000083b00000, 0x0000000083b00000, 0x0000000083c00000|  0%| F|  |TAMS 0x0000000083b00000, 0x0000000083b00000| Untracked 
|  60|0x0000000083c00000, 0x0000000083c00000, 0x0000000083d00000|  0%| F|  |TAMS 0x0000000083c00000, 0x0000000083c00000| Untracked 
|  61|0x0000000083d00000, 0x0000000083d00000, 0x0000000083e00000|  0%| F|  |TAMS 0x0000000083d00000, 0x0000000083d00000| Untracked 
|  62|0x0000000083e00000, 0x0000000083e00000, 0x0000000083f00000|  0%| F|  |TAMS 0x0000000083e00000, 0x0000000083e00000| Untracked 
|  63|0x0000000083f00000, 0x0000000083f00000, 0x0000000084000000|  0%| F|  |TAMS 0x0000000083f00000, 0x0000000083f00000| Untracked 
|  64|0x0000000084000000, 0x0000000084000000, 0x0000000084100000|  0%| F|  |TAMS 0x0000000084000000, 0x0000000084000000| Untracked 
|  65|0x0000000084100000, 0x0000000084100000, 0x0000000084200000|  0%| F|  |TAMS 0x0000000084100000, 0x0000000084100000| Untracked 
|  66|0x0000000084200000, 0x0000000084200000, 0x0000000084300000|  0%| F|  |TAMS 0x0000000084200000, 0x0000000084200000| Untracked 
|  67|0x0000000084300000, 0x0000000084300000, 0x0000000084400000|  0%| F|  |TAMS 0x0000000084300000, 0x0000000084300000| Untracked 
|  68|0x0000000084400000, 0x0000000084400000, 0x0000000084500000|  0%| F|  |TAMS 0x0000000084400000, 0x0000000084400000| Untracked 
|  69|0x0000000084500000, 0x0000000084500000, 0x0000000084600000|  0%| F|  |TAMS 0x0000000084500000, 0x0000000084500000| Untracked 
|  70|0x0000000084600000, 0x0000000084600000, 0x0000000084700000|  0%| F|  |TAMS 0x0000000084600000, 0x0000000084600000| Untracked 
|  71|0x0000000084700000, 0x0000000084700000, 0x0000000084800000|  0%| F|  |TAMS 0x0000000084700000, 0x0000000084700000| Untracked 
|  72|0x0000000084800000, 0x0000000084800000, 0x0000000084900000|  0%| F|  |TAMS 0x0000000084800000, 0x0000000084800000| Untracked 
|  73|0x0000000084900000, 0x0000000084900000, 0x0000000084a00000|  0%| F|  |TAMS 0x0000000084900000, 0x0000000084900000| Untracked 
|  74|0x0000000084a00000, 0x0000000084a00000, 0x0000000084b00000|  0%| F|  |TAMS 0x0000000084a00000, 0x0000000084a00000| Untracked 
|  75|0x0000000084b00000, 0x0000000084b00000, 0x0000000084c00000|  0%| F|  |TAMS 0x0000000084b00000, 0x0000000084b00000| Untracked 
|  76|0x0000000084c00000, 0x0000000084c00000, 0x0000000084d00000|  0%| F|  |TAMS 0x0000000084c00000, 0x0000000084c00000| Untracked 
|  77|0x0000000084d00000, 0x0000000084d00000, 0x0000000084e00000|  0%| F|  |TAMS 0x0000000084d00000, 0x0000000084d00000| Untracked 
|  78|0x0000000084e00000, 0x0000000084e00000, 0x0000000084f00000|  0%| F|  |TAMS 0x0000000084e00000, 0x0000000084e00000| Untracked 
|  79|0x0000000084f00000, 0x0000000084f00000, 0x0000000085000000|  0%| F|  |TAMS 0x0000000084f00000, 0x0000000084f00000| Untracked 
|  80|0x0000000085000000, 0x0000000085000000, 0x0000000085100000|  0%| F|  |TAMS 0x0000000085000000, 0x0000000085000000| Untracked 
|  81|0x0000000085100000, 0x0000000085100000, 0x0000000085200000|  0%| F|  |TAMS 0x0000000085100000, 0x0000000085100000| Untracked 
|  82|0x0000000085200000, 0x0000000085200000, 0x0000000085300000|  0%| F|  |TAMS 0x0000000085200000, 0x0000000085200000| Untracked 
|  83|0x0000000085300000, 0x0000000085300000, 0x0000000085400000|  0%| F|  |TAMS 0x0000000085300000, 0x0000000085300000| Untracked 
|  84|0x0000000085400000, 0x0000000085400000, 0x0000000085500000|  0%| F|  |TAMS 0x0000000085400000, 0x0000000085400000| Untracked 
|  85|0x0000000085500000, 0x0000000085500000, 0x0000000085600000|  0%| F|  |TAMS 0x0000000085500000, 0x0000000085500000| Untracked 
|  86|0x0000000085600000, 0x0000000085600000, 0x0000000085700000|  0%| F|  |TAMS 0x0000000085600000, 0x0000000085600000| Untracked 
|  87|0x0000000085700000, 0x0000000085700000, 0x0000000085800000|  0%| F|  |TAMS 0x0000000085700000, 0x0000000085700000| Untracked 
|  88|0x0000000085800000, 0x0000000085800000, 0x0000000085900000|  0%| F|  |TAMS 0x0000000085800000, 0x0000000085800000| Untracked 
|  89|0x0000000085900000, 0x0000000085900000, 0x0000000085a00000|  0%| F|  |TAMS 0x0000000085900000, 0x0000000085900000| Untracked 
|  90|0x0000000085a00000, 0x0000000085a00000, 0x0000000085b00000|  0%| F|  |TAMS 0x0000000085a00000, 0x0000000085a00000| Untracked 
|  91|0x0000000085b00000, 0x0000000085b00000, 0x0000000085c00000|  0%| F|  |TAMS 0x0000000085b00000, 0x0000000085b00000| Untracked 
|  92|0x0000000085c00000, 0x0000000085c00000, 0x0000000085d00000|  0%| F|  |TAMS 0x0000000085c00000, 0x0000000085c00000| Untracked 
|  93|0x0000000085d00000, 0x0000000085d00000, 0x0000000085e00000|  0%| F|  |TAMS 0x0000000085d00000, 0x0000000085d00000| Untracked 
|  94|0x0000000085e00000, 0x0000000085e00000, 0x0000000085f00000|  0%| F|  |TAMS 0x0000000085e00000, 0x0000000085e00000| Untracked 
|  95|0x0000000085f00000, 0x0000000085f00000, 0x0000000086000000|  0%| F|  |TAMS 0x0000000085f00000, 0x0000000085f00000| Untracked 
|  96|0x0000000086000000, 0x0000000086000000, 0x0000000086100000|  0%| F|  |TAMS 0x0000000086000000, 0x0000000086000000| Untracked 
|  97|0x0000000086100000, 0x0000000086100000, 0x0000000086200000|  0%| F|  |TAMS 0x0000000086100000, 0x0000000086100000| Untracked 
|  98|0x0000000086200000, 0x0000000086200000, 0x0000000086300000|  0%| F|  |TAMS 0x0000000086200000, 0x0000000086200000| Untracked 
|  99|0x0000000086300000, 0x0000000086300000, 0x0000000086400000|  0%| F|  |TAMS 0x0000000086300000, 0x0000000086300000| Untracked 
| 100|0x0000000086400000, 0x0000000086400000, 0x0000000086500000|  0%| F|  |TAMS 0x0000000086400000, 0x0000000086400000| Untracked 
| 101|0x0000000086500000, 0x0000000086500000, 0x0000000086600000|  0%| F|  |TAMS 0x0000000086500000, 0x0000000086500000| Untracked 
| 102|0x0000000086600000, 0x0000000086600000, 0x0000000086700000|  0%| F|  |TAMS 0x0000000086600000, 0x0000000086600000| Untracked 
| 103|0x0000000086700000, 0x0000000086700000, 0x0000000086800000|  0%| F|  |TAMS 0x0000000086700000, 0x0000000086700000| Untracked 
| 104|0x0000000086800000, 0x0000000086800000, 0x0000000086900000|  0%| F|  |TAMS 0x0000000086800000, 0x0000000086800000| Untracked 
| 105|0x0000000086900000, 0x0000000086900000, 0x0000000086a00000|  0%| F|  |TAMS 0x0000000086900000, 0x0000000086900000| Untracked 
| 106|0x0000000086a00000, 0x0000000086a00000, 0x0000000086b00000|  0%| F|  |TAMS 0x0000000086a00000, 0x0000000086a00000| Untracked 
| 107|0x0000000086b00000, 0x0000000086b00000, 0x0000000086c00000|  0%| F|  |TAMS 0x0000000086b00000, 0x0000000086b00000| Untracked 
| 108|0x0000000086c00000, 0x0000000086c00000, 0x0000000086d00000|  0%| F|  |TAMS 0x0000000086c00000, 0x0000000086c00000| Untracked 
| 109|0x0000000086d00000, 0x0000000086d00000, 0x0000000086e00000|  0%| F|  |TAMS 0x0000000086d00000, 0x0000000086d00000| Untracked 
| 110|0x0000000086e00000, 0x0000000086e00000, 0x0000000086f00000|  0%| F|  |TAMS 0x0000000086e00000, 0x0000000086e00000| Untracked 
| 111|0x0000000086f00000, 0x0000000086f00000, 0x0000000087000000|  0%| F|  |TAMS 0x0000000086f00000, 0x0000000086f00000| Untracked 
| 112|0x0000000087000000, 0x0000000087000000, 0x0000000087100000|  0%| F|  |TAMS 0x0000000087000000, 0x0000000087000000| Untracked 
| 113|0x0000000087100000, 0x0000000087100000, 0x0000000087200000|  0%| F|  |TAMS 0x0000000087100000, 0x0000000087100000| Untracked 
| 114|0x0000000087200000, 0x0000000087200000, 0x0000000087300000|  0%| F|  |TAMS 0x0000000087200000, 0x0000000087200000| Untracked 
| 115|0x0000000087300000, 0x0000000087300000, 0x0000000087400000|  0%| F|  |TAMS 0x0000000087300000, 0x0000000087300000| Untracked 
| 116|0x0000000087400000, 0x0000000087400000, 0x0000000087500000|  0%| F|  |TAMS 0x0000000087400000, 0x0000000087400000| Untracked 
| 117|0x0000000087500000, 0x00000000875e6988, 0x0000000087600000| 90%| S|CS|TAMS 0x0000000087500000, 0x0000000087500000| Complete 
| 118|0x0000000087600000, 0x0000000087700000, 0x0000000087700000|100%| S|CS|TAMS 0x0000000087600000, 0x0000000087600000| Complete 
| 119|0x0000000087700000, 0x0000000087800000, 0x0000000087800000|100%| S|CS|TAMS 0x0000000087700000, 0x0000000087700000| Complete 
| 120|0x0000000087800000, 0x0000000087900000, 0x0000000087900000|100%| S|CS|TAMS 0x0000000087800000, 0x0000000087800000| Complete 
| 121|0x0000000087900000, 0x0000000087a00000, 0x0000000087a00000|100%| S|CS|TAMS 0x0000000087900000, 0x0000000087900000| Complete 
| 122|0x0000000087a00000, 0x0000000087b00000, 0x0000000087b00000|100%| S|CS|TAMS 0x0000000087a00000, 0x0000000087a00000| Complete 
| 123|0x0000000087b00000, 0x0000000087c00000, 0x0000000087c00000|100%| S|CS|TAMS 0x0000000087b00000, 0x0000000087b00000| Complete 
| 124|0x0000000087c00000, 0x0000000087d00000, 0x0000000087d00000|100%| S|CS|TAMS 0x0000000087c00000, 0x0000000087c00000| Complete 
| 125|0x0000000087d00000, 0x0000000087e00000, 0x0000000087e00000|100%| S|CS|TAMS 0x0000000087d00000, 0x0000000087d00000| Complete 
| 126|0x0000000087e00000, 0x0000000087f00000, 0x0000000087f00000|100%| S|CS|TAMS 0x0000000087e00000, 0x0000000087e00000| Complete 
| 127|0x0000000087f00000, 0x0000000088000000, 0x0000000088000000|100%| S|CS|TAMS 0x0000000087f00000, 0x0000000087f00000| Complete 
| 128|0x0000000088000000, 0x0000000088100000, 0x0000000088100000|100%| S|CS|TAMS 0x0000000088000000, 0x0000000088000000| Complete 
| 129|0x0000000088100000, 0x0000000088100000, 0x0000000088200000|  0%| F|  |TAMS 0x0000000088100000, 0x0000000088100000| Untracked 
| 130|0x0000000088200000, 0x0000000088200000, 0x0000000088300000|  0%| F|  |TAMS 0x0000000088200000, 0x0000000088200000| Untracked 
| 131|0x0000000088300000, 0x0000000088300000, 0x0000000088400000|  0%| F|  |TAMS 0x0000000088300000, 0x0000000088300000| Untracked 
| 132|0x0000000088400000, 0x0000000088400000, 0x0000000088500000|  0%| F|  |TAMS 0x0000000088400000, 0x0000000088400000| Untracked 
| 133|0x0000000088500000, 0x0000000088500000, 0x0000000088600000|  0%| F|  |TAMS 0x0000000088500000, 0x0000000088500000| Untracked 
| 134|0x0000000088600000, 0x0000000088600000, 0x0000000088700000|  0%| F|  |TAMS 0x0000000088600000, 0x0000000088600000| Untracked 
| 135|0x0000000088700000, 0x0000000088700000, 0x0000000088800000|  0%| F|  |TAMS 0x0000000088700000, 0x0000000088700000| Untracked 
| 136|0x0000000088800000, 0x0000000088800000, 0x0000000088900000|  0%| F|  |TAMS 0x0000000088800000, 0x0000000088800000| Untracked 
| 137|0x0000000088900000, 0x0000000088900000, 0x0000000088a00000|  0%| F|  |TAMS 0x0000000088900000, 0x0000000088900000| Untracked 
| 138|0x0000000088a00000, 0x0000000088a00000, 0x0000000088b00000|  0%| F|  |TAMS 0x0000000088a00000, 0x0000000088a00000| Untracked 
| 139|0x0000000088b00000, 0x0000000088b00000, 0x0000000088c00000|  0%| F|  |TAMS 0x0000000088b00000, 0x0000000088b00000| Untracked 
| 140|0x0000000088c00000, 0x0000000088c00000, 0x0000000088d00000|  0%| F|  |TAMS 0x0000000088c00000, 0x0000000088c00000| Untracked 
| 141|0x0000000088d00000, 0x0000000088d00000, 0x0000000088e00000|  0%| F|  |TAMS 0x0000000088d00000, 0x0000000088d00000| Untracked 
| 142|0x0000000088e00000, 0x0000000088e00000, 0x0000000088f00000|  0%| F|  |TAMS 0x0000000088e00000, 0x0000000088e00000| Untracked 
| 143|0x0000000088f00000, 0x0000000088f00000, 0x0000000089000000|  0%| F|  |TAMS 0x0000000088f00000, 0x0000000088f00000| Untracked 
| 144|0x0000000089000000, 0x0000000089000000, 0x0000000089100000|  0%| F|  |TAMS 0x0000000089000000, 0x0000000089000000| Untracked 
| 145|0x0000000089100000, 0x0000000089100000, 0x0000000089200000|  0%| F|  |TAMS 0x0000000089100000, 0x0000000089100000| Untracked 
| 146|0x0000000089200000, 0x0000000089200000, 0x0000000089300000|  0%| F|  |TAMS 0x0000000089200000, 0x0000000089200000| Untracked 
| 147|0x0000000089300000, 0x0000000089300000, 0x0000000089400000|  0%| F|  |TAMS 0x0000000089300000, 0x0000000089300000| Untracked 
| 148|0x0000000089400000, 0x0000000089400000, 0x0000000089500000|  0%| F|  |TAMS 0x0000000089400000, 0x0000000089400000| Untracked 
| 149|0x0000000089500000, 0x0000000089500000, 0x0000000089600000|  0%| F|  |TAMS 0x0000000089500000, 0x0000000089500000| Untracked 
| 150|0x0000000089600000, 0x0000000089600000, 0x0000000089700000|  0%| F|  |TAMS 0x0000000089600000, 0x0000000089600000| Untracked 
| 151|0x0000000089700000, 0x0000000089700000, 0x0000000089800000|  0%| F|  |TAMS 0x0000000089700000, 0x0000000089700000| Untracked 
| 152|0x0000000089800000, 0x0000000089800000, 0x0000000089900000|  0%| F|  |TAMS 0x0000000089800000, 0x0000000089800000| Untracked 
| 153|0x0000000089900000, 0x0000000089900000, 0x0000000089a00000|  0%| F|  |TAMS 0x0000000089900000, 0x0000000089900000| Untracked 
| 154|0x0000000089a00000, 0x0000000089a00000, 0x0000000089b00000|  0%| F|  |TAMS 0x0000000089a00000, 0x0000000089a00000| Untracked 
| 155|0x0000000089b00000, 0x0000000089b00000, 0x0000000089c00000|  0%| F|  |TAMS 0x0000000089b00000, 0x0000000089b00000| Untracked 
| 156|0x0000000089c00000, 0x0000000089c00000, 0x0000000089d00000|  0%| F|  |TAMS 0x0000000089c00000, 0x0000000089c00000| Untracked 
| 157|0x0000000089d00000, 0x0000000089d00000, 0x0000000089e00000|  0%| F|  |TAMS 0x0000000089d00000, 0x0000000089d00000| Untracked 
| 158|0x0000000089e00000, 0x0000000089e00000, 0x0000000089f00000|  0%| F|  |TAMS 0x0000000089e00000, 0x0000000089e00000| Untracked 
| 159|0x0000000089f00000, 0x000000008a000000, 0x000000008a000000|100%| E|  |TAMS 0x0000000089f00000, 0x0000000089f00000| Complete 
| 160|0x000000008a000000, 0x000000008a100000, 0x000000008a100000|100%| E|CS|TAMS 0x000000008a000000, 0x000000008a000000| Complete 
| 161|0x000000008a100000, 0x000000008a200000, 0x000000008a200000|100%| E|CS|TAMS 0x000000008a100000, 0x000000008a100000| Complete 
| 162|0x000000008a200000, 0x000000008a300000, 0x000000008a300000|100%| E|CS|TAMS 0x000000008a200000, 0x000000008a200000| Complete 
| 163|0x000000008a300000, 0x000000008a400000, 0x000000008a400000|100%| E|CS|TAMS 0x000000008a300000, 0x000000008a300000| Complete 
| 164|0x000000008a400000, 0x000000008a500000, 0x000000008a500000|100%| E|CS|TAMS 0x000000008a400000, 0x000000008a400000| Complete 
| 165|0x000000008a500000, 0x000000008a600000, 0x000000008a600000|100%| E|CS|TAMS 0x000000008a500000, 0x000000008a500000| Complete 
| 166|0x000000008a600000, 0x000000008a700000, 0x000000008a700000|100%| E|CS|TAMS 0x000000008a600000, 0x000000008a600000| Complete 
| 167|0x000000008a700000, 0x000000008a800000, 0x000000008a800000|100%| E|CS|TAMS 0x000000008a700000, 0x000000008a700000| Complete 
| 168|0x000000008a800000, 0x000000008a900000, 0x000000008a900000|100%| E|CS|TAMS 0x000000008a800000, 0x000000008a800000| Complete 
| 169|0x000000008a900000, 0x000000008aa00000, 0x000000008aa00000|100%| E|CS|TAMS 0x000000008a900000, 0x000000008a900000| Complete 
| 170|0x000000008aa00000, 0x000000008ab00000, 0x000000008ab00000|100%| E|CS|TAMS 0x000000008aa00000, 0x000000008aa00000| Complete 
| 171|0x000000008ab00000, 0x000000008ac00000, 0x000000008ac00000|100%| E|CS|TAMS 0x000000008ab00000, 0x000000008ab00000| Complete 
| 172|0x000000008ac00000, 0x000000008ad00000, 0x000000008ad00000|100%| E|CS|TAMS 0x000000008ac00000, 0x000000008ac00000| Complete 
| 173|0x000000008ad00000, 0x000000008ae00000, 0x000000008ae00000|100%| E|CS|TAMS 0x000000008ad00000, 0x000000008ad00000| Complete 
| 174|0x000000008ae00000, 0x000000008af00000, 0x000000008af00000|100%| E|CS|TAMS 0x000000008ae00000, 0x000000008ae00000| Complete 
| 175|0x000000008af00000, 0x000000008b000000, 0x000000008b000000|100%| E|CS|TAMS 0x000000008af00000, 0x000000008af00000| Complete 
| 176|0x000000008b000000, 0x000000008b100000, 0x000000008b100000|100%| E|CS|TAMS 0x000000008b000000, 0x000000008b000000| Complete 
| 177|0x000000008b100000, 0x000000008b200000, 0x000000008b200000|100%| E|CS|TAMS 0x000000008b100000, 0x000000008b100000| Complete 
| 178|0x000000008b200000, 0x000000008b300000, 0x000000008b300000|100%| E|CS|TAMS 0x000000008b200000, 0x000000008b200000| Complete 
| 179|0x000000008b300000, 0x000000008b400000, 0x000000008b400000|100%| E|CS|TAMS 0x000000008b300000, 0x000000008b300000| Complete 
| 180|0x000000008b400000, 0x000000008b500000, 0x000000008b500000|100%| E|CS|TAMS 0x000000008b400000, 0x000000008b400000| Complete 
| 181|0x000000008b500000, 0x000000008b600000, 0x000000008b600000|100%| E|CS|TAMS 0x000000008b500000, 0x000000008b500000| Complete 
| 182|0x000000008b600000, 0x000000008b700000, 0x000000008b700000|100%| E|CS|TAMS 0x000000008b600000, 0x000000008b600000| Complete 
| 183|0x000000008b700000, 0x000000008b800000, 0x000000008b800000|100%| E|CS|TAMS 0x000000008b700000, 0x000000008b700000| Complete 
| 184|0x000000008b800000, 0x000000008b900000, 0x000000008b900000|100%| E|CS|TAMS 0x000000008b800000, 0x000000008b800000| Complete 
| 185|0x000000008b900000, 0x000000008ba00000, 0x000000008ba00000|100%| E|CS|TAMS 0x000000008b900000, 0x000000008b900000| Complete 
| 186|0x000000008ba00000, 0x000000008bb00000, 0x000000008bb00000|100%| E|CS|TAMS 0x000000008ba00000, 0x000000008ba00000| Complete 
| 187|0x000000008bb00000, 0x000000008bc00000, 0x000000008bc00000|100%| E|CS|TAMS 0x000000008bb00000, 0x000000008bb00000| Complete 
| 188|0x000000008bc00000, 0x000000008bd00000, 0x000000008bd00000|100%| E|CS|TAMS 0x000000008bc00000, 0x000000008bc00000| Complete 
| 189|0x000000008bd00000, 0x000000008be00000, 0x000000008be00000|100%| E|CS|TAMS 0x000000008bd00000, 0x000000008bd00000| Complete 
| 190|0x000000008be00000, 0x000000008bf00000, 0x000000008bf00000|100%| E|CS|TAMS 0x000000008be00000, 0x000000008be00000| Complete 
| 191|0x000000008bf00000, 0x000000008c000000, 0x000000008c000000|100%| E|CS|TAMS 0x000000008bf00000, 0x000000008bf00000| Complete 
| 192|0x000000008c000000, 0x000000008c100000, 0x000000008c100000|100%| E|CS|TAMS 0x000000008c000000, 0x000000008c000000| Complete 
| 193|0x000000008c100000, 0x000000008c200000, 0x000000008c200000|100%| E|CS|TAMS 0x000000008c100000, 0x000000008c100000| Complete 
| 194|0x000000008c200000, 0x000000008c300000, 0x000000008c300000|100%| E|CS|TAMS 0x000000008c200000, 0x000000008c200000| Complete 
| 195|0x000000008c300000, 0x000000008c400000, 0x000000008c400000|100%| E|CS|TAMS 0x000000008c300000, 0x000000008c300000| Complete 
| 196|0x000000008c400000, 0x000000008c500000, 0x000000008c500000|100%| E|CS|TAMS 0x000000008c400000, 0x000000008c400000| Complete 
| 197|0x000000008c500000, 0x000000008c600000, 0x000000008c600000|100%| E|CS|TAMS 0x000000008c500000, 0x000000008c500000| Complete 
| 198|0x000000008c600000, 0x000000008c700000, 0x000000008c700000|100%| E|CS|TAMS 0x000000008c600000, 0x000000008c600000| Complete 
| 199|0x000000008c700000, 0x000000008c800000, 0x000000008c800000|100%| E|CS|TAMS 0x000000008c700000, 0x000000008c700000| Complete 
| 200|0x000000008c800000, 0x000000008c900000, 0x000000008c900000|100%| E|CS|TAMS 0x000000008c800000, 0x000000008c800000| Complete 
| 201|0x000000008c900000, 0x000000008ca00000, 0x000000008ca00000|100%| E|CS|TAMS 0x000000008c900000, 0x000000008c900000| Complete 
| 202|0x000000008ca00000, 0x000000008cb00000, 0x000000008cb00000|100%| E|CS|TAMS 0x000000008ca00000, 0x000000008ca00000| Complete 
| 203|0x000000008cb00000, 0x000000008cc00000, 0x000000008cc00000|100%| E|CS|TAMS 0x000000008cb00000, 0x000000008cb00000| Complete 
| 204|0x000000008cc00000, 0x000000008cd00000, 0x000000008cd00000|100%| E|CS|TAMS 0x000000008cc00000, 0x000000008cc00000| Complete 
| 205|0x000000008cd00000, 0x000000008ce00000, 0x000000008ce00000|100%| E|CS|TAMS 0x000000008cd00000, 0x000000008cd00000| Complete 
| 206|0x000000008ce00000, 0x000000008cf00000, 0x000000008cf00000|100%| E|CS|TAMS 0x000000008ce00000, 0x000000008ce00000| Complete 
| 207|0x000000008cf00000, 0x000000008d000000, 0x000000008d000000|100%| E|CS|TAMS 0x000000008cf00000, 0x000000008cf00000| Complete 
| 208|0x000000008d000000, 0x000000008d100000, 0x000000008d100000|100%| E|CS|TAMS 0x000000008d000000, 0x000000008d000000| Complete 
| 209|0x000000008d100000, 0x000000008d200000, 0x000000008d200000|100%| E|CS|TAMS 0x000000008d100000, 0x000000008d100000| Complete 
| 210|0x000000008d200000, 0x000000008d300000, 0x000000008d300000|100%| E|CS|TAMS 0x000000008d200000, 0x000000008d200000| Complete 
| 211|0x000000008d300000, 0x000000008d400000, 0x000000008d400000|100%| E|CS|TAMS 0x000000008d300000, 0x000000008d300000| Complete 
| 212|0x000000008d400000, 0x000000008d500000, 0x000000008d500000|100%| E|CS|TAMS 0x000000008d400000, 0x000000008d400000| Complete 
| 213|0x000000008d500000, 0x000000008d600000, 0x000000008d600000|100%| E|CS|TAMS 0x000000008d500000, 0x000000008d500000| Complete 
| 214|0x000000008d600000, 0x000000008d700000, 0x000000008d700000|100%| E|CS|TAMS 0x000000008d600000, 0x000000008d600000| Complete 
| 215|0x000000008d700000, 0x000000008d800000, 0x000000008d800000|100%| E|  |TAMS 0x000000008d700000, 0x000000008d700000| Complete 
| 216|0x000000008d800000, 0x000000008d900000, 0x000000008d900000|100%| E|CS|TAMS 0x000000008d800000, 0x000000008d800000| Complete 
| 217|0x000000008d900000, 0x000000008da00000, 0x000000008da00000|100%| E|CS|TAMS 0x000000008d900000, 0x000000008d900000| Complete 
| 218|0x000000008da00000, 0x000000008db00000, 0x000000008db00000|100%| E|CS|TAMS 0x000000008da00000, 0x000000008da00000| Complete 
| 219|0x000000008db00000, 0x000000008dc00000, 0x000000008dc00000|100%| E|CS|TAMS 0x000000008db00000, 0x000000008db00000| Complete 
| 220|0x000000008dc00000, 0x000000008dd00000, 0x000000008dd00000|100%| E|CS|TAMS 0x000000008dc00000, 0x000000008dc00000| Complete 
| 221|0x000000008dd00000, 0x000000008de00000, 0x000000008de00000|100%| E|CS|TAMS 0x000000008dd00000, 0x000000008dd00000| Complete 
| 222|0x000000008de00000, 0x000000008df00000, 0x000000008df00000|100%| E|CS|TAMS 0x000000008de00000, 0x000000008de00000| Complete 
| 223|0x000000008df00000, 0x000000008e000000, 0x000000008e000000|100%| E|CS|TAMS 0x000000008df00000, 0x000000008df00000| Complete 
| 224|0x000000008e000000, 0x000000008e100000, 0x000000008e100000|100%| E|CS|TAMS 0x000000008e000000, 0x000000008e000000| Complete 
| 225|0x000000008e100000, 0x000000008e200000, 0x000000008e200000|100%| E|CS|TAMS 0x000000008e100000, 0x000000008e100000| Complete 
| 226|0x000000008e200000, 0x000000008e300000, 0x000000008e300000|100%| E|CS|TAMS 0x000000008e200000, 0x000000008e200000| Complete 
| 227|0x000000008e300000, 0x000000008e400000, 0x000000008e400000|100%| E|CS|TAMS 0x000000008e300000, 0x000000008e300000| Complete 
| 228|0x000000008e400000, 0x000000008e500000, 0x000000008e500000|100%| E|CS|TAMS 0x000000008e400000, 0x000000008e400000| Complete 
| 229|0x000000008e500000, 0x000000008e600000, 0x000000008e600000|100%| E|CS|TAMS 0x000000008e500000, 0x000000008e500000| Complete 
| 230|0x000000008e600000, 0x000000008e700000, 0x000000008e700000|100%| E|CS|TAMS 0x000000008e600000, 0x000000008e600000| Complete 
| 231|0x000000008e700000, 0x000000008e800000, 0x000000008e800000|100%| E|CS|TAMS 0x000000008e700000, 0x000000008e700000| Complete 
| 232|0x000000008e800000, 0x000000008e900000, 0x000000008e900000|100%| E|CS|TAMS 0x000000008e800000, 0x000000008e800000| Complete 
| 233|0x000000008e900000, 0x000000008ea00000, 0x000000008ea00000|100%| E|CS|TAMS 0x000000008e900000, 0x000000008e900000| Complete 
| 234|0x000000008ea00000, 0x000000008eb00000, 0x000000008eb00000|100%| E|CS|TAMS 0x000000008ea00000, 0x000000008ea00000| Complete 
| 235|0x000000008eb00000, 0x000000008ec00000, 0x000000008ec00000|100%| E|CS|TAMS 0x000000008eb00000, 0x000000008eb00000| Complete 
| 236|0x000000008ec00000, 0x000000008ed00000, 0x000000008ed00000|100%| E|CS|TAMS 0x000000008ec00000, 0x000000008ec00000| Complete 
| 237|0x000000008ed00000, 0x000000008ee00000, 0x000000008ee00000|100%| E|CS|TAMS 0x000000008ed00000, 0x000000008ed00000| Complete 
| 238|0x000000008ee00000, 0x000000008ef00000, 0x000000008ef00000|100%| E|CS|TAMS 0x000000008ee00000, 0x000000008ee00000| Complete 
| 239|0x000000008ef00000, 0x000000008f000000, 0x000000008f000000|100%| E|CS|TAMS 0x000000008ef00000, 0x000000008ef00000| Complete 
| 240|0x000000008f000000, 0x000000008f100000, 0x000000008f100000|100%| E|CS|TAMS 0x000000008f000000, 0x000000008f000000| Complete 
| 241|0x000000008f100000, 0x000000008f200000, 0x000000008f200000|100%| E|CS|TAMS 0x000000008f100000, 0x000000008f100000| Complete 
| 242|0x000000008f200000, 0x000000008f300000, 0x000000008f300000|100%| E|CS|TAMS 0x000000008f200000, 0x000000008f200000| Complete 
| 243|0x000000008f300000, 0x000000008f400000, 0x000000008f400000|100%| E|CS|TAMS 0x000000008f300000, 0x000000008f300000| Complete 
| 244|0x000000008f400000, 0x000000008f500000, 0x000000008f500000|100%| E|CS|TAMS 0x000000008f400000, 0x000000008f400000| Complete 
| 245|0x000000008f500000, 0x000000008f600000, 0x000000008f600000|100%| E|CS|TAMS 0x000000008f500000, 0x000000008f500000| Complete 
| 246|0x000000008f600000, 0x000000008f700000, 0x000000008f700000|100%| E|CS|TAMS 0x000000008f600000, 0x000000008f600000| Complete 
| 247|0x000000008f700000, 0x000000008f800000, 0x000000008f800000|100%| E|CS|TAMS 0x000000008f700000, 0x000000008f700000| Complete 
| 248|0x000000008f800000, 0x000000008f900000, 0x000000008f900000|100%| E|CS|TAMS 0x000000008f800000, 0x000000008f800000| Complete 
| 249|0x000000008f900000, 0x000000008fa00000, 0x000000008fa00000|100%| E|CS|TAMS 0x000000008f900000, 0x000000008f900000| Complete 
| 250|0x000000008fa00000, 0x000000008fb00000, 0x000000008fb00000|100%| E|CS|TAMS 0x000000008fa00000, 0x000000008fa00000| Complete 
| 251|0x000000008fb00000, 0x000000008fc00000, 0x000000008fc00000|100%| E|CS|TAMS 0x000000008fb00000, 0x000000008fb00000| Complete 
| 252|0x000000008fc00000, 0x000000008fd00000, 0x000000008fd00000|100%| E|CS|TAMS 0x000000008fc00000, 0x000000008fc00000| Complete 
| 253|0x000000008fd00000, 0x000000008fe00000, 0x000000008fe00000|100%| E|CS|TAMS 0x000000008fd00000, 0x000000008fd00000| Complete 
| 254|0x000000008fe00000, 0x000000008ff00000, 0x000000008ff00000|100%| E|CS|TAMS 0x000000008fe00000, 0x000000008fe00000| Complete 
| 255|0x000000008ff00000, 0x0000000090000000, 0x0000000090000000|100%| E|CS|TAMS 0x000000008ff00000, 0x000000008ff00000| Complete 

Card table byte_map: [0x000001947a430000,0x000001947a830000] _byte_map_base: 0x000001947a030000

Marking Bits (Prev, Next): (CMBitMap*) 0x0000019467585718, (CMBitMap*) 0x0000019467585750
 Prev Bits: [0x000001947ac30000, 0x000001947cc30000)
 Next Bits: [0x000001947cc30000, 0x000001947ec30000)

Polling page: 0x00000194651d0000

Metaspace:

Usage:
  Non-class:     47.20 MB capacity,    46.35 MB ( 98%) used,   739.05 KB (  2%) free+waste,   138.56 KB ( <1%) overhead. 
      Class:      7.22 MB capacity,     6.70 MB ( 93%) used,   460.91 KB (  6%) free+waste,    65.50 KB ( <1%) overhead. 
       Both:     54.42 MB capacity,    53.05 MB ( 97%) used,     1.17 MB (  2%) free+waste,   204.06 KB ( <1%) overhead. 

Virtual space:
  Non-class space:       48.00 MB reserved,      47.37 MB ( 99%) committed 
      Class space:        1.00 GB reserved,       7.25 MB ( <1%) committed 
             Both:        1.05 GB reserved,      54.62 MB (  5%) committed 

Chunk freelists:
   Non-Class:  44.00 KB
       Class:  0 bytes
        Both:  44.00 KB

MaxMetaspaceSize: 17179869184.00 GB
CompressedClassSpaceSize: 1.00 GB

CodeHeap 'non-profiled nmethods': size=120064Kb used=3092Kb max_used=3092Kb free=116972Kb
 bounds [0x0000019472af0000, 0x0000019472e00000, 0x000001947a030000]
CodeHeap 'profiled nmethods': size=120000Kb used=11722Kb max_used=11722Kb free=108277Kb
 bounds [0x000001946b5c0000, 0x000001946c140000, 0x0000019472af0000]
CodeHeap 'non-nmethods': size=5696Kb used=2238Kb max_used=2279Kb free=3457Kb
 bounds [0x000001946b030000, 0x000001946b2a0000, 0x000001946b5c0000]
 total_blobs=6336 nmethods=5519 adapters=727
 compilation: enabled
              stopped_count=0, restarted_count=0
 full_count=0

Compilation events (20 events):
Event: 49.101 Thread 0x000001947fa0a800 nmethod 5522 0x0000019472def310 code [0x0000019472def4c0, 0x0000019472def578]
Event: 49.202 Thread 0x000001947fa0a800 5523       3       java.util.HashMap$ValueSpliterator::characteristics (28 bytes)
Event: 49.202 Thread 0x000001947fa0a800 nmethod 5523 0x000001946c12c290 code [0x000001946c12c440, 0x000001946c12c5f8]
Event: 49.361 Thread 0x00000194062d9000 nmethod 5505 0x0000019472def610 code [0x0000019472def900, 0x0000019472df2d50]
Event: 49.362 Thread 0x00000194062d9000 5518  s    4       java.io.ByteArrayOutputStream::write (43 bytes)
Event: 49.383 Thread 0x000001947fa0a800 5524       3       sun.reflect.generics.reflectiveObjects.LazyReflectiveObjectGenerator::<init> (10 bytes)
Event: 49.383 Thread 0x000001947fa0a800 nmethod 5524 0x000001946c12c690 code [0x000001946c12c840, 0x000001946c12c9f8]
Event: 49.384 Thread 0x000001947fa0a800 5525       3       sun.reflect.generics.tree.TypeVariableSignature::accept (8 bytes)
Event: 49.385 Thread 0x00000194062d9000 nmethod 5518 0x0000019472df4310 code [0x0000019472df44c0, 0x0000019472df4a98]
Event: 49.385 Thread 0x000001947fa0a800 nmethod 5525 0x000001946c12ca90 code [0x000001946c12cc80, 0x000001946c12d088]
Event: 49.386 Thread 0x000001947fa0a800 5526       3       java.lang.AbstractStringBuilder::getBytes (44 bytes)
Event: 49.387 Thread 0x000001947fa0a800 nmethod 5526 0x000001946c12d290 code [0x000001946c12d460, 0x000001946c12d738]
Event: 49.434 Thread 0x000001947fa0a800 5527       3       jdk.internal.org.objectweb.asm.ClassWriter::newConstItem (320 bytes)
Event: 49.441 Thread 0x000001947fa0a800 nmethod 5527 0x000001946c12d810 code [0x000001946c12dd60, 0x000001946c130c78]
Event: 49.527 Thread 0x000001947fa0a800 5528       3       java.lang.reflect.AccessibleObject::verifyAccess (84 bytes)
Event: 49.529 Thread 0x000001947fa0a800 nmethod 5528 0x000001946c131790 code [0x000001946c131980, 0x000001946c131fa8]
Event: 49.532 Thread 0x000001947fa0a800 5531       1       org.gradle.internal.instantiation.generator.AbstractClassGenerator$MethodMetadata::getGenericReturnType (5 bytes)
Event: 49.532 Thread 0x000001947fa0a800 nmethod 5531 0x0000019472df4d10 code [0x0000019472df4ec0, 0x0000019472df4f78]
Event: 49.544 Thread 0x000001947fa0a800 5532       3       com.google.common.collect.Sets::newHashSet (8 bytes)
Event: 49.545 Thread 0x000001947fa0a800 nmethod 5532 0x000001946c132110 code [0x000001946c132300, 0x000001946c132798]

GC Heap History (16 events):
Event: 3.144 GC heap before
{Heap before GC invocations=0 (full 0):
 garbage-first heap   total 262144K, used 19456K [0x0000000080000000, 0x0000000100000000)
  region size 1024K, 14 young (14336K), 0 survivors (0K)
 Metaspace       used 6765K, capacity 6937K, committed 7168K, reserved 1056768K
  class space    used 583K, capacity 650K, committed 768K, reserved 1048576K
}
Event: 3.162 GC heap after
{Heap after GC invocations=1 (full 0):
 garbage-first heap   total 262144K, used 7917K [0x0000000080000000, 0x0000000100000000)
  region size 1024K, 2 young (2048K), 2 survivors (2048K)
 Metaspace       used 6765K, capacity 6937K, committed 7168K, reserved 1056768K
  class space    used 583K, capacity 650K, committed 768K, reserved 1048576K
}
Event: 4.668 GC heap before
{Heap before GC invocations=1 (full 0):
 garbage-first heap   total 262144K, used 19181K [0x0000000080000000, 0x0000000100000000)
  region size 1024K, 13 young (13312K), 2 survivors (2048K)
 Metaspace       used 10236K, capacity 10501K, committed 10624K, reserved 1058816K
  class space    used 1063K, capacity 1139K, committed 1152K, reserved 1048576K
}
Event: 4.676 GC heap after
{Heap after GC invocations=2 (full 0):
 garbage-first heap   total 262144K, used 9369K [0x0000000080000000, 0x0000000100000000)
  region size 1024K, 2 young (2048K), 2 survivors (2048K)
 Metaspace       used 10236K, capacity 10501K, committed 10624K, reserved 1058816K
  class space    used 1063K, capacity 1139K, committed 1152K, reserved 1048576K
}
Event: 7.140 GC heap before
{Heap before GC invocations=2 (full 0):
 garbage-first heap   total 262144K, used 37017K [0x0000000080000000, 0x0000000100000000)
  region size 1024K, 28 young (28672K), 2 survivors (2048K)
 Metaspace       used 11156K, capacity 11454K, committed 11520K, reserved 1058816K
  class space    used 1165K, capacity 1243K, committed 1280K, reserved 1048576K
}
Event: 7.149 GC heap after
{Heap after GC invocations=3 (full 0):
 garbage-first heap   total 262144K, used 11586K [0x0000000080000000, 0x0000000100000000)
  region size 1024K, 3 young (3072K), 3 survivors (3072K)
 Metaspace       used 11156K, capacity 11454K, committed 11520K, reserved 1058816K
  class space    used 1165K, capacity 1243K, committed 1280K, reserved 1048576K
}
Event: 15.032 GC heap before
{Heap before GC invocations=3 (full 0):
 garbage-first heap   total 262144K, used 67906K [0x0000000080000000, 0x0000000100000000)
  region size 1024K, 59 young (60416K), 3 survivors (3072K)
 Metaspace       used 19138K, capacity 19598K, committed 19968K, reserved 1067008K
  class space    used 2313K, capacity 2438K, committed 2560K, reserved 1048576K
}
Event: 15.053 GC heap after
{Heap after GC invocations=4 (full 0):
 garbage-first heap   total 262144K, used 16252K [0x0000000080000000, 0x0000000100000000)
  region size 1024K, 8 young (8192K), 8 survivors (8192K)
 Metaspace       used 19138K, capacity 19598K, committed 19968K, reserved 1067008K
  class space    used 2313K, capacity 2438K, committed 2560K, reserved 1048576K
}
Event: 15.852 GC heap before
{Heap before GC invocations=4 (full 0):
 garbage-first heap   total 262144K, used 27516K [0x0000000080000000, 0x0000000100000000)
  region size 1024K, 20 young (20480K), 8 survivors (8192K)
 Metaspace       used 20552K, capacity 21136K, committed 21296K, reserved 1069056K
  class space    used 2502K, capacity 2658K, committed 2688K, reserved 1048576K
}
Event: 15.877 GC heap after
{Heap after GC invocations=5 (full 0):
 garbage-first heap   total 262144K, used 16822K [0x0000000080000000, 0x0000000100000000)
  region size 1024K, 1 young (1024K), 1 survivors (1024K)
 Metaspace       used 20552K, capacity 21136K, committed 21296K, reserved 1069056K
  class space    used 2502K, capacity 2658K, committed 2688K, reserved 1048576K
}
Event: 20.037 GC heap before
{Heap before GC invocations=6 (full 0):
 garbage-first heap   total 262144K, used 68022K [0x0000000080000000, 0x0000000100000000)
  region size 1024K, 51 young (52224K), 1 survivors (1024K)
 Metaspace       used 25851K, capacity 26564K, committed 26928K, reserved 1073152K
  class space    used 3366K, capacity 3600K, committed 3712K, reserved 1048576K
}
Event: 20.049 GC heap after
{Heap after GC invocations=7 (full 0):
 garbage-first heap   total 262144K, used 18256K [0x0000000080000000, 0x0000000100000000)
  region size 1024K, 3 young (3072K), 3 survivors (3072K)
 Metaspace       used 25851K, capacity 26564K, committed 26928K, reserved 1073152K
  class space    used 3366K, capacity 3600K, committed 3712K, reserved 1048576K
}
Event: 25.047 GC heap before
{Heap before GC invocations=7 (full 0):
 garbage-first heap   total 262144K, used 76624K [0x0000000080000000, 0x0000000100000000)
  region size 1024K, 61 young (62464K), 3 survivors (3072K)
 Metaspace       used 34848K, capacity 35647K, committed 35708K, reserved 1081344K
  class space    used 4538K, capacity 4864K, committed 4864K, reserved 1048576K
}
Event: 25.076 GC heap after
{Heap after GC invocations=8 (full 0):
 garbage-first heap   total 262144K, used 21725K [0x0000000080000000, 0x0000000100000000)
  region size 1024K, 6 young (6144K), 6 survivors (6144K)
 Metaspace       used 34848K, capacity 35647K, committed 35708K, reserved 1081344K
  class space    used 4538K, capacity 4864K, committed 4864K, reserved 1048576K
}
Event: 37.083 GC heap before
{Heap before GC invocations=9 (full 0):
 garbage-first heap   total 262144K, used 148701K [0x0000000080000000, 0x0000000100000000)
  region size 1024K, 127 young (130048K), 6 survivors (6144K)
 Metaspace       used 45336K, capacity 46497K, committed 46588K, reserved 1089536K
  class space    used 5818K, capacity 6253K, committed 6272K, reserved 1048576K
}
Event: 37.140 GC heap after
{Heap after GC invocations=10 (full 0):
 garbage-first heap   total 262144K, used 28186K [0x0000000080000000, 0x0000000100000000)
  region size 1024K, 12 young (12288K), 12 survivors (12288K)
 Metaspace       used 45336K, capacity 46497K, committed 46588K, reserved 1089536K
  class space    used 5818K, capacity 6253K, committed 6272K, reserved 1048576K
}

Deoptimization events (20 events):
Event: 48.736 Thread 0x0000019403570000 Uncommon trap: trap_request=0xffffff4d fr.pc=0x0000019472de8c24 relative=0x00000000000001e4
Event: 48.736 Thread 0x0000019403570000 Uncommon trap: reason=unstable_if action=reinterpret pc=0x0000019472de8c24 method=org.apache.xerces.dom.DeferredDocumentImpl.clearChunkValue([[Ljava/lang/Object;II)Ljava/lang/String; @ 59 c2
Event: 48.736 Thread 0x0000019403570000 DEOPT PACKING pc=0x0000019472de8c24 sp=0x000000549eef7270
Event: 48.736 Thread 0x0000019403570000 DEOPT UNPACKING pc=0x000001946b0573af sp=0x000000549eef7210 mode 2
Event: 48.921 Thread 0x0000019403570000 Uncommon trap: trap_request=0xffffffc6 fr.pc=0x0000019472d1a1cc relative=0x000000000000080c
Event: 48.921 Thread 0x0000019403570000 Uncommon trap: reason=bimorphic_or_optimized_type_check action=maybe_recompile pc=0x0000019472d1a1cc method=java.util.Spliterators$IteratorSpliterator.tryAdvance(Ljava/util/function/Consumer;)Z @ 50 c2
Event: 48.923 Thread 0x0000019403570000 DEOPT PACKING pc=0x0000019472d1a1cc sp=0x000000549eef7f60
Event: 48.923 Thread 0x0000019403570000 DEOPT UNPACKING pc=0x000001946b0573af sp=0x000000549eef7da8 mode 2
Event: 48.923 Thread 0x0000019403570000 Uncommon trap: trap_request=0xffffffc6 fr.pc=0x0000019472c1b9c4 relative=0x00000000000002c4
Event: 48.923 Thread 0x0000019403570000 Uncommon trap: reason=bimorphic_or_optimized_type_check action=maybe_recompile pc=0x0000019472c1b9c4 method=java.util.Spliterators$IteratorSpliterator.tryAdvance(Ljava/util/function/Consumer;)Z @ 50 c2
Event: 48.923 Thread 0x0000019403570000 DEOPT PACKING pc=0x0000019472c1b9c4 sp=0x000000549eef7e00
Event: 48.923 Thread 0x0000019403570000 DEOPT UNPACKING pc=0x000001946b0573af sp=0x000000549eef7da0 mode 2
Event: 49.385 Thread 0x0000019403570000 Uncommon trap: trap_request=0xffffff4d fr.pc=0x0000019472debe0c relative=0x000000000000040c
Event: 49.385 Thread 0x0000019403570000 Uncommon trap: reason=unstable_if action=reinterpret pc=0x0000019472debe0c method=org.gradle.internal.instantiation.generator.AbstractClassGenerator$InjectionAnnotationValidator.validateMethod(Ljava/lang/reflect/Method;Lorg/gradle/internal/reflect/Propert
Event: 49.385 Thread 0x0000019403570000 DEOPT PACKING pc=0x0000019472debe0c sp=0x000000549eef7f10
Event: 49.385 Thread 0x0000019403570000 DEOPT UNPACKING pc=0x000001946b0573af sp=0x000000549eef7ed8 mode 2
Event: 49.385 Thread 0x0000019403570000 Uncommon trap: trap_request=0xffffff4d fr.pc=0x0000019472dec904 relative=0x0000000000000464
Event: 49.385 Thread 0x0000019403570000 Uncommon trap: reason=unstable_if action=reinterpret pc=0x0000019472dec904 method=org.gradle.internal.instantiation.generator.AbstractClassGenerator$InjectionAnnotationValidator.validateMethod(Ljava/lang/reflect/Method;Lorg/gradle/internal/reflect/Propert
Event: 49.385 Thread 0x0000019403570000 DEOPT PACKING pc=0x0000019472dec904 sp=0x000000549eef7e70
Event: 49.385 Thread 0x0000019403570000 DEOPT UNPACKING pc=0x000001946b0573af sp=0x000000549eef7e30 mode 2

Classes redefined (0 events):
No events

Internal exceptions (20 events):
Event: 44.558 Thread 0x0000019403570000 Exception <a 'java/lang/NoSuchMethodError'{0x000000008cc5ef58}: 'long java.lang.invoke.DirectMethodHandle$Holder.invokeVirtual(java.lang.Object, java.lang.Object)'> (0x000000008cc5ef58) thrown at [./src/hotspot/share/interpreter/linkResolver.cpp, line 773]
Event: 44.589 Thread 0x000001947fc9b000 Exception <a 'java/lang/NoSuchMethodError'{0x000000008ffbc468}: <clinit>> (0x000000008ffbc468) thrown at [./src/hotspot/share/prims/jni.cpp, line 1362]
Event: 44.597 Thread 0x000001947fc9b000 Exception <a 'java/lang/NoSuchMethodError'{0x000000008ffdbb10}: <clinit>> (0x000000008ffdbb10) thrown at [./src/hotspot/share/prims/jni.cpp, line 1362]
Event: 44.597 Thread 0x000001947fc9b000 Exception <a 'java/lang/NoSuchMethodError'{0x000000008ffdcc20}: <clinit>> (0x000000008ffdcc20) thrown at [./src/hotspot/share/prims/jni.cpp, line 1362]
Event: 44.597 Thread 0x000001947fc9b000 Exception <a 'java/lang/NoSuchMethodError'{0x000000008ffddf28}: <clinit>> (0x000000008ffddf28) thrown at [./src/hotspot/share/prims/jni.cpp, line 1362]
Event: 44.598 Thread 0x000001947fc9b000 Exception <a 'java/lang/NoSuchMethodError'{0x000000008ffdef48}: <clinit>> (0x000000008ffdef48) thrown at [./src/hotspot/share/prims/jni.cpp, line 1362]
Event: 44.609 Thread 0x000001947fc9b000 Exception <a 'java/lang/NoSuchMethodError'{0x000000008cb09d98}: <clinit>> (0x000000008cb09d98) thrown at [./src/hotspot/share/prims/jni.cpp, line 1362]
Event: 44.612 Thread 0x000001947fc9b000 Exception <a 'java/lang/NoSuchMethodError'{0x000000008cb13fb0}: <clinit>> (0x000000008cb13fb0) thrown at [./src/hotspot/share/prims/jni.cpp, line 1362]
Event: 44.626 Thread 0x000001947fc9b000 Exception <a 'java/lang/NoSuchMethodError'{0x000000008cb278a0}: <clinit>> (0x000000008cb278a0) thrown at [./src/hotspot/share/prims/jni.cpp, line 1362]
Event: 44.789 Thread 0x0000019403570000 Exception <a 'java/lang/ClassNotFoundException'{0x000000008cb7c4e0}: build_b4uor4mnknzl4j4esg7kvzxkaBeanInfo> (0x000000008cb7c4e0) thrown at [./src/hotspot/share/classfile/systemDictionary.cpp, line 231]
Event: 44.791 Thread 0x0000019403570000 Exception <a 'java/lang/ClassNotFoundException'{0x000000008cb87408}: build_b4uor4mnknzl4j4esg7kvzxkaCustomizer> (0x000000008cb87408) thrown at [./src/hotspot/share/classfile/systemDictionary.cpp, line 231]
Event: 44.810 Thread 0x0000019403570000 Exception <a 'java/lang/ClassNotFoundException'{0x000000008cbe9a60}: org/gradle/api/internal/plugins/DefaultObjectConfigurationActionBeanInfo> (0x000000008cbe9a60) thrown at [./src/hotspot/share/classfile/systemDictionary.cpp, line 231]
Event: 44.813 Thread 0x0000019403570000 Exception <a 'java/lang/ClassNotFoundException'{0x000000008ca1c228}: org/gradle/api/internal/plugins/DefaultObjectConfigurationActionCustomizer> (0x000000008ca1c228) thrown at [./src/hotspot/share/classfile/systemDictionary.cpp, line 231]
Event: 45.531 Thread 0x0000019403570000 Exception <a 'java/lang/NoSuchMethodError'{0x000000008bf28a30}: 'java.lang.Object java.lang.invoke.DirectMethodHandle$Holder.invokeStatic(java.lang.Object, java.lang.Object, java.lang.Object, java.lang.Object, int)'> (0x000000008bf28a30) thrown at [./src/hotspot/share/interpreter/linkResolver.cpp, line 773]
Event: 45.532 Thread 0x0000019403570000 Exception <a 'java/lang/NoSuchMethodError'{0x000000008bf2d428}: 'java.lang.Object java.lang.invoke.DirectMethodHandle$Holder.invokeSpecial(java.lang.Object, java.lang.Object, java.lang.Object, java.lang.Object, java.lang.Object, int)'> (0x000000008bf2d428) thrown at [./src/hotspot/share/interpreter/linkResolver.cpp, line 773]
Event: 45.533 Thread 0x0000019403570000 Exception <a 'java/lang/NoSuchMethodError'{0x000000008bf31a68}: 'java.lang.Object java.lang.invoke.Invokers$Holder.linkToTargetMethod(java.lang.Object, java.lang.Object, java.lang.Object, int, java.lang.Object)'> (0x000000008bf31a68) thrown at [./src/hotspot/share/interpreter/linkResolver.cpp, line 773]
Event: 45.700 Thread 0x0000019403570000 Implicit null exception at 0x0000019472d66819 to 0x0000019472d66c90
Event: 47.284 Thread 0x0000019403570000 Exception <a 'java/lang/NoSuchMethodError'{0x000000008b0226f8}: 'java.lang.Object java.lang.invoke.DirectMethodHandle$Holder.invokeSpecial(java.lang.Object, java.lang.Object, int, int, java.lang.Object, java.lang.Object, java.lang.Object)'> (0x000000008b0226f8) thrown at [./src/hotspot/share/interpreter/linkResolver.cpp, line 773]
Event: 47.285 Thread 0x0000019403570000 Exception <a 'java/lang/NoSuchMethodError'{0x000000008b026c78}: 'java.lang.Object java.lang.invoke.DelegatingMethodHandle$Holder.reinvoke_L(java.lang.Object, int, int, java.lang.Object, java.lang.Object, java.lang.Object)'> (0x000000008b026c78) thrown at [./src/hotspot/share/interpreter/linkResolver.cpp, line 773]
Event: 48.971 Thread 0x0000019403570000 Exception <a 'java/lang/NoSuchMethodError'{0x000000008a5c1758}: 'int java.lang.invoke.DirectMethodHandle$Holder.invokeInterface(java.lang.Object, java.lang.Object, java.lang.Object, java.lang.Object)'> (0x000000008a5c1758) thrown at [./src/hotspot/share/interpreter/linkResolver.cpp, line 773]

Events (20 events):
Event: 49.557 loading class com/google/wireless/android/sdk/stats/GradleBuildProject$Builder
Event: 49.557 loading class com/google/wireless/android/sdk/stats/GradleBuildProject$Builder done
Event: 49.563 loading class com/google/wireless/android/sdk/stats/GradleBuildProjectOrBuilder
Event: 49.563 loading class com/google/wireless/android/sdk/stats/GradleBuildProjectOrBuilder done
Event: 49.565 loading class com/google/protobuf/MessageOrBuilder
Event: 49.565 loading class com/google/protobuf/MessageOrBuilder done
Event: 49.566 loading class com/google/protobuf/MessageLiteOrBuilder
Event: 49.566 loading class com/google/protobuf/MessageLiteOrBuilder done
Event: 49.570 loading class com/google/protobuf/GeneratedMessageV3$Builder
Event: 49.570 loading class com/google/protobuf/GeneratedMessageV3$Builder done
Event: 49.574 loading class com/google/protobuf/AbstractMessage$Builder
Event: 49.574 loading class com/google/protobuf/AbstractMessage$Builder done
Event: 49.579 loading class com/google/protobuf/Message$Builder
Event: 49.579 loading class com/google/protobuf/Message$Builder done
Event: 49.580 loading class com/google/protobuf/MessageLite$Builder
Event: 49.580 loading class com/google/protobuf/MessageLite$Builder done
Event: 49.583 loading class com/google/protobuf/AbstractMessageLite$Builder
Event: 49.583 loading class com/google/protobuf/AbstractMessageLite$Builder done
Event: 49.585 loading class com/google/wireless/android/sdk/stats/GradleBuildVariant$Builder
Event: 49.585 loading class com/google/wireless/android/sdk/stats/GradleBuildVariant$Builder done


Dynamic libraries:
0x00007ff7b2000000 - 0x00007ff7b200a000 	C:\Program Files\Android\Android Studio\jre\bin\java.exe
0x00007ff9925f0000 - 0x00007ff9927e6000 	C:\WINDOWS\SYSTEM32\ntdll.dll
0x00007ff991050000 - 0x00007ff99110d000 	C:\WINDOWS\System32\KERNEL32.DLL
0x00007ff98fdb0000 - 0x00007ff990079000 	C:\WINDOWS\System32\KERNELBASE.dll
0x00007ff9904a0000 - 0x00007ff9905a0000 	C:\WINDOWS\System32\ucrtbase.dll
0x00007ff97eb00000 - 0x00007ff97eb17000 	C:\Program Files\Android\Android Studio\jre\bin\VCRUNTIME140.dll
0x00007ff97e500000 - 0x00007ff97e519000 	C:\Program Files\Android\Android Studio\jre\bin\jli.dll
0x00007ff991a70000 - 0x00007ff991c10000 	C:\WINDOWS\System32\USER32.dll
0x00007ff97a8f0000 - 0x00007ff97ab8b000 	C:\WINDOWS\WinSxS\amd64_microsoft.windows.common-controls_6595b64144ccf1df_6.0.19041.488_none_ca04af081b815d21\COMCTL32.dll
0x00007ff990080000 - 0x00007ff9900a2000 	C:\WINDOWS\System32\win32u.dll
0x00007ff9924c0000 - 0x00007ff9924ea000 	C:\WINDOWS\System32\GDI32.dll
0x00007ff991410000 - 0x00007ff9914ae000 	C:\WINDOWS\System32\msvcrt.dll
0x00007ff990390000 - 0x00007ff990499000 	C:\WINDOWS\System32\gdi32full.dll
0x00007ff990140000 - 0x00007ff9901dd000 	C:\WINDOWS\System32\msvcp_win.dll
0x00007ff9922d0000 - 0x00007ff992300000 	C:\WINDOWS\System32\IMM32.DLL
0x0000000180000000 - 0x0000000180007000 	C:\Program Files\Prio\prio.dll
0x00007ff991c30000 - 0x00007ff991cdc000 	C:\WINDOWS\System32\ADVAPI32.dll
0x00007ff992420000 - 0x00007ff9924bc000 	C:\WINDOWS\System32\sechost.dll
0x00007ff991130000 - 0x00007ff99125b000 	C:\WINDOWS\System32\RPCRT4.dll
0x00007ff97a850000 - 0x00007ff97a8ed000 	C:\Program Files\Android\Android Studio\jre\bin\msvcp140.dll
0x00007ff9647f0000 - 0x00007ff9652bf000 	C:\Program Files\Android\Android Studio\jre\bin\server\jvm.dll
0x00007ff991120000 - 0x00007ff991128000 	C:\WINDOWS\System32\PSAPI.DLL
0x00007ff987ce0000 - 0x00007ff987d07000 	C:\WINDOWS\SYSTEM32\WINMM.dll
0x00007ff9859d0000 - 0x00007ff9859d9000 	C:\WINDOWS\SYSTEM32\WSOCK32.dll
0x00007ff991f00000 - 0x00007ff991f6b000 	C:\WINDOWS\System32\WS2_32.dll
0x00007ff98ea60000 - 0x00007ff98ea6a000 	C:\WINDOWS\SYSTEM32\VERSION.dll
0x00007ff98e5e0000 - 0x00007ff98e5f2000 	C:\WINDOWS\SYSTEM32\kernel.appcore.dll
0x00007ff97e470000 - 0x00007ff97e481000 	C:\Program Files\Android\Android Studio\jre\bin\verify.dll
0x00007ff982020000 - 0x00007ff982204000 	C:\WINDOWS\SYSTEM32\DBGHELP.DLL
0x00007ff97d460000 - 0x00007ff97d48c000 	C:\WINDOWS\SYSTEM32\dbgcore.DLL
0x00007ff98fd30000 - 0x00007ff98fdb0000 	C:\WINDOWS\System32\bcryptPrimitives.dll
0x00007ff975070000 - 0x00007ff975099000 	C:\Program Files\Android\Android Studio\jre\bin\java.dll
0x00007ff97e840000 - 0x00007ff97e84b000 	C:\Program Files\Android\Android Studio\jre\bin\jimage.dll
0x00007ff979bc0000 - 0x00007ff979bd8000 	C:\Program Files\Android\Android Studio\jre\bin\zip.dll
0x00007ff990650000 - 0x00007ff990d92000 	C:\WINDOWS\System32\SHELL32.dll
0x00007ff98dc30000 - 0x00007ff98e3c5000 	C:\WINDOWS\SYSTEM32\windows.storage.dll
0x00007ff991f70000 - 0x00007ff9922c6000 	C:\WINDOWS\System32\combase.dll
0x00007ff98f6d0000 - 0x00007ff98f6fc000 	C:\WINDOWS\SYSTEM32\Wldp.dll
0x00007ff991e50000 - 0x00007ff991efe000 	C:\WINDOWS\System32\SHCORE.dll
0x00007ff9924f0000 - 0x00007ff992545000 	C:\WINDOWS\System32\shlwapi.dll
0x00007ff98fc60000 - 0x00007ff98fc86000 	C:\WINDOWS\SYSTEM32\profapi.dll
0x00007ff9769a0000 - 0x00007ff9769ba000 	C:\Program Files\Android\Android Studio\jre\bin\net.dll
0x00007ff986850000 - 0x00007ff986950000 	C:\WINDOWS\SYSTEM32\WINHTTP.dll
0x00007ff98f4c0000 - 0x00007ff98f52a000 	C:\WINDOWS\system32\mswsock.dll
0x00007ff9757e0000 - 0x00007ff9757f4000 	C:\Program Files\Android\Android Studio\jre\bin\nio.dll
0x00007ff989fc0000 - 0x00007ff989fe7000 	C:\Users\sont1\.gradle\native\8bec1ad78214c89d9ad589b4d07fe93259594b29d510b10fafb7a158f7737e5d\windows-amd64\native-platform.dll
0x00007ff951ff0000 - 0x00007ff95212d000 	C:\Users\sont1\.gradle\native\53dbd7edfb1c66fb8903c78663c9afc45aea4f116125fa6feffd364cf09443e8\windows-amd64\native-platform-file-events.dll
0x00007ff97c490000 - 0x00007ff97c49a000 	C:\Program Files\Android\Android Studio\jre\bin\management.dll
0x00007ff97bbb0000 - 0x00007ff97bbbc000 	C:\Program Files\Android\Android Studio\jre\bin\management_ext.dll
0x00007ff98fa00000 - 0x00007ff98fa18000 	C:\WINDOWS\SYSTEM32\CRYPTSP.dll
0x00007ff98ee00000 - 0x00007ff98ee34000 	C:\WINDOWS\system32\rsaenh.dll
0x00007ff9900b0000 - 0x00007ff9900d7000 	C:\WINDOWS\System32\bcrypt.dll
0x00007ff98fc20000 - 0x00007ff98fc4e000 	C:\WINDOWS\SYSTEM32\USERENV.dll
0x00007ff98f640000 - 0x00007ff98f64c000 	C:\WINDOWS\SYSTEM32\CRYPTBASE.dll
0x00007ff98f180000 - 0x00007ff98f1bb000 	C:\WINDOWS\SYSTEM32\IPHLPAPI.DLL
0x00007ff991110000 - 0x00007ff991118000 	C:\WINDOWS\System32\NSI.dll
0x00007ff986160000 - 0x00007ff986177000 	C:\WINDOWS\SYSTEM32\dhcpcsvc6.DLL
0x00007ff986140000 - 0x00007ff98615d000 	C:\WINDOWS\SYSTEM32\dhcpcsvc.DLL
0x00007ff98f1c0000 - 0x00007ff98f28b000 	C:\WINDOWS\SYSTEM32\DNSAPI.dll

dbghelp: loaded successfully - version: 4.0.5 - missing functions: none
symbol engine: initialized successfully - sym options: 0x614 - pdb path: .;C:\Program Files\Android\Android Studio\jre\bin;C:\WINDOWS\SYSTEM32;C:\WINDOWS\WinSxS\amd64_microsoft.windows.common-controls_6595b64144ccf1df_6.0.19041.488_none_ca04af081b815d21;C:\Program Files\Prio;C:\Program Files\Android\Android Studio\jre\bin\server;C:\Users\sont1\.gradle\native\8bec1ad78214c89d9ad589b4d07fe93259594b29d510b10fafb7a158f7737e5d\windows-amd64;C:\Users\sont1\.gradle\native\53dbd7edfb1c66fb8903c78663c9afc45aea4f116125fa6feffd364cf09443e8\windows-amd64

VM Arguments:
jvm_args: --add-opens=java.base/java.util=ALL-UNNAMED --add-opens=java.base/java.lang=ALL-UNNAMED --add-opens=java.base/java.lang.invoke=ALL-UNNAMED --add-opens=java.base/java.util=ALL-UNNAMED --add-opens=java.prefs/java.util.prefs=ALL-UNNAMED --add-opens=java.prefs/java.util.prefs=ALL-UNNAMED --add-opens=java.base/java.nio.charset=ALL-UNNAMED --add-opens=java.base/java.net=ALL-UNNAMED --add-opens=java.base/java.util.concurrent.atomic=ALL-UNNAMED -Xmx2048M -Dfile.encoding=windows-1250 -Duser.country=HU -Duser.language=hu -Duser.variant 
java_command: org.gradle.launcher.daemon.bootstrap.GradleDaemon 7.0.2
java_class_path (initial): C:\Users\sont1\.gradle\wrapper\dists\gradle-7.0.2-bin\857tjihv64xamwrf0h14cai3r\gradle-7.0.2\lib\gradle-launcher-7.0.2.jar
Launcher Type: SUN_STANDARD

[Global flags]
     intx CICompilerCount                          = 3                                         {product} {ergonomic}
     uint ConcGCThreads                            = 1                                         {product} {ergonomic}
     uint G1ConcRefinementThreads                  = 4                                         {product} {ergonomic}
   size_t G1HeapRegionSize                         = 1048576                                   {product} {ergonomic}
    uintx GCDrainStackTargetSize                   = 64                                        {product} {ergonomic}
   size_t InitialHeapSize                          = 268435456                                 {product} {ergonomic}
   size_t MarkStackSize                            = 4194304                                   {product} {ergonomic}
   size_t MaxHeapSize                              = 2147483648                                {product} {command line}
   size_t MaxNewSize                               = 1287651328                                {product} {ergonomic}
   size_t MinHeapDeltaBytes                        = 1048576                                   {product} {ergonomic}
    uintx NonNMethodCodeHeapSize                   = 5830732                                {pd product} {ergonomic}
    uintx NonProfiledCodeHeapSize                  = 122913754                              {pd product} {ergonomic}
    uintx ProfiledCodeHeapSize                     = 122913754                              {pd product} {ergonomic}
    uintx ReservedCodeCacheSize                    = 251658240                              {pd product} {ergonomic}
     bool SegmentedCodeCache                       = true                                      {product} {ergonomic}
     bool UseCompressedClassPointers               = true                                 {lp64_product} {ergonomic}
     bool UseCompressedOops                        = true                                 {lp64_product} {ergonomic}
     bool UseG1GC                                  = true                                      {product} {ergonomic}
     bool UseLargePagesIndividualAllocation        = false                                  {pd product} {ergonomic}

Logging:
Log output configuration:
 #0: stdout all=warning uptime,level,tags
 #1: stderr all=off uptime,level,tags

Environment Variables:
PATH=C:\Program Files (x86)\Common Files\Oracle\Java\javapath;C:\WINDOWS\system32;C:\WINDOWS;C:\WINDOWS\System32\Wbem;C:\WINDOWS\System32\WindowsPowerShell\v1.0\;C:\WINDOWS\System32\OpenSSH\;C:\Program Files\PuTTY\;C:\Program Files\Prio;C:\Program Files (x86)\VDesk;C:\Program Files (x86)\Admin Arsenal\PDQ Deploy\;C:\Program Files\Git\cmd;C:\Program Files\Microsoft VS Code\bin;C:\Program Files\Geth;C:\Program Files\dotnet\;C:\Users\sont1\AppData\Local\Microsoft\WindowsApps;;C:\Program Files\JetBrains\IntelliJ IDEA Community Edition 2020.3.2\bin;;C:\Users\sont1\.dotnet\tools
USERNAME=sont1
OS=Windows_NT
PROCESSOR_IDENTIFIER=AMD64 Family 21 Model 2 Stepping 0, AuthenticAMD



---------------  S Y S T E M  ---------------

OS: Windows 10 , 64 bit Build 19041 (10.0.19041.662)
OS uptime: 0 days 12:09 hours
Hyper-V role detected

CPU:total 4 (initial active 4) (4 cores per cpu, 1 threads per core) family 21 model 2 stepping 0 microcode 0x0, cmov, cx8, fxsr, mmx, sse, sse2, sse3, ssse3, sse4.1, sse4.2, popcnt, avx, aes, clmul, mmxext, 3dnowpref, lzcnt, sse4a, tsc, tscinvbit, tscinv, bmi1, fma

Memory: 4k page, system-wide physical 16365M (3137M free)
TotalPageFile size 17389M (AvailPageFile size 3M)
current process WorkingSet (physical memory assigned to process): 336M, peak: 336M
current process commit charge ("private bytes"): 460M, peak: 461M

vm_info: OpenJDK 64-Bit Server VM (11.0.10+0-b96-7249189) for windows-amd64 JRE (11.0.10+0-b96-7249189), built on Mar 31 2021 21:44:00 by "builder" with MS VC++ 14.0 (VS2015)

END.
