#
# There is insufficient memory for the Java Runtime Environment to continue.
# Native memory allocation (mmap) failed to map 268435456 bytes for Failed to commit area from 0x0000000700400000 to 0x0000000710400000 of length 268435456.
# Possible reasons:
#   The system is out of physical RAM or swap space
#   The process is running with CompressedOops enabled, and the Java Heap may be blocking the growth of the native heap
# Possible solutions:
#   Reduce memory load on the system
#   Increase physical memory or swap space
#   Check if swap backing store is full
#   Decrease Java heap size (-Xmx/-Xms)
#   Decrease number of Java threads
#   Decrease Java thread stack sizes (-Xss)
#   Set larger code cache with -XX:ReservedCodeCacheSize=
# This output file may be truncated or incomplete.
#
#  Out of Memory Error (./src/hotspot/os/windows/os_windows.cpp:3301), pid=1152, tid=10608
#
# JRE version:  (11.0.10) (build )
# Java VM: OpenJDK 64-Bit Server VM (11.0.10+0-b96-7249189, mixed mode, sharing, tiered, compressed oops, g1 gc, windows-amd64)
# No core dump will be written. Minidumps are not enabled by default on client versions of Windows
#

---------------  S U M M A R Y ------------

Command Line: org.jetbrains.git4idea.http.GitAskPassApp Username for 'https://github.com': 

Host: AMD FX(tm)-4300 Quad-Core Processor            , 4 cores, 15G,  Windows 10 , 64 bit Build 19041 (10.0.19041.662)
Time: Thu Aug 26 08:12:14 2021 Közép-európai nyári idõ  elapsed time: 0.414365 seconds (0d 0h 0m 0s)

---------------  T H R E A D  ---------------

Current thread (0x000001ab0f076800):  JavaThread "Unknown thread" [_thread_in_vm, id=10608, stack(0x0000003309000000,0x0000003309100000)]

Stack: [0x0000003309000000,0x0000003309100000]
Native frames: (J=compiled Java code, j=interpreted, Vv=VM code, C=native code)
V  [jvm.dll+0x5ecfaa]
V  [jvm.dll+0x722bd5]
V  [jvm.dll+0x72412d]
V  [jvm.dll+0x7247e3]
V  [jvm.dll+0x242928]
V  [jvm.dll+0x5ea374]
V  [jvm.dll+0x5df425]
V  [jvm.dll+0x2fdebb]
V  [jvm.dll+0x2fde2a]
V  [jvm.dll+0x2fdd02]
V  [jvm.dll+0x302bf6]
V  [jvm.dll+0x34b2a3]
V  [jvm.dll+0x34b9a6]
V  [jvm.dll+0x34b3a3]
V  [jvm.dll+0x2d8888]
V  [jvm.dll+0x2d9a37]
V  [jvm.dll+0x701737]
V  [jvm.dll+0x702f2c]
V  [jvm.dll+0x3587d9]
V  [jvm.dll+0x6e4fae]
V  [jvm.dll+0x3c0be3]
V  [jvm.dll+0x3c2e91]
C  [jli.dll+0x5373]
C  [ucrtbase.dll+0x214c2]
C  [KERNEL32.DLL+0x17034]
C  [ntdll.dll+0x4d0d1]


---------------  P R O C E S S  ---------------

Threads class SMR info:
_java_thread_list=0x000001ab0eea5330, length=0, elements={
}

Java Threads: ( => current thread )

Other Threads:
  0x000001ab0f08e800 GCTaskThread "GC Thread#0" [stack: 0x0000003309100000,0x0000003309200000] [id=2784]
  0x000001ab0f0ed800 ConcurrentGCThread "G1 Main Marker" [stack: 0x0000003309200000,0x0000003309300000] [id=1784]
  0x000001ab0f0f1000 ConcurrentGCThread "G1 Conc#0" [stack: 0x0000003309300000,0x0000003309400000] [id=1876]

[error occurred during error reporting (printing all threads), id 0xc0000005, EXCEPTION_ACCESS_VIOLATION (0xc0000005) at pc=0x00007ff9c2bc9107]

VM state:not at safepoint (not fully initialized)

VM Mutex/Monitor currently owned by a thread:  ([mutex/lock_event])
[0x000001ab0f0710f0] Heap_lock - owner thread: 0x000001ab0f076800

Heap address: 0x0000000700400000, size: 4092 MB, Compressed Oops mode: Non-zero based: 0x0000000700400000
Narrow klass base: 0x0000000000000000, Narrow klass shift: 0

GC Heap History (0 events):
No events

Deoptimization events (0 events):
No events

Classes redefined (0 events):
No events

Internal exceptions (0 events):
No events

Events (1 events):
Event: 0.027 Loaded shared library C:\Program Files\Android\Android Studio\jre\bin\zip.dll


Dynamic libraries:
0x00007ff62ec90000 - 0x00007ff62ec9a000 	C:\Program Files\Android\Android Studio\jre\bin\java.exe
0x00007ffa22b50000 - 0x00007ffa22d46000 	C:\WINDOWS\SYSTEM32\ntdll.dll
0x00007ffa22a50000 - 0x00007ffa22b0d000 	C:\WINDOWS\System32\KERNEL32.DLL
0x00007ffa203c0000 - 0x00007ffa20689000 	C:\WINDOWS\System32\KERNELBASE.dll
0x00007ffa20290000 - 0x00007ffa20390000 	C:\WINDOWS\System32\ucrtbase.dll
0x00007ffa10230000 - 0x00007ffa10249000 	C:\Program Files\Android\Android Studio\jre\bin\jli.dll
0x00007ffa0f6c0000 - 0x00007ffa0f6d7000 	C:\Program Files\Android\Android Studio\jre\bin\VCRUNTIME140.dll
0x00007ffa21f00000 - 0x00007ffa220a0000 	C:\WINDOWS\System32\USER32.dll
0x00007ffa207e0000 - 0x00007ffa20802000 	C:\WINDOWS\System32\win32u.dll
0x00007ffa08730000 - 0x00007ffa089cb000 	C:\WINDOWS\WinSxS\amd64_microsoft.windows.common-controls_6595b64144ccf1df_6.0.19041.488_none_ca04af081b815d21\COMCTL32.dll
0x00007ffa222d0000 - 0x00007ffa222fa000 	C:\WINDOWS\System32\GDI32.dll
0x00007ffa20e40000 - 0x00007ffa20ede000 	C:\WINDOWS\System32\msvcrt.dll
0x00007ffa20940000 - 0x00007ffa20a49000 	C:\WINDOWS\System32\gdi32full.dll
0x00007ffa206e0000 - 0x00007ffa2077d000 	C:\WINDOWS\System32\msvcp_win.dll
0x00007ffa221e0000 - 0x00007ffa22210000 	C:\WINDOWS\System32\IMM32.DLL
0x0000000180000000 - 0x0000000180007000 	C:\Program Files\Prio\prio.dll
0x00007ffa21c80000 - 0x00007ffa21d2c000 	C:\WINDOWS\System32\ADVAPI32.dll
0x00007ffa20c40000 - 0x00007ffa20cdc000 	C:\WINDOWS\System32\sechost.dll
0x00007ffa21160000 - 0x00007ffa2128b000 	C:\WINDOWS\System32\RPCRT4.dll
0x00007ffa02bb0000 - 0x00007ffa02c4d000 	C:\Program Files\Android\Android Studio\jre\bin\msvcp140.dll
0x00007ff9c28e0000 - 0x00007ff9c33af000 	C:\Program Files\Android\Android Studio\jre\bin\server\jvm.dll
0x00007ffa215f0000 - 0x00007ffa215f8000 	C:\WINDOWS\System32\PSAPI.DLL
0x00007ffa19630000 - 0x00007ffa19657000 	C:\WINDOWS\SYSTEM32\WINMM.dll
0x00007ff9e7950000 - 0x00007ff9e7959000 	C:\WINDOWS\SYSTEM32\WSOCK32.dll
0x00007ffa19320000 - 0x00007ffa1932a000 	C:\WINDOWS\SYSTEM32\VERSION.dll
0x00007ffa21600000 - 0x00007ffa2166b000 	C:\WINDOWS\System32\WS2_32.dll
0x00007ffa1e0e0000 - 0x00007ffa1e0f2000 	C:\WINDOWS\SYSTEM32\kernel.appcore.dll
0x00007ffa19240000 - 0x00007ffa19251000 	C:\Program Files\Android\Android Studio\jre\bin\verify.dll
0x00007ffa13a20000 - 0x00007ffa13c04000 	C:\WINDOWS\SYSTEM32\DBGHELP.DLL
0x00007ffa08bb0000 - 0x00007ffa08bdc000 	C:\WINDOWS\SYSTEM32\dbgcore.DLL
0x00007ffa208c0000 - 0x00007ffa20940000 	C:\WINDOWS\System32\bcryptPrimitives.dll
0x00007ffa01d80000 - 0x00007ffa01da9000 	C:\Program Files\Android\Android Studio\jre\bin\java.dll
0x00007ffa0f890000 - 0x00007ffa0f89b000 	C:\Program Files\Android\Android Studio\jre\bin\jimage.dll
0x00007ffa03e20000 - 0x00007ffa03e38000 	C:\Program Files\Android\Android Studio\jre\bin\zip.dll

dbghelp: loaded successfully - version: 4.0.5 - missing functions: none
symbol engine: initialized successfully - sym options: 0x614 - pdb path: .;C:\Program Files\Android\Android Studio\jre\bin;C:\WINDOWS\SYSTEM32;C:\WINDOWS\WinSxS\amd64_microsoft.windows.common-controls_6595b64144ccf1df_6.0.19041.488_none_ca04af081b815d21;C:\Program Files\Prio;C:\Program Files\Android\Android Studio\jre\bin\server

VM Arguments:
java_command: org.jetbrains.git4idea.http.GitAskPassApp Username for 'https://github.com': 
java_class_path (initial): C:/Program Files/Android/Android Studio/plugins/git4idea/lib/git4idea-rt.jar;C:/Program Files/Android/Android Studio/lib/xmlrpc-2.0.1.jar;C:/Program Files/Android/Android Studio/lib/commons-codec-1.14.jar
Launcher Type: SUN_STANDARD

[Global flags]
     intx CICompilerCount                          = 3                                         {product} {ergonomic}
     uint ConcGCThreads                            = 1                                         {product} {ergonomic}
     uint G1ConcRefinementThreads                  = 4                                         {product} {ergonomic}
   size_t G1HeapRegionSize                         = 1048576                                   {product} {ergonomic}
    uintx GCDrainStackTargetSize                   = 64                                        {product} {ergonomic}
   size_t InitialHeapSize                          = 268435456                                 {product} {ergonomic}
   size_t MarkStackSize                            = 4194304                                   {product} {ergonomic}
   size_t MaxHeapSize                              = 4290772992                                {product} {ergonomic}
   size_t MinHeapDeltaBytes                        = 1048576                                   {product} {ergonomic}
    uintx NonNMethodCodeHeapSize                   = 5830732                                {pd product} {ergonomic}
    uintx NonProfiledCodeHeapSize                  = 122913754                              {pd product} {ergonomic}
    uintx ProfiledCodeHeapSize                     = 122913754                              {pd product} {ergonomic}
    uintx ReservedCodeCacheSize                    = 251658240                              {pd product} {ergonomic}
     bool SegmentedCodeCache                       = true                                      {product} {ergonomic}
     bool UseCompressedClassPointers               = true                                 {lp64_product} {ergonomic}
     bool UseCompressedOops                        = true                                 {lp64_product} {ergonomic}
     bool UseG1GC                                  = true                                      {product} {ergonomic}
     bool UseLargePagesIndividualAllocation        = false                                  {pd product} {ergonomic}

Logging:
Log output configuration:
 #0: stdout all=warning uptime,level,tags
 #1: stderr all=off uptime,level,tags

Environment Variables:
PATH=C:\Program Files\Git\mingw64\libexec\git-core;C:\Program Files\Git\mingw64\libexec\git-core;C:\Program Files\Git\mingw64\bin;C:\Program Files\Git\usr\bin;C:\Users\sont1\bin;C:\Program Files (x86)\Common Files\Oracle\Java\javapath;C:\WINDOWS\system32;C:\WINDOWS;C:\WINDOWS\System32\Wbem;C:\WINDOWS\System32\WindowsPowerShell\v1.0;C:\WINDOWS\System32\OpenSSH;C:\Program Files\PuTTY;C:\Program Files\Prio;C:\Program Files (x86)\VDesk;C:\Program Files (x86)\Admin Arsenal\PDQ Deploy;C:\Program Files\Git\cmd;C:\Program Files\Microsoft VS Code\bin;C:\Program Files\Geth;C:\Program Files\dotnet;C:\Users\sont1\AppData\Local\Microsoft\WindowsApps;C:\Program Files\JetBrains\IntelliJ IDEA Community Edition 2020.3.2\bin;C:\Users\sont1\.dotnet\tools
USERNAME=sont1
DISPLAY=:0.0
LC_ALL=en_US.UTF-8
OS=Windows_NT
PROCESSOR_IDENTIFIER=AMD64 Family 21 Model 2 Stepping 0, AuthenticAMD



---------------  S Y S T E M  ---------------

OS: Windows 10 , 64 bit Build 19041 (10.0.19041.662)
OS uptime: 4 days 16:22 hours
Hyper-V role detected

CPU:total 4 (initial active 4) (4 cores per cpu, 1 threads per core) family 21 model 2 stepping 0 microcode 0x0, cmov, cx8, fxsr, mmx, sse, sse2, sse3, ssse3, sse4.1, sse4.2, popcnt, avx, aes, clmul, mmxext, 3dnowpref, lzcnt, sse4a, tsc, tscinvbit, tscinv, bmi1, fma

Memory: 4k page, system-wide physical 16365M (6729M free)
TotalPageFile size 17389M (AvailPageFile size 202M)
current process WorkingSet (physical memory assigned to process): 10M, peak: 10M
current process commit charge ("private bytes"): 52M, peak: 308M

vm_info: OpenJDK 64-Bit Server VM (11.0.10+0-b96-7249189) for windows-amd64 JRE (11.0.10+0-b96-7249189), built on Mar 31 2021 21:44:00 by "builder" with MS VC++ 14.0 (VS2015)

END.
