#
# There is insufficient memory for the Java Runtime Environment to continue.
# Native memory allocation (malloc) failed to allocate 1480496 bytes for Chunk::new
# Possible reasons:
#   The system is out of physical RAM or swap space
#   The process is running with CompressedOops enabled, and the Java Heap may be blocking the growth of the native heap
# Possible solutions:
#   Reduce memory load on the system
#   Increase physical memory or swap space
#   Check if swap backing store is full
#   Decrease Java heap size (-Xmx/-Xms)
#   Decrease number of Java threads
#   Decrease Java thread stack sizes (-Xss)
#   Set larger code cache with -XX:ReservedCodeCacheSize=
#   JVM is running with Unscaled Compressed Oops mode in which the Java heap is
#     placed in the first 4GB address space. The Java Heap base address is the
#     maximum limit for the native heap growth. Please use -XX:HeapBaseMinAddress
#     to set the Java Heap base and to place the Java Heap above 4GB virtual address.
# This output file may be truncated or incomplete.
#
#  Out of Memory Error (./src/hotspot/share/memory/arena.cpp:197), pid=10660, tid=10092
#
# JRE version: OpenJDK Runtime Environment (11.0.10) (build 11.0.10+0-b96-7249189)
# Java VM: OpenJDK 64-Bit Server VM (11.0.10+0-b96-7249189, mixed mode, tiered, compressed oops, g1 gc, windows-amd64)
# No core dump will be written. Minidumps are not enabled by default on client versions of Windows
#

---------------  S U M M A R Y ------------

Command Line: --add-opens=java.base/java.util=ALL-UNNAMED --add-opens=java.base/java.lang=ALL-UNNAMED --add-opens=java.base/java.lang.invoke=ALL-UNNAMED --add-opens=java.base/java.util=ALL-UNNAMED --add-opens=java.prefs/java.util.prefs=ALL-UNNAMED --add-opens=java.prefs/java.util.prefs=ALL-UNNAMED --add-opens=java.base/java.nio.charset=ALL-UNNAMED --add-opens=java.base/java.net=ALL-UNNAMED --add-opens=java.base/java.util.concurrent.atomic=ALL-UNNAMED -Xmx2048M -Dfile.encoding=windows-1250 -Duser.country=HU -Duser.language=hu -Duser.variant org.gradle.launcher.daemon.bootstrap.GradleDaemon 7.0.2

Host: AMD FX(tm)-4300 Quad-Core Processor            , 4 cores, 15G,  Windows 10 , 64 bit Build 19041 (10.0.19041.662)
Time: Sun Sep 12 11:38:18 2021 Közép-európai nyári idõ  elapsed time: 4161.891733 seconds (0d 1h 9m 21s)

---------------  T H R E A D  ---------------

Current thread (0x000002b300091800):  JavaThread "C2 CompilerThread0" daemon [_thread_in_native, id=10092, stack(0x000000ffe4700000,0x000000ffe4800000)]


Current CompileTask:
C2:4161893 21632       4       org.gradle.internal.component.model.ComponentAttributeMatcher::match (259 bytes)

Stack: [0x000000ffe4700000,0x000000ffe4800000]
Native frames: (J=compiled Java code, j=interpreted, Vv=VM code, C=native code)
V  [jvm.dll+0x5ecfaa]
V  [jvm.dll+0x722bd5]
V  [jvm.dll+0x72412d]
V  [jvm.dll+0x7247e3]
V  [jvm.dll+0x242928]
V  [jvm.dll+0xbc4fc]
V  [jvm.dll+0xbca0c]
V  [jvm.dll+0x352d7d]
V  [jvm.dll+0x19800c]
V  [jvm.dll+0x1fb70e]
V  [jvm.dll+0x1fa7f4]
V  [jvm.dll+0x18354c]
V  [jvm.dll+0x208ee7]
V  [jvm.dll+0x207731]
V  [jvm.dll+0x6eb1cf]
V  [jvm.dll+0x6e3d45]
V  [jvm.dll+0x5ebe96]
C  [ucrtbase.dll+0x214c2]
C  [KERNEL32.DLL+0x17034]
C  [ntdll.dll+0x4d0d1]


---------------  P R O C E S S  ---------------

Threads class SMR info:
_java_thread_list=0x000002b3077a6860, length=44, elements={
0x000002b3638a3800, 0x000002b30002a800, 0x000002b30002c000, 0x000002b300046800,
0x000002b300048800, 0x000002b30004b800, 0x000002b300091800, 0x000002b300105800,
0x000002b300106000, 0x000002b3001f8800, 0x000002b3014dd800, 0x000002b30073b800,
0x000002b301227800, 0x000002b300fec000, 0x000002b300fef000, 0x000002b300ff0000,
0x000002b300feb000, 0x000002b300ff1000, 0x000002b3022d4800, 0x000002b3022d4000,
0x000002b3022d5800, 0x000002b3022d6000, 0x000002b3022d1800, 0x000002b3022de800,
0x000002b3022df000, 0x000002b307a96000, 0x000002b307a9e000, 0x000002b3097c5800,
0x000002b3097c3000, 0x000002b3097bf800, 0x000002b3097c6000, 0x000002b3097c3800,
0x000002b3097c0800, 0x000002b3097c7000, 0x000002b3097c1800, 0x000002b3097c8000,
0x000002b3097c2000, 0x000002b3097ce800, 0x000002b3097c9800, 0x000002b3097cc000,
0x000002b3097ca000, 0x000002b3097c8800, 0x000002b3097cb000, 0x000002b3097cc800
}

Java Threads: ( => current thread )
  0x000002b3638a3800 JavaThread "main" [_thread_blocked, id=9256, stack(0x000000ffe3b00000,0x000000ffe3c00000)]
  0x000002b30002a800 JavaThread "Reference Handler" daemon [_thread_blocked, id=2744, stack(0x000000ffe4200000,0x000000ffe4300000)]
  0x000002b30002c000 JavaThread "Finalizer" daemon [_thread_blocked, id=9116, stack(0x000000ffe4300000,0x000000ffe4400000)]
  0x000002b300046800 JavaThread "Signal Dispatcher" daemon [_thread_blocked, id=5052, stack(0x000000ffe4400000,0x000000ffe4500000)]
  0x000002b300048800 JavaThread "Attach Listener" daemon [_thread_blocked, id=6124, stack(0x000000ffe4500000,0x000000ffe4600000)]
  0x000002b30004b800 JavaThread "Service Thread" daemon [_thread_blocked, id=8, stack(0x000000ffe4600000,0x000000ffe4700000)]
=>0x000002b300091800 JavaThread "C2 CompilerThread0" daemon [_thread_in_native, id=10092, stack(0x000000ffe4700000,0x000000ffe4800000)]
  0x000002b300105800 JavaThread "C1 CompilerThread0" daemon [_thread_blocked, id=7792, stack(0x000000ffe4800000,0x000000ffe4900000)]
  0x000002b300106000 JavaThread "Sweeper thread" daemon [_thread_blocked, id=9640, stack(0x000000ffe4900000,0x000000ffe4a00000)]
  0x000002b3001f8800 JavaThread "Common-Cleaner" daemon [_thread_blocked, id=12724, stack(0x000000ffe4a00000,0x000000ffe4b00000)]
  0x000002b3014dd800 JavaThread "Daemon health stats" [_thread_blocked, id=5620, stack(0x000000ffe4f00000,0x000000ffe5000000)]
  0x000002b30073b800 JavaThread "Incoming local TCP Connector on port 57990" [_thread_in_native, id=7988, stack(0x000000ffe5000000,0x000000ffe5100000)]
  0x000002b301227800 JavaThread "Daemon periodic checks" [_thread_blocked, id=9880, stack(0x000000ffe5100000,0x000000ffe5200000)]
  0x000002b300fec000 JavaThread "Cache worker for file hash cache (C:\Users\sont1\.gradle\caches\7.0.2\fileHashes)" [_thread_blocked, id=196, stack(0x000000ffe5800000,0x000000ffe5900000)]
  0x000002b300fef000 JavaThread "File lock request listener" [_thread_in_native, id=1192, stack(0x000000ffe5900000,0x000000ffe5a00000)]
  0x000002b300ff0000 JavaThread "Cache worker for journal cache (C:\Users\sont1\.gradle\caches\journal-1)" [_thread_blocked, id=2828, stack(0x000000ffe5a00000,0x000000ffe5b00000)]
  0x000002b300feb000 JavaThread "File watcher server" daemon [_thread_in_native, id=12516, stack(0x000000ffe5d00000,0x000000ffe5e00000)]
  0x000002b300ff1000 JavaThread "File watcher consumer" daemon [_thread_blocked, id=8956, stack(0x000000ffe5e00000,0x000000ffe5f00000)]
  0x000002b3022d4800 JavaThread "Cache worker for execution history cache (C:\Users\sont1\.gradle\caches\7.0.2\executionHistory)" [_thread_blocked, id=10268, stack(0x000000ffe6100000,0x000000ffe6200000)]
  0x000002b3022d4000 JavaThread "jar transforms" [_thread_blocked, id=9412, stack(0x000000ffe6400000,0x000000ffe6500000)]
  0x000002b3022d5800 JavaThread "jar transforms Thread 2" [_thread_blocked, id=432, stack(0x000000ffe6500000,0x000000ffe6600000)]
  0x000002b3022d6000 JavaThread "Cache worker for file content cache (C:\Users\sont1\.gradle\caches\7.0.2\fileContent)" [_thread_blocked, id=7896, stack(0x000000ffe6700000,0x000000ffe6800000)]
  0x000002b3022d1800 JavaThread "jar transforms Thread 3" [_thread_blocked, id=1128, stack(0x000000ffe6900000,0x000000ffe6a00000)]
  0x000002b3022de800 JavaThread "jar transforms Thread 4" [_thread_blocked, id=9860, stack(0x000000ffe6c00000,0x000000ffe6d00000)]
  0x000002b3022df000 JavaThread "Memory manager" [_thread_blocked, id=12832, stack(0x000000ffe6e00000,0x000000ffe6f00000)]
  0x000002b307a96000 JavaThread "Cache worker for Java compile cache (C:\Users\sont1\.gradle\caches\7.0.2\javaCompile)" [_thread_blocked, id=4944, stack(0x000000ffe5600000,0x000000ffe5700000)]
  0x000002b307a9e000 JavaThread "ForkJoinPool.commonPool-worker-5" daemon [_thread_blocked, id=336, stack(0x000000ffe7900000,0x000000ffe7a00000)]
  0x000002b3097c5800 JavaThread "Daemon Thread 5" [_thread_blocked, id=1744, stack(0x000000ffe3800000,0x000000ffe3900000)]
  0x000002b3097c3000 JavaThread "Handler for socket connection from /127.0.0.1:57990 to /127.0.0.1:58193" [_thread_in_native, id=1396, stack(0x000000ffe3900000,0x000000ffe3a00000)]
  0x000002b3097bf800 JavaThread "Cancel handler" [_thread_blocked, id=10944, stack(0x000000ffe3a00000,0x000000ffe3b00000)]
  0x000002b3097c6000 JavaThread "Daemon worker Thread 5" [_thread_in_native, id=2468, stack(0x000000ffe5200000,0x000000ffe5300000)]
  0x000002b3097c3800 JavaThread "Asynchronous log dispatcher for DefaultDaemonConnection: socket connection from /127.0.0.1:57990 to /127.0.0.1:58193" [_thread_blocked, id=13444, stack(0x000000ffe5300000,0x000000ffe5400000)]
  0x000002b3097c0800 JavaThread "Stdin handler" [_thread_blocked, id=13760, stack(0x000000ffe5400000,0x000000ffe5500000)]
  0x000002b3097c7000 JavaThread "Daemon client event forwarder" [_thread_blocked, id=7028, stack(0x000000ffe5500000,0x000000ffe5600000)]
  0x000002b3097c1800 JavaThread "Cache worker for file hash cache (E:\!reinstall_20200913\android_projects\LegacySonty\.gradle\7.0.2\fileHashes)" [_thread_blocked, id=8072, stack(0x000000ffe5700000,0x000000ffe5800000)]
  0x000002b3097c8000 JavaThread "Cache worker for checksums cache (E:\!reinstall_20200913\android_projects\LegacySonty\.gradle\checksums)" [_thread_blocked, id=5936, stack(0x000000ffe5b00000,0x000000ffe5c00000)]
  0x000002b3097c2000 JavaThread "Cache worker for cache directory md-supplier (C:\Users\sont1\.gradle\caches\7.0.2\md-supplier)" [_thread_blocked, id=9764, stack(0x000000ffe5c00000,0x000000ffe5d00000)]
  0x000002b3097ce800 JavaThread "Cache worker for cache directory md-rule (C:\Users\sont1\.gradle\caches\7.0.2\md-rule)" [_thread_blocked, id=5984, stack(0x000000ffe5f00000,0x000000ffe6000000)]
  0x000002b3097c9800 JavaThread "Cache worker for dependencies-accessors (E:\!reinstall_20200913\android_projects\LegacySonty\.gradle\7.0.2\dependencies-accessors)" [_thread_blocked, id=2904, stack(0x000000ffe6000000,0x000000ffe6100000)]
  0x000002b3097cc000 JavaThread "Cache worker for Build Output Cleanup Cache (E:\!reinstall_20200913\android_projects\LegacySonty\.gradle\buildOutputCleanup)" [_thread_blocked, id=5708, stack(0x000000ffe6200000,0x000000ffe6300000)]
  0x000002b3097ca000 JavaThread "Build operations" [_thread_new, id=532, stack(0x0000000000000000,0x0000000000000000)]
  0x000002b3097c8800 JavaThread "Build operations Thread 2" [_thread_new, id=3736, stack(0x0000000000000000,0x0000000000000000)]
  0x000002b3097cb000 JavaThread "Build operations Thread 3" [_thread_new, id=14040, stack(0x0000000000000000,0x0000000000000000)]
  0x000002b3097cc800 JavaThread "Build operations Thread 4" [_thread_new, id=5600, stack(0x0000000000000000,0x0000000000000000)]

Other Threads:
  0x000002b37f76e800 VMThread "VM Thread" [stack: 0x000000ffe4100000,0x000000ffe4200000] [id=10068]
  0x000002b30022e800 WatcherThread [stack: 0x000000ffe4b00000,0x000000ffe4c00000] [id=13316]
  0x000002b3638bd800 GCTaskThread "GC Thread#0" [stack: 0x000000ffe3c00000,0x000000ffe3d00000] [id=11644]
  0x000002b300a93000 GCTaskThread "GC Thread#1" [stack: 0x000000ffe4c00000,0x000000ffe4d00000] [id=13868]
  0x000002b300b66800 GCTaskThread "GC Thread#2" [stack: 0x000000ffe4d00000,0x000000ffe4e00000] [id=10708]
  0x000002b300ca0800 GCTaskThread "GC Thread#3" [stack: 0x000000ffe4e00000,0x000000ffe4f00000] [id=10120]
  0x000002b3638ef000 ConcurrentGCThread "G1 Main Marker" [stack: 0x000000ffe3d00000,0x000000ffe3e00000] [id=144]
  0x000002b3638f0000 ConcurrentGCThread "G1 Conc#0" [stack: 0x000000ffe3e00000,0x000000ffe3f00000] [id=9700]
  0x000002b36397e000 ConcurrentGCThread "G1 Refine#0" [stack: 0x000000ffe3f00000,0x000000ffe4000000] [id=3684]
  0x000002b37f5de800 ConcurrentGCThread "G1 Young RemSet Sampling" [stack: 0x000000ffe4000000,0x000000ffe4100000] [id=5688]

Threads with active compile tasks:
C2 CompilerThread04162174 21632       4       org.gradle.internal.component.model.ComponentAttributeMatcher::match (259 bytes)

VM state:not at safepoint (normal execution)

VM Mutex/Monitor currently owned by a thread: None

Heap address: 0x0000000080000000, size: 2048 MB, Compressed Oops mode: 32-bit
Narrow klass base: 0x0000000000000000, Narrow klass shift: 3
Compressed class space size: 1073741824 Address: 0x0000000100000000

Heap:
 garbage-first heap   total 262144K, used 206667K [0x0000000080000000, 0x0000000100000000)
  region size 1024K, 113 young (115712K), 5 survivors (5120K)
 Metaspace       used 118448K, capacity 121902K, committed 122216K, reserved 1155072K
  class space    used 14835K, capacity 16141K, committed 16204K, reserved 1048576K
Heap Regions: E=young(eden), S=young(survivor), O=old, HS=humongous(starts), HC=humongous(continues), CS=collection set, F=free, A=archive, TAMS=top-at-mark-start (previous, next)
|   0|0x0000000080000000, 0x0000000080100000, 0x0000000080100000|100%| O|  |TAMS 0x0000000080100000, 0x0000000080000000| Untracked 
|   1|0x0000000080100000, 0x0000000080200000, 0x0000000080200000|100%| O|  |TAMS 0x0000000080200000, 0x0000000080100000| Untracked 
|   2|0x0000000080200000, 0x0000000080300000, 0x0000000080300000|100%| O|  |TAMS 0x0000000080300000, 0x0000000080200000| Untracked 
|   3|0x0000000080300000, 0x0000000080400000, 0x0000000080400000|100%|HS|  |TAMS 0x0000000080400000, 0x0000000080300000| Complete 
|   4|0x0000000080400000, 0x0000000080500000, 0x0000000080500000|100%|HC|  |TAMS 0x0000000080500000, 0x0000000080400000| Complete 
|   5|0x0000000080500000, 0x0000000080600000, 0x0000000080600000|100%|HC|  |TAMS 0x0000000080600000, 0x0000000080500000| Complete 
|   6|0x0000000080600000, 0x0000000080700000, 0x0000000080700000|100%| O|  |TAMS 0x0000000080700000, 0x0000000080600000| Untracked 
|   7|0x0000000080700000, 0x0000000080800000, 0x0000000080800000|100%| O|  |TAMS 0x0000000080800000, 0x0000000080700000| Untracked 
|   8|0x0000000080800000, 0x0000000080900000, 0x0000000080900000|100%| O|  |TAMS 0x0000000080900000, 0x0000000080800000| Untracked 
|   9|0x0000000080900000, 0x0000000080a00000, 0x0000000080a00000|100%| O|  |TAMS 0x0000000080a00000, 0x0000000080900000| Untracked 
|  10|0x0000000080a00000, 0x0000000080b00000, 0x0000000080b00000|100%| O|  |TAMS 0x0000000080b00000, 0x0000000080a00000| Untracked 
|  11|0x0000000080b00000, 0x0000000080c00000, 0x0000000080c00000|100%| O|  |TAMS 0x0000000080c00000, 0x0000000080b00000| Untracked 
|  12|0x0000000080c00000, 0x0000000080d00000, 0x0000000080d00000|100%| O|  |TAMS 0x0000000080d00000, 0x0000000080c00000| Untracked 
|  13|0x0000000080d00000, 0x0000000080e00000, 0x0000000080e00000|100%| O|  |TAMS 0x0000000080e00000, 0x0000000080d00000| Untracked 
|  14|0x0000000080e00000, 0x0000000080f00000, 0x0000000080f00000|100%| O|  |TAMS 0x0000000080f00000, 0x0000000080e00000| Untracked 
|  15|0x0000000080f00000, 0x0000000081000000, 0x0000000081000000|100%| O|  |TAMS 0x0000000081000000, 0x0000000080f00000| Untracked 
|  16|0x0000000081000000, 0x0000000081100000, 0x0000000081100000|100%|HS|  |TAMS 0x0000000081100000, 0x0000000081000000| Complete 
|  17|0x0000000081100000, 0x0000000081200000, 0x0000000081200000|100%|HS|  |TAMS 0x0000000081200000, 0x0000000081100000| Complete 
|  18|0x0000000081200000, 0x0000000081300000, 0x0000000081300000|100%|HS|  |TAMS 0x0000000081300000, 0x0000000081200000| Complete 
|  19|0x0000000081300000, 0x0000000081400000, 0x0000000081400000|100%|HC|  |TAMS 0x0000000081400000, 0x0000000081300000| Complete 
|  20|0x0000000081400000, 0x0000000081500000, 0x0000000081500000|100%| O|  |TAMS 0x0000000081500000, 0x0000000081400000| Untracked 
|  21|0x0000000081500000, 0x0000000081600000, 0x0000000081600000|100%| O|  |TAMS 0x0000000081600000, 0x0000000081500000| Untracked 
|  22|0x0000000081600000, 0x0000000081700000, 0x0000000081700000|100%| O|  |TAMS 0x0000000081700000, 0x0000000081600000| Untracked 
|  23|0x0000000081700000, 0x0000000081800000, 0x0000000081800000|100%| O|  |TAMS 0x0000000081800000, 0x0000000081700000| Untracked 
|  24|0x0000000081800000, 0x0000000081900000, 0x0000000081900000|100%| O|  |TAMS 0x0000000081900000, 0x0000000081800000| Untracked 
|  25|0x0000000081900000, 0x0000000081a00000, 0x0000000081a00000|100%| O|  |TAMS 0x0000000081a00000, 0x0000000081900000| Untracked 
|  26|0x0000000081a00000, 0x0000000081b00000, 0x0000000081b00000|100%| O|  |TAMS 0x0000000081b00000, 0x0000000081a00000| Untracked 
|  27|0x0000000081b00000, 0x0000000081c00000, 0x0000000081c00000|100%| O|  |TAMS 0x0000000081c00000, 0x0000000081b00000| Untracked 
|  28|0x0000000081c00000, 0x0000000081d00000, 0x0000000081d00000|100%| O|  |TAMS 0x0000000081d00000, 0x0000000081c00000| Untracked 
|  29|0x0000000081d00000, 0x0000000081e00000, 0x0000000081e00000|100%| O|  |TAMS 0x0000000081e00000, 0x0000000081d00000| Untracked 
|  30|0x0000000081e00000, 0x0000000081f00000, 0x0000000081f00000|100%| O|  |TAMS 0x0000000081f00000, 0x0000000081e00000| Untracked 
|  31|0x0000000081f00000, 0x0000000082000000, 0x0000000082000000|100%| O|  |TAMS 0x0000000082000000, 0x0000000081f00000| Untracked 
|  32|0x0000000082000000, 0x0000000082100000, 0x0000000082100000|100%| O|  |TAMS 0x0000000082100000, 0x0000000082000000| Untracked 
|  33|0x0000000082100000, 0x0000000082200000, 0x0000000082200000|100%| O|  |TAMS 0x0000000082200000, 0x0000000082100000| Untracked 
|  34|0x0000000082200000, 0x0000000082300000, 0x0000000082300000|100%| O|  |TAMS 0x0000000082300000, 0x0000000082200000| Untracked 
|  35|0x0000000082300000, 0x0000000082400000, 0x0000000082400000|100%| O|  |TAMS 0x0000000082400000, 0x0000000082300000| Untracked 
|  36|0x0000000082400000, 0x0000000082500000, 0x0000000082500000|100%| O|  |TAMS 0x0000000082500000, 0x0000000082400000| Untracked 
|  37|0x0000000082500000, 0x0000000082600000, 0x0000000082600000|100%| O|  |TAMS 0x0000000082600000, 0x0000000082500000| Untracked 
|  38|0x0000000082600000, 0x0000000082700000, 0x0000000082700000|100%| O|  |TAMS 0x0000000082700000, 0x0000000082600000| Untracked 
|  39|0x0000000082700000, 0x0000000082800000, 0x0000000082800000|100%| O|  |TAMS 0x0000000082800000, 0x0000000082700000| Untracked 
|  40|0x0000000082800000, 0x0000000082900000, 0x0000000082900000|100%| O|  |TAMS 0x0000000082900000, 0x0000000082800000| Untracked 
|  41|0x0000000082900000, 0x0000000082a00000, 0x0000000082a00000|100%| O|  |TAMS 0x0000000082a00000, 0x0000000082900000| Untracked 
|  42|0x0000000082a00000, 0x0000000082b00000, 0x0000000082b00000|100%| O|  |TAMS 0x0000000082b00000, 0x0000000082a00000| Untracked 
|  43|0x0000000082b00000, 0x0000000082c00000, 0x0000000082c00000|100%| O|  |TAMS 0x0000000082c00000, 0x0000000082b00000| Untracked 
|  44|0x0000000082c00000, 0x0000000082d00000, 0x0000000082d00000|100%| O|  |TAMS 0x0000000082d00000, 0x0000000082c00000| Untracked 
|  45|0x0000000082d00000, 0x0000000082e00000, 0x0000000082e00000|100%| O|  |TAMS 0x0000000082e00000, 0x0000000082d00000| Untracked 
|  46|0x0000000082e00000, 0x0000000082f00000, 0x0000000082f00000|100%| O|  |TAMS 0x0000000082f00000, 0x0000000082e00000| Untracked 
|  47|0x0000000082f00000, 0x0000000083000000, 0x0000000083000000|100%| O|  |TAMS 0x0000000083000000, 0x0000000082f00000| Untracked 
|  48|0x0000000083000000, 0x0000000083100000, 0x0000000083100000|100%| O|  |TAMS 0x0000000083100000, 0x0000000083000000| Untracked 
|  49|0x0000000083100000, 0x0000000083200000, 0x0000000083200000|100%| O|  |TAMS 0x0000000083200000, 0x0000000083100000| Untracked 
|  50|0x0000000083200000, 0x0000000083300000, 0x0000000083300000|100%| O|  |TAMS 0x0000000083280000, 0x0000000083200000| Untracked 
|  51|0x0000000083300000, 0x0000000083400000, 0x0000000083400000|100%| O|  |TAMS 0x0000000083300000, 0x0000000083300000| Untracked 
|  52|0x0000000083400000, 0x0000000083500000, 0x0000000083500000|100%| O|  |TAMS 0x0000000083400000, 0x0000000083400000| Untracked 
|  53|0x0000000083500000, 0x0000000083600000, 0x0000000083600000|100%| O|  |TAMS 0x0000000083500000, 0x0000000083500000| Untracked 
|  54|0x0000000083600000, 0x0000000083700000, 0x0000000083700000|100%| O|  |TAMS 0x0000000083600000, 0x0000000083600000| Untracked 
|  55|0x0000000083700000, 0x0000000083800000, 0x0000000083800000|100%| O|  |TAMS 0x0000000083700000, 0x0000000083700000| Untracked 
|  56|0x0000000083800000, 0x0000000083900000, 0x0000000083900000|100%| O|  |TAMS 0x0000000083800000, 0x0000000083800000| Untracked 
|  57|0x0000000083900000, 0x0000000083a00000, 0x0000000083a00000|100%| O|  |TAMS 0x0000000083900000, 0x0000000083900000| Untracked 
|  58|0x0000000083a00000, 0x0000000083b00000, 0x0000000083b00000|100%|HS|  |TAMS 0x0000000083a00000, 0x0000000083a00000| Complete 
|  59|0x0000000083b00000, 0x0000000083c00000, 0x0000000083c00000|100%|HC|  |TAMS 0x0000000083b00000, 0x0000000083b00000| Complete 
|  60|0x0000000083c00000, 0x0000000083d00000, 0x0000000083d00000|100%| O|  |TAMS 0x0000000083c00000, 0x0000000083c00000| Untracked 
|  61|0x0000000083d00000, 0x0000000083e00000, 0x0000000083e00000|100%| O|  |TAMS 0x0000000083d00000, 0x0000000083d00000| Untracked 
|  62|0x0000000083e00000, 0x0000000083f00000, 0x0000000083f00000|100%| O|  |TAMS 0x0000000083e00000, 0x0000000083e00000| Untracked 
|  63|0x0000000083f00000, 0x0000000084000000, 0x0000000084000000|100%| O|  |TAMS 0x0000000083f00000, 0x0000000083f00000| Untracked 
|  64|0x0000000084000000, 0x0000000084100000, 0x0000000084100000|100%| O|  |TAMS 0x0000000084000000, 0x0000000084000000| Untracked 
|  65|0x0000000084100000, 0x0000000084200000, 0x0000000084200000|100%| O|  |TAMS 0x0000000084100000, 0x0000000084100000| Untracked 
|  66|0x0000000084200000, 0x0000000084300000, 0x0000000084300000|100%| O|  |TAMS 0x0000000084200000, 0x0000000084200000| Untracked 
|  67|0x0000000084300000, 0x0000000084400000, 0x0000000084400000|100%| O|  |TAMS 0x0000000084300000, 0x0000000084300000| Untracked 
|  68|0x0000000084400000, 0x0000000084500000, 0x0000000084500000|100%|HS|  |TAMS 0x0000000084400000, 0x0000000084400000| Complete 
|  69|0x0000000084500000, 0x0000000084600000, 0x0000000084600000|100%|HC|  |TAMS 0x0000000084500000, 0x0000000084500000| Complete 
|  70|0x0000000084600000, 0x0000000084700000, 0x0000000084700000|100%|HS|  |TAMS 0x0000000084600000, 0x0000000084600000| Complete 
|  71|0x0000000084700000, 0x0000000084800000, 0x0000000084800000|100%|HC|  |TAMS 0x0000000084700000, 0x0000000084700000| Complete 
|  72|0x0000000084800000, 0x0000000084900000, 0x0000000084900000|100%| O|  |TAMS 0x0000000084800000, 0x0000000084800000| Untracked 
|  73|0x0000000084900000, 0x0000000084a00000, 0x0000000084a00000|100%|HS|  |TAMS 0x0000000084900000, 0x0000000084900000| Complete 
|  74|0x0000000084a00000, 0x0000000084b00000, 0x0000000084b00000|100%|HC|  |TAMS 0x0000000084a00000, 0x0000000084a00000| Complete 
|  75|0x0000000084b00000, 0x0000000084c00000, 0x0000000084c00000|100%| O|  |TAMS 0x0000000084b00000, 0x0000000084b00000| Untracked 
|  76|0x0000000084c00000, 0x0000000084d00000, 0x0000000084d00000|100%| O|  |TAMS 0x0000000084c00000, 0x0000000084c00000| Untracked 
|  77|0x0000000084d00000, 0x0000000084e00000, 0x0000000084e00000|100%| O|  |TAMS 0x0000000084d00000, 0x0000000084d00000| Untracked 
|  78|0x0000000084e00000, 0x0000000084f00000, 0x0000000084f00000|100%| O|  |TAMS 0x0000000084e00000, 0x0000000084e00000| Untracked 
|  79|0x0000000084f00000, 0x0000000085000000, 0x0000000085000000|100%| O|  |TAMS 0x0000000084f00000, 0x0000000084f00000| Untracked 
|  80|0x0000000085000000, 0x0000000085100000, 0x0000000085100000|100%| O|  |TAMS 0x0000000085000000, 0x0000000085000000| Untracked 
|  81|0x0000000085100000, 0x0000000085200000, 0x0000000085200000|100%| O|  |TAMS 0x0000000085100000, 0x0000000085100000| Untracked 
|  82|0x0000000085200000, 0x0000000085300000, 0x0000000085300000|100%| O|  |TAMS 0x0000000085200000, 0x0000000085200000| Untracked 
|  83|0x0000000085300000, 0x0000000085400000, 0x0000000085400000|100%| O|  |TAMS 0x0000000085300000, 0x0000000085300000| Untracked 
|  84|0x0000000085400000, 0x0000000085500000, 0x0000000085500000|100%| O|  |TAMS 0x0000000085400000, 0x0000000085400000| Untracked 
|  85|0x0000000085500000, 0x0000000085600000, 0x0000000085600000|100%| O|  |TAMS 0x0000000085500000, 0x0000000085500000| Untracked 
|  86|0x0000000085600000, 0x0000000085700000, 0x0000000085700000|100%|HS|  |TAMS 0x0000000085600000, 0x0000000085600000| Complete 
|  87|0x0000000085700000, 0x0000000085800000, 0x0000000085800000|100%|HC|  |TAMS 0x0000000085700000, 0x0000000085700000| Complete 
|  88|0x0000000085800000, 0x0000000085900000, 0x0000000085900000|100%|HS|  |TAMS 0x0000000085800000, 0x0000000085800000| Complete 
|  89|0x0000000085900000, 0x0000000085900000, 0x0000000085a00000|  0%| F|  |TAMS 0x0000000085900000, 0x0000000085900000| Untracked 
|  90|0x0000000085a00000, 0x0000000085b00000, 0x0000000085b00000|100%| O|  |TAMS 0x0000000085a00000, 0x0000000085a00000| Untracked 
|  91|0x0000000085b00000, 0x0000000085bd2e00, 0x0000000085c00000| 82%| O|  |TAMS 0x0000000085b00000, 0x0000000085b00000| Untracked 
|  92|0x0000000085c00000, 0x0000000085c00000, 0x0000000085d00000|  0%| F|  |TAMS 0x0000000085c00000, 0x0000000085c00000| Untracked 
|  93|0x0000000085d00000, 0x0000000085d00000, 0x0000000085e00000|  0%| F|  |TAMS 0x0000000085d00000, 0x0000000085d00000| Untracked 
|  94|0x0000000085e00000, 0x0000000085e00000, 0x0000000085f00000|  0%| F|  |TAMS 0x0000000085e00000, 0x0000000085e00000| Untracked 
|  95|0x0000000085f00000, 0x0000000085f00000, 0x0000000086000000|  0%| F|  |TAMS 0x0000000085f00000, 0x0000000085f00000| Untracked 
|  96|0x0000000086000000, 0x0000000086000000, 0x0000000086100000|  0%| F|  |TAMS 0x0000000086000000, 0x0000000086000000| Untracked 
|  97|0x0000000086100000, 0x0000000086100000, 0x0000000086200000|  0%| F|  |TAMS 0x0000000086100000, 0x0000000086100000| Untracked 
|  98|0x0000000086200000, 0x0000000086200000, 0x0000000086300000|  0%| F|  |TAMS 0x0000000086200000, 0x0000000086200000| Untracked 
|  99|0x0000000086300000, 0x0000000086300000, 0x0000000086400000|  0%| F|  |TAMS 0x0000000086300000, 0x0000000086300000| Untracked 
| 100|0x0000000086400000, 0x0000000086400000, 0x0000000086500000|  0%| F|  |TAMS 0x0000000086400000, 0x0000000086400000| Untracked 
| 101|0x0000000086500000, 0x0000000086500000, 0x0000000086600000|  0%| F|  |TAMS 0x0000000086500000, 0x0000000086500000| Untracked 
| 102|0x0000000086600000, 0x0000000086600000, 0x0000000086700000|  0%| F|  |TAMS 0x0000000086600000, 0x0000000086600000| Untracked 
| 103|0x0000000086700000, 0x0000000086700000, 0x0000000086800000|  0%| F|  |TAMS 0x0000000086700000, 0x0000000086700000| Untracked 
| 104|0x0000000086800000, 0x0000000086800000, 0x0000000086900000|  0%| F|  |TAMS 0x0000000086800000, 0x0000000086800000| Untracked 
| 105|0x0000000086900000, 0x0000000086900000, 0x0000000086a00000|  0%| F|  |TAMS 0x0000000086900000, 0x0000000086900000| Untracked 
| 106|0x0000000086a00000, 0x0000000086a00000, 0x0000000086b00000|  0%| F|  |TAMS 0x0000000086a00000, 0x0000000086a00000| Untracked 
| 107|0x0000000086b00000, 0x0000000086b00000, 0x0000000086c00000|  0%| F|  |TAMS 0x0000000086b00000, 0x0000000086b00000| Untracked 
| 108|0x0000000086c00000, 0x0000000086c00000, 0x0000000086d00000|  0%| F|  |TAMS 0x0000000086c00000, 0x0000000086c00000| Untracked 
| 109|0x0000000086d00000, 0x0000000086d00000, 0x0000000086e00000|  0%| F|  |TAMS 0x0000000086d00000, 0x0000000086d00000| Untracked 
| 110|0x0000000086e00000, 0x0000000086e00000, 0x0000000086f00000|  0%| F|  |TAMS 0x0000000086e00000, 0x0000000086e00000| Untracked 
| 111|0x0000000086f00000, 0x0000000086f00000, 0x0000000087000000|  0%| F|  |TAMS 0x0000000086f00000, 0x0000000086f00000| Untracked 
| 112|0x0000000087000000, 0x0000000087000000, 0x0000000087100000|  0%| F|  |TAMS 0x0000000087000000, 0x0000000087000000| Untracked 
| 113|0x0000000087100000, 0x0000000087100000, 0x0000000087200000|  0%| F|  |TAMS 0x0000000087100000, 0x0000000087100000| Untracked 
| 114|0x0000000087200000, 0x0000000087200000, 0x0000000087300000|  0%| F|  |TAMS 0x0000000087200000, 0x0000000087200000| Untracked 
| 115|0x0000000087300000, 0x0000000087300000, 0x0000000087400000|  0%| F|  |TAMS 0x0000000087300000, 0x0000000087300000| Untracked 
| 116|0x0000000087400000, 0x0000000087400000, 0x0000000087500000|  0%| F|  |TAMS 0x0000000087400000, 0x0000000087400000| Untracked 
| 117|0x0000000087500000, 0x0000000087500000, 0x0000000087600000|  0%| F|  |TAMS 0x0000000087500000, 0x0000000087500000| Untracked 
| 118|0x0000000087600000, 0x0000000087600000, 0x0000000087700000|  0%| F|  |TAMS 0x0000000087600000, 0x0000000087600000| Untracked 
| 119|0x0000000087700000, 0x0000000087700000, 0x0000000087800000|  0%| F|  |TAMS 0x0000000087700000, 0x0000000087700000| Untracked 
| 120|0x0000000087800000, 0x0000000087800000, 0x0000000087900000|  0%| F|  |TAMS 0x0000000087800000, 0x0000000087800000| Untracked 
| 121|0x0000000087900000, 0x0000000087900000, 0x0000000087a00000|  0%| F|  |TAMS 0x0000000087900000, 0x0000000087900000| Untracked 
| 122|0x0000000087a00000, 0x0000000087a00000, 0x0000000087b00000|  0%| F|  |TAMS 0x0000000087a00000, 0x0000000087a00000| Untracked 
| 123|0x0000000087b00000, 0x0000000087b00000, 0x0000000087c00000|  0%| F|  |TAMS 0x0000000087b00000, 0x0000000087b00000| Untracked 
| 124|0x0000000087c00000, 0x0000000087c00000, 0x0000000087d00000|  0%| F|  |TAMS 0x0000000087c00000, 0x0000000087c00000| Untracked 
| 125|0x0000000087d00000, 0x0000000087d00000, 0x0000000087e00000|  0%| F|  |TAMS 0x0000000087d00000, 0x0000000087d00000| Untracked 
| 126|0x0000000087e00000, 0x0000000087e00000, 0x0000000087f00000|  0%| F|  |TAMS 0x0000000087e00000, 0x0000000087e00000| Untracked 
| 127|0x0000000087f00000, 0x0000000087f00000, 0x0000000088000000|  0%| F|  |TAMS 0x0000000087f00000, 0x0000000087f00000| Untracked 
| 128|0x0000000088000000, 0x0000000088000000, 0x0000000088100000|  0%| F|  |TAMS 0x0000000088000000, 0x0000000088000000| Untracked 
| 129|0x0000000088100000, 0x0000000088100000, 0x0000000088200000|  0%| F|  |TAMS 0x0000000088100000, 0x0000000088100000| Untracked 
| 130|0x0000000088200000, 0x0000000088200000, 0x0000000088300000|  0%| F|  |TAMS 0x0000000088200000, 0x0000000088200000| Untracked 
| 131|0x0000000088300000, 0x0000000088300000, 0x0000000088400000|  0%| F|  |TAMS 0x0000000088300000, 0x0000000088300000| Untracked 
| 132|0x0000000088400000, 0x0000000088400000, 0x0000000088500000|  0%| F|  |TAMS 0x0000000088400000, 0x0000000088400000| Untracked 
| 133|0x0000000088500000, 0x0000000088500000, 0x0000000088600000|  0%| F|  |TAMS 0x0000000088500000, 0x0000000088500000| Untracked 
| 134|0x0000000088600000, 0x0000000088600000, 0x0000000088700000|  0%| F|  |TAMS 0x0000000088600000, 0x0000000088600000| Untracked 
| 135|0x0000000088700000, 0x0000000088700000, 0x0000000088800000|  0%| F|  |TAMS 0x0000000088700000, 0x0000000088700000| Untracked 
| 136|0x0000000088800000, 0x0000000088800000, 0x0000000088900000|  0%| F|  |TAMS 0x0000000088800000, 0x0000000088800000| Untracked 
| 137|0x0000000088900000, 0x0000000088a00000, 0x0000000088a00000|100%| S|CS|TAMS 0x0000000088900000, 0x0000000088900000| Complete 
| 138|0x0000000088a00000, 0x0000000088a00000, 0x0000000088b00000|  0%| F|  |TAMS 0x0000000088a00000, 0x0000000088a00000| Untracked 
| 139|0x0000000088b00000, 0x0000000088b00000, 0x0000000088c00000|  0%| F|  |TAMS 0x0000000088b00000, 0x0000000088b00000| Untracked 
| 140|0x0000000088c00000, 0x0000000088d00000, 0x0000000088d00000|100%| S|CS|TAMS 0x0000000088c00000, 0x0000000088c00000| Complete 
| 141|0x0000000088d00000, 0x0000000088e00000, 0x0000000088e00000|100%| S|CS|TAMS 0x0000000088d00000, 0x0000000088d00000| Complete 
| 142|0x0000000088e00000, 0x0000000088f00000, 0x0000000088f00000|100%| S|CS|TAMS 0x0000000088e00000, 0x0000000088e00000| Complete 
| 143|0x0000000088f00000, 0x0000000089000000, 0x0000000089000000|100%| S|CS|TAMS 0x0000000088f00000, 0x0000000088f00000| Complete 
| 144|0x0000000089000000, 0x0000000089000000, 0x0000000089100000|  0%| F|  |TAMS 0x0000000089000000, 0x0000000089000000| Untracked 
| 145|0x0000000089100000, 0x0000000089100000, 0x0000000089200000|  0%| F|  |TAMS 0x0000000089100000, 0x0000000089100000| Untracked 
| 146|0x0000000089200000, 0x0000000089200000, 0x0000000089300000|  0%| F|  |TAMS 0x0000000089200000, 0x0000000089200000| Untracked 
| 147|0x0000000089300000, 0x0000000089300000, 0x0000000089400000|  0%| F|  |TAMS 0x0000000089300000, 0x0000000089300000| Untracked 
| 148|0x0000000089400000, 0x00000000894ca560, 0x0000000089500000| 79%| E|  |TAMS 0x0000000089400000, 0x0000000089400000| Complete 
| 149|0x0000000089500000, 0x0000000089600000, 0x0000000089600000|100%| E|CS|TAMS 0x0000000089500000, 0x0000000089500000| Complete 
| 150|0x0000000089600000, 0x0000000089700000, 0x0000000089700000|100%| E|CS|TAMS 0x0000000089600000, 0x0000000089600000| Complete 
| 151|0x0000000089700000, 0x0000000089800000, 0x0000000089800000|100%| E|CS|TAMS 0x0000000089700000, 0x0000000089700000| Complete 
| 152|0x0000000089800000, 0x0000000089900000, 0x0000000089900000|100%| E|CS|TAMS 0x0000000089800000, 0x0000000089800000| Complete 
| 153|0x0000000089900000, 0x0000000089a00000, 0x0000000089a00000|100%| E|CS|TAMS 0x0000000089900000, 0x0000000089900000| Complete 
| 154|0x0000000089a00000, 0x0000000089b00000, 0x0000000089b00000|100%| E|CS|TAMS 0x0000000089a00000, 0x0000000089a00000| Complete 
| 155|0x0000000089b00000, 0x0000000089c00000, 0x0000000089c00000|100%| E|CS|TAMS 0x0000000089b00000, 0x0000000089b00000| Complete 
| 156|0x0000000089c00000, 0x0000000089d00000, 0x0000000089d00000|100%| E|CS|TAMS 0x0000000089c00000, 0x0000000089c00000| Complete 
| 157|0x0000000089d00000, 0x0000000089e00000, 0x0000000089e00000|100%| E|CS|TAMS 0x0000000089d00000, 0x0000000089d00000| Complete 
| 158|0x0000000089e00000, 0x0000000089f00000, 0x0000000089f00000|100%| E|CS|TAMS 0x0000000089e00000, 0x0000000089e00000| Complete 
| 159|0x0000000089f00000, 0x000000008a000000, 0x000000008a000000|100%| E|CS|TAMS 0x0000000089f00000, 0x0000000089f00000| Complete 
| 160|0x000000008a000000, 0x000000008a100000, 0x000000008a100000|100%| E|CS|TAMS 0x000000008a000000, 0x000000008a000000| Complete 
| 161|0x000000008a100000, 0x000000008a200000, 0x000000008a200000|100%| E|CS|TAMS 0x000000008a100000, 0x000000008a100000| Complete 
| 162|0x000000008a200000, 0x000000008a300000, 0x000000008a300000|100%| E|CS|TAMS 0x000000008a200000, 0x000000008a200000| Complete 
| 163|0x000000008a300000, 0x000000008a400000, 0x000000008a400000|100%| E|CS|TAMS 0x000000008a300000, 0x000000008a300000| Complete 
| 164|0x000000008a400000, 0x000000008a500000, 0x000000008a500000|100%| E|CS|TAMS 0x000000008a400000, 0x000000008a400000| Complete 
| 165|0x000000008a500000, 0x000000008a600000, 0x000000008a600000|100%| E|CS|TAMS 0x000000008a500000, 0x000000008a500000| Complete 
| 166|0x000000008a600000, 0x000000008a700000, 0x000000008a700000|100%| E|CS|TAMS 0x000000008a600000, 0x000000008a600000| Complete 
| 167|0x000000008a700000, 0x000000008a800000, 0x000000008a800000|100%| E|CS|TAMS 0x000000008a700000, 0x000000008a700000| Complete 
| 168|0x000000008a800000, 0x000000008a900000, 0x000000008a900000|100%| E|CS|TAMS 0x000000008a800000, 0x000000008a800000| Complete 
| 169|0x000000008a900000, 0x000000008aa00000, 0x000000008aa00000|100%| E|CS|TAMS 0x000000008a900000, 0x000000008a900000| Complete 
| 170|0x000000008aa00000, 0x000000008ab00000, 0x000000008ab00000|100%| E|CS|TAMS 0x000000008aa00000, 0x000000008aa00000| Complete 
| 171|0x000000008ab00000, 0x000000008ac00000, 0x000000008ac00000|100%| E|CS|TAMS 0x000000008ab00000, 0x000000008ab00000| Complete 
| 172|0x000000008ac00000, 0x000000008ad00000, 0x000000008ad00000|100%| E|CS|TAMS 0x000000008ac00000, 0x000000008ac00000| Complete 
| 173|0x000000008ad00000, 0x000000008ae00000, 0x000000008ae00000|100%| E|CS|TAMS 0x000000008ad00000, 0x000000008ad00000| Complete 
| 174|0x000000008ae00000, 0x000000008af00000, 0x000000008af00000|100%| E|CS|TAMS 0x000000008ae00000, 0x000000008ae00000| Complete 
| 175|0x000000008af00000, 0x000000008b000000, 0x000000008b000000|100%| E|CS|TAMS 0x000000008af00000, 0x000000008af00000| Complete 
| 176|0x000000008b000000, 0x000000008b100000, 0x000000008b100000|100%| E|CS|TAMS 0x000000008b000000, 0x000000008b000000| Complete 
| 177|0x000000008b100000, 0x000000008b200000, 0x000000008b200000|100%| E|CS|TAMS 0x000000008b100000, 0x000000008b100000| Complete 
| 178|0x000000008b200000, 0x000000008b300000, 0x000000008b300000|100%| E|CS|TAMS 0x000000008b200000, 0x000000008b200000| Complete 
| 179|0x000000008b300000, 0x000000008b400000, 0x000000008b400000|100%| E|CS|TAMS 0x000000008b300000, 0x000000008b300000| Complete 
| 180|0x000000008b400000, 0x000000008b500000, 0x000000008b500000|100%| E|CS|TAMS 0x000000008b400000, 0x000000008b400000| Complete 
| 181|0x000000008b500000, 0x000000008b600000, 0x000000008b600000|100%| E|CS|TAMS 0x000000008b500000, 0x000000008b500000| Complete 
| 182|0x000000008b600000, 0x000000008b700000, 0x000000008b700000|100%| E|CS|TAMS 0x000000008b600000, 0x000000008b600000| Complete 
| 183|0x000000008b700000, 0x000000008b800000, 0x000000008b800000|100%| E|CS|TAMS 0x000000008b700000, 0x000000008b700000| Complete 
| 184|0x000000008b800000, 0x000000008b900000, 0x000000008b900000|100%| E|CS|TAMS 0x000000008b800000, 0x000000008b800000| Complete 
| 185|0x000000008b900000, 0x000000008ba00000, 0x000000008ba00000|100%| E|CS|TAMS 0x000000008b900000, 0x000000008b900000| Complete 
| 186|0x000000008ba00000, 0x000000008bb00000, 0x000000008bb00000|100%| E|CS|TAMS 0x000000008ba00000, 0x000000008ba00000| Complete 
| 187|0x000000008bb00000, 0x000000008bc00000, 0x000000008bc00000|100%| E|CS|TAMS 0x000000008bb00000, 0x000000008bb00000| Complete 
| 188|0x000000008bc00000, 0x000000008bd00000, 0x000000008bd00000|100%| E|CS|TAMS 0x000000008bc00000, 0x000000008bc00000| Complete 
| 189|0x000000008bd00000, 0x000000008be00000, 0x000000008be00000|100%| E|CS|TAMS 0x000000008bd00000, 0x000000008bd00000| Complete 
| 190|0x000000008be00000, 0x000000008bf00000, 0x000000008bf00000|100%| E|CS|TAMS 0x000000008be00000, 0x000000008be00000| Complete 
| 191|0x000000008bf00000, 0x000000008c000000, 0x000000008c000000|100%| E|CS|TAMS 0x000000008bf00000, 0x000000008bf00000| Complete 
| 192|0x000000008c000000, 0x000000008c100000, 0x000000008c100000|100%| E|CS|TAMS 0x000000008c000000, 0x000000008c000000| Complete 
| 193|0x000000008c100000, 0x000000008c200000, 0x000000008c200000|100%| E|CS|TAMS 0x000000008c100000, 0x000000008c100000| Complete 
| 194|0x000000008c200000, 0x000000008c300000, 0x000000008c300000|100%| E|CS|TAMS 0x000000008c200000, 0x000000008c200000| Complete 
| 195|0x000000008c300000, 0x000000008c400000, 0x000000008c400000|100%| E|CS|TAMS 0x000000008c300000, 0x000000008c300000| Complete 
| 196|0x000000008c400000, 0x000000008c500000, 0x000000008c500000|100%| E|CS|TAMS 0x000000008c400000, 0x000000008c400000| Complete 
| 197|0x000000008c500000, 0x000000008c600000, 0x000000008c600000|100%| E|CS|TAMS 0x000000008c500000, 0x000000008c500000| Complete 
| 198|0x000000008c600000, 0x000000008c700000, 0x000000008c700000|100%| E|CS|TAMS 0x000000008c600000, 0x000000008c600000| Complete 
| 199|0x000000008c700000, 0x000000008c800000, 0x000000008c800000|100%| E|CS|TAMS 0x000000008c700000, 0x000000008c700000| Complete 
| 200|0x000000008c800000, 0x000000008c900000, 0x000000008c900000|100%| E|  |TAMS 0x000000008c800000, 0x000000008c800000| Complete 
| 201|0x000000008c900000, 0x000000008ca00000, 0x000000008ca00000|100%| E|CS|TAMS 0x000000008c900000, 0x000000008c900000| Complete 
| 202|0x000000008ca00000, 0x000000008cb00000, 0x000000008cb00000|100%| E|CS|TAMS 0x000000008ca00000, 0x000000008ca00000| Complete 
| 203|0x000000008cb00000, 0x000000008cc00000, 0x000000008cc00000|100%| E|CS|TAMS 0x000000008cb00000, 0x000000008cb00000| Complete 
| 204|0x000000008cc00000, 0x000000008cd00000, 0x000000008cd00000|100%| E|CS|TAMS 0x000000008cc00000, 0x000000008cc00000| Complete 
| 205|0x000000008cd00000, 0x000000008ce00000, 0x000000008ce00000|100%| E|CS|TAMS 0x000000008cd00000, 0x000000008cd00000| Complete 
| 206|0x000000008ce00000, 0x000000008cf00000, 0x000000008cf00000|100%| E|CS|TAMS 0x000000008ce00000, 0x000000008ce00000| Complete 
| 207|0x000000008cf00000, 0x000000008d000000, 0x000000008d000000|100%| E|CS|TAMS 0x000000008cf00000, 0x000000008cf00000| Complete 
| 208|0x000000008d000000, 0x000000008d100000, 0x000000008d100000|100%| E|CS|TAMS 0x000000008d000000, 0x000000008d000000| Complete 
| 209|0x000000008d100000, 0x000000008d200000, 0x000000008d200000|100%| E|CS|TAMS 0x000000008d100000, 0x000000008d100000| Complete 
| 210|0x000000008d200000, 0x000000008d300000, 0x000000008d300000|100%| E|CS|TAMS 0x000000008d200000, 0x000000008d200000| Complete 
| 211|0x000000008d300000, 0x000000008d400000, 0x000000008d400000|100%| E|CS|TAMS 0x000000008d300000, 0x000000008d300000| Complete 
| 212|0x000000008d400000, 0x000000008d500000, 0x000000008d500000|100%| E|CS|TAMS 0x000000008d400000, 0x000000008d400000| Complete 
| 213|0x000000008d500000, 0x000000008d600000, 0x000000008d600000|100%| E|CS|TAMS 0x000000008d500000, 0x000000008d500000| Complete 
| 214|0x000000008d600000, 0x000000008d700000, 0x000000008d700000|100%| E|CS|TAMS 0x000000008d600000, 0x000000008d600000| Complete 
| 215|0x000000008d700000, 0x000000008d800000, 0x000000008d800000|100%| E|CS|TAMS 0x000000008d700000, 0x000000008d700000| Complete 
| 216|0x000000008d800000, 0x000000008d900000, 0x000000008d900000|100%| E|CS|TAMS 0x000000008d800000, 0x000000008d800000| Complete 
| 217|0x000000008d900000, 0x000000008da00000, 0x000000008da00000|100%| E|CS|TAMS 0x000000008d900000, 0x000000008d900000| Complete 
| 218|0x000000008da00000, 0x000000008db00000, 0x000000008db00000|100%| E|CS|TAMS 0x000000008da00000, 0x000000008da00000| Complete 
| 219|0x000000008db00000, 0x000000008dc00000, 0x000000008dc00000|100%| E|CS|TAMS 0x000000008db00000, 0x000000008db00000| Complete 
| 220|0x000000008dc00000, 0x000000008dd00000, 0x000000008dd00000|100%| E|CS|TAMS 0x000000008dc00000, 0x000000008dc00000| Complete 
| 221|0x000000008dd00000, 0x000000008de00000, 0x000000008de00000|100%| E|CS|TAMS 0x000000008dd00000, 0x000000008dd00000| Complete 
| 222|0x000000008de00000, 0x000000008df00000, 0x000000008df00000|100%| E|CS|TAMS 0x000000008de00000, 0x000000008de00000| Complete 
| 223|0x000000008df00000, 0x000000008e000000, 0x000000008e000000|100%| E|CS|TAMS 0x000000008df00000, 0x000000008df00000| Complete 
| 224|0x000000008e000000, 0x000000008e100000, 0x000000008e100000|100%| E|CS|TAMS 0x000000008e000000, 0x000000008e000000| Complete 
| 225|0x000000008e100000, 0x000000008e200000, 0x000000008e200000|100%| E|CS|TAMS 0x000000008e100000, 0x000000008e100000| Complete 
| 226|0x000000008e200000, 0x000000008e300000, 0x000000008e300000|100%| E|CS|TAMS 0x000000008e200000, 0x000000008e200000| Complete 
| 227|0x000000008e300000, 0x000000008e400000, 0x000000008e400000|100%| E|CS|TAMS 0x000000008e300000, 0x000000008e300000| Complete 
| 228|0x000000008e400000, 0x000000008e500000, 0x000000008e500000|100%| E|CS|TAMS 0x000000008e400000, 0x000000008e400000| Complete 
| 229|0x000000008e500000, 0x000000008e600000, 0x000000008e600000|100%| E|CS|TAMS 0x000000008e500000, 0x000000008e500000| Complete 
| 230|0x000000008e600000, 0x000000008e700000, 0x000000008e700000|100%| E|CS|TAMS 0x000000008e600000, 0x000000008e600000| Complete 
| 231|0x000000008e700000, 0x000000008e800000, 0x000000008e800000|100%| E|CS|TAMS 0x000000008e700000, 0x000000008e700000| Complete 
| 232|0x000000008e800000, 0x000000008e900000, 0x000000008e900000|100%| E|CS|TAMS 0x000000008e800000, 0x000000008e800000| Complete 
| 233|0x000000008e900000, 0x000000008ea00000, 0x000000008ea00000|100%| E|CS|TAMS 0x000000008e900000, 0x000000008e900000| Complete 
| 234|0x000000008ea00000, 0x000000008eb00000, 0x000000008eb00000|100%| E|CS|TAMS 0x000000008ea00000, 0x000000008ea00000| Complete 
| 235|0x000000008eb00000, 0x000000008ec00000, 0x000000008ec00000|100%| E|CS|TAMS 0x000000008eb00000, 0x000000008eb00000| Complete 
| 236|0x000000008ec00000, 0x000000008ed00000, 0x000000008ed00000|100%| E|CS|TAMS 0x000000008ec00000, 0x000000008ec00000| Complete 
| 237|0x000000008ed00000, 0x000000008ee00000, 0x000000008ee00000|100%| E|CS|TAMS 0x000000008ed00000, 0x000000008ed00000| Complete 
| 238|0x000000008ee00000, 0x000000008ef00000, 0x000000008ef00000|100%| E|CS|TAMS 0x000000008ee00000, 0x000000008ee00000| Complete 
| 239|0x000000008ef00000, 0x000000008f000000, 0x000000008f000000|100%| E|CS|TAMS 0x000000008ef00000, 0x000000008ef00000| Complete 
| 240|0x000000008f000000, 0x000000008f100000, 0x000000008f100000|100%| E|CS|TAMS 0x000000008f000000, 0x000000008f000000| Complete 
| 241|0x000000008f100000, 0x000000008f200000, 0x000000008f200000|100%| E|CS|TAMS 0x000000008f100000, 0x000000008f100000| Complete 
| 242|0x000000008f200000, 0x000000008f300000, 0x000000008f300000|100%| E|CS|TAMS 0x000000008f200000, 0x000000008f200000| Complete 
| 243|0x000000008f300000, 0x000000008f400000, 0x000000008f400000|100%| E|CS|TAMS 0x000000008f300000, 0x000000008f300000| Complete 
| 244|0x000000008f400000, 0x000000008f500000, 0x000000008f500000|100%| E|CS|TAMS 0x000000008f400000, 0x000000008f400000| Complete 
| 245|0x000000008f500000, 0x000000008f600000, 0x000000008f600000|100%| E|CS|TAMS 0x000000008f500000, 0x000000008f500000| Complete 
| 246|0x000000008f600000, 0x000000008f700000, 0x000000008f700000|100%| E|CS|TAMS 0x000000008f600000, 0x000000008f600000| Complete 
| 247|0x000000008f700000, 0x000000008f800000, 0x000000008f800000|100%| E|CS|TAMS 0x000000008f700000, 0x000000008f700000| Complete 
| 248|0x000000008f800000, 0x000000008f900000, 0x000000008f900000|100%| E|CS|TAMS 0x000000008f800000, 0x000000008f800000| Complete 
| 249|0x000000008f900000, 0x000000008fa00000, 0x000000008fa00000|100%| E|CS|TAMS 0x000000008f900000, 0x000000008f900000| Complete 
| 250|0x000000008fa00000, 0x000000008fb00000, 0x000000008fb00000|100%| E|CS|TAMS 0x000000008fa00000, 0x000000008fa00000| Complete 
| 251|0x000000008fb00000, 0x000000008fc00000, 0x000000008fc00000|100%| E|CS|TAMS 0x000000008fb00000, 0x000000008fb00000| Complete 
| 252|0x000000008fc00000, 0x000000008fd00000, 0x000000008fd00000|100%| E|CS|TAMS 0x000000008fc00000, 0x000000008fc00000| Complete 
| 253|0x000000008fd00000, 0x000000008fe00000, 0x000000008fe00000|100%| E|CS|TAMS 0x000000008fd00000, 0x000000008fd00000| Complete 
| 254|0x000000008fe00000, 0x000000008ff00000, 0x000000008ff00000|100%| E|CS|TAMS 0x000000008fe00000, 0x000000008fe00000| Complete 
| 255|0x000000008ff00000, 0x0000000090000000, 0x0000000090000000|100%| E|CS|TAMS 0x000000008ff00000, 0x000000008ff00000| Complete 

Card table byte_map: [0x000002b3788e0000,0x000002b378ce0000] _byte_map_base: 0x000002b3784e0000

Marking Bits (Prev, Next): (CMBitMap*) 0x000002b3638e5f70, (CMBitMap*) 0x000002b3638e5f38
 Prev Bits: [0x000002b37b0e0000, 0x000002b37d0e0000)
 Next Bits: [0x000002b3790e0000, 0x000002b37b0e0000)

Polling page: 0x000002b363980000

Metaspace:

Usage:
  Non-class:    103.28 MB capacity,   101.18 MB ( 98%) used,     1.68 MB (  2%) free+waste,   424.44 KB ( <1%) overhead. 
      Class:     15.76 MB capacity,    14.49 MB ( 92%) used,     1.09 MB (  7%) free+waste,   187.69 KB (  1%) overhead. 
       Both:    119.04 MB capacity,   115.67 MB ( 97%) used,     2.78 MB (  2%) free+waste,   612.13 KB ( <1%) overhead. 

Virtual space:
  Non-class space:      104.00 MB reserved,     103.53 MB (>99%) committed 
      Class space:        1.00 GB reserved,      15.82 MB (  2%) committed 
             Both:        1.10 GB reserved,     119.35 MB ( 11%) committed 

Chunk freelists:
   Non-Class:  3.00 KB
       Class:  0 bytes
        Both:  3.00 KB

MaxMetaspaceSize: 17179869184.00 GB
CompressedClassSpaceSize: 1.00 GB

CodeHeap 'non-profiled nmethods': size=120064Kb used=13317Kb max_used=13863Kb free=106746Kb
 bounds [0x000002b370980000, 0x000002b371710000, 0x000002b377ec0000]
CodeHeap 'profiled nmethods': size=120000Kb used=47536Kb max_used=49663Kb free=72463Kb
 bounds [0x000002b369450000, 0x000002b36c4e0000, 0x000002b370980000]
CodeHeap 'non-nmethods': size=5696Kb used=2351Kb max_used=2415Kb free=3344Kb
 bounds [0x000002b368ec0000, 0x000002b369130000, 0x000002b369450000]
 total_blobs=20783 nmethods=19814 adapters=878
 compilation: enabled
              stopped_count=0, restarted_count=0
 full_count=0

Compilation events (20 events):
Event: 4160.145 Thread 0x000002b300091800 nmethod 21628 0x000002b370b2a610 code [0x000002b370b2a880, 0x000002b370b2b5d0]
Event: 4160.145 Thread 0x000002b300091800 21629       4       org.gradle.internal.component.external.model.DefaultModuleComponentIdentifier::<init> (121 bytes)
Event: 4160.181 Thread 0x000002b300091800 nmethod 21629 0x000002b370b01e90 code [0x000002b370b02040, 0x000002b370b02428]
Event: 4160.218 Thread 0x000002b300091800 21632       4       org.gradle.internal.component.model.ComponentAttributeMatcher::match (259 bytes)
Event: 4160.370 Thread 0x000002b300105800 21635   !   2       org.gradle.cache.internal.LockOnDemandCrossProcessCacheAccess::incrementLockCount (193 bytes)
Event: 4160.374 Thread 0x000002b300105800 nmethod 21635 0x000002b369616210 code [0x000002b3696164e0, 0x000002b369616d78]
Event: 4161.419 Thread 0x000002b300105800 21636       1       org.gradle.internal.component.external.model.AbstractMutableModuleComponentResolveMetadata$FileImpl::getName (5 bytes)
Event: 4161.419 Thread 0x000002b300105800 nmethod 21636 0x000002b370ac3b10 code [0x000002b370ac3cc0, 0x000002b370ac3d78]
Event: 4161.420 Thread 0x000002b300105800 21637       1       org.gradle.internal.component.external.model.AbstractMutableModuleComponentResolveMetadata$FileImpl::getUri (5 bytes)
Event: 4161.420 Thread 0x000002b300105800 nmethod 21637 0x000002b370ac3790 code [0x000002b370ac3940, 0x000002b370ac39f8]
Event: 4161.420 Thread 0x000002b300105800 21638       1       org.gradle.internal.component.external.model.AbstractVariantBackedConfigurationMetadata::requiresMavenArtifactDiscovery (2 bytes)
Event: 4161.420 Thread 0x000002b300105800 nmethod 21638 0x000002b370ae1f10 code [0x000002b370ae20c0, 0x000002b370ae2178]
Event: 4161.420 Thread 0x000002b300105800 21639       3       org.gradle.internal.component.external.model.UrlBackedArtifactMetadata::getName (55 bytes)
Event: 4161.423 Thread 0x000002b300105800 nmethod 21639 0x000002b36961b890 code [0x000002b36961bac0, 0x000002b36961c488]
Event: 4161.457 Thread 0x000002b300105800 21640       3       org.gradle.internal.component.model.DefaultCompatibilityCheckResult::isCompatible (26 bytes)
Event: 4161.458 Thread 0x000002b300105800 nmethod 21640 0x000002b36953b890 code [0x000002b36953ba40, 0x000002b36953bb58]
Event: 4161.463 Thread 0x000002b300105800 21641       3       java.lang.String::split (324 bytes)
Event: 4161.477 Thread 0x000002b300105800 nmethod 21641 0x000002b369665a90 code [0x000002b3696660c0, 0x000002b369669ef8]
Event: 4161.535 Thread 0x000002b300105800 21642       3       org.gradle.internal.component.local.model.ComponentFileArtifactIdentifier::getDisplayName (35 bytes)
Event: 4161.537 Thread 0x000002b300105800 nmethod 21642 0x000002b369664710 code [0x000002b3696649e0, 0x000002b369665648]

GC Heap History (20 events):
Event: 98.262 GC heap before
{Heap before GC invocations=13 (full 0):
 garbage-first heap   total 262144K, used 71680K [0x0000000080000000, 0x0000000100000000)
  region size 1024K, 31 young (31744K), 10 survivors (10240K)
 Metaspace       used 70612K, capacity 72304K, committed 72444K, reserved 1112064K
  class space    used 9148K, capacity 9733K, committed 9856K, reserved 1048576K
}
Event: 98.402 GC heap after
{Heap after GC invocations=14 (full 0):
 garbage-first heap   total 262144K, used 53760K [0x0000000080000000, 0x0000000100000000)
  region size 1024K, 2 young (2048K), 2 survivors (2048K)
 Metaspace       used 70612K, capacity 72304K, committed 72444K, reserved 1112064K
  class space    used 9148K, capacity 9733K, committed 9856K, reserved 1048576K
}
Event: 114.698 GC heap before
{Heap before GC invocations=15 (full 0):
 garbage-first heap   total 262144K, used 151040K [0x0000000080000000, 0x0000000100000000)
  region size 1024K, 98 young (100352K), 2 survivors (2048K)
 Metaspace       used 78589K, capacity 80564K, committed 80744K, reserved 1120256K
  class space    used 10272K, capacity 11011K, committed 11084K, reserved 1048576K
}
Event: 114.783 GC heap after
{Heap after GC invocations=16 (full 0):
 garbage-first heap   total 262144K, used 59532K [0x0000000080000000, 0x0000000100000000)
  region size 1024K, 8 young (8192K), 8 survivors (8192K)
 Metaspace       used 78589K, capacity 80564K, committed 80744K, reserved 1120256K
  class space    used 10272K, capacity 11011K, committed 11084K, reserved 1048576K
}
Event: 137.459 GC heap before
{Heap before GC invocations=17 (full 0):
 garbage-first heap   total 262144K, used 146572K [0x0000000080000000, 0x0000000100000000)
  region size 1024K, 94 young (96256K), 8 survivors (8192K)
 Metaspace       used 82937K, capacity 85116K, committed 85352K, reserved 1124352K
  class space    used 10757K, capacity 11514K, committed 11596K, reserved 1048576K
}
Event: 137.548 GC heap after
{Heap after GC invocations=18 (full 0):
 garbage-first heap   total 262144K, used 68196K [0x0000000080000000, 0x0000000100000000)
  region size 1024K, 9 young (9216K), 9 survivors (9216K)
 Metaspace       used 82937K, capacity 85116K, committed 85352K, reserved 1124352K
  class space    used 10757K, capacity 11514K, committed 11596K, reserved 1048576K
}
Event: 171.230 GC heap before
{Heap before GC invocations=18 (full 0):
 garbage-first heap   total 262144K, used 173668K [0x0000000080000000, 0x0000000100000000)
  region size 1024K, 111 young (113664K), 9 survivors (9216K)
 Metaspace       used 90874K, capacity 93266K, committed 93416K, reserved 1130496K
  class space    used 11586K, capacity 12440K, committed 12492K, reserved 1048576K
}
Event: 171.282 GC heap after
{Heap after GC invocations=19 (full 0):
 garbage-first heap   total 262144K, used 72321K [0x0000000080000000, 0x0000000100000000)
  region size 1024K, 3 young (3072K), 3 survivors (3072K)
 Metaspace       used 90874K, capacity 93266K, committed 93416K, reserved 1130496K
  class space    used 11586K, capacity 12440K, committed 12492K, reserved 1048576K
}
Event: 189.675 GC heap before
{Heap before GC invocations=19 (full 0):
 garbage-first heap   total 262144K, used 179841K [0x0000000080000000, 0x0000000100000000)
  region size 1024K, 109 young (111616K), 3 survivors (3072K)
 Metaspace       used 101731K, capacity 104522K, committed 104808K, reserved 1140736K
  class space    used 13223K, capacity 14310K, committed 14412K, reserved 1048576K
}
Event: 189.709 GC heap after
{Heap after GC invocations=20 (full 0):
 garbage-first heap   total 262144K, used 73458K [0x0000000080000000, 0x0000000100000000)
  region size 1024K, 6 young (6144K), 6 survivors (6144K)
 Metaspace       used 101731K, capacity 104522K, committed 104808K, reserved 1140736K
  class space    used 13223K, capacity 14310K, committed 14412K, reserved 1048576K
}
Event: 198.798 GC heap before
{Heap before GC invocations=20 (full 0):
 garbage-first heap   total 262144K, used 187122K [0x0000000080000000, 0x0000000100000000)
  region size 1024K, 118 young (120832K), 6 survivors (6144K)
 Metaspace       used 108269K, capacity 111358K, committed 111592K, reserved 1146880K
  class space    used 14086K, capacity 15268K, committed 15308K, reserved 1048576K
}
Event: 198.828 GC heap after
{Heap after GC invocations=21 (full 0):
 garbage-first heap   total 262144K, used 74115K [0x0000000080000000, 0x0000000100000000)
  region size 1024K, 7 young (7168K), 7 survivors (7168K)
 Metaspace       used 108269K, capacity 111358K, committed 111592K, reserved 1146880K
  class space    used 14086K, capacity 15268K, committed 15308K, reserved 1048576K
}
Event: 2387.207 GC heap before
{Heap before GC invocations=21 (full 0):
 garbage-first heap   total 262144K, used 201091K [0x0000000080000000, 0x0000000100000000)
  region size 1024K, 123 young (125952K), 7 survivors (7168K)
 Metaspace       used 111449K, capacity 114749K, committed 115048K, reserved 1148928K
  class space    used 14362K, capacity 15627K, committed 15692K, reserved 1048576K
}
Event: 2387.273 GC heap after
{Heap after GC invocations=22 (full 0):
 garbage-first heap   total 262144K, used 87457K [0x0000000080000000, 0x0000000100000000)
  region size 1024K, 16 young (16384K), 16 survivors (16384K)
 Metaspace       used 111449K, capacity 114749K, committed 115048K, reserved 1148928K
  class space    used 14362K, capacity 15627K, committed 15692K, reserved 1048576K
}
Event: 2537.224 GC heap before
{Heap before GC invocations=22 (full 0):
 garbage-first heap   total 262144K, used 206241K [0x0000000080000000, 0x0000000100000000)
  region size 1024K, 125 young (128000K), 16 survivors (16384K)
 Metaspace       used 113248K, capacity 116579K, committed 116712K, reserved 1150976K
  class space    used 14450K, capacity 15717K, committed 15820K, reserved 1048576K
}
Event: 2537.346 GC heap after
{Heap after GC invocations=23 (full 0):
 garbage-first heap   total 262144K, used 89992K [0x0000000080000000, 0x0000000100000000)
  region size 1024K, 11 young (11264K), 11 survivors (11264K)
 Metaspace       used 113248K, capacity 116579K, committed 116712K, reserved 1150976K
  class space    used 14450K, capacity 15717K, committed 15820K, reserved 1048576K
}
Event: 2573.920 GC heap before
{Heap before GC invocations=23 (full 0):
 garbage-first heap   total 262144K, used 207752K [0x0000000080000000, 0x0000000100000000)
  region size 1024K, 117 young (119808K), 11 survivors (11264K)
 Metaspace       used 117121K, capacity 120560K, committed 120680K, reserved 1155072K
  class space    used 14794K, capacity 16092K, committed 16204K, reserved 1048576K
}
Event: 2573.958 GC heap after
{Heap after GC invocations=24 (full 0):
 garbage-first heap   total 262144K, used 91151K [0x0000000080000000, 0x0000000100000000)
  region size 1024K, 6 young (6144K), 6 survivors (6144K)
 Metaspace       used 117121K, capacity 120560K, committed 120680K, reserved 1155072K
  class space    used 14794K, capacity 16092K, committed 16204K, reserved 1048576K
}
Event: 3015.969 GC heap before
{Heap before GC invocations=24 (full 0):
 garbage-first heap   total 262144K, used 208911K [0x0000000080000000, 0x0000000100000000)
  region size 1024K, 115 young (117760K), 6 survivors (6144K)
 Metaspace       used 118004K, capacity 121499K, committed 121704K, reserved 1155072K
  class space    used 14828K, capacity 16129K, committed 16204K, reserved 1048576K
}
Event: 3016.013 GC heap after
{Heap after GC invocations=25 (full 0):
 garbage-first heap   total 262144K, used 88907K [0x0000000080000000, 0x0000000100000000)
  region size 1024K, 5 young (5120K), 5 survivors (5120K)
 Metaspace       used 118004K, capacity 121499K, committed 121704K, reserved 1155072K
  class space    used 14828K, capacity 16129K, committed 16204K, reserved 1048576K
}

Deoptimization events (20 events):
Event: 3032.776 Thread 0x000002b3097ca000 Uncommon trap: trap_request=0xffffffc6 fr.pc=0x000002b370a2e600 relative=0x00000000000000c0
Event: 3032.776 Thread 0x000002b3097ca000 Uncommon trap: reason=bimorphic_or_optimized_type_check action=maybe_recompile pc=0x000002b370a2e600 method=com.google.common.collect.TransformedIterator.hasNext()Z @ 4 c2
Event: 3032.776 Thread 0x000002b3097ca000 DEOPT PACKING pc=0x000002b370a2e600 sp=0x000000ffe76fde00
Event: 3032.776 Thread 0x000002b3097ca000 DEOPT UNPACKING pc=0x000002b368ee73af sp=0x000000ffe76fdda0 mode 2
Event: 3033.002 Thread 0x000002b3097ca000 DEOPT PACKING pc=0x000002b36a0695a9 sp=0x000000ffe76fcf60
Event: 3033.002 Thread 0x000002b3097ca000 DEOPT UNPACKING pc=0x000002b368ee71ce sp=0x000000ffe76fc3e0 mode 0
Event: 3033.023 Thread 0x000002b3097ca000 DEOPT PACKING pc=0x000002b36a0695a9 sp=0x000000ffe76fcf60
Event: 3033.023 Thread 0x000002b3097ca000 DEOPT UNPACKING pc=0x000002b368ee71ce sp=0x000000ffe76fc3e0 mode 0
Event: 3033.115 Thread 0x000002b3097ca000 DEOPT PACKING pc=0x000002b36a0695a9 sp=0x000000ffe76fd0b0
Event: 3033.115 Thread 0x000002b3097ca000 DEOPT UNPACKING pc=0x000002b368ee71ce sp=0x000000ffe76fc530 mode 0
Event: 3033.136 Thread 0x000002b3097ca000 DEOPT PACKING pc=0x000002b36a0695a9 sp=0x000000ffe76fd0a0
Event: 3033.137 Thread 0x000002b3097ca000 DEOPT UNPACKING pc=0x000002b368ee71ce sp=0x000000ffe76fc520 mode 0
Event: 4158.499 Thread 0x000002b3097c6000 Uncommon trap: trap_request=0xffffffde fr.pc=0x000002b371124548 relative=0x0000000000000828
Event: 4158.499 Thread 0x000002b3097c6000 Uncommon trap: reason=class_check action=maybe_recompile pc=0x000002b371124548 method=com.google.common.cache.LocalCache$Segment.getLiveValue(Lcom/google/common/cache/ReferenceEntry;J)Ljava/lang/Object; @ 21 c2
Event: 4158.499 Thread 0x000002b3097c6000 DEOPT PACKING pc=0x000002b371124548 sp=0x000000ffe52fb9c0
Event: 4158.499 Thread 0x000002b3097c6000 DEOPT UNPACKING pc=0x000002b368ee73af sp=0x000000ffe52fb8f8 mode 2
Event: 4159.489 Thread 0x000002b3097c6000 Uncommon trap: trap_request=0xffffffde fr.pc=0x000002b37110464c relative=0x000000000000060c
Event: 4159.489 Thread 0x000002b3097c6000 Uncommon trap: reason=class_check action=maybe_recompile pc=0x000002b37110464c method=org.gradle.cache.internal.LockOnDemandCrossProcessCacheAccess.incrementLockCount()V @ 97 c2
Event: 4159.489 Thread 0x000002b3097c6000 DEOPT PACKING pc=0x000002b37110464c sp=0x000000ffe52f7ae0
Event: 4159.489 Thread 0x000002b3097c6000 DEOPT UNPACKING pc=0x000002b368ee73af sp=0x000000ffe52f7a90 mode 2

Classes redefined (0 events):
No events

Internal exceptions (20 events):
Event: 3028.967 Thread 0x000002b3097c6000 Exception <a 'sun/nio/fs/WindowsException'{0x000000008c9f9a98}> (0x000000008c9f9a98) thrown at [./src/hotspot/share/prims/jni.cpp, line 615]
Event: 3028.979 Thread 0x000002b3097c6000 Exception <a 'sun/nio/fs/WindowsException'{0x000000008c80efe8}> (0x000000008c80efe8) thrown at [./src/hotspot/share/prims/jni.cpp, line 615]
Event: 3028.991 Thread 0x000002b3097c6000 Exception <a 'sun/nio/fs/WindowsException'{0x000000008c81b9b8}> (0x000000008c81b9b8) thrown at [./src/hotspot/share/prims/jni.cpp, line 615]
Event: 3029.030 Thread 0x000002b3097c6000 Exception <a 'sun/nio/fs/WindowsException'{0x000000008c820fa8}> (0x000000008c820fa8) thrown at [./src/hotspot/share/prims/jni.cpp, line 615]
Event: 3029.113 Thread 0x000002b3097c6000 Exception <a 'sun/nio/fs/WindowsException'{0x000000008c82b270}> (0x000000008c82b270) thrown at [./src/hotspot/share/prims/jni.cpp, line 615]
Event: 3029.431 Thread 0x000002b3097c6000 Exception <a 'sun/nio/fs/WindowsException'{0x000000008c838ff8}> (0x000000008c838ff8) thrown at [./src/hotspot/share/prims/jni.cpp, line 615]
Event: 3029.576 Thread 0x000002b3097c6000 Exception <a 'sun/nio/fs/WindowsException'{0x000000008c8450d8}> (0x000000008c8450d8) thrown at [./src/hotspot/share/prims/jni.cpp, line 615]
Event: 3029.593 Thread 0x000002b3097c6000 Exception <a 'sun/nio/fs/WindowsException'{0x000000008c84c610}> (0x000000008c84c610) thrown at [./src/hotspot/share/prims/jni.cpp, line 615]
Event: 3029.610 Thread 0x000002b3097c6000 Exception <a 'sun/nio/fs/WindowsException'{0x000000008c852c68}> (0x000000008c852c68) thrown at [./src/hotspot/share/prims/jni.cpp, line 615]
Event: 3029.621 Thread 0x000002b3097c6000 Exception <a 'sun/nio/fs/WindowsException'{0x000000008c85ba08}> (0x000000008c85ba08) thrown at [./src/hotspot/share/prims/jni.cpp, line 615]
Event: 3029.631 Thread 0x000002b3097c6000 Exception <a 'sun/nio/fs/WindowsException'{0x000000008c866150}> (0x000000008c866150) thrown at [./src/hotspot/share/prims/jni.cpp, line 615]
Event: 3029.664 Thread 0x000002b3097c6000 Exception <a 'sun/nio/fs/WindowsException'{0x000000008c86bd50}> (0x000000008c86bd50) thrown at [./src/hotspot/share/prims/jni.cpp, line 615]
Event: 3029.676 Thread 0x000002b3097c6000 Exception <a 'sun/nio/fs/WindowsException'{0x000000008c871dd0}> (0x000000008c871dd0) thrown at [./src/hotspot/share/prims/jni.cpp, line 615]
Event: 3029.699 Thread 0x000002b3097c6000 Exception <a 'sun/nio/fs/WindowsException'{0x000000008c876f70}> (0x000000008c876f70) thrown at [./src/hotspot/share/prims/jni.cpp, line 615]
Event: 3029.726 Thread 0x000002b3097c6000 Exception <a 'sun/nio/fs/WindowsException'{0x000000008c87e1a8}> (0x000000008c87e1a8) thrown at [./src/hotspot/share/prims/jni.cpp, line 615]
Event: 3029.769 Thread 0x000002b3097c6000 Exception <a 'sun/nio/fs/WindowsException'{0x000000008c8c1c08}> (0x000000008c8c1c08) thrown at [./src/hotspot/share/prims/jni.cpp, line 615]
Event: 3030.657 Thread 0x000002b3097cc000 Exception <a 'sun/nio/fs/WindowsException'{0x000000008c003580}> (0x000000008c003580) thrown at [./src/hotspot/share/prims/jni.cpp, line 615]
Event: 3030.890 Thread 0x000002b3097cc000 Exception <a 'sun/nio/fs/WindowsException'{0x000000008be679e0}> (0x000000008be679e0) thrown at [./src/hotspot/share/prims/jni.cpp, line 615]
Event: 3031.384 Thread 0x000002b3097cb000 Exception <a 'sun/nio/fs/WindowsException'{0x000000008bb2a7a8}> (0x000000008bb2a7a8) thrown at [./src/hotspot/share/prims/jni.cpp, line 615]
Event: 3032.448 Thread 0x000002b3097cb000 Exception <a 'sun/nio/fs/WindowsException'{0x000000008b4bde70}> (0x000000008b4bde70) thrown at [./src/hotspot/share/prims/jni.cpp, line 615]

Events (20 events):
Event: 4157.176 Thread 0x000002b3097c3000 Thread added: 0x000002b3097c3000
Event: 4157.815 Thread 0x000002b3097bf800 Thread added: 0x000002b3097bf800
Event: 4157.857 Thread 0x000002b3097c6000 Thread added: 0x000002b3097c6000
Event: 4157.894 Executing VM operation: RevokeBias
Event: 4157.895 Executing VM operation: RevokeBias done
Event: 4157.909 Thread 0x000002b3097c3800 Thread added: 0x000002b3097c3800
Event: 4157.912 Thread 0x000002b3097c0800 Thread added: 0x000002b3097c0800
Event: 4157.913 Thread 0x000002b3097c7000 Thread added: 0x000002b3097c7000
Event: 4158.255 Thread 0x000002b3097c1800 Thread added: 0x000002b3097c1800
Event: 4158.294 Executing VM operation: RevokeBias
Event: 4158.294 Executing VM operation: RevokeBias done
Event: 4158.417 Thread 0x000002b3097c8000 Thread added: 0x000002b3097c8000
Event: 4158.449 Thread 0x000002b3097c2000 Thread added: 0x000002b3097c2000
Event: 4158.469 Thread 0x000002b3097ce800 Thread added: 0x000002b3097ce800
Event: 4158.525 Thread 0x000002b3097c9800 Thread added: 0x000002b3097c9800
Event: 4159.457 Thread 0x000002b3097cc000 Thread added: 0x000002b3097cc000
Event: 4161.459 Thread 0x000002b3097ca000 Thread added: 0x000002b3097ca000
Event: 4161.459 Thread 0x000002b3097c8800 Thread added: 0x000002b3097c8800
Event: 4161.460 Thread 0x000002b3097cb000 Thread added: 0x000002b3097cb000
Event: 4161.460 Thread 0x000002b3097cc800 Thread added: 0x000002b3097cc800


Dynamic libraries:
0x00007ff695d00000 - 0x00007ff695d0a000 	C:\Program Files\Android\Android Studio\jre\bin\java.exe
0x00007ffa22b50000 - 0x00007ffa22d46000 	C:\WINDOWS\SYSTEM32\ntdll.dll
0x00007ffa22a50000 - 0x00007ffa22b0d000 	C:\WINDOWS\System32\KERNEL32.DLL
0x00007ffa203c0000 - 0x00007ffa20689000 	C:\WINDOWS\System32\KERNELBASE.dll
0x00007ffa20290000 - 0x00007ffa20390000 	C:\WINDOWS\System32\ucrtbase.dll
0x00007ffa11460000 - 0x00007ffa11477000 	C:\Program Files\Android\Android Studio\jre\bin\VCRUNTIME140.dll
0x00007ffa0f9e0000 - 0x00007ffa0f9f9000 	C:\Program Files\Android\Android Studio\jre\bin\jli.dll
0x00007ffa21f00000 - 0x00007ffa220a0000 	C:\WINDOWS\System32\USER32.dll
0x00007ffa207e0000 - 0x00007ffa20802000 	C:\WINDOWS\System32\win32u.dll
0x00007ffa222d0000 - 0x00007ffa222fa000 	C:\WINDOWS\System32\GDI32.dll
0x00007ffa20940000 - 0x00007ffa20a49000 	C:\WINDOWS\System32\gdi32full.dll
0x00007ffa206e0000 - 0x00007ffa2077d000 	C:\WINDOWS\System32\msvcp_win.dll
0x00007ffa08730000 - 0x00007ffa089cb000 	C:\WINDOWS\WinSxS\amd64_microsoft.windows.common-controls_6595b64144ccf1df_6.0.19041.488_none_ca04af081b815d21\COMCTL32.dll
0x00007ffa20e40000 - 0x00007ffa20ede000 	C:\WINDOWS\System32\msvcrt.dll
0x00007ffa221e0000 - 0x00007ffa22210000 	C:\WINDOWS\System32\IMM32.DLL
0x0000000180000000 - 0x0000000180007000 	C:\Program Files\Prio\prio.dll
0x00007ffa21c80000 - 0x00007ffa21d2c000 	C:\WINDOWS\System32\ADVAPI32.dll
0x00007ffa20c40000 - 0x00007ffa20cdc000 	C:\WINDOWS\System32\sechost.dll
0x00007ffa21160000 - 0x00007ffa2128b000 	C:\WINDOWS\System32\RPCRT4.dll
0x00007ff9fcdf0000 - 0x00007ff9fce8d000 	C:\Program Files\Android\Android Studio\jre\bin\msvcp140.dll
0x00007ff9cf670000 - 0x00007ff9d013f000 	C:\Program Files\Android\Android Studio\jre\bin\server\jvm.dll
0x00007ffa215f0000 - 0x00007ffa215f8000 	C:\WINDOWS\System32\PSAPI.DLL
0x00007ffa19630000 - 0x00007ffa19657000 	C:\WINDOWS\SYSTEM32\WINMM.dll
0x00007ffa19320000 - 0x00007ffa1932a000 	C:\WINDOWS\SYSTEM32\VERSION.dll
0x00007ff9e7950000 - 0x00007ff9e7959000 	C:\WINDOWS\SYSTEM32\WSOCK32.dll
0x00007ffa21600000 - 0x00007ffa2166b000 	C:\WINDOWS\System32\WS2_32.dll
0x00007ffa1e0e0000 - 0x00007ffa1e0f2000 	C:\WINDOWS\SYSTEM32\kernel.appcore.dll
0x00007ffa1ab20000 - 0x00007ffa1ab31000 	C:\Program Files\Android\Android Studio\jre\bin\verify.dll
0x00007ffa13a20000 - 0x00007ffa13c04000 	C:\WINDOWS\SYSTEM32\DBGHELP.DLL
0x00007ffa08bb0000 - 0x00007ffa08bdc000 	C:\WINDOWS\SYSTEM32\dbgcore.DLL
0x00007ffa208c0000 - 0x00007ffa20940000 	C:\WINDOWS\System32\bcryptPrimitives.dll
0x00007ffa1aae0000 - 0x00007ffa1ab09000 	C:\Program Files\Android\Android Studio\jre\bin\java.dll
0x00007ffa1d990000 - 0x00007ffa1d99b000 	C:\Program Files\Android\Android Studio\jre\bin\jimage.dll
0x00007ffa1aac0000 - 0x00007ffa1aad8000 	C:\Program Files\Android\Android Studio\jre\bin\zip.dll
0x00007ffa22300000 - 0x00007ffa22a42000 	C:\WINDOWS\System32\SHELL32.dll
0x00007ffa1e3c0000 - 0x00007ffa1eb55000 	C:\WINDOWS\SYSTEM32\windows.storage.dll
0x00007ffa21290000 - 0x00007ffa215e6000 	C:\WINDOWS\System32\combase.dll
0x00007ffa1fc30000 - 0x00007ffa1fc5c000 	C:\WINDOWS\SYSTEM32\Wldp.dll
0x00007ffa21af0000 - 0x00007ffa21b9e000 	C:\WINDOWS\System32\SHCORE.dll
0x00007ffa22210000 - 0x00007ffa22265000 	C:\WINDOWS\System32\shlwapi.dll
0x00007ffa201c0000 - 0x00007ffa201e6000 	C:\WINDOWS\SYSTEM32\profapi.dll
0x00007ffa1a0d0000 - 0x00007ffa1a0ea000 	C:\Program Files\Android\Android Studio\jre\bin\net.dll
0x00007ffa16ff0000 - 0x00007ffa170f0000 	C:\WINDOWS\SYSTEM32\WINHTTP.dll
0x00007ffa1fa20000 - 0x00007ffa1fa8a000 	C:\WINDOWS\system32\mswsock.dll
0x00007ffa1a0b0000 - 0x00007ffa1a0c4000 	C:\Program Files\Android\Android Studio\jre\bin\nio.dll
0x00007ffa0e9b0000 - 0x00007ffa0e9d7000 	C:\Users\sont1\.gradle\native\8bec1ad78214c89d9ad589b4d07fe93259594b29d510b10fafb7a158f7737e5d\windows-amd64\native-platform.dll
0x00007ff9faa60000 - 0x00007ff9fab9d000 	C:\Users\sont1\.gradle\native\53dbd7edfb1c66fb8903c78663c9afc45aea4f116125fa6feffd364cf09443e8\windows-amd64\native-platform-file-events.dll
0x00007ffa1a0a0000 - 0x00007ffa1a0aa000 	C:\Program Files\Android\Android Studio\jre\bin\management.dll
0x00007ffa19290000 - 0x00007ffa1929c000 	C:\Program Files\Android\Android Studio\jre\bin\management_ext.dll
0x00007ffa1ff60000 - 0x00007ffa1ff78000 	C:\WINDOWS\SYSTEM32\CRYPTSP.dll
0x00007ffa1f360000 - 0x00007ffa1f394000 	C:\WINDOWS\system32\rsaenh.dll
0x00007ffa20390000 - 0x00007ffa203b7000 	C:\WINDOWS\System32\bcrypt.dll
0x00007ffa20180000 - 0x00007ffa201ae000 	C:\WINDOWS\SYSTEM32\USERENV.dll
0x00007ffa1fba0000 - 0x00007ffa1fbac000 	C:\WINDOWS\SYSTEM32\CRYPTBASE.dll
0x00007ffa1f6e0000 - 0x00007ffa1f71b000 	C:\WINDOWS\SYSTEM32\IPHLPAPI.DLL
0x00007ffa220a0000 - 0x00007ffa220a8000 	C:\WINDOWS\System32\NSI.dll
0x00007ffa188d0000 - 0x00007ffa188e7000 	C:\WINDOWS\SYSTEM32\dhcpcsvc6.DLL
0x00007ffa18610000 - 0x00007ffa1862d000 	C:\WINDOWS\SYSTEM32\dhcpcsvc.DLL
0x00007ffa1f720000 - 0x00007ffa1f7eb000 	C:\WINDOWS\SYSTEM32\DNSAPI.dll

dbghelp: loaded successfully - version: 4.0.5 - missing functions: none
symbol engine: initialized successfully - sym options: 0x614 - pdb path: .;C:\Program Files\Android\Android Studio\jre\bin;C:\WINDOWS\SYSTEM32;C:\WINDOWS\WinSxS\amd64_microsoft.windows.common-controls_6595b64144ccf1df_6.0.19041.488_none_ca04af081b815d21;C:\Program Files\Prio;C:\Program Files\Android\Android Studio\jre\bin\server;C:\Users\sont1\.gradle\native\8bec1ad78214c89d9ad589b4d07fe93259594b29d510b10fafb7a158f7737e5d\windows-amd64;C:\Users\sont1\.gradle\native\53dbd7edfb1c66fb8903c78663c9afc45aea4f116125fa6feffd364cf09443e8\windows-amd64

VM Arguments:
jvm_args: --add-opens=java.base/java.util=ALL-UNNAMED --add-opens=java.base/java.lang=ALL-UNNAMED --add-opens=java.base/java.lang.invoke=ALL-UNNAMED --add-opens=java.base/java.util=ALL-UNNAMED --add-opens=java.prefs/java.util.prefs=ALL-UNNAMED --add-opens=java.prefs/java.util.prefs=ALL-UNNAMED --add-opens=java.base/java.nio.charset=ALL-UNNAMED --add-opens=java.base/java.net=ALL-UNNAMED --add-opens=java.base/java.util.concurrent.atomic=ALL-UNNAMED -Xmx2048M -Dfile.encoding=windows-1250 -Duser.country=HU -Duser.language=hu -Duser.variant 
java_command: org.gradle.launcher.daemon.bootstrap.GradleDaemon 7.0.2
java_class_path (initial): C:\Users\sont1\.gradle\wrapper\dists\gradle-7.0.2-bin\857tjihv64xamwrf0h14cai3r\gradle-7.0.2\lib\gradle-launcher-7.0.2.jar
Launcher Type: SUN_STANDARD

[Global flags]
     intx CICompilerCount                          = 3                                         {product} {ergonomic}
     uint ConcGCThreads                            = 1                                         {product} {ergonomic}
     uint G1ConcRefinementThreads                  = 4                                         {product} {ergonomic}
   size_t G1HeapRegionSize                         = 1048576                                   {product} {ergonomic}
    uintx GCDrainStackTargetSize                   = 64                                        {product} {ergonomic}
   size_t InitialHeapSize                          = 268435456                                 {product} {ergonomic}
   size_t MarkStackSize                            = 4194304                                   {product} {ergonomic}
   size_t MaxHeapSize                              = 2147483648                                {product} {command line}
   size_t MaxNewSize                               = 1287651328                                {product} {ergonomic}
   size_t MinHeapDeltaBytes                        = 1048576                                   {product} {ergonomic}
    uintx NonNMethodCodeHeapSize                   = 5830732                                {pd product} {ergonomic}
    uintx NonProfiledCodeHeapSize                  = 122913754                              {pd product} {ergonomic}
    uintx ProfiledCodeHeapSize                     = 122913754                              {pd product} {ergonomic}
    uintx ReservedCodeCacheSize                    = 251658240                              {pd product} {ergonomic}
     bool SegmentedCodeCache                       = true                                      {product} {ergonomic}
     bool UseCompressedClassPointers               = true                                 {lp64_product} {ergonomic}
     bool UseCompressedOops                        = true                                 {lp64_product} {ergonomic}
     bool UseG1GC                                  = true                                      {product} {ergonomic}
     bool UseLargePagesIndividualAllocation        = false                                  {pd product} {ergonomic}

Logging:
Log output configuration:
 #0: stdout all=warning uptime,level,tags
 #1: stderr all=off uptime,level,tags

Environment Variables:
PATH=C:\Program Files (x86)\Common Files\Oracle\Java\javapath;C:\WINDOWS\system32;C:\WINDOWS;C:\WINDOWS\System32\Wbem;C:\WINDOWS\System32\WindowsPowerShell\v1.0\;C:\WINDOWS\System32\OpenSSH\;C:\Program Files\PuTTY\;C:\Program Files\Prio;C:\Program Files (x86)\VDesk;C:\Program Files (x86)\Admin Arsenal\PDQ Deploy\;C:\Program Files\Git\cmd;C:\Program Files\Microsoft VS Code\bin;C:\Program Files\Geth;C:\Program Files\dotnet\;C:\Users\sont1\AppData\Local\Microsoft\WindowsApps;;C:\Program Files\JetBrains\IntelliJ IDEA Community Edition 2020.3.2\bin;;C:\Users\sont1\.dotnet\tools
USERNAME=sont1
OS=Windows_NT
PROCESSOR_IDENTIFIER=AMD64 Family 21 Model 2 Stepping 0, AuthenticAMD



---------------  S Y S T E M  ---------------

OS: Windows 10 , 64 bit Build 19041 (10.0.19041.662)
OS uptime: 21 days 19:48 hours
Hyper-V role detected

CPU:total 4 (initial active 4) (4 cores per cpu, 1 threads per core) family 21 model 2 stepping 0 microcode 0x0, cmov, cx8, fxsr, mmx, sse, sse2, sse3, ssse3, sse4.1, sse4.2, popcnt, avx, aes, clmul, mmxext, 3dnowpref, lzcnt, sse4a, tsc, tscinvbit, tscinv, bmi1, fma

Memory: 4k page, system-wide physical 16365M (6322M free)
TotalPageFile size 17389M (AvailPageFile size 55M)
current process WorkingSet (physical memory assigned to process): 485M, peak: 597M
current process commit charge ("private bytes"): 612M, peak: 637M

vm_info: OpenJDK 64-Bit Server VM (11.0.10+0-b96-7249189) for windows-amd64 JRE (11.0.10+0-b96-7249189), built on Mar 31 2021 21:44:00 by "builder" with MS VC++ 14.0 (VS2015)

END.
